#
# There is insufficient memory for the Java Runtime Environment to continue.
# Native memory allocation (malloc) failed to allocate 472256 bytes for Chunk::new
# Possible reasons:
#   The system is out of physical RAM or swap space
#   The process is running with CompressedOops enabled, and the Java Heap may be blocking the growth of the native heap
# Possible solutions:
#   Reduce memory load on the system
#   Increase physical memory or swap space
#   Check if swap backing store is full
#   Decrease Java heap size (-Xmx/-Xms)
#   Decrease number of Java threads
#   Decrease Java thread stack sizes (-Xss)
#   Set larger code cache with -XX:ReservedCodeCacheSize=
#   JVM is running with Unscaled Compressed Oops mode in which the Java heap is
#     placed in the first 4GB address space. The Java Heap base address is the
#     maximum limit for the native heap growth. Please use -XX:HeapBaseMinAddress
#     to set the Java Heap base and to place the Java Heap above 4GB virtual address.
# This output file may be truncated or incomplete.
#
#  Out of Memory Error (allocation.cpp:389), pid=7644, tid=0x0000000000000f00
#
# JRE version: OpenJDK Runtime Environment (8.0_242-b01) (build 1.8.0_242-release-1644-b01)
# Java VM: OpenJDK 64-Bit Server VM (25.242-b01 mixed mode windows-amd64 compressed oops)
# Failed to write core dump. Minidumps are not enabled by default on client versions of Windows
#

---------------  T H R E A D  ---------------

Current thread (0x00000000178d3000):  JavaThread "C2 CompilerThread0" daemon [_thread_in_native, id=3840, stack(0x0000000018f20000,0x0000000019020000)]

Stack: [0x0000000018f20000,0x0000000019020000]
[error occurred during error reporting (printing stack bounds), id 0xc0000005]

Native frames: (J=compiled Java code, j=interpreted, Vv=VM code, C=native code)


Current CompileTask:
C2:  17459 9882       4       com.android.tools.r8.graph.G0$d::c (802 bytes)


---------------  P R O C E S S  ---------------

Java Threads: ( => current thread )
  0x000000002071e800 JavaThread "WorkerExecutor Queue" [_thread_blocked, id=4408, stack(0x000000002d030000,0x000000002d130000)]
  0x0000000020710800 JavaThread "Cache worker for execution history cache (D:\AndroidStudioProjects\labRK\.gradle\6.5\executionHistory)" [_thread_blocked, id=10972, stack(0x000000002c930000,0x000000002ca30000)]
  0x0000000020717800 JavaThread "Execution worker for ':' Thread 3" [_thread_blocked, id=3816, stack(0x000000002c830000,0x000000002c930000)]
  0x0000000020716000 JavaThread "Execution worker for ':' Thread 2" [_thread_blocked, id=4112, stack(0x000000002c730000,0x000000002c830000)]
  0x0000000020710000 JavaThread "Execution worker for ':'" [_thread_blocked, id=2704, stack(0x000000002c630000,0x000000002c730000)]
  0x0000000020715000 JavaThread "Cache worker for file content cache (D:\AndroidStudioProjects\labRK\.gradle\6.5\fileContent)" [_thread_blocked, id=3776, stack(0x000000002c130000,0x000000002c230000)]
  0x0000000020716800 JavaThread "Memory manager" [_thread_blocked, id=10556, stack(0x000000002c030000,0x000000002c130000)]
  0x0000000019e14800 JavaThread "Cache worker for Build Output Cleanup Cache (D:\AndroidStudioProjects\labRK\.gradle\buildOutputCleanup)" [_thread_blocked, id=820, stack(0x000000002af30000,0x000000002b030000)]
  0x0000000019e12800 JavaThread "jar transforms Thread 114" [_thread_blocked, id=240, stack(0x000000002ac30000,0x000000002ad30000)]
  0x0000000019e13000 JavaThread "jar transforms Thread 113" [_thread_blocked, id=9700, stack(0x000000002ab30000,0x000000002ac30000)]
  0x0000000019e0b000 JavaThread "jar transforms Thread 112" [_thread_blocked, id=2512, stack(0x000000002aa30000,0x000000002ab30000)]
  0x0000000019e11800 JavaThread "jar transforms Thread 111" [_thread_blocked, id=4228, stack(0x000000002a930000,0x000000002aa30000)]
  0x0000000019e11000 JavaThread "jar transforms Thread 110" [_thread_blocked, id=4148, stack(0x000000002a830000,0x000000002a930000)]
  0x0000000019e10000 JavaThread "jar transforms Thread 109" [_thread_blocked, id=3616, stack(0x000000002a730000,0x000000002a830000)]
  0x0000000019e08800 JavaThread "jar transforms Thread 108" [_thread_blocked, id=3484, stack(0x000000002a630000,0x000000002a730000)]
  0x0000000019e0a000 JavaThread "jar transforms Thread 107" [_thread_blocked, id=4576, stack(0x000000002a530000,0x000000002a630000)]
  0x0000000019e0f800 JavaThread "jar transforms Thread 106" [_thread_blocked, id=632, stack(0x000000002a430000,0x000000002a530000)]
  0x0000000019e09800 JavaThread "jar transforms Thread 105" [_thread_blocked, id=11224, stack(0x000000002a330000,0x000000002a430000)]
  0x0000000019e0e800 JavaThread "jar transforms Thread 104" [_thread_blocked, id=5580, stack(0x000000002a230000,0x000000002a330000)]
  0x0000000019e07000 JavaThread "jar transforms Thread 103" [_thread_blocked, id=7016, stack(0x000000002a130000,0x000000002a230000)]
  0x0000000019e0b800 JavaThread "jar transforms Thread 102" [_thread_blocked, id=4880, stack(0x000000002a030000,0x000000002a130000)]
  0x0000000019e0e000 JavaThread "jar transforms Thread 101" [_thread_blocked, id=3496, stack(0x0000000029f30000,0x000000002a030000)]
  0x0000000019e06800 JavaThread "jar transforms Thread 100" [_thread_blocked, id=11064, stack(0x0000000029e30000,0x0000000029f30000)]
  0x0000000019e0d000 JavaThread "jar transforms Thread 99" [_thread_blocked, id=10004, stack(0x0000000029d30000,0x0000000029e30000)]
  0x0000000019e0c800 JavaThread "jar transforms Thread 98" [_thread_blocked, id=6496, stack(0x0000000029c30000,0x0000000029d30000)]
  0x0000000019e08000 JavaThread "jar transforms Thread 97" [_thread_blocked, id=1928, stack(0x0000000029b30000,0x0000000029c30000)]
  0x000000001df21000 JavaThread "jar transforms Thread 96" [_thread_blocked, id=4480, stack(0x0000000029a30000,0x0000000029b30000)]
  0x000000001df20800 JavaThread "jar transforms Thread 95" [_thread_blocked, id=3604, stack(0x0000000029930000,0x0000000029a30000)]
  0x000000001df25000 JavaThread "jar transforms Thread 94" [_thread_blocked, id=6672, stack(0x0000000029830000,0x0000000029930000)]
  0x000000001df26800 JavaThread "jar transforms Thread 93" [_thread_blocked, id=3560, stack(0x0000000029730000,0x0000000029830000)]
  0x000000001df22800 JavaThread "jar transforms Thread 92" [_thread_blocked, id=11240, stack(0x0000000029630000,0x0000000029730000)]
  0x000000001df24800 JavaThread "jar transforms Thread 91" [_thread_blocked, id=4304, stack(0x0000000029530000,0x0000000029630000)]
  0x000000001df23800 JavaThread "jar transforms Thread 90" [_thread_blocked, id=7220, stack(0x0000000029430000,0x0000000029530000)]
  0x000000001df27800 JavaThread "jar transforms Thread 89" [_thread_blocked, id=3996, stack(0x0000000029330000,0x0000000029430000)]
  0x000000001df26000 JavaThread "jar transforms Thread 88" [_thread_blocked, id=4528, stack(0x0000000029230000,0x0000000029330000)]
  0x000000001df22000 JavaThread "jar transforms Thread 87" [_thread_blocked, id=8116, stack(0x0000000029130000,0x0000000029230000)]
  0x000000001df1d800 JavaThread "jar transforms Thread 86" [_thread_blocked, id=10208, stack(0x0000000029030000,0x0000000029130000)]
  0x000000001df1b000 JavaThread "jar transforms Thread 85" [_thread_blocked, id=10580, stack(0x0000000028db0000,0x0000000028eb0000)]
  0x000000001df1c000 JavaThread "jar transforms Thread 84" [_thread_blocked, id=10568, stack(0x0000000028cb0000,0x0000000028db0000)]
  0x000000001df1f800 JavaThread "jar transforms Thread 83" [_thread_blocked, id=10760, stack(0x0000000028bb0000,0x0000000028cb0000)]
  0x000000001df1f000 JavaThread "jar transforms Thread 82" [_thread_blocked, id=10228, stack(0x0000000028ab0000,0x0000000028bb0000)]
  0x000000001df1e000 JavaThread "jar transforms Thread 81" [_thread_blocked, id=10464, stack(0x00000000289b0000,0x0000000028ab0000)]
  0x000000001df18000 JavaThread "jar transforms Thread 80" [_thread_blocked, id=2376, stack(0x00000000288b0000,0x00000000289b0000)]
  0x000000001df1a800 JavaThread "jar transforms Thread 79" [_thread_blocked, id=9792, stack(0x00000000287b0000,0x00000000288b0000)]
  0x000000001df1c800 JavaThread "jar transforms Thread 78" [_thread_blocked, id=2084, stack(0x00000000286b0000,0x00000000287b0000)]
  0x000000001df19800 JavaThread "jar transforms Thread 77" [_thread_blocked, id=2496, stack(0x00000000285b0000,0x00000000286b0000)]
  0x000000001df19000 JavaThread "jar transforms Thread 76" [_thread_blocked, id=7308, stack(0x00000000284b0000,0x00000000285b0000)]
  0x000000001b630000 JavaThread "jar transforms Thread 75" [_thread_blocked, id=9920, stack(0x00000000283b0000,0x00000000284b0000)]
  0x000000001b62f800 JavaThread "jar transforms Thread 74" [_thread_blocked, id=8576, stack(0x00000000282b0000,0x00000000283b0000)]
  0x000000001b62e800 JavaThread "jar transforms Thread 73" [_thread_blocked, id=11124, stack(0x00000000281b0000,0x00000000282b0000)]
  0x000000001b631000 JavaThread "jar transforms Thread 72" [_thread_blocked, id=1528, stack(0x00000000280b0000,0x00000000281b0000)]
  0x000000001b633000 JavaThread "jar transforms Thread 71" [_thread_blocked, id=3148, stack(0x0000000027fb0000,0x00000000280b0000)]
  0x000000001b631800 JavaThread "jar transforms Thread 70" [_thread_blocked, id=8108, stack(0x0000000027eb0000,0x0000000027fb0000)]
  0x000000001b632800 JavaThread "jar transforms Thread 69" [_thread_blocked, id=5384, stack(0x0000000027db0000,0x0000000027eb0000)]
  0x000000001b62e000 JavaThread "jar transforms Thread 68" [_thread_blocked, id=9040, stack(0x0000000027cb0000,0x0000000027db0000)]
  0x000000001b626800 JavaThread "jar transforms Thread 67" [_thread_blocked, id=3508, stack(0x0000000027bb0000,0x0000000027cb0000)]
  0x000000001b62d000 JavaThread "jar transforms Thread 66" [_thread_blocked, id=4532, stack(0x0000000027ab0000,0x0000000027bb0000)]
  0x000000001b62c800 JavaThread "jar transforms Thread 65" [_thread_blocked, id=3936, stack(0x00000000279b0000,0x0000000027ab0000)]
  0x000000001b625000 JavaThread "jar transforms Thread 64" [_thread_blocked, id=6656, stack(0x00000000278b0000,0x00000000279b0000)]
  0x000000001b62b000 JavaThread "jar transforms Thread 63" [_thread_blocked, id=3572, stack(0x00000000277b0000,0x00000000278b0000)]
  0x000000001b628000 JavaThread "jar transforms Thread 62" [_thread_blocked, id=2684, stack(0x00000000276b0000,0x00000000277b0000)]
  0x000000001b629800 JavaThread "jar transforms Thread 61" [_thread_blocked, id=4596, stack(0x00000000275b0000,0x00000000276b0000)]
  0x000000001b625800 JavaThread "jar transforms Thread 60" [_thread_blocked, id=9888, stack(0x00000000274b0000,0x00000000275b0000)]
  0x000000001b628800 JavaThread "jar transforms Thread 59" [_thread_blocked, id=5268, stack(0x00000000273b0000,0x00000000274b0000)]
  0x000000001b62b800 JavaThread "jar transforms Thread 58" [_thread_blocked, id=5492, stack(0x00000000272b0000,0x00000000273b0000)]
  0x000000001b627000 JavaThread "jar transforms Thread 57" [_thread_blocked, id=9348, stack(0x00000000271b0000,0x00000000272b0000)]
  0x000000001b62a000 JavaThread "jar transforms Thread 56" [_thread_blocked, id=3992, stack(0x00000000270b0000,0x00000000271b0000)]
  0x000000001b624000 JavaThread "jar transforms Thread 55" [_thread_blocked, id=2116, stack(0x0000000026fb0000,0x00000000270b0000)]
  0x000000001deef000 JavaThread "jar transforms Thread 54" [_thread_blocked, id=6600, stack(0x0000000026eb0000,0x0000000026fb0000)]
  0x000000001dee7800 JavaThread "jar transforms Thread 53" [_thread_blocked, id=9976, stack(0x0000000026db0000,0x0000000026eb0000)]
  0x000000001deed000 JavaThread "jar transforms Thread 52" [_thread_blocked, id=8732, stack(0x0000000026cb0000,0x0000000026db0000)]
  0x000000001deee800 JavaThread "jar transforms Thread 51" [_thread_blocked, id=7388, stack(0x0000000026bb0000,0x0000000026cb0000)]
  0x000000001dee8800 JavaThread "jar transforms Thread 50" [_thread_blocked, id=4536, stack(0x0000000026ab0000,0x0000000026bb0000)]
  0x000000001dee9000 JavaThread "jar transforms Thread 49" [_thread_blocked, id=10836, stack(0x00000000269b0000,0x0000000026ab0000)]
  0x000000001deeb800 JavaThread "jar transforms Thread 48" [_thread_blocked, id=7404, stack(0x00000000268b0000,0x00000000269b0000)]
  0x000000001deea800 JavaThread "jar transforms Thread 47" [_thread_blocked, id=5524, stack(0x00000000267b0000,0x00000000268b0000)]
  0x000000001deea000 JavaThread "jar transforms Thread 46" [_thread_blocked, id=2356, stack(0x00000000266b0000,0x00000000267b0000)]
  0x000000001deec000 JavaThread "jar transforms Thread 45" [_thread_blocked, id=9612, stack(0x00000000265b0000,0x00000000266b0000)]
  0x000000001deed800 JavaThread "jar transforms Thread 44" [_thread_blocked, id=11216, stack(0x00000000264b0000,0x00000000265b0000)]
  0x000000001dee1000 JavaThread "jar transforms Thread 43" [_thread_blocked, id=8272, stack(0x00000000263b0000,0x00000000264b0000)]
  0x000000001dee7000 JavaThread "jar transforms Thread 42" [_thread_blocked, id=6208, stack(0x00000000262b0000,0x00000000263b0000)]
  0x000000001dee6000 JavaThread "jar transforms Thread 41" [_thread_blocked, id=6548, stack(0x00000000261b0000,0x00000000262b0000)]
  0x000000001dee0000 JavaThread "jar transforms Thread 40" [_thread_blocked, id=9060, stack(0x0000000025d70000,0x0000000025e70000)]
  0x000000001dee4000 JavaThread "jar transforms Thread 39" [_thread_blocked, id=8864, stack(0x0000000025c70000,0x0000000025d70000)]
  0x000000001dee2800 JavaThread "jar transforms Thread 38" [_thread_blocked, id=4432, stack(0x0000000025b70000,0x0000000025c70000)]
  0x000000001dee3000 JavaThread "jar transforms Thread 37" [_thread_blocked, id=8176, stack(0x0000000025a70000,0x0000000025b70000)]
  0x000000001dee4800 JavaThread "jar transforms Thread 36" [_thread_blocked, id=8072, stack(0x0000000025970000,0x0000000025a70000)]
  0x000000001dee5800 JavaThread "jar transforms Thread 35" [_thread_blocked, id=8056, stack(0x0000000025870000,0x0000000025970000)]
  0x000000001dee1800 JavaThread "jar transforms Thread 34" [_thread_blocked, id=10416, stack(0x0000000025770000,0x0000000025870000)]
  0x000000001e973000 JavaThread "jar transforms Thread 33" [_thread_blocked, id=6156, stack(0x0000000025670000,0x0000000025770000)]
  0x000000001e972000 JavaThread "jar transforms Thread 32" [_thread_blocked, id=10532, stack(0x0000000025570000,0x0000000025670000)]
  0x000000001e979000 JavaThread "jar transforms Thread 31" [_thread_blocked, id=3724, stack(0x0000000025470000,0x0000000025570000)]
  0x000000001e977800 JavaThread "jar transforms Thread 30" [_thread_blocked, id=2484, stack(0x0000000025370000,0x0000000025470000)]
  0x000000001e973800 JavaThread "jar transforms Thread 29" [_thread_blocked, id=916, stack(0x0000000025270000,0x0000000025370000)]
  0x000000001e974800 JavaThread "jar transforms Thread 28" [_thread_blocked, id=9592, stack(0x0000000025170000,0x0000000025270000)]
  0x000000001e975000 JavaThread "jar transforms Thread 27" [_thread_blocked, id=5920, stack(0x0000000025070000,0x0000000025170000)]
  0x000000001e976000 JavaThread "jar transforms Thread 26" [_thread_blocked, id=4140, stack(0x0000000024f70000,0x0000000025070000)]
  0x000000001e976800 JavaThread "jar transforms Thread 25" [_thread_blocked, id=5280, stack(0x0000000024e70000,0x0000000024f70000)]
  0x000000001e978000 JavaThread "jar transforms Thread 24" [_thread_blocked, id=4396, stack(0x0000000024d70000,0x0000000024e70000)]
  0x000000001e96a800 JavaThread "jar transforms Thread 23" [_thread_blocked, id=5708, stack(0x0000000024c70000,0x0000000024d70000)]
  0x000000001e971800 JavaThread "jar transforms Thread 22" [_thread_blocked, id=5220, stack(0x0000000024b70000,0x0000000024c70000)]
  0x000000001e96a000 JavaThread "jar transforms Thread 21" [_thread_blocked, id=9364, stack(0x0000000024a70000,0x0000000024b70000)]
  0x000000001e96d800 JavaThread "jar transforms Thread 20" [_thread_blocked, id=2816, stack(0x0000000024970000,0x0000000024a70000)]
  0x000000001e970800 JavaThread "jar transforms Thread 19" [_thread_blocked, id=9104, stack(0x0000000024870000,0x0000000024970000)]
  0x000000001e96d000 JavaThread "jar transforms Thread 18" [_thread_blocked, id=8656, stack(0x0000000024770000,0x0000000024870000)]
  0x000000001e96b800 JavaThread "jar transforms Thread 17" [_thread_blocked, id=10016, stack(0x0000000024670000,0x0000000024770000)]
  0x000000001e970000 JavaThread "jar transforms Thread 16" [_thread_blocked, id=8404, stack(0x0000000024570000,0x0000000024670000)]
  0x000000001e96f000 JavaThread "jar transforms Thread 15" [_thread_blocked, id=2476, stack(0x0000000024470000,0x0000000024570000)]
  0x000000001e96c000 JavaThread "jar transforms Thread 14" [_thread_blocked, id=6948, stack(0x0000000024370000,0x0000000024470000)]
  0x000000001e96e800 JavaThread "jar transforms Thread 13" [_thread_blocked, id=6976, stack(0x0000000024270000,0x0000000024370000)]
  0x000000001b3e8000 JavaThread "jar transforms Thread 12" [_thread_blocked, id=11108, stack(0x0000000024170000,0x0000000024270000)]
  0x000000001b3e7800 JavaThread "jar transforms Thread 11" [_thread_blocked, id=4348, stack(0x0000000024070000,0x0000000024170000)]
  0x000000001b3e9800 JavaThread "jar transforms Thread 10" [_thread_blocked, id=2784, stack(0x0000000023f70000,0x0000000024070000)]
  0x000000001b3e6000 JavaThread "jar transforms Thread 9" [_thread_blocked, id=3612, stack(0x0000000023e70000,0x0000000023f70000)]
  0x000000001b3e9000 JavaThread "jar transforms Thread 8" [_thread_blocked, id=2848, stack(0x0000000023d70000,0x0000000023e70000)]
  0x000000001b3e6800 JavaThread "jar transforms Thread 7" [_thread_blocked, id=5864, stack(0x0000000023c70000,0x0000000023d70000)]
  0x000000001b3e5000 JavaThread "jar transforms Thread 6" [_thread_blocked, id=2260, stack(0x0000000023b70000,0x0000000023c70000)]
  0x000000001b3dd800 JavaThread "jar transforms Thread 5" [_thread_blocked, id=6380, stack(0x0000000023a70000,0x0000000023b70000)]
  0x000000001b3e4800 JavaThread "jar transforms Thread 4" [_thread_blocked, id=32, stack(0x0000000023970000,0x0000000023a70000)]
  0x000000001b3de800 JavaThread "jar transforms Thread 3" [_thread_blocked, id=5252, stack(0x0000000023870000,0x0000000023970000)]
  0x000000001b3e3800 JavaThread "jar transforms Thread 2" [_thread_blocked, id=3688, stack(0x0000000023770000,0x0000000023870000)]
  0x000000001b3e1800 JavaThread "Build operations Thread 4" [_thread_in_Java, id=3028, stack(0x0000000023670000,0x0000000023770000)]
  0x000000001b3dc000 JavaThread "Build operations Thread 3" [_thread_in_vm, id=204, stack(0x0000000023570000,0x0000000023670000)]
  0x000000001b3e3000 JavaThread "Build operations Thread 2" [_thread_blocked, id=8568, stack(0x0000000023470000,0x0000000023570000)]
  0x000000001b3db800 JavaThread "Build operations" [_thread_blocked, id=2716, stack(0x0000000023370000,0x0000000023470000)]
  0x00000000178ea800 JavaThread "Cache worker for file content cache (C:\Users\Р”РёРјР°\.gradle\caches\6.5\fileContent)" [_thread_blocked, id=9904, stack(0x0000000021ca0000,0x0000000021da0000)]
  0x00000000178e5000 JavaThread "jar transforms" [_thread_blocked, id=9668, stack(0x0000000021ba0000,0x0000000021ca0000)]
  0x00000000178e9800 JavaThread "Cache worker for execution history cache (C:\Users\Р”РёРјР°\.gradle\caches\6.5\executionHistory)" [_thread_blocked, id=8880, stack(0x00000000214a0000,0x00000000215a0000)]
  0x00000000178e8000 JavaThread "Cache worker for cache directory md-rule (C:\Users\Р”РёРјР°\.gradle\caches\6.5\md-rule)" [_thread_blocked, id=6936, stack(0x00000000213a0000,0x00000000214a0000)]
  0x00000000178ec000 JavaThread "Cache worker for cache directory md-supplier (C:\Users\Р”РёРјР°\.gradle\caches\6.5\md-supplier)" [_thread_blocked, id=7548, stack(0x0000000020040000,0x0000000020140000)]
  0x00000000178e6800 JavaThread "Cache worker for checksums cache (D:\AndroidStudioProjects\labRK\.gradle\checksums)" [_thread_blocked, id=9292, stack(0x000000001ff40000,0x0000000020040000)]
  0x00000000178eb000 JavaThread "Cache worker for file hash cache (D:\AndroidStudioProjects\labRK\.gradle\6.5\fileHashes)" [_thread_blocked, id=6460, stack(0x000000001da60000,0x000000001db60000)]
  0x00000000178e9000 JavaThread "Cache worker for file hash cache (C:\Users\Р”РёРјР°\.gradle\caches\6.5\fileHashes)" [_thread_blocked, id=3008, stack(0x000000001d960000,0x000000001da60000)]
  0x00000000178e6000 JavaThread "File lock request listener" [_thread_in_native, id=4780, stack(0x000000001d860000,0x000000001d960000)]
  0x000000001b365000 JavaThread "Cache worker for journal cache (C:\Users\Р”РёРјР°\.gradle\caches\journal-1)" [_thread_blocked, id=11104, stack(0x000000001d660000,0x000000001d760000)]
  0x000000001b41c000 JavaThread "Thread-9" [_thread_blocked, id=9496, stack(0x000000001d360000,0x000000001d460000)]
  0x000000001b2d7000 JavaThread "Stdin handler" [_thread_blocked, id=5720, stack(0x000000001d260000,0x000000001d360000)]
  0x000000001b2d6800 JavaThread "Asynchronous log dispatcher for DefaultDaemonConnection: socket connection from /127.0.0.1:51370 to /127.0.0.1:51371" [_thread_blocked, id=8952, stack(0x000000001d160000,0x000000001d260000)]
  0x000000001b244800 JavaThread "Daemon worker" [_thread_blocked, id=3264, stack(0x000000001d060000,0x000000001d160000)]
  0x000000001b243000 JavaThread "Cancel handler" [_thread_blocked, id=9784, stack(0x000000001cf60000,0x000000001d060000)]
  0x000000001afee000 JavaThread "Handler for socket connection from /127.0.0.1:51370 to /127.0.0.1:51371" [_thread_in_native, id=8620, stack(0x000000001ce60000,0x000000001cf60000)]
  0x000000001b262000 JavaThread "Daemon" [_thread_blocked, id=1828, stack(0x000000001cd60000,0x000000001ce60000)]
  0x000000001b2cb800 JavaThread "Daemon periodic checks" [_thread_blocked, id=2488, stack(0x000000001ca60000,0x000000001cb60000)]
  0x000000001b24d000 JavaThread "Incoming local TCP Connector on port 51370" [_thread_in_native, id=10964, stack(0x000000001c820000,0x000000001c920000)]
  0x000000001afe9000 JavaThread "Daemon health stats" [_thread_blocked, id=8608, stack(0x000000001c1c0000,0x000000001c2c0000)]
  0x000000001792e800 JavaThread "Service Thread" daemon [_thread_blocked, id=8348, stack(0x0000000019620000,0x0000000019720000)]
  0x00000000178e7800 JavaThread "C1 CompilerThread2" daemon [_thread_in_native, id=1268, stack(0x0000000019120000,0x0000000019220000)]
  0x00000000178dc800 JavaThread "C2 CompilerThread1" daemon [_thread_in_native, id=10316, stack(0x0000000019020000,0x0000000019120000)]
=>0x00000000178d3000 JavaThread "C2 CompilerThread0" daemon [_thread_in_native, id=3840, stack(0x0000000018f20000,0x0000000019020000)]
  0x00000000178d1800 JavaThread "Attach Listener" daemon [_thread_blocked, id=3328, stack(0x0000000018e20000,0x0000000018f20000)]
  0x00000000178d8000 JavaThread "Signal Dispatcher" daemon [_thread_blocked, id=3228, stack(0x0000000018d20000,0x0000000018e20000)]
  0x0000000002c7a800 JavaThread "Finalizer" daemon [_thread_blocked, id=10808, stack(0x0000000018b20000,0x0000000018c20000)]
  0x0000000002c72000 JavaThread "Reference Handler" daemon [_thread_blocked, id=7996, stack(0x0000000018a20000,0x0000000018b20000)]
  0x0000000002b4e000 JavaThread "main" [_thread_blocked, id=4548, stack(0x0000000002a20000,0x0000000002b20000)]

Other Threads:
  0x0000000017896000 VMThread [stack: 0x0000000018920000,0x0000000018a20000] [id=4620]
  0x0000000019260800 WatcherThread [stack: 0x0000000019720000,0x0000000019820000] [id=8096]

VM state:not at safepoint (normal execution)

VM Mutex/Monitor currently owned by a thread: None

heap address: 0x0000000080000000, size: 2048 MB, Compressed Oops mode: 32-bit
Narrow klass base: 0x0000000000000000, Narrow klass shift: 3
Compressed class space size: 1073741824 Address: 0x0000000100000000

Heap:
 PSYoungGen      total 329216K, used 270786K [0x00000000d5580000, 0x00000000eb680000, 0x0000000100000000)
  eden space 307200K, 81% used [0x00000000d5580000,0x00000000e48c47f0,0x00000000e8180000)
  from space 22016K, 98% used [0x00000000ea100000,0x00000000eb62c148,0x00000000eb680000)
  to   space 25088K, 0% used [0x00000000e8580000,0x00000000e8580000,0x00000000e9e00000)
 ParOldGen       total 102912K, used 38906K [0x0000000080000000, 0x0000000086480000, 0x00000000d5580000)
  object space 102912K, 37% used [0x0000000080000000,0x00000000825fea68,0x0000000086480000)
 Metaspace       used 77719K, capacity 81652K, committed 81688K, reserved 1120256K
  class space    used 10752K, capacity 11541K, committed 11568K, reserved 1048576K

Card table byte_map: [0x0000000012040000,0x0000000012450000] byte_map_base: 0x0000000011c40000

Marking Bits: (ParMarkBitMap*) 0x000000005de5f030
 Begin Bits: [0x0000000012b00000, 0x0000000014b00000)
 End Bits:   [0x0000000014b00000, 0x0000000016b00000)

Polling page: 0x0000000002b20000

CodeCache: size=245760Kb used=27659Kb max_used=27659Kb free=218100Kb
 bounds [0x0000000002c80000, 0x00000000047a0000, 0x0000000011c80000]
 total_blobs=9688 nmethods=8870 adapters=730
 compilation: enabled

Compilation events (10 events):
Event: 17.446 Thread 0x00000000178e7800 nmethod 9987 0x000000000478b8d0 code [0x000000000478ba20, 0x000000000478bb30]
Event: 17.446 Thread 0x00000000178e7800 9988       1       com.android.tools.r8.ir.conversion.A::e (2 bytes)
Event: 17.446 Thread 0x00000000178e7800 nmethod 9988 0x000000000478bb90 code [0x000000000478bce0, 0x000000000478bdf0]
Event: 17.446 Thread 0x00000000178e7800 9964       1       com.android.tools.r8.q.a.a.b.W0::b (5 bytes)
Event: 17.446 Thread 0x00000000178e7800 nmethod 9964 0x000000000478be50 code [0x000000000478bfa0, 0x000000000478c0b0]
Event: 17.446 Thread 0x00000000178e7800 9975       1       com.android.tools.r8.ir.regalloc.b::k (5 bytes)
Event: 17.446 Thread 0x00000000178e7800 nmethod 9975 0x000000000478c110 code [0x000000000478c260, 0x000000000478c370]
Event: 17.446 Thread 0x00000000178e7800 9990       3       com.android.tools.r8.ir.conversion.F::<init> (41 bytes)
Event: 17.447 Thread 0x00000000178e7800 nmethod 9990 0x000000000478c3d0 code [0x000000000478c540, 0x000000000478c730]
Event: 17.447 Thread 0x00000000178e7800 9991       3       com.android.tools.r8.ir.conversion.K::a (183 bytes)

GC Heap History (10 events):
Event: 4.419 GC heap before
{Heap before GC invocations=11 (full 2):
 PSYoungGen      total 201728K, used 10116K [0x00000000d5580000, 0x00000000e6400000, 0x0000000100000000)
  eden space 189440K, 0% used [0x00000000d5580000,0x00000000d5580000,0x00000000e0e80000)
  from space 12288K, 82% used [0x00000000e0e80000,0x00000000e1861300,0x00000000e1a80000)
  to   space 13312K, 0% used [0x00000000e5700000,0x00000000e5700000,0x00000000e6400000)
 ParOldGen       total 44544K, used 11619K [0x0000000080000000, 0x0000000082b80000, 0x00000000d5580000)
  object space 44544K, 26% used [0x0000000080000000,0x0000000080b58e68,0x0000000082b80000)
 Metaspace       used 34317K, capacity 35462K, committed 35496K, reserved 1079296K
  class space    used 4725K, capacity 5038K, committed 5040K, reserved 1048576K
Event: 4.513 GC heap after
Heap after GC invocations=11 (full 2):
 PSYoungGen      total 201728K, used 0K [0x00000000d5580000, 0x00000000e6400000, 0x0000000100000000)
  eden space 189440K, 0% used [0x00000000d5580000,0x00000000d5580000,0x00000000e0e80000)
  from space 12288K, 0% used [0x00000000e0e80000,0x00000000e0e80000,0x00000000e1a80000)
  to   space 13312K, 0% used [0x00000000e5700000,0x00000000e5700000,0x00000000e6400000)
 ParOldGen       total 62976K, used 16483K [0x0000000080000000, 0x0000000083d80000, 0x00000000d5580000)
  object space 62976K, 26% used [0x0000000080000000,0x0000000081018fd0,0x0000000083d80000)
 Metaspace       used 34317K, capacity 35462K, committed 35496K, reserved 1079296K
  class space    used 4725K, capacity 5038K, committed 5040K, reserved 1048576K
}
Event: 8.294 GC heap before
{Heap before GC invocations=12 (full 2):
 PSYoungGen      total 201728K, used 189440K [0x00000000d5580000, 0x00000000e6400000, 0x0000000100000000)
  eden space 189440K, 100% used [0x00000000d5580000,0x00000000e0e80000,0x00000000e0e80000)
  from space 12288K, 0% used [0x00000000e0e80000,0x00000000e0e80000,0x00000000e1a80000)
  to   space 13312K, 0% used [0x00000000e5700000,0x00000000e5700000,0x00000000e6400000)
 ParOldGen       total 62976K, used 16483K [0x0000000080000000, 0x0000000083d80000, 0x00000000d5580000)
  object space 62976K, 26% used [0x0000000080000000,0x0000000081018fd0,0x0000000083d80000)
 Metaspace       used 44370K, capacity 46180K, committed 46376K, reserved 1089536K
  class space    used 6020K, capacity 6414K, committed 6448K, reserved 1048576K
Event: 8.325 GC heap after
Heap after GC invocations=12 (full 2):
 PSYoungGen      total 260608K, used 13292K [0x00000000d5580000, 0x00000000e6500000, 0x0000000100000000)
  eden space 247296K, 0% used [0x00000000d5580000,0x00000000d5580000,0x00000000e4700000)
  from space 13312K, 99% used [0x00000000e5700000,0x00000000e63fb108,0x00000000e6400000)
  to   space 15360K, 0% used [0x00000000e4700000,0x00000000e4700000,0x00000000e5600000)
 ParOldGen       total 62976K, used 17357K [0x0000000080000000, 0x0000000083d80000, 0x00000000d5580000)
  object space 62976K, 27% used [0x0000000080000000,0x00000000810f37f8,0x0000000083d80000)
 Metaspace       used 44370K, capacity 46180K, committed 46376K, reserved 1089536K
  class space    used 6020K, capacity 6414K, committed 6448K, reserved 1048576K
}
Event: 10.380 GC heap before
{Heap before GC invocations=13 (full 2):
 PSYoungGen      total 260608K, used 174988K [0x00000000d5580000, 0x00000000e6500000, 0x0000000100000000)
  eden space 247296K, 65% used [0x00000000d5580000,0x00000000df368220,0x00000000e4700000)
  from space 13312K, 99% used [0x00000000e5700000,0x00000000e63fb108,0x00000000e6400000)
  to   space 15360K, 0% used [0x00000000e4700000,0x00000000e4700000,0x00000000e5600000)
 ParOldGen       total 62976K, used 17357K [0x0000000080000000, 0x0000000083d80000, 0x00000000d5580000)
  object space 62976K, 27% used [0x0000000080000000,0x00000000810f37f8,0x0000000083d80000)
 Metaspace       used 56873K, capacity 59104K, committed 59160K, reserved 1099776K
  class space    used 7722K, capacity 8211K, committed 8240K, reserved 1048576K
Event: 10.418 GC heap after
Heap after GC invocations=13 (full 2):
 PSYoungGen      total 262656K, used 15352K [0x00000000d5580000, 0x00000000eb680000, 0x0000000100000000)
  eden space 247296K, 0% used [0x00000000d5580000,0x00000000d5580000,0x00000000e4700000)
  from space 15360K, 99% used [0x00000000e4700000,0x00000000e55fe2c0,0x00000000e5600000)
  to   space 22016K, 0% used [0x00000000ea100000,0x00000000ea100000,0x00000000eb680000)
 ParOldGen       total 62976K, used 28564K [0x0000000080000000, 0x0000000083d80000, 0x00000000d5580000)
  object space 62976K, 45% used [0x0000000080000000,0x0000000081be5340,0x0000000083d80000)
 Metaspace       used 56873K, capacity 59104K, committed 59160K, reserved 1099776K
  class space    used 7722K, capacity 8211K, committed 8240K, reserved 1048576K
}
Event: 10.418 GC heap before
{Heap before GC invocations=14 (full 3):
 PSYoungGen      total 262656K, used 15352K [0x00000000d5580000, 0x00000000eb680000, 0x0000000100000000)
  eden space 247296K, 0% used [0x00000000d5580000,0x00000000d5580000,0x00000000e4700000)
  from space 15360K, 99% used [0x00000000e4700000,0x00000000e55fe2c0,0x00000000e5600000)
  to   space 22016K, 0% used [0x00000000ea100000,0x00000000ea100000,0x00000000eb680000)
 ParOldGen       total 62976K, used 28564K [0x0000000080000000, 0x0000000083d80000, 0x00000000d5580000)
  object space 62976K, 45% used [0x0000000080000000,0x0000000081be5340,0x0000000083d80000)
 Metaspace       used 56873K, capacity 59104K, committed 59160K, reserved 1099776K
  class space    used 7722K, capacity 8211K, committed 8240K, reserved 1048576K
Event: 10.652 GC heap after
Heap after GC invocations=14 (full 3):
 PSYoungGen      total 262656K, used 0K [0x00000000d5580000, 0x00000000eb680000, 0x0000000100000000)
  eden space 247296K, 0% used [0x00000000d5580000,0x00000000d5580000,0x00000000e4700000)
  from space 15360K, 0% used [0x00000000e4700000,0x00000000e4700000,0x00000000e5600000)
  to   space 22016K, 0% used [0x00000000ea100000,0x00000000ea100000,0x00000000eb680000)
 ParOldGen       total 102912K, used 38898K [0x0000000080000000, 0x0000000086480000, 0x00000000d5580000)
  object space 102912K, 37% used [0x0000000080000000,0x00000000825fca68,0x0000000086480000)
 Metaspace       used 56868K, capacity 59086K, committed 59160K, reserved 1099776K
  class space    used 7720K, capacity 8208K, committed 8240K, reserved 1048576K
}
Event: 14.723 GC heap before
{Heap before GC invocations=15 (full 3):
 PSYoungGen      total 262656K, used 247296K [0x00000000d5580000, 0x00000000eb680000, 0x0000000100000000)
  eden space 247296K, 100% used [0x00000000d5580000,0x00000000e4700000,0x00000000e4700000)
  from space 15360K, 0% used [0x00000000e4700000,0x00000000e4700000,0x00000000e5600000)
  to   space 22016K, 0% used [0x00000000ea100000,0x00000000ea100000,0x00000000eb680000)
 ParOldGen       total 102912K, used 38898K [0x0000000080000000, 0x0000000086480000, 0x00000000d5580000)
  object space 102912K, 37% used [0x0000000080000000,0x00000000825fca68,0x0000000086480000)
 Metaspace       used 68307K, capacity 71362K, committed 71448K, reserved 1110016K
  class space    used 9331K, capacity 9962K, committed 10032K, reserved 1048576K
Event: 14.744 GC heap after
Heap after GC invocations=15 (full 3):
 PSYoungGen      total 329216K, used 21680K [0x00000000d5580000, 0x00000000eb680000, 0x0000000100000000)
  eden space 307200K, 0% used [0x00000000d5580000,0x00000000d5580000,0x00000000e8180000)
  from space 22016K, 98% used [0x00000000ea100000,0x00000000eb62c148,0x00000000eb680000)
  to   space 25088K, 0% used [0x00000000e8580000,0x00000000e8580000,0x00000000e9e00000)
 ParOldGen       total 102912K, used 38906K [0x0000000080000000, 0x0000000086480000, 0x00000000d5580000)
  object space 102912K, 37% used [0x0000000080000000,0x00000000825fea68,0x0000000086480000)
 Metaspace       used 68307K, capacity 71362K, committed 71448K, reserved 1110016K
  class space    used 9331K, capacity 9962K, committed 10032K, reserved 1048576K
}

Deoptimization events (10 events):
Event: 16.875 Thread 0x000000001b3dc000 Uncommon trap: reason=bimorphic action=maybe_recompile pc=0x00000000045d54e0 method=com.android.tools.r8.q.a.a.b.O0.hasNext()Z @ 9
Event: 17.033 Thread 0x000000001b3dc000 Uncommon trap: reason=unstable_if action=reinterpret pc=0x0000000003ee7dec method=java.util.HashMap.putVal(ILjava/lang/Object;Ljava/lang/Object;ZZ)Ljava/lang/Object; @ 236
Event: 17.033 Thread 0x000000001b3e1800 Uncommon trap: reason=unstable_if action=reinterpret pc=0x0000000003ee7dec method=java.util.HashMap.putVal(ILjava/lang/Object;Ljava/lang/Object;ZZ)Ljava/lang/Object; @ 236
Event: 17.196 Thread 0x000000001b3dc000 Uncommon trap: reason=bimorphic action=maybe_recompile pc=0x0000000004588ea0 method=com.android.tools.r8.q.a.a.a.v.hash(Ljava/lang/Object;)I @ 8
Event: 17.196 Thread 0x000000001b3dc000 Uncommon trap: reason=bimorphic action=maybe_recompile pc=0x0000000004588ea0 method=com.android.tools.r8.q.a.a.a.v.hash(Ljava/lang/Object;)I @ 8
Event: 17.196 Thread 0x000000001b3dc000 Uncommon trap: reason=bimorphic action=maybe_recompile pc=0x0000000004588ea0 method=com.android.tools.r8.q.a.a.a.v.hash(Ljava/lang/Object;)I @ 8
Event: 17.197 Thread 0x000000001b3dc000 Uncommon trap: reason=bimorphic action=maybe_recompile pc=0x0000000004588ea0 method=com.android.tools.r8.q.a.a.a.v.hash(Ljava/lang/Object;)I @ 8
Event: 17.284 Thread 0x000000001b3dc000 Uncommon trap: reason=unstable_if action=reinterpret pc=0x000000000467526c method=java.util.IdentityHashMap.put(Ljava/lang/Object;Ljava/lang/Object;)Ljava/lang/Object; @ 38
Event: 17.302 Thread 0x000000001b3dc000 Uncommon trap: reason=unstable_if action=reinterpret pc=0x0000000003822258 method=java.util.HashMap.computeIfAbsent(Ljava/lang/Object;Ljava/util/function/Function;)Ljava/lang/Object; @ 145
Event: 17.332 Thread 0x000000001b3dc000 Uncommon trap: reason=unstable_if action=reinterpret pc=0x00000000039bcfac method=java.util.TreeMap.put(Ljava/lang/Object;Ljava/lang/Object;)Ljava/lang/Object; @ 163

Classes redefined (0 events):
No events

Internal exceptions (10 events):
Event: 15.238 Thread 0x000000001b3db800 Implicit null exception at 0x00000000043aa663 to 0x00000000043aab0d
Event: 15.969 Thread 0x000000001b3e1800 Exception <a 'java/lang/NoSuchMethodError': java.lang.Object.lambda$static$0(Ljava/lang/String;)Z> (0x00000000ddb4c8d8) thrown at [C:\src\AOSP-openjdk-git\hotspot\src\share\vm\interpreter\linkResolver.cpp, line 620]
Event: 16.082 Thread 0x000000001b3dc000 Exception <a 'sun/nio/fs/WindowsException'> (0x00000000de3b6c88) thrown at [C:\src\AOSP-openjdk-git\hotspot\src\share\vm\prims\jni.cpp, line 710]
Event: 16.237 Thread 0x000000001b3e1800 Exception <a 'sun/nio/fs/WindowsException'> (0x00000000df05ab88) thrown at [C:\src\AOSP-openjdk-git\hotspot\src\share\vm\prims\jni.cpp, line 710]
Event: 16.476 Thread 0x000000001b3dc000 Exception <a 'java/lang/IncompatibleClassChangeError': Found class java.lang.Object, but interface was expected> (0x00000000dfd7bb88) thrown at [C:\src\AOSP-openjdk-git\hotspot\src\share\vm\interpreter\linkResolver.cpp, line 653]
Event: 17.062 Thread 0x000000001b3e1800 Exception <a 'java/lang/NoSuchMethodError': java.lang.Object.lambda$comparingInt$7b0bb60$1(Ljava/util/function/ToIntFunction;Ljava/lang/Object;Ljava/lang/Object;)I> (0x00000000e3989188) thrown at [C:\src\AOSP-openjdk-git\hotspot\src\share\vm\interpreter\l
Event: 17.062 Thread 0x000000001b3dc000 Exception <a 'java/lang/NoSuchMethodError': java.lang.Object.lambda$comparingInt$7b0bb60$1(Ljava/util/function/ToIntFunction;Ljava/lang/Object;Ljava/lang/Object;)I> (0x00000000e39a0418) thrown at [C:\src\AOSP-openjdk-git\hotspot\src\share\vm\interpreter\l
Event: 17.062 Thread 0x000000001b3e1800 Exception <a 'java/lang/NoSuchMethodError': java.lang.Object.lambda$maxBy$1(Ljava/util/Comparator;Ljava/lang/Object;Ljava/lang/Object;)Ljava/lang/Object;> (0x00000000e398dad0) thrown at [C:\src\AOSP-openjdk-git\hotspot\src\share\vm\interpreter\linkResolve
Event: 17.062 Thread 0x000000001b3dc000 Exception <a 'java/lang/NoSuchMethodError': java.lang.Object.lambda$maxBy$1(Ljava/util/Comparator;Ljava/lang/Object;Ljava/lang/Object;)Ljava/lang/Object;> (0x00000000e39a4890) thrown at [C:\src\AOSP-openjdk-git\hotspot\src\share\vm\interpreter\linkResolve
Event: 17.165 Thread 0x000000001b3dc000 Exception <a 'java/lang/NoSuchMethodError': java.lang.Object.b(Lcom/android/tools/r8/graph/n1$b;)Lcom/android/tools/r8/graph/n1$b;> (0x00000000e3c1b458) thrown at [C:\src\AOSP-openjdk-git\hotspot\src\share\vm\interpreter\linkResolver.cpp, line 620]

Events (10 events):
Event: 17.438 loading class com/android/tools/r8/code/a2
Event: 17.438 loading class com/android/tools/r8/code/a2 done
Event: 17.439 loading class com/android/tools/r8/code/b2
Event: 17.439 loading class com/android/tools/r8/code/b2 done
Event: 17.443 loading class com/android/tools/r8/graph/j0
Event: 17.443 loading class com/android/tools/r8/graph/j0 done
Event: 17.443 loading class com/android/tools/r8/ir/conversion/N
Event: 17.443 loading class com/android/tools/r8/ir/conversion/N done
Event: 17.446 loading class com/android/tools/r8/code/e2
Event: 17.446 loading class com/android/tools/r8/code/e2 done


Dynamic libraries:
0x00007ff7281b0000 - 0x00007ff7281e1000 	D:\Program Files\Android Studio\jre\bin\java.exe
0x00007fff215c0000 - 0x00007fff217a1000 	C:\WINDOWS\SYSTEM32\ntdll.dll
0x00007fff21180000 - 0x00007fff21231000 	C:\WINDOWS\System32\KERNEL32.DLL
0x00007fff1da60000 - 0x00007fff1dcd3000 	C:\WINDOWS\System32\KERNELBASE.dll
0x00007fff1f4d0000 - 0x00007fff1f571000 	C:\WINDOWS\System32\ADVAPI32.dll
0x00007fff1ef40000 - 0x00007fff1efde000 	C:\WINDOWS\System32\msvcrt.dll
0x00007fff21120000 - 0x00007fff2117b000 	C:\WINDOWS\System32\sechost.dll
0x00007fff20e60000 - 0x00007fff20f84000 	C:\WINDOWS\System32\RPCRT4.dll
0x00007fff21400000 - 0x00007fff21590000 	C:\WINDOWS\System32\USER32.dll
0x00007fff1e890000 - 0x00007fff1e8b0000 	C:\WINDOWS\System32\win32u.dll
0x00007fff1ef10000 - 0x00007fff1ef38000 	C:\WINDOWS\System32\GDI32.dll
0x00007fff1e8b0000 - 0x00007fff1ea41000 	C:\WINDOWS\System32\gdi32full.dll
0x00007fff1e4f0000 - 0x00007fff1e58f000 	C:\WINDOWS\System32\msvcp_win.dll
0x00007fff1e3f0000 - 0x00007fff1e4e8000 	C:\WINDOWS\System32\ucrtbase.dll
0x00007fff127c0000 - 0x00007fff12a29000 	C:\WINDOWS\WinSxS\amd64_microsoft.windows.common-controls_6595b64144ccf1df_6.0.17134.885_none_fb42a3473065565f\COMCTL32.dll
0x00007fff20b20000 - 0x00007fff20e42000 	C:\WINDOWS\System32\combase.dll
0x00007fff1d9e0000 - 0x00007fff1da59000 	C:\WINDOWS\System32\bcryptPrimitives.dll
0x00007fff1ec90000 - 0x00007fff1ecbd000 	C:\WINDOWS\System32\IMM32.DLL
0x000000005e550000 - 0x000000005e622000 	D:\Program Files\Android Studio\jre\jre\bin\msvcr100.dll
0x000000005d690000 - 0x000000005dedb000 	D:\Program Files\Android Studio\jre\jre\bin\server\jvm.dll
0x00007fff1f4a0000 - 0x00007fff1f4a8000 	C:\WINDOWS\System32\PSAPI.DLL
0x00007fff157b0000 - 0x00007fff157d3000 	C:\WINDOWS\SYSTEM32\WINMM.dll
0x00007fff00720000 - 0x00007fff00729000 	C:\WINDOWS\SYSTEM32\WSOCK32.dll
0x00007fff1f580000 - 0x00007fff1f5ec000 	C:\WINDOWS\System32\WS2_32.dll
0x00007fff1c020000 - 0x00007fff1c02a000 	C:\WINDOWS\SYSTEM32\VERSION.dll
0x00007fff15780000 - 0x00007fff157aa000 	C:\WINDOWS\SYSTEM32\WINMMBASE.dll
0x00007fff1d990000 - 0x00007fff1d9d9000 	C:\WINDOWS\System32\cfgmgr32.dll
0x00007fff19ac0000 - 0x00007fff19acf000 	D:\Program Files\Android Studio\jre\jre\bin\verify.dll
0x00007fff19990000 - 0x00007fff199b9000 	D:\Program Files\Android Studio\jre\jre\bin\java.dll
0x00007fff19a30000 - 0x00007fff19a46000 	D:\Program Files\Android Studio\jre\jre\bin\zip.dll
0x00007fff1f6e0000 - 0x00007fff20b20000 	C:\WINDOWS\System32\SHELL32.dll
0x00007fff21070000 - 0x00007fff21119000 	C:\WINDOWS\System32\shcore.dll
0x00007fff1dce0000 - 0x00007fff1e3ed000 	C:\WINDOWS\System32\windows.storage.dll
0x00007fff21240000 - 0x00007fff21291000 	C:\WINDOWS\System32\shlwapi.dll
0x00007fff1d970000 - 0x00007fff1d981000 	C:\WINDOWS\System32\kernel.appcore.dll
0x00007fff1d930000 - 0x00007fff1d94f000 	C:\WINDOWS\System32\profapi.dll
0x00007fff1d8e0000 - 0x00007fff1d92c000 	C:\WINDOWS\System32\powrprof.dll
0x00007fff1d8d0000 - 0x00007fff1d8da000 	C:\WINDOWS\System32\FLTLIB.DLL
0x00007fff18fc0000 - 0x00007fff18fda000 	D:\Program Files\Android Studio\jre\jre\bin\net.dll
0x00007fff1d150000 - 0x00007fff1d1b6000 	C:\WINDOWS\system32\mswsock.dll
0x00007fff18c60000 - 0x00007fff18c73000 	D:\Program Files\Android Studio\jre\jre\bin\nio.dll
0x00007fff0f130000 - 0x00007fff0f157000 	C:\Users\Дима\.gradle\native\f6784746aeab05261644944871eae4fe03e0ef1612fff0a4a95f87b438bc6780\windows-amd64\native-platform.dll
0x00007fff19ab0000 - 0x00007fff19abd000 	D:\Program Files\Android Studio\jre\jre\bin\management.dll
0x00007fff1d300000 - 0x00007fff1d317000 	C:\WINDOWS\SYSTEM32\CRYPTSP.dll
0x00007fff1cd40000 - 0x00007fff1cd73000 	C:\WINDOWS\system32\rsaenh.dll
0x00007fff1d430000 - 0x00007fff1d455000 	C:\WINDOWS\SYSTEM32\bcrypt.dll
0x00007fff1d7d0000 - 0x00007fff1d7f8000 	C:\WINDOWS\SYSTEM32\USERENV.dll
0x00007fff1d320000 - 0x00007fff1d32b000 	C:\WINDOWS\SYSTEM32\CRYPTBASE.dll
0x00007fff1cee0000 - 0x00007fff1cf18000 	C:\WINDOWS\SYSTEM32\IPHLPAPI.DLL
0x00007fff1f490000 - 0x00007fff1f498000 	C:\WINDOWS\System32\NSI.dll
0x00007fff14dc0000 - 0x00007fff14dd6000 	C:\WINDOWS\SYSTEM32\dhcpcsvc6.DLL
0x00007fff15580000 - 0x00007fff1559a000 	C:\WINDOWS\SYSTEM32\dhcpcsvc.DLL
0x00007fff15db0000 - 0x00007fff15dbb000 	C:\WINDOWS\SYSTEM32\WINNSI.DLL

VM Arguments:
jvm_args: -Xmx2048m -Dfile.encoding=UTF-8 -Duser.country=RU -Duser.language=ru -Duser.variant 
java_command: org.gradle.launcher.daemon.bootstrap.GradleDaemon 6.5
java_class_path (initial): C:\Users\Дима\.gradle\wrapper\dists\gradle-6.5-bin\6nifqtx7604sqp1q6g8wikw7p\gradle-6.5\lib\gradle-launcher-6.5.jar
Launcher Type: SUN_STANDARD

Environment Variables:
PATH=C:\Program Files (x86)\Common Files\Oracle\Java\javapath;C:\Program Files (x86)\Intel\iCLS Client\;C:\Program Files\Intel\iCLS Client\;C:\windows\system32;C:\windows;C:\windows\System32\Wbem;C:\windows\System32\WindowsPowerShell\v1.0\;C:\Program Files (x86)\Intel\Intel(R) Management Engine Components\DAL;C:\Program Files\Intel\Intel(R) Management Engine Components\DAL;C:\Program Files (x86)\Intel\Intel(R) Management Engine Components\IPT;C:\Program Files\Intel\Intel(R) Management Engine Components\IPT;C:\WINDOWS\system32;C:\WINDOWS;C:\WINDOWS\System32\Wbem;C:\WINDOWS\System32\WindowsPowerShell\v1.0\;C:\WINDOWS\System32\OpenSSH\;C:\Go\bin\bin;C:\Program Files (x86)\Common Files\Apple\Internet Services\;C:\Program Files\Microsoft VS Code\bin;C:\Program Files\Git\cmd;C:\php7;C:\Program Files\PuTTY\;C:\Program Files\CMake\bin;C:\Program Files (x86)\NVIDIA Corporation\PhysX\Common;C:\Program Files (x86)\Microsoft SQL Server\150\DTS\Binn\;C:\Program Files\Microsoft SQL Server\Client SDK\ODBC\170\Tools\Binn\;C:\Program Files (x86)\Microsoft SQL Server\150\Tools\Binn\;C:\Program Files\Microsoft SQL Server\150\Tools\Binn\;C:\Program Files\Microsoft SQL Server\150\DTS\Binn\;C:\Program Files\dotnet\;C:\Program Files\Microsoft SQL Server\130\Tools\Binn\;C:\Users\Дима\AppData\Local\Programs\Python\Python36-32\Scripts\;C:\Users\Дима\AppData\Local\Programs\Python\Python36-32\;C:\Users\Дима\AppData\Local\Microsoft\WindowsApps;C:\Users\Дима\go\bin;C:\Users\Дима\AppData\Local\GitHubDesktop\bin;C:\Program Files\heroku\bin
USERNAME=Dima
OS=Windows_NT
PROCESSOR_IDENTIFIER=Intel64 Family 6 Model 142 Stepping 9, GenuineIntel



---------------  S Y S T E M  ---------------

OS: Windows 10.0 , 64 bit Build 17134 (10.0.17134.753)

CPU:total 4 (initial active 4) (2 cores per cpu, 2 threads per core) family 6 model 142 stepping 9, cmov, cx8, fxsr, mmx, sse, sse2, sse3, ssse3, sse4.1, sse4.2, popcnt, avx, avx2, aes, clmul, erms, 3dnowpref, lzcnt, ht, tsc, tscinvbit, bmi1, bmi2, adx

Memory: 4k page, physical 6173924k(1218268k free), swap 6464856k(4096k free)

vm_info: OpenJDK 64-Bit Server VM (25.242-b01) for windows-amd64 JRE (1.8.0_242-release-1644-b01), built by "builder" with MS VC++ 10.0 (VS2010)

time: Wed Oct 21 22:10:41 2020
timezone: RTZ 2 (зима)
elapsed time: 17 seconds (0d 0h 0m 17s)

