#
# There is insufficient memory for the Java Runtime Environment to continue.
# Native memory allocation (malloc) failed to allocate 272016 bytes for Chunk::new
# Possible reasons:
#   The system is out of physical RAM or swap space
#   The process is running with CompressedOops enabled, and the Java Heap may be blocking the growth of the native heap
# Possible solutions:
#   Reduce memory load on the system
#   Increase physical memory or swap space
#   Check if swap backing store is full
#   Decrease Java heap size (-Xmx/-Xms)
#   Decrease number of Java threads
#   Decrease Java thread stack sizes (-Xss)
#   Set larger code cache with -XX:ReservedCodeCacheSize=
#   JVM is running with Unscaled Compressed Oops mode in which the Java heap is
#     placed in the first 4GB address space. The Java Heap base address is the
#     maximum limit for the native heap growth. Please use -XX:HeapBaseMinAddress
#     to set the Java Heap base and to place the Java Heap above 4GB virtual address.
# This output file may be truncated or incomplete.
#
#  Out of Memory Error (allocation.cpp:389), pid=10092, tid=0x0000000000001aa0
#
# JRE version: OpenJDK Runtime Environment (8.0_242-b01) (build 1.8.0_242-release-1644-b01)
# Java VM: OpenJDK 64-Bit Server VM (25.242-b01 mixed mode windows-amd64 compressed oops)
# Failed to write core dump. Minidumps are not enabled by default on client versions of Windows
#

---------------  T H R E A D  ---------------

Current thread (0x0000000017842800):  JavaThread "C2 CompilerThread0" daemon [_thread_in_native, id=6816, stack(0x0000000018e90000,0x0000000018f90000)]

Stack: [0x0000000018e90000,0x0000000018f90000]
[error occurred during error reporting (printing stack bounds), id 0xc0000005]

Native frames: (J=compiled Java code, j=interpreted, Vv=VM code, C=native code)


Current CompileTask:
C2:  19690 11108       4       com.android.tools.r8.s.b.X::E (314 bytes)


---------------  P R O C E S S  ---------------

Java Threads: ( => current thread )
  0x000000002127b800 JavaThread "WorkerExecutor Queue" [_thread_blocked, id=7152, stack(0x000000002d530000,0x000000002d630000)]
  0x0000000021279000 JavaThread "Cache worker for execution history cache (D:\AndroidStudioProjects\labRK\.gradle\6.5\executionHistory)" [_thread_blocked, id=5624, stack(0x000000002cc30000,0x000000002cd30000)]
  0x0000000021277000 JavaThread "Execution worker for ':' Thread 3" [_thread_blocked, id=6876, stack(0x000000002cb30000,0x000000002cc30000)]
  0x0000000021278800 JavaThread "Execution worker for ':' Thread 2" [_thread_blocked, id=4324, stack(0x000000002ca30000,0x000000002cb30000)]
  0x000000002127a000 JavaThread "Execution worker for ':'" [_thread_blocked, id=4200, stack(0x000000002c930000,0x000000002ca30000)]
  0x000000001a65e800 JavaThread "Cache worker for file content cache (D:\AndroidStudioProjects\labRK\.gradle\6.5\fileContent)" [_thread_blocked, id=3292, stack(0x000000002c410000,0x000000002c510000)]
  0x000000001a665000 JavaThread "Memory manager" [_thread_blocked, id=2508, stack(0x000000002b340000,0x000000002b440000)]
  0x000000001a664800 JavaThread "Cache worker for Build Output Cleanup Cache (D:\AndroidStudioProjects\labRK\.gradle\buildOutputCleanup)" [_thread_blocked, id=7036, stack(0x0000000029ef0000,0x0000000029ff0000)]
  0x000000001a663800 JavaThread "jar transforms Thread 114" [_thread_blocked, id=2660, stack(0x00000000298b0000,0x00000000299b0000)]
  0x000000001a660800 JavaThread "jar transforms Thread 113" [_thread_blocked, id=5880, stack(0x00000000297b0000,0x00000000298b0000)]
  0x000000001a663000 JavaThread "jar transforms Thread 112" [_thread_blocked, id=4564, stack(0x00000000296b0000,0x00000000297b0000)]
  0x000000001a65d800 JavaThread "jar transforms Thread 111" [_thread_blocked, id=8132, stack(0x00000000295b0000,0x00000000296b0000)]
  0x000000001a662000 JavaThread "jar transforms Thread 110" [_thread_blocked, id=3256, stack(0x00000000294b0000,0x00000000295b0000)]
  0x000000001a660000 JavaThread "jar transforms Thread 109" [_thread_blocked, id=6576, stack(0x00000000293b0000,0x00000000294b0000)]
  0x000000001a65f000 JavaThread "jar transforms Thread 108" [_thread_blocked, id=4356, stack(0x00000000291b0000,0x00000000292b0000)]
  0x000000001a661800 JavaThread "jar transforms Thread 107" [_thread_blocked, id=1612, stack(0x00000000290b0000,0x00000000291b0000)]
  0x000000001a656000 JavaThread "jar transforms Thread 106" [_thread_blocked, id=7356, stack(0x0000000028fb0000,0x00000000290b0000)]
  0x000000001a65d000 JavaThread "jar transforms Thread 105" [_thread_blocked, id=10096, stack(0x0000000028eb0000,0x0000000028fb0000)]
  0x000000001a65c000 JavaThread "jar transforms Thread 104" [_thread_blocked, id=7368, stack(0x0000000028db0000,0x0000000028eb0000)]
  0x000000001a65b800 JavaThread "jar transforms Thread 103" [_thread_blocked, id=10876, stack(0x0000000028cb0000,0x0000000028db0000)]
  0x000000001a659000 JavaThread "jar transforms Thread 102" [_thread_blocked, id=4028, stack(0x0000000028bb0000,0x0000000028cb0000)]
  0x000000001a65a000 JavaThread "jar transforms Thread 101" [_thread_blocked, id=5844, stack(0x0000000028ab0000,0x0000000028bb0000)]
  0x000000001a658800 JavaThread "jar transforms Thread 100" [_thread_blocked, id=1604, stack(0x00000000289b0000,0x0000000028ab0000)]
  0x000000001a657800 JavaThread "jar transforms Thread 99" [_thread_blocked, id=2168, stack(0x00000000288b0000,0x00000000289b0000)]
  0x000000001a65a800 JavaThread "jar transforms Thread 98" [_thread_blocked, id=4052, stack(0x00000000287b0000,0x00000000288b0000)]
  0x000000001a657000 JavaThread "jar transforms Thread 97" [_thread_blocked, id=3272, stack(0x00000000286b0000,0x00000000287b0000)]
  0x000000001a684000 JavaThread "jar transforms Thread 96" [_thread_blocked, id=9404, stack(0x00000000285b0000,0x00000000286b0000)]
  0x000000001a68a000 JavaThread "jar transforms Thread 95" [_thread_blocked, id=2964, stack(0x00000000284b0000,0x00000000285b0000)]
  0x000000001a688800 JavaThread "jar transforms Thread 94" [_thread_blocked, id=1088, stack(0x00000000283b0000,0x00000000284b0000)]
  0x000000001a687800 JavaThread "jar transforms Thread 93" [_thread_blocked, id=6400, stack(0x00000000282b0000,0x00000000283b0000)]
  0x000000001a683000 JavaThread "jar transforms Thread 92" [_thread_blocked, id=7228, stack(0x00000000281b0000,0x00000000282b0000)]
  0x000000001a686000 JavaThread "jar transforms Thread 91" [_thread_blocked, id=8768, stack(0x00000000280b0000,0x00000000281b0000)]
  0x000000001a689000 JavaThread "jar transforms Thread 90" [_thread_blocked, id=10952, stack(0x0000000027fb0000,0x00000000280b0000)]
  0x000000001a685800 JavaThread "jar transforms Thread 89" [_thread_blocked, id=1056, stack(0x0000000027eb0000,0x0000000027fb0000)]
  0x000000001a687000 JavaThread "jar transforms Thread 88" [_thread_blocked, id=10956, stack(0x0000000027db0000,0x0000000027eb0000)]
  0x000000001a684800 JavaThread "jar transforms Thread 87" [_thread_blocked, id=10764, stack(0x0000000027cb0000,0x0000000027db0000)]
  0x000000001a67b800 JavaThread "jar transforms Thread 86" [_thread_blocked, id=3964, stack(0x0000000027bb0000,0x0000000027cb0000)]
  0x000000001a682800 JavaThread "jar transforms Thread 85" [_thread_blocked, id=3488, stack(0x0000000027ab0000,0x0000000027bb0000)]
  0x000000001a67b000 JavaThread "jar transforms Thread 84" [_thread_blocked, id=10196, stack(0x00000000279b0000,0x0000000027ab0000)]
  0x000000001a681800 JavaThread "jar transforms Thread 83" [_thread_blocked, id=3728, stack(0x00000000278b0000,0x00000000279b0000)]
  0x000000001a681000 JavaThread "jar transforms Thread 82" [_thread_blocked, id=5144, stack(0x00000000277b0000,0x00000000278b0000)]
  0x000000001a680000 JavaThread "jar transforms Thread 81" [_thread_blocked, id=10872, stack(0x00000000276b0000,0x00000000277b0000)]
  0x000000001a67f800 JavaThread "jar transforms Thread 80" [_thread_blocked, id=5632, stack(0x00000000275b0000,0x00000000276b0000)]
  0x000000001a67e000 JavaThread "jar transforms Thread 79" [_thread_blocked, id=6236, stack(0x00000000274b0000,0x00000000275b0000)]
  0x000000001a67c800 JavaThread "jar transforms Thread 78" [_thread_blocked, id=5712, stack(0x00000000273b0000,0x00000000274b0000)]
  0x000000001a67e800 JavaThread "jar transforms Thread 77" [_thread_blocked, id=2256, stack(0x00000000272b0000,0x00000000273b0000)]
  0x000000001a67d000 JavaThread "jar transforms Thread 76" [_thread_blocked, id=7260, stack(0x00000000271b0000,0x00000000272b0000)]
  0x000000001e16e000 JavaThread "jar transforms Thread 75" [_thread_blocked, id=9372, stack(0x00000000270b0000,0x00000000271b0000)]
  0x000000001e16f800 JavaThread "jar transforms Thread 74" [_thread_blocked, id=4732, stack(0x0000000026fb0000,0x00000000270b0000)]
  0x000000001e16d800 JavaThread "jar transforms Thread 73" [_thread_blocked, id=9268, stack(0x0000000026eb0000,0x0000000026fb0000)]
  0x000000001e16f000 JavaThread "jar transforms Thread 72" [_thread_blocked, id=7660, stack(0x0000000026db0000,0x0000000026eb0000)]
  0x000000001e172000 JavaThread "jar transforms Thread 71" [_thread_blocked, id=11244, stack(0x0000000026cb0000,0x0000000026db0000)]
  0x000000001e170800 JavaThread "jar transforms Thread 70" [_thread_blocked, id=10176, stack(0x0000000026bb0000,0x0000000026cb0000)]
  0x000000001e171000 JavaThread "jar transforms Thread 69" [_thread_blocked, id=2788, stack(0x0000000026ab0000,0x0000000026bb0000)]
  0x000000001e16c800 JavaThread "jar transforms Thread 68" [_thread_blocked, id=7976, stack(0x00000000269b0000,0x0000000026ab0000)]
  0x000000001e165000 JavaThread "jar transforms Thread 67" [_thread_blocked, id=11192, stack(0x00000000268b0000,0x00000000269b0000)]
  0x000000001e16c000 JavaThread "jar transforms Thread 66" [_thread_blocked, id=6528, stack(0x00000000267b0000,0x00000000268b0000)]
  0x000000001e166000 JavaThread "jar transforms Thread 65" [_thread_blocked, id=6980, stack(0x00000000266b0000,0x00000000267b0000)]
  0x000000001e16b000 JavaThread "jar transforms Thread 64" [_thread_blocked, id=9996, stack(0x00000000265b0000,0x00000000266b0000)]
  0x000000001e16a800 JavaThread "jar transforms Thread 63" [_thread_blocked, id=10700, stack(0x00000000264b0000,0x00000000265b0000)]
  0x000000001e163000 JavaThread "jar transforms Thread 62" [_thread_blocked, id=2036, stack(0x00000000263b0000,0x00000000264b0000)]
  0x000000001e167800 JavaThread "jar transforms Thread 61" [_thread_blocked, id=9344, stack(0x00000000262b0000,0x00000000263b0000)]
  0x000000001e169800 JavaThread "jar transforms Thread 60" [_thread_blocked, id=2128, stack(0x00000000261b0000,0x00000000262b0000)]
  0x000000001e164800 JavaThread "jar transforms Thread 59" [_thread_blocked, id=4216, stack(0x00000000260b0000,0x00000000261b0000)]
  0x000000001e163800 JavaThread "jar transforms Thread 58" [_thread_blocked, id=6928, stack(0x0000000025fb0000,0x00000000260b0000)]
  0x000000001e166800 JavaThread "jar transforms Thread 57" [_thread_blocked, id=8268, stack(0x0000000025eb0000,0x0000000025fb0000)]
  0x000000001e169000 JavaThread "jar transforms Thread 56" [_thread_blocked, id=1324, stack(0x0000000025db0000,0x0000000025eb0000)]
  0x000000001e168000 JavaThread "jar transforms Thread 55" [_thread_blocked, id=7232, stack(0x0000000025cb0000,0x0000000025db0000)]
  0x000000001ef58800 JavaThread "jar transforms Thread 54" [_thread_blocked, id=4828, stack(0x0000000025bb0000,0x0000000025cb0000)]
  0x000000001ef5d000 JavaThread "jar transforms Thread 53" [_thread_blocked, id=10168, stack(0x0000000025ab0000,0x0000000025bb0000)]
  0x000000001ef5a800 JavaThread "jar transforms Thread 52" [_thread_blocked, id=4560, stack(0x00000000259b0000,0x0000000025ab0000)]
  0x000000001ef5f000 JavaThread "jar transforms Thread 51" [_thread_blocked, id=4672, stack(0x00000000258b0000,0x00000000259b0000)]
  0x000000001ef5b800 JavaThread "jar transforms Thread 50" [_thread_blocked, id=8512, stack(0x00000000257b0000,0x00000000258b0000)]
  0x000000001ef5d800 JavaThread "jar transforms Thread 49" [_thread_blocked, id=8508, stack(0x00000000256b0000,0x00000000257b0000)]
  0x000000001ef59000 JavaThread "jar transforms Thread 48" [_thread_blocked, id=9916, stack(0x00000000255b0000,0x00000000256b0000)]
  0x000000001ef5a000 JavaThread "jar transforms Thread 47" [_thread_blocked, id=6828, stack(0x00000000254b0000,0x00000000255b0000)]
  0x000000001ef5c000 JavaThread "jar transforms Thread 46" [_thread_blocked, id=10816, stack(0x00000000253b0000,0x00000000254b0000)]
  0x000000001ef5e800 JavaThread "jar transforms Thread 45" [_thread_blocked, id=1496, stack(0x00000000252b0000,0x00000000253b0000)]
  0x000000001ef52800 JavaThread "jar transforms Thread 44" [_thread_blocked, id=5812, stack(0x00000000251b0000,0x00000000252b0000)]
  0x000000001ef54000 JavaThread "jar transforms Thread 43" [_thread_blocked, id=5148, stack(0x00000000250b0000,0x00000000251b0000)]
  0x000000001ef51000 JavaThread "jar transforms Thread 42" [_thread_blocked, id=3668, stack(0x0000000024fb0000,0x00000000250b0000)]
  0x000000001ef57800 JavaThread "jar transforms Thread 41" [_thread_blocked, id=9412, stack(0x0000000024eb0000,0x0000000024fb0000)]
  0x000000001ef57000 JavaThread "jar transforms Thread 40" [_thread_blocked, id=8040, stack(0x0000000024db0000,0x0000000024eb0000)]
  0x000000001ef50000 JavaThread "jar transforms Thread 39" [_thread_blocked, id=904, stack(0x0000000024cb0000,0x0000000024db0000)]
  0x000000001ef51800 JavaThread "jar transforms Thread 38" [_thread_blocked, id=6268, stack(0x0000000024bb0000,0x0000000024cb0000)]
  0x000000001ef56000 JavaThread "jar transforms Thread 37" [_thread_blocked, id=6228, stack(0x0000000024ab0000,0x0000000024bb0000)]
  0x000000001ef55800 JavaThread "jar transforms Thread 36" [_thread_blocked, id=1192, stack(0x00000000249b0000,0x0000000024ab0000)]
  0x000000001ef53000 JavaThread "jar transforms Thread 35" [_thread_blocked, id=8956, stack(0x00000000248b0000,0x00000000249b0000)]
  0x000000001ef54800 JavaThread "jar transforms Thread 34" [_thread_blocked, id=7104, stack(0x00000000247b0000,0x00000000248b0000)]
  0x000000001f796800 JavaThread "jar transforms Thread 33" [_thread_blocked, id=1628, stack(0x00000000246b0000,0x00000000247b0000)]
  0x000000001f79c800 JavaThread "jar transforms Thread 32" [_thread_blocked, id=728, stack(0x00000000245b0000,0x00000000246b0000)]
  0x000000001f79b800 JavaThread "jar transforms Thread 31" [_thread_blocked, id=1460, stack(0x00000000244b0000,0x00000000245b0000)]
  0x000000001f79b000 JavaThread "jar transforms Thread 30" [_thread_blocked, id=11084, stack(0x00000000243b0000,0x00000000244b0000)]
  0x000000001f795800 JavaThread "jar transforms Thread 29" [_thread_blocked, id=10908, stack(0x00000000242b0000,0x00000000243b0000)]
  0x000000001f798000 JavaThread "jar transforms Thread 28" [_thread_blocked, id=1836, stack(0x00000000241b0000,0x00000000242b0000)]
  0x000000001f79a000 JavaThread "jar transforms Thread 27" [_thread_blocked, id=11220, stack(0x00000000240b0000,0x00000000241b0000)]
  0x000000001f799800 JavaThread "jar transforms Thread 26" [_thread_blocked, id=10428, stack(0x0000000023fb0000,0x00000000240b0000)]
  0x000000001f798800 JavaThread "jar transforms Thread 25" [_thread_blocked, id=9788, stack(0x0000000023eb0000,0x0000000023fb0000)]
  0x000000001f790800 JavaThread "jar transforms Thread 24" [_thread_blocked, id=11248, stack(0x0000000023db0000,0x0000000023eb0000)]
  0x000000001f795000 JavaThread "jar transforms Thread 23" [_thread_blocked, id=2216, stack(0x0000000023cb0000,0x0000000023db0000)]
  0x000000001f794000 JavaThread "jar transforms Thread 22" [_thread_blocked, id=6388, stack(0x0000000023bb0000,0x0000000023cb0000)]
  0x000000001f797000 JavaThread "jar transforms Thread 21" [_thread_blocked, id=6372, stack(0x0000000023ab0000,0x0000000023bb0000)]
  0x000000001f78e000 JavaThread "jar transforms Thread 20" [_thread_blocked, id=7136, stack(0x00000000239b0000,0x0000000023ab0000)]
  0x000000001f793800 JavaThread "jar transforms Thread 19" [_thread_blocked, id=7144, stack(0x00000000238b0000,0x00000000239b0000)]
  0x000000001f78d800 JavaThread "jar transforms Thread 18" [_thread_blocked, id=5192, stack(0x00000000237b0000,0x00000000238b0000)]
  0x000000001f78f800 JavaThread "jar transforms Thread 17" [_thread_blocked, id=7756, stack(0x00000000236b0000,0x00000000237b0000)]
  0x000000001f792800 JavaThread "jar transforms Thread 16" [_thread_blocked, id=5032, stack(0x00000000235b0000,0x00000000236b0000)]
  0x000000001f78f000 JavaThread "jar transforms Thread 15" [_thread_blocked, id=920, stack(0x00000000234b0000,0x00000000235b0000)]
  0x000000001f792000 JavaThread "jar transforms Thread 14" [_thread_blocked, id=10672, stack(0x00000000233b0000,0x00000000234b0000)]
  0x000000001f791000 JavaThread "jar transforms Thread 13" [_thread_blocked, id=10188, stack(0x00000000232b0000,0x00000000233b0000)]
  0x000000001eb2c000 JavaThread "jar transforms Thread 12" [_thread_blocked, id=8236, stack(0x00000000231b0000,0x00000000232b0000)]
  0x000000001eb2b000 JavaThread "jar transforms Thread 11" [_thread_blocked, id=1844, stack(0x00000000230b0000,0x00000000231b0000)]
  0x000000001eb2a800 JavaThread "jar transforms Thread 10" [_thread_blocked, id=9760, stack(0x0000000022fb0000,0x00000000230b0000)]
  0x000000001eb23000 JavaThread "jar transforms Thread 9" [_thread_blocked, id=7076, stack(0x0000000022eb0000,0x0000000022fb0000)]
  0x000000001eb29800 JavaThread "jar transforms Thread 8" [_thread_blocked, id=5352, stack(0x0000000022db0000,0x0000000022eb0000)]
  0x000000001eb24800 JavaThread "jar transforms Thread 7" [_thread_blocked, id=7880, stack(0x0000000022cb0000,0x0000000022db0000)]
  0x000000001eb29000 JavaThread "jar transforms Thread 6" [_thread_blocked, id=6844, stack(0x0000000022bb0000,0x0000000022cb0000)]
  0x000000001eb28000 JavaThread "jar transforms Thread 5" [_thread_blocked, id=7200, stack(0x0000000022ab0000,0x0000000022bb0000)]
  0x000000001eb26800 JavaThread "jar transforms Thread 4" [_thread_blocked, id=6116, stack(0x00000000229b0000,0x0000000022ab0000)]
  0x000000001eb27800 JavaThread "jar transforms Thread 3" [_thread_blocked, id=9868, stack(0x00000000228b0000,0x00000000229b0000)]
  0x000000001eb23800 JavaThread "jar transforms Thread 2" [_thread_blocked, id=2852, stack(0x00000000227b0000,0x00000000228b0000)]
  0x000000001eb22000 JavaThread "Build operations Thread 4" [_thread_in_Java, id=6964, stack(0x00000000226b0000,0x00000000227b0000)]
  0x000000001eb26000 JavaThread "Build operations Thread 3" [_thread_in_native, id=3740, stack(0x00000000225b0000,0x00000000226b0000)]
  0x000000001eb1e800 JavaThread "Build operations Thread 2" [_thread_in_native, id=8344, stack(0x00000000224b0000,0x00000000225b0000)]
  0x000000001eb25000 JavaThread "Build operations" [_thread_in_Java, id=6592, stack(0x00000000223b0000,0x00000000224b0000)]
  0x0000000017858000 JavaThread "Cache worker for file content cache (C:\Users\Р”РёРјР°\.gradle\caches\6.5\fileContent)" [_thread_blocked, id=11072, stack(0x0000000021cb0000,0x0000000021db0000)]
  0x0000000017859000 JavaThread "jar transforms" [_thread_blocked, id=104, stack(0x0000000021bb0000,0x0000000021cb0000)]
  0x0000000017856800 JavaThread "Cache worker for execution history cache (C:\Users\Р”РёРјР°\.gradle\caches\6.5\executionHistory)" [_thread_blocked, id=10296, stack(0x00000000214b0000,0x00000000215b0000)]
  0x0000000017857800 JavaThread "Cache worker for cache directory md-rule (C:\Users\Р”РёРјР°\.gradle\caches\6.5\md-rule)" [_thread_blocked, id=2252, stack(0x00000000213b0000,0x00000000214b0000)]
  0x0000000017856000 JavaThread "Cache worker for cache directory md-supplier (C:\Users\Р”РёРјР°\.gradle\caches\6.5\md-supplier)" [_thread_blocked, id=2516, stack(0x00000000212b0000,0x00000000213b0000)]
  0x000000001785a800 JavaThread "Cache worker for checksums cache (D:\AndroidStudioProjects\labRK\.gradle\checksums)" [_thread_blocked, id=5892, stack(0x0000000020110000,0x0000000020210000)]
  0x000000001785c000 JavaThread "Cache worker for file hash cache (D:\AndroidStudioProjects\labRK\.gradle\6.5\fileHashes)" [_thread_blocked, id=9756, stack(0x000000001fdf0000,0x000000001fef0000)]
  0x0000000017859800 JavaThread "Cache worker for file hash cache (C:\Users\Р”РёРјР°\.gradle\caches\6.5\fileHashes)" [_thread_blocked, id=11128, stack(0x000000001d8b0000,0x000000001d9b0000)]
  0x000000001785b000 JavaThread "File lock request listener" [_thread_in_native, id=2300, stack(0x000000001d7b0000,0x000000001d8b0000)]
  0x000000001991b000 JavaThread "Cache worker for journal cache (C:\Users\Р”РёРјР°\.gradle\caches\journal-1)" [_thread_blocked, id=7280, stack(0x000000001d5b0000,0x000000001d6b0000)]
  0x000000001b21c800 JavaThread "Thread-9" [_thread_blocked, id=9260, stack(0x000000001d2b0000,0x000000001d3b0000)]
  0x000000001b2d4800 JavaThread "Stdin handler" [_thread_blocked, id=6212, stack(0x000000001d1b0000,0x000000001d2b0000)]
  0x000000001b238000 JavaThread "Asynchronous log dispatcher for DefaultDaemonConnection: socket connection from /127.0.0.1:51348 to /127.0.0.1:51349" [_thread_blocked, id=8676, stack(0x000000001d0b0000,0x000000001d1b0000)]
  0x000000001b236000 JavaThread "Daemon worker" [_thread_blocked, id=6736, stack(0x000000001cfb0000,0x000000001d0b0000)]
  0x000000001b2c1000 JavaThread "Cancel handler" [_thread_blocked, id=7164, stack(0x000000001ceb0000,0x000000001cfb0000)]
  0x000000001b2a8800 JavaThread "Handler for socket connection from /127.0.0.1:51348 to /127.0.0.1:51349" [_thread_in_native, id=10028, stack(0x000000001cdb0000,0x000000001ceb0000)]
  0x000000001b29c000 JavaThread "Daemon" [_thread_blocked, id=1564, stack(0x000000001ccb0000,0x000000001cdb0000)]
  0x000000001b29a800 JavaThread "Daemon periodic checks" [_thread_blocked, id=11164, stack(0x000000001c9b0000,0x000000001cab0000)]
  0x000000001b1f2800 JavaThread "Incoming local TCP Connector on port 51348" [_thread_in_native, id=4004, stack(0x000000001c770000,0x000000001c870000)]
  0x000000001ae55000 JavaThread "Daemon health stats" [_thread_blocked, id=8232, stack(0x000000001c130000,0x000000001c230000)]
  0x00000000191d8000 JavaThread "Service Thread" daemon [_thread_blocked, id=1364, stack(0x0000000019590000,0x0000000019690000)]
  0x0000000017855000 JavaThread "C1 CompilerThread2" daemon [_thread_in_native, id=8188, stack(0x0000000019090000,0x0000000019190000)]
  0x0000000017851000 JavaThread "C2 CompilerThread1" daemon [_thread_in_native, id=6868, stack(0x0000000018f90000,0x0000000019090000)]
=>0x0000000017842800 JavaThread "C2 CompilerThread0" daemon [_thread_in_native, id=6816, stack(0x0000000018e90000,0x0000000018f90000)]
  0x0000000017841800 JavaThread "Attach Listener" daemon [_thread_blocked, id=7488, stack(0x0000000018d90000,0x0000000018e90000)]
  0x0000000017848000 JavaThread "Signal Dispatcher" daemon [_thread_blocked, id=2832, stack(0x0000000018c90000,0x0000000018d90000)]
  0x0000000002c1a800 JavaThread "Finalizer" daemon [_thread_blocked, id=956, stack(0x0000000018a90000,0x0000000018b90000)]
  0x0000000002c12000 JavaThread "Reference Handler" daemon [_thread_blocked, id=4504, stack(0x0000000018990000,0x0000000018a90000)]
  0x00000000009ce000 JavaThread "main" [_thread_blocked, id=2720, stack(0x0000000002920000,0x0000000002a20000)]

Other Threads:
  0x0000000017806000 VMThread [stack: 0x0000000018890000,0x0000000018990000] [id=2156]
  0x00000000191d9000 WatcherThread [stack: 0x0000000019690000,0x0000000019790000] [id=9936]

VM state:not at safepoint (normal execution)

VM Mutex/Monitor currently owned by a thread: None

heap address: 0x0000000080000000, size: 2048 MB, Compressed Oops mode: 32-bit
Narrow klass base: 0x0000000000000000, Narrow klass shift: 3
Compressed class space size: 1073741824 Address: 0x0000000100000000

Heap:
 PSYoungGen      total 335872K, used 83350K [0x00000000d5580000, 0x00000000eb900000, 0x0000000100000000)
  eden space 310784K, 18% used [0x00000000d5580000,0x00000000d8e6ce58,0x00000000e8500000)
  from space 25088K, 99% used [0x00000000e8800000,0x00000000ea078d00,0x00000000ea080000)
  to   space 21504K, 0% used [0x00000000ea400000,0x00000000ea400000,0x00000000eb900000)
 ParOldGen       total 101376K, used 56607K [0x0000000080000000, 0x0000000086300000, 0x00000000d5580000)
  object space 101376K, 55% used [0x0000000080000000,0x0000000083747e10,0x0000000086300000)
 Metaspace       used 81247K, capacity 86568K, committed 86808K, reserved 1124352K
  class space    used 11308K, capacity 12311K, committed 12336K, reserved 1048576K

Card table byte_map: [0x0000000011fe0000,0x00000000123f0000] byte_map_base: 0x0000000011be0000

Marking Bits: (ParMarkBitMap*) 0x000000005de5f030
 Begin Bits: [0x0000000012aa0000, 0x0000000014aa0000)
 End Bits:   [0x0000000014aa0000, 0x0000000016aa0000)

Polling page: 0x0000000001100000

CodeCache: size=245760Kb used=31441Kb max_used=31441Kb free=214318Kb
 bounds [0x0000000002c20000, 0x0000000004b00000, 0x0000000011c20000]
 total_blobs=10757 nmethods=9934 adapters=734
 compilation: enabled

Compilation events (10 events):
Event: 19.677 Thread 0x0000000017855000 nmethod 11076 0x0000000004ad7d90 code [0x0000000004ad7ee0, 0x0000000004ad7ff0]
Event: 19.678 Thread 0x0000000017855000 11117       3       com.android.tools.r8.p.n.B::a (548 bytes)
Event: 19.684 Thread 0x0000000017855000 nmethod 11117 0x0000000004ad8050 code [0x0000000004ad86e0, 0x0000000004adcec8]
Event: 19.684 Thread 0x0000000017855000 11123       1       com.android.tools.r8.ir.conversion.q::d (6 bytes)
Event: 19.685 Thread 0x0000000017855000 nmethod 11123 0x0000000004ae0510 code [0x0000000004ae0660, 0x0000000004ae0770]
Event: 19.685 Thread 0x0000000017855000 11125       1       com.android.tools.r8.graph.f0::f (2 bytes)
Event: 19.685 Thread 0x0000000017855000 nmethod 11125 0x0000000004ae0810 code [0x0000000004ae0960, 0x0000000004ae0a70]
Event: 19.685 Thread 0x0000000017855000 11118       3       com.android.tools.r8.ir.conversion.N::a (128 bytes)
Event: 19.686 Thread 0x0000000017855000 nmethod 11118 0x0000000004ae0ad0 code [0x0000000004ae0d20, 0x0000000004ae1b68]
Event: 19.686 Thread 0x0000000017855000 11119       3       com.android.tools.r8.ir.conversion.N::a (213 bytes)

GC Heap History (10 events):
Event: 8.066 GC heap before
{Heap before GC invocations=12 (full 2):
 PSYoungGen      total 201728K, used 189440K [0x00000000d5580000, 0x00000000e6380000, 0x0000000100000000)
  eden space 189440K, 100% used [0x00000000d5580000,0x00000000e0e80000,0x00000000e0e80000)
  from space 12288K, 0% used [0x00000000e0e80000,0x00000000e0e80000,0x00000000e1a80000)
  to   space 13312K, 0% used [0x00000000e5680000,0x00000000e5680000,0x00000000e6380000)
 ParOldGen       total 62464K, used 16526K [0x0000000080000000, 0x0000000083d00000, 0x00000000d5580000)
  object space 62464K, 26% used [0x0000000080000000,0x0000000081023a18,0x0000000083d00000)
 Metaspace       used 44446K, capacity 46234K, committed 46376K, reserved 1089536K
  class space    used 6021K, capacity 6411K, committed 6448K, reserved 1048576K
Event: 8.086 GC heap after
Heap after GC invocations=12 (full 2):
 PSYoungGen      total 261120K, used 13285K [0x00000000d5580000, 0x00000000e6780000, 0x0000000100000000)
  eden space 247808K, 0% used [0x00000000d5580000,0x00000000d5580000,0x00000000e4780000)
  from space 13312K, 99% used [0x00000000e5680000,0x00000000e6379648,0x00000000e6380000)
  to   space 15360K, 0% used [0x00000000e4780000,0x00000000e4780000,0x00000000e5680000)
 ParOldGen       total 62464K, used 17502K [0x0000000080000000, 0x0000000083d00000, 0x00000000d5580000)
  object space 62464K, 28% used [0x0000000080000000,0x00000000811179b0,0x0000000083d00000)
 Metaspace       used 44446K, capacity 46234K, committed 46376K, reserved 1089536K
  class space    used 6021K, capacity 6411K, committed 6448K, reserved 1048576K
}
Event: 10.930 GC heap before
{Heap before GC invocations=13 (full 2):
 PSYoungGen      total 261120K, used 176040K [0x00000000d5580000, 0x00000000e6780000, 0x0000000100000000)
  eden space 247808K, 65% used [0x00000000d5580000,0x00000000df470a08,0x00000000e4780000)
  from space 13312K, 99% used [0x00000000e5680000,0x00000000e6379648,0x00000000e6380000)
  to   space 15360K, 0% used [0x00000000e4780000,0x00000000e4780000,0x00000000e5680000)
 ParOldGen       total 62464K, used 17502K [0x0000000080000000, 0x0000000083d00000, 0x00000000d5580000)
  object space 62464K, 28% used [0x0000000080000000,0x00000000811179b0,0x0000000083d00000)
 Metaspace       used 56937K, capacity 59102K, committed 59160K, reserved 1099776K
  class space    used 7720K, capacity 8208K, committed 8240K, reserved 1048576K
Event: 10.984 GC heap after
Heap after GC invocations=13 (full 2):
 PSYoungGen      total 263168K, used 15338K [0x00000000d5580000, 0x00000000eb980000, 0x0000000100000000)
  eden space 247808K, 0% used [0x00000000d5580000,0x00000000d5580000,0x00000000e4780000)
  from space 15360K, 99% used [0x00000000e4780000,0x00000000e567aa00,0x00000000e5680000)
  to   space 22016K, 0% used [0x00000000ea400000,0x00000000ea400000,0x00000000eb980000)
 ParOldGen       total 62464K, used 28653K [0x0000000080000000, 0x0000000083d00000, 0x00000000d5580000)
  object space 62464K, 45% used [0x0000000080000000,0x0000000081bfb4b0,0x0000000083d00000)
 Metaspace       used 56937K, capacity 59102K, committed 59160K, reserved 1099776K
  class space    used 7720K, capacity 8208K, committed 8240K, reserved 1048576K
}
Event: 10.984 GC heap before
{Heap before GC invocations=14 (full 3):
 PSYoungGen      total 263168K, used 15338K [0x00000000d5580000, 0x00000000eb980000, 0x0000000100000000)
  eden space 247808K, 0% used [0x00000000d5580000,0x00000000d5580000,0x00000000e4780000)
  from space 15360K, 99% used [0x00000000e4780000,0x00000000e567aa00,0x00000000e5680000)
  to   space 22016K, 0% used [0x00000000ea400000,0x00000000ea400000,0x00000000eb980000)
 ParOldGen       total 62464K, used 28653K [0x0000000080000000, 0x0000000083d00000, 0x00000000d5580000)
  object space 62464K, 45% used [0x0000000080000000,0x0000000081bfb4b0,0x0000000083d00000)
 Metaspace       used 56937K, capacity 59102K, committed 59160K, reserved 1099776K
  class space    used 7720K, capacity 8208K, committed 8240K, reserved 1048576K
Event: 11.234 GC heap after
Heap after GC invocations=14 (full 3):
 PSYoungGen      total 263168K, used 0K [0x00000000d5580000, 0x00000000eb980000, 0x0000000100000000)
  eden space 247808K, 0% used [0x00000000d5580000,0x00000000d5580000,0x00000000e4780000)
  from space 15360K, 0% used [0x00000000e4780000,0x00000000e4780000,0x00000000e5680000)
  to   space 22016K, 0% used [0x00000000ea400000,0x00000000ea400000,0x00000000eb980000)
 ParOldGen       total 101376K, used 38888K [0x0000000080000000, 0x0000000086300000, 0x00000000d5580000)
  object space 101376K, 38% used [0x0000000080000000,0x00000000825fa0d8,0x0000000086300000)
 Metaspace       used 56937K, capacity 59102K, committed 59160K, reserved 1099776K
  class space    used 7720K, capacity 8208K, committed 8240K, reserved 1048576K
}
Event: 15.552 GC heap before
{Heap before GC invocations=15 (full 3):
 PSYoungGen      total 263168K, used 247808K [0x00000000d5580000, 0x00000000eb980000, 0x0000000100000000)
  eden space 247808K, 100% used [0x00000000d5580000,0x00000000e4780000,0x00000000e4780000)
  from space 15360K, 0% used [0x00000000e4780000,0x00000000e4780000,0x00000000e5680000)
  to   space 22016K, 0% used [0x00000000ea400000,0x00000000ea400000,0x00000000eb980000)
 ParOldGen       total 101376K, used 38888K [0x0000000080000000, 0x0000000086300000, 0x00000000d5580000)
  object space 101376K, 38% used [0x0000000080000000,0x00000000825fa0d8,0x0000000086300000)
 Metaspace       used 68222K, capacity 71386K, committed 71448K, reserved 1110016K
  class space    used 9335K, capacity 9998K, committed 10032K, reserved 1048576K
Event: 15.573 GC heap after
Heap after GC invocations=15 (full 3):
 PSYoungGen      total 332288K, used 21124K [0x00000000d5580000, 0x00000000eb900000, 0x0000000100000000)
  eden space 310784K, 0% used [0x00000000d5580000,0x00000000d5580000,0x00000000e8500000)
  from space 21504K, 98% used [0x00000000ea400000,0x00000000eb8a1340,0x00000000eb900000)
  to   space 25088K, 0% used [0x00000000e8800000,0x00000000e8800000,0x00000000ea080000)
 ParOldGen       total 101376K, used 38896K [0x0000000080000000, 0x0000000086300000, 0x00000000d5580000)
  object space 101376K, 38% used [0x0000000080000000,0x00000000825fc0d8,0x0000000086300000)
 Metaspace       used 68222K, capacity 71386K, committed 71448K, reserved 1110016K
  class space    used 9335K, capacity 9998K, committed 10032K, reserved 1048576K
}
Event: 19.326 GC heap before
{Heap before GC invocations=16 (full 3):
 PSYoungGen      total 332288K, used 331908K [0x00000000d5580000, 0x00000000eb900000, 0x0000000100000000)
  eden space 310784K, 100% used [0x00000000d5580000,0x00000000e8500000,0x00000000e8500000)
  from space 21504K, 98% used [0x00000000ea400000,0x00000000eb8a1340,0x00000000eb900000)
  to   space 25088K, 0% used [0x00000000e8800000,0x00000000e8800000,0x00000000ea080000)
 ParOldGen       total 101376K, used 38896K [0x0000000080000000, 0x0000000086300000, 0x00000000d5580000)
  object space 101376K, 38% used [0x0000000080000000,0x00000000825fc0d8,0x0000000086300000)
 Metaspace       used 80872K, capacity 86166K, committed 86296K, reserved 1124352K
  class space    used 11276K, capacity 12274K, committed 12336K, reserved 1048576K
Event: 19.384 GC heap after
Heap after GC invocations=16 (full 3):
 PSYoungGen      total 335872K, used 25059K [0x00000000d5580000, 0x00000000eb900000, 0x0000000100000000)
  eden space 310784K, 0% used [0x00000000d5580000,0x00000000d5580000,0x00000000e8500000)
  from space 25088K, 99% used [0x00000000e8800000,0x00000000ea078d00,0x00000000ea080000)
  to   space 21504K, 0% used [0x00000000ea400000,0x00000000ea400000,0x00000000eb900000)
 ParOldGen       total 101376K, used 56607K [0x0000000080000000, 0x0000000086300000, 0x00000000d5580000)
  object space 101376K, 55% used [0x0000000080000000,0x0000000083747e10,0x0000000086300000)
 Metaspace       used 80872K, capacity 86166K, committed 86296K, reserved 1124352K
  class space    used 11276K, capacity 12274K, committed 12336K, reserved 1048576K
}

Deoptimization events (10 events):
Event: 19.183 Thread 0x000000001eb22000 Uncommon trap: reason=class_check action=maybe_recompile pc=0x00000000047c0e28 method=com.android.tools.r8.s.b.s1.a(Lcom/android/tools/r8/s/a/p/u;)Lcom/android/tools/r8/s/b/s1; @ 12
Event: 19.183 Thread 0x000000001eb22000 Uncommon trap: reason=class_check action=maybe_recompile pc=0x000000000476cf64 method=com.android.tools.r8.s.b.s1.a(Lcom/android/tools/r8/s/a/p/u;)Lcom/android/tools/r8/s/b/s1; @ 12
Event: 19.183 Thread 0x000000001eb22000 Uncommon trap: reason=class_check action=maybe_recompile pc=0x000000000476cf64 method=com.android.tools.r8.s.b.s1.a(Lcom/android/tools/r8/s/a/p/u;)Lcom/android/tools/r8/s/b/s1; @ 12
Event: 19.183 Thread 0x000000001eb22000 Uncommon trap: reason=class_check action=maybe_recompile pc=0x000000000476cf64 method=com.android.tools.r8.s.b.s1.a(Lcom/android/tools/r8/s/a/p/u;)Lcom/android/tools/r8/s/b/s1; @ 12
Event: 19.183 Thread 0x000000001eb22000 Uncommon trap: reason=class_check action=maybe_recompile pc=0x00000000047c0e28 method=com.android.tools.r8.s.b.s1.a(Lcom/android/tools/r8/s/a/p/u;)Lcom/android/tools/r8/s/b/s1; @ 12
Event: 19.183 Thread 0x000000001eb22000 Uncommon trap: reason=class_check action=maybe_recompile pc=0x0000000004771600 method=com.android.tools.r8.s.b.s1.a(Lcom/android/tools/r8/s/a/p/u;)Lcom/android/tools/r8/s/b/s1; @ 12
Event: 19.580 Thread 0x000000001eb25000 Uncommon trap: reason=bimorphic action=maybe_recompile pc=0x0000000004a6a8a8 method=com.android.tools.r8.s.b.s1.a(Lcom/android/tools/r8/s/a/p/u;)Lcom/android/tools/r8/s/b/s1; @ 12
Event: 19.580 Thread 0x000000001eb25000 Uncommon trap: reason=bimorphic action=maybe_recompile pc=0x0000000004a6a8a8 method=com.android.tools.r8.s.b.s1.a(Lcom/android/tools/r8/s/a/p/u;)Lcom/android/tools/r8/s/b/s1; @ 12
Event: 19.580 Thread 0x000000001eb25000 Uncommon trap: reason=bimorphic action=maybe_recompile pc=0x0000000004a6a8a8 method=com.android.tools.r8.s.b.s1.a(Lcom/android/tools/r8/s/a/p/u;)Lcom/android/tools/r8/s/b/s1; @ 12
Event: 19.581 Thread 0x000000001eb25000 Uncommon trap: reason=bimorphic action=maybe_recompile pc=0x0000000004a6a8a8 method=com.android.tools.r8.s.b.s1.a(Lcom/android/tools/r8/s/a/p/u;)Lcom/android/tools/r8/s/b/s1; @ 12

Classes redefined (0 events):
No events

Internal exceptions (10 events):
Event: 18.848 Thread 0x000000001eb1e800 Exception <a 'sun/nio/fs/WindowsException'> (0x00000000e4fe7688) thrown at [C:\src\AOSP-openjdk-git\hotspot\src\share\vm\prims\jni.cpp, line 710]
Event: 18.848 Thread 0x000000001eb26000 Exception <a 'sun/nio/fs/WindowsException'> (0x00000000e50db478) thrown at [C:\src\AOSP-openjdk-git\hotspot\src\share\vm\prims\jni.cpp, line 710]
Event: 18.848 Thread 0x000000001eb22000 Exception <a 'sun/nio/fs/WindowsException'> (0x00000000e508cea0) thrown at [C:\src\AOSP-openjdk-git\hotspot\src\share\vm\prims\jni.cpp, line 710]
Event: 18.848 Thread 0x000000001eb25000 Exception <a 'sun/nio/fs/WindowsException'> (0x00000000e50497e8) thrown at [C:\src\AOSP-openjdk-git\hotspot\src\share\vm\prims\jni.cpp, line 710]
Event: 19.041 Thread 0x000000001eb1e800 Exception <a 'sun/nio/fs/WindowsException'> (0x00000000e6dda380) thrown at [C:\src\AOSP-openjdk-git\hotspot\src\share\vm\prims\jni.cpp, line 710]
Event: 19.077 Thread 0x000000001eb22000 Exception <a 'sun/nio/fs/WindowsException'> (0x00000000e70bdbc8) thrown at [C:\src\AOSP-openjdk-git\hotspot\src\share\vm\prims\jni.cpp, line 710]
Event: 19.148 Thread 0x000000001eb1e800 Exception <a 'sun/nio/fs/WindowsException'> (0x00000000e78181e8) thrown at [C:\src\AOSP-openjdk-git\hotspot\src\share\vm\prims\jni.cpp, line 710]
Event: 19.325 Thread 0x000000001eb22000 Exception <a 'sun/nio/fs/WindowsException'> (0x00000000e84b0250) thrown at [C:\src\AOSP-openjdk-git\hotspot\src\share\vm\prims\jni.cpp, line 710]
Event: 19.438 Thread 0x000000001eb25000 Exception <a 'sun/nio/fs/WindowsException'> (0x00000000d5de3960) thrown at [C:\src\AOSP-openjdk-git\hotspot\src\share\vm\prims\jni.cpp, line 710]
Event: 19.524 Thread 0x000000001eb22000 Exception <a 'sun/nio/fs/WindowsException'> (0x00000000d7b23400) thrown at [C:\src\AOSP-openjdk-git\hotspot\src\share\vm\prims\jni.cpp, line 710]

Events (10 events):
Event: 19.598 loading class com/android/tools/r8/s/b/M0
Event: 19.598 loading class com/android/tools/r8/s/b/M0 done
Event: 19.598 loading class com/android/tools/r8/s/b/k0
Event: 19.598 loading class com/android/tools/r8/s/b/k0 done
Event: 19.598 loading class com/android/tools/r8/s/b/M0
Event: 19.598 loading class com/android/tools/r8/s/b/M0 done
Event: 19.641 loading class com/android/tools/r8/code/b2
Event: 19.641 loading class com/android/tools/r8/code/b2 done
Event: 19.685 Thread 0x000000001eb22000 DEOPT PACKING pc=0x00000000045b1c0c sp=0x00000000227a9eb0
Event: 19.685 Thread 0x000000001eb22000 DEOPT UNPACKING pc=0x0000000002c675d0 sp=0x00000000227a9c18 mode 0


Dynamic libraries:
0x00007ff7281b0000 - 0x00007ff7281e1000 	D:\Program Files\Android Studio\jre\bin\java.exe
0x00007fff215c0000 - 0x00007fff217a1000 	C:\WINDOWS\SYSTEM32\ntdll.dll
0x00007fff21180000 - 0x00007fff21231000 	C:\WINDOWS\System32\KERNEL32.DLL
0x00007fff1da60000 - 0x00007fff1dcd3000 	C:\WINDOWS\System32\KERNELBASE.dll
0x00007fff1f4d0000 - 0x00007fff1f571000 	C:\WINDOWS\System32\ADVAPI32.dll
0x00007fff1ef40000 - 0x00007fff1efde000 	C:\WINDOWS\System32\msvcrt.dll
0x00007fff21120000 - 0x00007fff2117b000 	C:\WINDOWS\System32\sechost.dll
0x00007fff20e60000 - 0x00007fff20f84000 	C:\WINDOWS\System32\RPCRT4.dll
0x00007fff21400000 - 0x00007fff21590000 	C:\WINDOWS\System32\USER32.dll
0x00007fff1e890000 - 0x00007fff1e8b0000 	C:\WINDOWS\System32\win32u.dll
0x00007fff1ef10000 - 0x00007fff1ef38000 	C:\WINDOWS\System32\GDI32.dll
0x00007fff1e8b0000 - 0x00007fff1ea41000 	C:\WINDOWS\System32\gdi32full.dll
0x00007fff1e4f0000 - 0x00007fff1e58f000 	C:\WINDOWS\System32\msvcp_win.dll
0x00007fff1e3f0000 - 0x00007fff1e4e8000 	C:\WINDOWS\System32\ucrtbase.dll
0x00007fff127c0000 - 0x00007fff12a29000 	C:\WINDOWS\WinSxS\amd64_microsoft.windows.common-controls_6595b64144ccf1df_6.0.17134.885_none_fb42a3473065565f\COMCTL32.dll
0x00007fff20b20000 - 0x00007fff20e42000 	C:\WINDOWS\System32\combase.dll
0x00007fff1d9e0000 - 0x00007fff1da59000 	C:\WINDOWS\System32\bcryptPrimitives.dll
0x00007fff1ec90000 - 0x00007fff1ecbd000 	C:\WINDOWS\System32\IMM32.DLL
0x000000005e550000 - 0x000000005e622000 	D:\Program Files\Android Studio\jre\jre\bin\msvcr100.dll
0x000000005d690000 - 0x000000005dedb000 	D:\Program Files\Android Studio\jre\jre\bin\server\jvm.dll
0x00007fff1f4a0000 - 0x00007fff1f4a8000 	C:\WINDOWS\System32\PSAPI.DLL
0x00007fff00720000 - 0x00007fff00729000 	C:\WINDOWS\SYSTEM32\WSOCK32.dll
0x00007fff1f580000 - 0x00007fff1f5ec000 	C:\WINDOWS\System32\WS2_32.dll
0x00007fff157b0000 - 0x00007fff157d3000 	C:\WINDOWS\SYSTEM32\WINMM.dll
0x00007fff1c020000 - 0x00007fff1c02a000 	C:\WINDOWS\SYSTEM32\VERSION.dll
0x00007fff15780000 - 0x00007fff157aa000 	C:\WINDOWS\SYSTEM32\WINMMBASE.dll
0x00007fff1d990000 - 0x00007fff1d9d9000 	C:\WINDOWS\System32\cfgmgr32.dll
0x00007fff19ac0000 - 0x00007fff19acf000 	D:\Program Files\Android Studio\jre\jre\bin\verify.dll
0x00007fff19990000 - 0x00007fff199b9000 	D:\Program Files\Android Studio\jre\jre\bin\java.dll
0x00007fff19a30000 - 0x00007fff19a46000 	D:\Program Files\Android Studio\jre\jre\bin\zip.dll
0x00007fff1f6e0000 - 0x00007fff20b20000 	C:\WINDOWS\System32\SHELL32.dll
0x00007fff21070000 - 0x00007fff21119000 	C:\WINDOWS\System32\shcore.dll
0x00007fff1dce0000 - 0x00007fff1e3ed000 	C:\WINDOWS\System32\windows.storage.dll
0x00007fff21240000 - 0x00007fff21291000 	C:\WINDOWS\System32\shlwapi.dll
0x00007fff1d970000 - 0x00007fff1d981000 	C:\WINDOWS\System32\kernel.appcore.dll
0x00007fff1d930000 - 0x00007fff1d94f000 	C:\WINDOWS\System32\profapi.dll
0x00007fff1d8e0000 - 0x00007fff1d92c000 	C:\WINDOWS\System32\powrprof.dll
0x00007fff1d8d0000 - 0x00007fff1d8da000 	C:\WINDOWS\System32\FLTLIB.DLL
0x00007fff18fc0000 - 0x00007fff18fda000 	D:\Program Files\Android Studio\jre\jre\bin\net.dll
0x00007fff1d150000 - 0x00007fff1d1b6000 	C:\WINDOWS\system32\mswsock.dll
0x00007fff18c60000 - 0x00007fff18c73000 	D:\Program Files\Android Studio\jre\jre\bin\nio.dll
0x00007fff0f130000 - 0x00007fff0f157000 	C:\Users\Дима\.gradle\native\f6784746aeab05261644944871eae4fe03e0ef1612fff0a4a95f87b438bc6780\windows-amd64\native-platform.dll
0x00007fff19ab0000 - 0x00007fff19abd000 	D:\Program Files\Android Studio\jre\jre\bin\management.dll
0x00007fff1d300000 - 0x00007fff1d317000 	C:\WINDOWS\SYSTEM32\CRYPTSP.dll
0x00007fff1cd40000 - 0x00007fff1cd73000 	C:\WINDOWS\system32\rsaenh.dll
0x00007fff1d430000 - 0x00007fff1d455000 	C:\WINDOWS\SYSTEM32\bcrypt.dll
0x00007fff1d7d0000 - 0x00007fff1d7f8000 	C:\WINDOWS\SYSTEM32\USERENV.dll
0x00007fff1d320000 - 0x00007fff1d32b000 	C:\WINDOWS\SYSTEM32\CRYPTBASE.dll
0x00007fff1cee0000 - 0x00007fff1cf18000 	C:\WINDOWS\SYSTEM32\IPHLPAPI.DLL
0x00007fff1f490000 - 0x00007fff1f498000 	C:\WINDOWS\System32\NSI.dll
0x00007fff14dc0000 - 0x00007fff14dd6000 	C:\WINDOWS\SYSTEM32\dhcpcsvc6.DLL
0x00007fff15580000 - 0x00007fff1559a000 	C:\WINDOWS\SYSTEM32\dhcpcsvc.DLL
0x00007fff15db0000 - 0x00007fff15dbb000 	C:\WINDOWS\SYSTEM32\WINNSI.DLL

VM Arguments:
jvm_args: -Xmx2048m -Dfile.encoding=UTF-8 -Duser.country=RU -Duser.language=ru -Duser.variant 
java_command: org.gradle.launcher.daemon.bootstrap.GradleDaemon 6.5
java_class_path (initial): C:\Users\Дима\.gradle\wrapper\dists\gradle-6.5-bin\6nifqtx7604sqp1q6g8wikw7p\gradle-6.5\lib\gradle-launcher-6.5.jar
Launcher Type: SUN_STANDARD

Environment Variables:
PATH=C:\Program Files (x86)\Common Files\Oracle\Java\javapath;C:\Program Files (x86)\Intel\iCLS Client\;C:\Program Files\Intel\iCLS Client\;C:\windows\system32;C:\windows;C:\windows\System32\Wbem;C:\windows\System32\WindowsPowerShell\v1.0\;C:\Program Files (x86)\Intel\Intel(R) Management Engine Components\DAL;C:\Program Files\Intel\Intel(R) Management Engine Components\DAL;C:\Program Files (x86)\Intel\Intel(R) Management Engine Components\IPT;C:\Program Files\Intel\Intel(R) Management Engine Components\IPT;C:\WINDOWS\system32;C:\WINDOWS;C:\WINDOWS\System32\Wbem;C:\WINDOWS\System32\WindowsPowerShell\v1.0\;C:\WINDOWS\System32\OpenSSH\;C:\Go\bin\bin;C:\Program Files (x86)\Common Files\Apple\Internet Services\;C:\Program Files\Microsoft VS Code\bin;C:\Program Files\Git\cmd;C:\php7;C:\Program Files\PuTTY\;C:\Program Files\CMake\bin;C:\Program Files (x86)\NVIDIA Corporation\PhysX\Common;C:\Program Files (x86)\Microsoft SQL Server\150\DTS\Binn\;C:\Program Files\Microsoft SQL Server\Client SDK\ODBC\170\Tools\Binn\;C:\Program Files (x86)\Microsoft SQL Server\150\Tools\Binn\;C:\Program Files\Microsoft SQL Server\150\Tools\Binn\;C:\Program Files\Microsoft SQL Server\150\DTS\Binn\;C:\Program Files\dotnet\;C:\Program Files\Microsoft SQL Server\130\Tools\Binn\;C:\Users\Дима\AppData\Local\Programs\Python\Python36-32\Scripts\;C:\Users\Дима\AppData\Local\Programs\Python\Python36-32\;C:\Users\Дима\AppData\Local\Microsoft\WindowsApps;C:\Users\Дима\go\bin;C:\Users\Дима\AppData\Local\GitHubDesktop\bin;C:\Program Files\heroku\bin
USERNAME=Dima
OS=Windows_NT
PROCESSOR_IDENTIFIER=Intel64 Family 6 Model 142 Stepping 9, GenuineIntel



---------------  S Y S T E M  ---------------

OS: Windows 10.0 , 64 bit Build 17134 (10.0.17134.753)

CPU:total 4 (initial active 4) (2 cores per cpu, 2 threads per core) family 6 model 142 stepping 9, cmov, cx8, fxsr, mmx, sse, sse2, sse3, ssse3, sse4.1, sse4.2, popcnt, avx, avx2, aes, clmul, erms, 3dnowpref, lzcnt, ht, tsc, tscinvbit, bmi1, bmi2, adx

Memory: 4k page, physical 6173924k(1138880k free), swap 6464856k(3088k free)

vm_info: OpenJDK 64-Bit Server VM (25.242-b01) for windows-amd64 JRE (1.8.0_242-release-1644-b01), built by "builder" with MS VC++ 10.0 (VS2010)

time: Wed Oct 21 22:09:28 2020
timezone: RTZ 2 (зима)
elapsed time: 19 seconds (0d 0h 0m 19s)

