#
# There is insufficient memory for the Java Runtime Environment to continue.
# Native memory allocation (malloc) failed to allocate 2119056 bytes for Chunk::new
# Possible reasons:
#   The system is out of physical RAM or swap space
#   The process is running with CompressedOops enabled, and the Java Heap may be blocking the growth of the native heap
# Possible solutions:
#   Reduce memory load on the system
#   Increase physical memory or swap space
#   Check if swap backing store is full
#   Decrease Java heap size (-Xmx/-Xms)
#   Decrease number of Java threads
#   Decrease Java thread stack sizes (-Xss)
#   Set larger code cache with -XX:ReservedCodeCacheSize=
#   JVM is running with Unscaled Compressed Oops mode in which the Java heap is
#     placed in the first 4GB address space. The Java Heap base address is the
#     maximum limit for the native heap growth. Please use -XX:HeapBaseMinAddress
#     to set the Java Heap base and to place the Java Heap above 4GB virtual address.
# This output file may be truncated or incomplete.
#
#  Out of Memory Error (allocation.cpp:389), pid=8816, tid=0x000000000000085c
#
# JRE version: OpenJDK Runtime Environment (8.0_242-b01) (build 1.8.0_242-release-1644-b01)
# Java VM: OpenJDK 64-Bit Server VM (25.242-b01 mixed mode windows-amd64 compressed oops)
# Failed to write core dump. Minidumps are not enabled by default on client versions of Windows
#

---------------  T H R E A D  ---------------

Current thread (0x0000000017d68000):  JavaThread "C2 CompilerThread0" daemon [_thread_in_native, id=2140, stack(0x00000000193c0000,0x00000000194c0000)]

Stack: [0x00000000193c0000,0x00000000194c0000]
[error occurred during error reporting (printing stack bounds), id 0xc0000005]

Native frames: (J=compiled Java code, j=interpreted, Vv=VM code, C=native code)


Current CompileTask:
C2:  61536 14278 %     4       org.objectweb.asm.ClassReader::readCode @ 2165 (5089 bytes)


---------------  P R O C E S S  ---------------

Java Threads: ( => current thread )
  0x000000001c09e800 JavaThread "Cache worker for Java compile cache (D:\AndroidStudioProjects\labRK\.gradle\6.5\javaCompile)" [_thread_blocked, id=4408, stack(0x0000000030d70000,0x0000000030e70000)]
  0x000000001c09d800 JavaThread "Cache worker for Java compile cache (C:\Users\Р”РёРјР°\.gradle\caches\6.5\javaCompile)" [_thread_blocked, id=7124, stack(0x0000000030c70000,0x0000000030d70000)]
  0x000000001c09d000 JavaThread "RMI TCP Connection(1)-127.0.0.1" daemon [_thread_in_native, id=10556, stack(0x000000002f9a0000,0x000000002faa0000)]
  0x000000001c0a0000 JavaThread "RMI Reaper" [_thread_blocked, id=820, stack(0x000000002f8a0000,0x000000002f9a0000)]
  0x000000001c095800 JavaThread "RMI TCP Accept-0" daemon [_thread_in_native, id=10664, stack(0x000000002f7a0000,0x000000002f8a0000)]
  0x000000001c09c000 JavaThread "GC Daemon" daemon [_thread_blocked, id=240, stack(0x000000002f6a0000,0x000000002f7a0000)]
  0x000000001c09a800 JavaThread "RMI Scheduler(0)" daemon [_thread_blocked, id=7220, stack(0x000000002f4a0000,0x000000002f5a0000)]
  0x000000001c096000 JavaThread "stdout" [_thread_in_native, id=3616, stack(0x000000002dac0000,0x000000002dbc0000)]
  0x000000001c09a000 JavaThread "stderr" [_thread_in_native, id=1108, stack(0x000000002d9c0000,0x000000002dac0000)]
  0x000000001c098800 JavaThread "stdout" [_thread_in_native, id=3484, stack(0x000000002d8c0000,0x000000002d9c0000)]
  0x000000001c093000 JavaThread "stderr" [_thread_in_native, id=4576, stack(0x000000002d7c0000,0x000000002d8c0000)]
  0x000000001c099000 JavaThread "stdout" [_thread_in_native, id=632, stack(0x000000002d6c0000,0x000000002d7c0000)]
  0x000000001c097800 JavaThread "stderr" [_thread_in_native, id=11224, stack(0x000000002d5c0000,0x000000002d6c0000)]
  0x000000001c094800 JavaThread "stdout" [_thread_in_native, id=5580, stack(0x000000002d4c0000,0x000000002d5c0000)]
  0x000000001c094000 JavaThread "stderr" [_thread_in_native, id=3496, stack(0x000000002d3c0000,0x000000002d4c0000)]
  0x000000001a461000 JavaThread "pool-2-thread-1" [_thread_blocked, id=7016, stack(0x000000002d2c0000,0x000000002d3c0000)]
  0x000000001a45f800 JavaThread "WorkerExecutor Queue Thread 5" [_thread_in_native, id=4880, stack(0x000000002cfc0000,0x000000002d0c0000)]
  0x000000001a45e800 JavaThread "MarlinRenderer Disposer" daemon [_thread_blocked, id=11064, stack(0x000000002cec0000,0x000000002cfc0000)]
  0x000000001a45e000 JavaThread "Java2D Disposer" daemon [_thread_blocked, id=10004, stack(0x000000002cbc0000,0x000000002ccc0000)]
  0x000000001a462800 JavaThread "WorkerExecutor Queue Thread 4" [_thread_blocked, id=6496, stack(0x000000002cac0000,0x000000002cbc0000)]
  0x000000001a461800 JavaThread "WorkerExecutor Queue Thread 3" [_thread_blocked, id=1928, stack(0x000000002c9c0000,0x000000002cac0000)]
  0x000000001a457000 JavaThread "WorkerExecutor Queue Thread 2" [_thread_blocked, id=4480, stack(0x000000002c6c0000,0x000000002c7c0000)]
  0x000000001a45b000 JavaThread "Cache worker for execution history cache (D:\AndroidStudioProjects\labRK\.gradle\6.5\executionHistory)" [_thread_blocked, id=3604, stack(0x000000002c0c0000,0x000000002c1c0000)]
  0x000000001a453800 JavaThread "Execution worker for ':' Thread 3" [_thread_blocked, id=9700, stack(0x000000002bfc0000,0x000000002c0c0000)]
  0x000000001a459800 JavaThread "Execution worker for ':' Thread 2" [_thread_blocked, id=6672, stack(0x000000002bec0000,0x000000002bfc0000)]
  0x000000001a45a000 JavaThread "Execution worker for ':'" [_thread_blocked, id=3560, stack(0x000000002bdc0000,0x000000002bec0000)]
  0x000000001a458800 JavaThread "Cache worker for file content cache (D:\AndroidStudioProjects\labRK\.gradle\6.5\fileContent)" [_thread_blocked, id=11240, stack(0x000000002b8c0000,0x000000002b9c0000)]
  0x000000001a455000 JavaThread "Memory manager" [_thread_blocked, id=4304, stack(0x000000002b500000,0x000000002b600000)]
  0x000000001a458000 JavaThread "Cache worker for Build Output Cleanup Cache (D:\AndroidStudioProjects\labRK\.gradle\buildOutputCleanup)" [_thread_blocked, id=3996, stack(0x000000002a600000,0x000000002a700000)]
  0x000000001a407800 JavaThread "jar transforms Thread 114" [_thread_blocked, id=4528, stack(0x000000002a300000,0x000000002a400000)]
  0x000000001a40a800 JavaThread "jar transforms Thread 113" [_thread_blocked, id=8116, stack(0x000000002a080000,0x000000002a180000)]
  0x000000001a406000 JavaThread "jar transforms Thread 112" [_thread_blocked, id=10208, stack(0x0000000029e80000,0x0000000029f80000)]
  0x000000001a405800 JavaThread "jar transforms Thread 111" [_thread_blocked, id=10580, stack(0x0000000029d80000,0x0000000029e80000)]
  0x000000001a40a000 JavaThread "jar transforms Thread 110" [_thread_blocked, id=10568, stack(0x0000000029c80000,0x0000000029d80000)]
  0x000000001a408800 JavaThread "jar transforms Thread 109" [_thread_blocked, id=10760, stack(0x0000000029b80000,0x0000000029c80000)]
  0x000000001a407000 JavaThread "jar transforms Thread 108" [_thread_blocked, id=10228, stack(0x0000000029a80000,0x0000000029b80000)]
  0x000000001a409000 JavaThread "jar transforms Thread 107" [_thread_blocked, id=10464, stack(0x0000000029980000,0x0000000029a80000)]
  0x000000001a404800 JavaThread "jar transforms Thread 106" [_thread_blocked, id=2376, stack(0x0000000029880000,0x0000000029980000)]
  0x000000001a400000 JavaThread "jar transforms Thread 105" [_thread_blocked, id=9792, stack(0x0000000029780000,0x0000000029880000)]
  0x000000001a3fd000 JavaThread "jar transforms Thread 104" [_thread_blocked, id=2084, stack(0x0000000029680000,0x0000000029780000)]
  0x000000001a404000 JavaThread "jar transforms Thread 103" [_thread_blocked, id=2496, stack(0x0000000029580000,0x0000000029680000)]
  0x000000001a402800 JavaThread "jar transforms Thread 102" [_thread_blocked, id=7308, stack(0x0000000029480000,0x0000000029580000)]
  0x000000001a3fe800 JavaThread "jar transforms Thread 101" [_thread_blocked, id=9920, stack(0x0000000029380000,0x0000000029480000)]
  0x000000001a3fd800 JavaThread "jar transforms Thread 100" [_thread_blocked, id=8576, stack(0x0000000029280000,0x0000000029380000)]
  0x000000001a401800 JavaThread "jar transforms Thread 99" [_thread_blocked, id=11124, stack(0x0000000029180000,0x0000000029280000)]
  0x000000001a3fc000 JavaThread "jar transforms Thread 98" [_thread_blocked, id=1528, stack(0x0000000029080000,0x0000000029180000)]
  0x000000001a400800 JavaThread "jar transforms Thread 97" [_thread_blocked, id=3148, stack(0x0000000028f80000,0x0000000029080000)]
  0x000000001a403000 JavaThread "jar transforms Thread 96" [_thread_blocked, id=8108, stack(0x0000000028e80000,0x0000000028f80000)]
  0x000000001a3fb800 JavaThread "jar transforms Thread 95" [_thread_blocked, id=5384, stack(0x0000000028d80000,0x0000000028e80000)]
  0x000000001a3ff000 JavaThread "jar transforms Thread 94" [_thread_blocked, id=9040, stack(0x0000000028c80000,0x0000000028d80000)]
  0x000000001f70d800 JavaThread "jar transforms Thread 93" [_thread_blocked, id=3508, stack(0x0000000028b80000,0x0000000028c80000)]
  0x000000001f70c800 JavaThread "jar transforms Thread 92" [_thread_blocked, id=4532, stack(0x0000000028a80000,0x0000000028b80000)]
  0x000000001f70e000 JavaThread "jar transforms Thread 91" [_thread_blocked, id=3936, stack(0x0000000028980000,0x0000000028a80000)]
  0x000000001f70c000 JavaThread "jar transforms Thread 90" [_thread_blocked, id=6656, stack(0x0000000028880000,0x0000000028980000)]
  0x000000001f704800 JavaThread "jar transforms Thread 89" [_thread_blocked, id=3572, stack(0x0000000028780000,0x0000000028880000)]
  0x000000001f70b000 JavaThread "jar transforms Thread 88" [_thread_blocked, id=2684, stack(0x0000000028680000,0x0000000028780000)]
  0x000000001f703800 JavaThread "jar transforms Thread 87" [_thread_blocked, id=4596, stack(0x0000000028580000,0x0000000028680000)]
  0x000000001f70a800 JavaThread "jar transforms Thread 86" [_thread_blocked, id=9888, stack(0x0000000028480000,0x0000000028580000)]
  0x000000001f709800 JavaThread "jar transforms Thread 85" [_thread_blocked, id=5268, stack(0x0000000028380000,0x0000000028480000)]
  0x000000001f709000 JavaThread "jar transforms Thread 84" [_thread_blocked, id=5492, stack(0x0000000028280000,0x0000000028380000)]
  0x000000001f706000 JavaThread "jar transforms Thread 83" [_thread_blocked, id=9348, stack(0x0000000028180000,0x0000000028280000)]
  0x000000001f701800 JavaThread "jar transforms Thread 82" [_thread_blocked, id=3992, stack(0x0000000028080000,0x0000000028180000)]
  0x000000001f703000 JavaThread "jar transforms Thread 81" [_thread_blocked, id=2116, stack(0x0000000027f80000,0x0000000028080000)]
  0x000000001f708000 JavaThread "jar transforms Thread 80" [_thread_blocked, id=6600, stack(0x0000000027e80000,0x0000000027f80000)]
  0x000000001f702000 JavaThread "jar transforms Thread 79" [_thread_blocked, id=9976, stack(0x0000000027d80000,0x0000000027e80000)]
  0x000000001f700800 JavaThread "jar transforms Thread 78" [_thread_blocked, id=8732, stack(0x0000000027c80000,0x0000000027d80000)]
  0x000000001f707800 JavaThread "jar transforms Thread 77" [_thread_blocked, id=7388, stack(0x0000000027b80000,0x0000000027c80000)]
  0x000000001f700000 JavaThread "jar transforms Thread 76" [_thread_blocked, id=4536, stack(0x0000000027a80000,0x0000000027b80000)]
  0x000000001f705000 JavaThread "jar transforms Thread 75" [_thread_blocked, id=10836, stack(0x0000000027980000,0x0000000027a80000)]
  0x000000001f706800 JavaThread "jar transforms Thread 74" [_thread_blocked, id=7404, stack(0x0000000027880000,0x0000000027980000)]
  0x000000001f6ff000 JavaThread "jar transforms Thread 73" [_thread_blocked, id=5524, stack(0x0000000027780000,0x0000000027880000)]
  0x000000001e696800 JavaThread "jar transforms Thread 72" [_thread_blocked, id=2356, stack(0x0000000027680000,0x0000000027780000)]
  0x000000001e697000 JavaThread "jar transforms Thread 71" [_thread_blocked, id=9612, stack(0x0000000027580000,0x0000000027680000)]
  0x000000001e695800 JavaThread "jar transforms Thread 70" [_thread_blocked, id=11216, stack(0x0000000027480000,0x0000000027580000)]
  0x000000001e695000 JavaThread "jar transforms Thread 69" [_thread_blocked, id=8272, stack(0x0000000027380000,0x0000000027480000)]
  0x000000001e694000 JavaThread "jar transforms Thread 68" [_thread_blocked, id=6208, stack(0x0000000027280000,0x0000000027380000)]
  0x000000001e68c800 JavaThread "jar transforms Thread 67" [_thread_blocked, id=10416, stack(0x0000000027180000,0x0000000027280000)]
  0x000000001e693800 JavaThread "jar transforms Thread 66" [_thread_blocked, id=6548, stack(0x0000000027080000,0x0000000027180000)]
  0x000000001e692800 JavaThread "jar transforms Thread 65" [_thread_blocked, id=9060, stack(0x0000000026f80000,0x0000000027080000)]
  0x000000001e692000 JavaThread "jar transforms Thread 64" [_thread_blocked, id=8864, stack(0x0000000026e80000,0x0000000026f80000)]
  0x000000001e68a800 JavaThread "jar transforms Thread 63" [_thread_blocked, id=4432, stack(0x0000000026d80000,0x0000000026e80000)]
  0x000000001e691000 JavaThread "jar transforms Thread 62" [_thread_blocked, id=8176, stack(0x0000000026c80000,0x0000000026d80000)]
  0x000000001e690800 JavaThread "jar transforms Thread 61" [_thread_blocked, id=8072, stack(0x0000000026b80000,0x0000000026c80000)]
  0x000000001e68f800 JavaThread "jar transforms Thread 60" [_thread_blocked, id=8056, stack(0x0000000026a80000,0x0000000026b80000)]
  0x000000001e689000 JavaThread "jar transforms Thread 59" [_thread_blocked, id=6156, stack(0x0000000026980000,0x0000000026a80000)]
  0x000000001e68c000 JavaThread "jar transforms Thread 58" [_thread_blocked, id=10532, stack(0x0000000026880000,0x0000000026980000)]
  0x000000001e688000 JavaThread "jar transforms Thread 57" [_thread_blocked, id=3724, stack(0x0000000026780000,0x0000000026880000)]
  0x000000001e68b000 JavaThread "jar transforms Thread 56" [_thread_blocked, id=2484, stack(0x0000000026680000,0x0000000026780000)]
  0x000000001e68e000 JavaThread "jar transforms Thread 55" [_thread_blocked, id=916, stack(0x0000000026580000,0x0000000026680000)]
  0x000000001e68f000 JavaThread "jar transforms Thread 54" [_thread_blocked, id=9592, stack(0x0000000026480000,0x0000000026580000)]
  0x000000001e68d800 JavaThread "jar transforms Thread 53" [_thread_blocked, id=5920, stack(0x0000000026380000,0x0000000026480000)]
  0x000000001e689800 JavaThread "jar transforms Thread 52" [_thread_blocked, id=4140, stack(0x0000000026280000,0x0000000026380000)]
  0x000000001a6a2000 JavaThread "jar transforms Thread 51" [_thread_blocked, id=5280, stack(0x0000000026180000,0x0000000026280000)]
  0x000000001a6a1000 JavaThread "jar transforms Thread 50" [_thread_blocked, id=4396, stack(0x0000000026080000,0x0000000026180000)]
  0x000000001a6a0800 JavaThread "jar transforms Thread 49" [_thread_blocked, id=5708, stack(0x0000000025f80000,0x0000000026080000)]
  0x000000001a69f800 JavaThread "jar transforms Thread 48" [_thread_blocked, id=5220, stack(0x0000000025e80000,0x0000000025f80000)]
  0x000000001a698000 JavaThread "jar transforms Thread 47" [_thread_blocked, id=9364, stack(0x0000000025d80000,0x0000000025e80000)]
  0x000000001a69f000 JavaThread "jar transforms Thread 46" [_thread_blocked, id=2816, stack(0x0000000025c80000,0x0000000025d80000)]
  0x000000001a697800 JavaThread "jar transforms Thread 45" [_thread_blocked, id=9104, stack(0x0000000025b80000,0x0000000025c80000)]
  0x000000001a69e000 JavaThread "jar transforms Thread 44" [_thread_blocked, id=8656, stack(0x0000000025a80000,0x0000000025b80000)]
  0x000000001a69d800 JavaThread "jar transforms Thread 43" [_thread_blocked, id=10016, stack(0x0000000025980000,0x0000000025a80000)]
  0x000000001a69c800 JavaThread "jar transforms Thread 42" [_thread_blocked, id=8404, stack(0x0000000025880000,0x0000000025980000)]
  0x000000001a69c000 JavaThread "jar transforms Thread 41" [_thread_blocked, id=2476, stack(0x0000000025780000,0x0000000025880000)]
  0x000000001a69b000 JavaThread "jar transforms Thread 40" [_thread_blocked, id=6948, stack(0x0000000025350000,0x0000000025450000)]
  0x000000001a69a800 JavaThread "jar transforms Thread 39" [_thread_blocked, id=6976, stack(0x0000000025250000,0x0000000025350000)]
  0x000000001a699800 JavaThread "jar transforms Thread 38" [_thread_blocked, id=11108, stack(0x0000000025150000,0x0000000025250000)]
  0x000000001a692800 JavaThread "jar transforms Thread 37" [_thread_blocked, id=4348, stack(0x0000000025050000,0x0000000025150000)]
  0x000000001a696800 JavaThread "jar transforms Thread 36" [_thread_blocked, id=2784, stack(0x0000000024f50000,0x0000000025050000)]
  0x000000001a696000 JavaThread "jar transforms Thread 35" [_thread_blocked, id=3612, stack(0x0000000024e50000,0x0000000024f50000)]
  0x000000001a694000 JavaThread "jar transforms Thread 34" [_thread_blocked, id=2848, stack(0x0000000024d50000,0x0000000024e50000)]
  0x000000001a693800 JavaThread "jar transforms Thread 33" [_thread_blocked, id=5864, stack(0x0000000024c50000,0x0000000024d50000)]
  0x000000001a695000 JavaThread "jar transforms Thread 32" [_thread_blocked, id=2260, stack(0x0000000024b50000,0x0000000024c50000)]
  0x000000001a699000 JavaThread "jar transforms Thread 31" [_thread_blocked, id=6380, stack(0x0000000024a50000,0x0000000024b50000)]
  0x000000001a4be000 JavaThread "jar transforms Thread 30" [_thread_blocked, id=32, stack(0x0000000024950000,0x0000000024a50000)]
  0x000000001a4bd800 JavaThread "jar transforms Thread 29" [_thread_blocked, id=5252, stack(0x0000000024850000,0x0000000024950000)]
  0x000000001a4bc800 JavaThread "jar transforms Thread 28" [_thread_blocked, id=3688, stack(0x0000000024750000,0x0000000024850000)]
  0x000000001a4bb000 JavaThread "jar transforms Thread 27" [_thread_blocked, id=3028, stack(0x0000000024650000,0x0000000024750000)]
  0x000000001a4ba800 JavaThread "jar transforms Thread 26" [_thread_blocked, id=204, stack(0x0000000024550000,0x0000000024650000)]
  0x000000001a4bf000 JavaThread "jar transforms Thread 25" [_thread_blocked, id=8568, stack(0x0000000024450000,0x0000000024550000)]
  0x000000001a4bc000 JavaThread "jar transforms Thread 24" [_thread_blocked, id=9904, stack(0x0000000024350000,0x0000000024450000)]
  0x000000001a4b9800 JavaThread "jar transforms Thread 23" [_thread_blocked, id=9668, stack(0x0000000024250000,0x0000000024350000)]
  0x000000001a4b9000 JavaThread "jar transforms Thread 22" [_thread_blocked, id=8880, stack(0x0000000024150000,0x0000000024250000)]
  0x000000001a4b1000 JavaThread "jar transforms Thread 21" [_thread_blocked, id=6936, stack(0x0000000024050000,0x0000000024150000)]
  0x000000001a4b8000 JavaThread "jar transforms Thread 20" [_thread_blocked, id=7548, stack(0x0000000023f50000,0x0000000024050000)]
  0x000000001a4b0800 JavaThread "jar transforms Thread 19" [_thread_blocked, id=9292, stack(0x0000000023e50000,0x0000000023f50000)]
  0x000000001a4b7800 JavaThread "jar transforms Thread 18" [_thread_blocked, id=6460, stack(0x0000000023d50000,0x0000000023e50000)]
  0x000000001a4b5000 JavaThread "jar transforms Thread 17" [_thread_blocked, id=4876, stack(0x0000000023c50000,0x0000000023d50000)]
  0x000000001a4b3800 JavaThread "jar transforms Thread 16" [_thread_blocked, id=10600, stack(0x0000000023b50000,0x0000000023c50000)]
  0x000000001a4b6000 JavaThread "jar transforms Thread 15" [_thread_blocked, id=3008, stack(0x0000000023a50000,0x0000000023b50000)]
  0x000000001a4af800 JavaThread "jar transforms Thread 14" [_thread_blocked, id=4780, stack(0x0000000023950000,0x0000000023a50000)]
  0x000000001a4b6800 JavaThread "jar transforms Thread 13" [_thread_blocked, id=11104, stack(0x0000000023850000,0x0000000023950000)]
  0x000000001a4b2800 JavaThread "jar transforms Thread 12" [_thread_blocked, id=9496, stack(0x0000000023750000,0x0000000023850000)]
  0x000000001a4b2000 JavaThread "jar transforms Thread 11" [_thread_blocked, id=5720, stack(0x0000000023650000,0x0000000023750000)]
  0x000000001a4b4800 JavaThread "jar transforms Thread 10" [_thread_blocked, id=8952, stack(0x0000000023550000,0x0000000023650000)]
  0x000000001e6af000 JavaThread "jar transforms Thread 9" [_thread_blocked, id=4688, stack(0x0000000023450000,0x0000000023550000)]
  0x000000001e6a7800 JavaThread "jar transforms Thread 8" [_thread_blocked, id=6524, stack(0x0000000023350000,0x0000000023450000)]
  0x000000001e6ad800 JavaThread "jar transforms Thread 7" [_thread_blocked, id=3264, stack(0x0000000023250000,0x0000000023350000)]
  0x000000001e6ad000 JavaThread "jar transforms Thread 6" [_thread_blocked, id=1792, stack(0x0000000023150000,0x0000000023250000)]
  0x000000001e6ac000 JavaThread "jar transforms Thread 5" [_thread_blocked, id=9784, stack(0x0000000023050000,0x0000000023150000)]
  0x000000001e6ab800 JavaThread "jar transforms Thread 4" [_thread_blocked, id=8620, stack(0x0000000022f50000,0x0000000023050000)]
  0x000000001e6aa800 JavaThread "jar transforms Thread 3" [_thread_blocked, id=1828, stack(0x0000000022e50000,0x0000000022f50000)]
  0x000000001e6ae800 JavaThread "jar transforms Thread 2" [_thread_blocked, id=2488, stack(0x0000000022d50000,0x0000000022e50000)]
  0x000000001e6a9000 JavaThread "Build operations Thread 4" [_thread_blocked, id=10964, stack(0x0000000022c50000,0x0000000022d50000)]
  0x000000001e6aa000 JavaThread "Build operations Thread 3" [_thread_blocked, id=9028, stack(0x0000000022b50000,0x0000000022c50000)]
  0x000000001e6a8800 JavaThread "Build operations Thread 2" [_thread_blocked, id=5604, stack(0x0000000022a50000,0x0000000022b50000)]
  0x000000001e6a0000 JavaThread "Build operations" [_thread_blocked, id=3228, stack(0x0000000022950000,0x0000000022a50000)]
  0x000000001e6a5800 JavaThread "Cache worker for file content cache (C:\Users\Р”РёРјР°\.gradle\caches\6.5\fileContent)" [_thread_blocked, id=8096, stack(0x0000000022250000,0x0000000022350000)]
  0x000000001e6a1000 JavaThread "jar transforms" [_thread_blocked, id=10316, stack(0x0000000022150000,0x0000000022250000)]
  0x000000001e6a1800 JavaThread "Cache worker for execution history cache (C:\Users\Р”РёРјР°\.gradle\caches\6.5\executionHistory)" [_thread_blocked, id=3840, stack(0x0000000021a50000,0x0000000021b50000)]
  0x000000001e6a6000 JavaThread "Cache worker for cache directory md-rule (C:\Users\Р”РёРјР°\.gradle\caches\6.5\md-rule)" [_thread_blocked, id=3328, stack(0x0000000021950000,0x0000000021a50000)]
  0x000000001a1e8800 JavaThread "Cache worker for cache directory md-supplier (C:\Users\Р”РёРјР°\.gradle\caches\6.5\md-supplier)" [_thread_blocked, id=10808, stack(0x0000000020600000,0x0000000020700000)]
  0x000000001a1e7800 JavaThread "Cache worker for checksums cache (D:\AndroidStudioProjects\labRK\.gradle\checksums)" [_thread_blocked, id=7996, stack(0x0000000020500000,0x0000000020600000)]
  0x000000001a1e9000 JavaThread "Cache worker for file hash cache (D:\AndroidStudioProjects\labRK\.gradle\6.5\fileHashes)" [_thread_blocked, id=9820, stack(0x000000001e040000,0x000000001e140000)]
  0x000000001a1e7000 JavaThread "Cache worker for file hash cache (C:\Users\Р”РёРјР°\.gradle\caches\6.5\fileHashes)" [_thread_blocked, id=3152, stack(0x000000001df40000,0x000000001e040000)]
  0x000000001a1e6000 JavaThread "File lock request listener" [_thread_in_native, id=8684, stack(0x000000001de40000,0x000000001df40000)]
  0x000000001bae1800 JavaThread "Cache worker for journal cache (C:\Users\Р”РёРјР°\.gradle\caches\journal-1)" [_thread_blocked, id=4548, stack(0x000000001dc40000,0x000000001dd40000)]
  0x000000001aa67800 JavaThread "Thread-9" [_thread_blocked, id=8608, stack(0x000000001d940000,0x000000001da40000)]
  0x000000001aa65000 JavaThread "Stdin handler" [_thread_blocked, id=5376, stack(0x000000001d840000,0x000000001d940000)]
  0x000000001aa64000 JavaThread "Asynchronous log dispatcher for DefaultDaemonConnection: socket connection from /127.0.0.1:51334 to /127.0.0.1:51335" [_thread_blocked, id=4620, stack(0x000000001d740000,0x000000001d840000)]
  0x000000001bb0e800 JavaThread "Daemon worker" [_thread_in_native, id=3592, stack(0x000000001d640000,0x000000001d740000)]
  0x000000001bae6000 JavaThread "Cancel handler" [_thread_blocked, id=7736, stack(0x000000001d540000,0x000000001d640000)]
  0x000000001ba6f000 JavaThread "Handler for socket connection from /127.0.0.1:51334 to /127.0.0.1:51335" [_thread_in_native, id=2100, stack(0x000000001d440000,0x000000001d540000)]
  0x000000001ba6e800 JavaThread "Daemon" [_thread_blocked, id=2576, stack(0x000000001d340000,0x000000001d440000)]
  0x000000001ba56800 JavaThread "Daemon periodic checks" [_thread_blocked, id=1692, stack(0x000000001d040000,0x000000001d140000)]
  0x000000001ba53800 JavaThread "Incoming local TCP Connector on port 51334" [_thread_in_native, id=11152, stack(0x000000001ce00000,0x000000001cf00000)]
  0x000000001b694800 JavaThread "Daemon health stats" [_thread_blocked, id=1824, stack(0x000000001c6c0000,0x000000001c7c0000)]
  0x000000001970a000 JavaThread "Service Thread" daemon [_thread_blocked, id=10484, stack(0x0000000019ac0000,0x0000000019bc0000)]
  0x0000000017d7c800 JavaThread "C1 CompilerThread2" daemon [_thread_blocked, id=7644, stack(0x00000000195c0000,0x00000000196c0000)]
  0x0000000017d6c800 JavaThread "C2 CompilerThread1" daemon [_thread_in_native, id=10136, stack(0x00000000194c0000,0x00000000195c0000)]
=>0x0000000017d68000 JavaThread "C2 CompilerThread0" daemon [_thread_in_native, id=2140, stack(0x00000000193c0000,0x00000000194c0000)]
  0x0000000017d66800 JavaThread "Attach Listener" daemon [_thread_blocked, id=8552, stack(0x00000000192c0000,0x00000000193c0000)]
  0x0000000017d64800 JavaThread "Signal Dispatcher" daemon [_thread_blocked, id=1040, stack(0x00000000191c0000,0x00000000192c0000)]
  0x000000000313a800 JavaThread "Finalizer" daemon [_thread_blocked, id=2352, stack(0x0000000018fc0000,0x00000000190c0000)]
  0x0000000003132000 JavaThread "Reference Handler" daemon [_thread_blocked, id=7964, stack(0x0000000018ec0000,0x0000000018fc0000)]
  0x000000000166e000 JavaThread "main" [_thread_blocked, id=6848, stack(0x0000000002f40000,0x0000000003040000)]

Other Threads:
  0x0000000017d26000 VMThread [stack: 0x0000000018dc0000,0x0000000018ec0000] [id=1524]
  0x000000001970b000 WatcherThread [stack: 0x0000000019bc0000,0x0000000019cc0000] [id=6076]

VM state:not at safepoint (normal execution)

VM Mutex/Monitor currently owned by a thread: None

heap address: 0x0000000080000000, size: 2048 MB, Compressed Oops mode: 32-bit
Narrow klass base: 0x0000000000000000, Narrow klass shift: 3
Compressed class space size: 1073741824 Address: 0x0000000100000000

Heap:
 PSYoungGen      total 291328K, used 229842K [0x00000000d5580000, 0x00000000e9500000, 0x0000000100000000)
  eden space 263168K, 80% used [0x00000000d5580000,0x00000000e2513d80,0x00000000e5680000)
  from space 28160K, 61% used [0x00000000e5680000,0x00000000e6760e18,0x00000000e7200000)
  to   space 23040K, 0% used [0x00000000e7200000,0x00000000e7200000,0x00000000e8880000)
 ParOldGen       total 98304K, used 98182K [0x0000000080000000, 0x0000000086000000, 0x00000000d5580000)
  object space 98304K, 99% used [0x0000000080000000,0x0000000085fe1800,0x0000000086000000)
 Metaspace       used 98864K, capacity 102686K, committed 103192K, reserved 1138688K
  class space    used 12965K, capacity 13729K, committed 13872K, reserved 1048576K

Card table byte_map: [0x0000000012500000,0x0000000012910000] byte_map_base: 0x0000000012100000

Marking Bits: (ParMarkBitMap*) 0x000000005de5f030
 Begin Bits: [0x0000000012fc0000, 0x0000000014fc0000)
 End Bits:   [0x0000000014fc0000, 0x0000000016fc0000)

Polling page: 0x0000000001240000

CodeCache: size=245760Kb used=38795Kb max_used=38795Kb free=206964Kb
 bounds [0x0000000003140000, 0x0000000005760000, 0x0000000012140000]
 total_blobs=13070 nmethods=12049 adapters=933
 compilation: enabled

Compilation events (10 events):
Event: 61.467 Thread 0x0000000017d7c800 14453       2       com.android.tools.build.apkzlib.zip.CentralDirectoryHeader::setComment (6 bytes)
Event: 61.467 Thread 0x0000000017d7c800 nmethod 14453 0x000000000574b550 code [0x000000000574b6a0, 0x000000000574b810]
Event: 61.479 Thread 0x0000000017d7c800 14454       2       com.google.common.collect.AbstractMapBasedMultimap$WrappedCollection::<init> (44 bytes)
Event: 61.479 Thread 0x0000000017d7c800 nmethod 14454 0x000000000574b890 code [0x000000000574b9e0, 0x000000000574bbb0]
Event: 61.479 Thread 0x0000000017d7c800 14455       2       java.util.AbstractCollection::containsAll (38 bytes)
Event: 61.479 Thread 0x0000000017d7c800 nmethod 14455 0x000000000574bc90 code [0x000000000574be20, 0x000000000574c098]
Event: 61.486 Thread 0x0000000017d7c800 14456       2       org.objectweb.asm.ClassReader::createLabel (21 bytes)
Event: 61.487 Thread 0x0000000017d7c800 nmethod 14456 0x000000000574c1d0 code [0x000000000574c340, 0x000000000574c5d0]
Event: 61.490 Thread 0x0000000017d7c800 14457       2       org.gradle.api.internal.DefaultNamedDomainObjectCollection$AbstractDomainObjectCreatingProvider::calculateOwnValue (71 bytes)
Event: 61.491 Thread 0x0000000017d7c800 nmethod 14457 0x000000000574c810 code [0x000000000574c9e0, 0x000000000574cf68]

GC Heap History (10 events):
Event: 35.341 GC heap before
{Heap before GC invocations=19 (full 3):
 PSYoungGen      total 252416K, used 251695K [0x00000000d5580000, 0x00000000e8880000, 0x0000000100000000)
  eden space 232448K, 100% used [0x00000000d5580000,0x00000000e3880000,0x00000000e3880000)
  from space 19968K, 96% used [0x00000000e3880000,0x00000000e4b4bf28,0x00000000e4c00000)
  to   space 23040K, 0% used [0x00000000e7200000,0x00000000e7200000,0x00000000e8880000)
 ParOldGen       total 97280K, used 33885K [0x0000000080000000, 0x0000000085f00000, 0x00000000d5580000)
  object space 97280K, 34% used [0x0000000080000000,0x0000000082117480,0x0000000085f00000)
 Metaspace       used 79911K, capacity 83506K, committed 83608K, reserved 1122304K
  class space    used 10647K, capacity 11338K, committed 11440K, reserved 1048576K
Event: 35.390 GC heap after
Heap after GC invocations=19 (full 3):
 PSYoungGen      total 286208K, used 23009K [0x00000000d5580000, 0x00000000e9500000, 0x0000000100000000)
  eden space 263168K, 0% used [0x00000000d5580000,0x00000000d5580000,0x00000000e5680000)
  from space 23040K, 99% used [0x00000000e7200000,0x00000000e8878630,0x00000000e8880000)
  to   space 28160K, 0% used [0x00000000e5680000,0x00000000e5680000,0x00000000e7200000)
 ParOldGen       total 97280K, used 39047K [0x0000000080000000, 0x0000000085f00000, 0x00000000d5580000)
  object space 97280K, 40% used [0x0000000080000000,0x0000000082621db0,0x0000000085f00000)
 Metaspace       used 79911K, capacity 83506K, committed 83608K, reserved 1122304K
  class space    used 10647K, capacity 11338K, committed 11440K, reserved 1048576K
}
Event: 55.953 GC heap before
{Heap before GC invocations=20 (full 3):
 PSYoungGen      total 286208K, used 286177K [0x00000000d5580000, 0x00000000e9500000, 0x0000000100000000)
  eden space 263168K, 100% used [0x00000000d5580000,0x00000000e5680000,0x00000000e5680000)
  from space 23040K, 99% used [0x00000000e7200000,0x00000000e8878630,0x00000000e8880000)
  to   space 28160K, 0% used [0x00000000e5680000,0x00000000e5680000,0x00000000e7200000)
 ParOldGen       total 97280K, used 39047K [0x0000000080000000, 0x0000000085f00000, 0x00000000d5580000)
  object space 97280K, 40% used [0x0000000080000000,0x0000000082621db0,0x0000000085f00000)
 Metaspace       used 84636K, capacity 88510K, committed 88600K, reserved 1126400K
  class space    used 11285K, capacity 12010K, committed 12080K, reserved 1048576K
Event: 55.985 GC heap after
Heap after GC invocations=20 (full 3):
 PSYoungGen      total 291328K, used 17904K [0x00000000d5580000, 0x00000000e9500000, 0x0000000100000000)
  eden space 263168K, 0% used [0x00000000d5580000,0x00000000d5580000,0x00000000e5680000)
  from space 28160K, 63% used [0x00000000e5680000,0x00000000e67fc010,0x00000000e7200000)
  to   space 23040K, 0% used [0x00000000e7200000,0x00000000e7200000,0x00000000e8880000)
 ParOldGen       total 97280K, used 53732K [0x0000000080000000, 0x0000000085f00000, 0x00000000d5580000)
  object space 97280K, 55% used [0x0000000080000000,0x00000000834793e8,0x0000000085f00000)
 Metaspace       used 84636K, capacity 88510K, committed 88600K, reserved 1126400K
  class space    used 11285K, capacity 12010K, committed 12080K, reserved 1048576K
}
Event: 58.014 GC heap before
{Heap before GC invocations=21 (full 3):
 PSYoungGen      total 291328K, used 281072K [0x00000000d5580000, 0x00000000e9500000, 0x0000000100000000)
  eden space 263168K, 100% used [0x00000000d5580000,0x00000000e5680000,0x00000000e5680000)
  from space 28160K, 63% used [0x00000000e5680000,0x00000000e67fc010,0x00000000e7200000)
  to   space 23040K, 0% used [0x00000000e7200000,0x00000000e7200000,0x00000000e8880000)
 ParOldGen       total 97280K, used 53732K [0x0000000080000000, 0x0000000085f00000, 0x00000000d5580000)
  object space 97280K, 55% used [0x0000000080000000,0x00000000834793e8,0x0000000085f00000)
 Metaspace       used 89310K, capacity 93308K, committed 93336K, reserved 1130496K
  class space    used 11904K, capacity 12696K, committed 12720K, reserved 1048576K
Event: 58.038 GC heap after
Heap after GC invocations=21 (full 3):
 PSYoungGen      total 286208K, used 21822K [0x00000000d5580000, 0x00000000e9500000, 0x0000000100000000)
  eden space 263168K, 0% used [0x00000000d5580000,0x00000000d5580000,0x00000000e5680000)
  from space 23040K, 94% used [0x00000000e7200000,0x00000000e874f860,0x00000000e8880000)
  to   space 28160K, 0% used [0x00000000e5680000,0x00000000e5680000,0x00000000e7200000)
 ParOldGen       total 97280K, used 53740K [0x0000000080000000, 0x0000000085f00000, 0x00000000d5580000)
  object space 97280K, 55% used [0x0000000080000000,0x000000008347b3e8,0x0000000085f00000)
 Metaspace       used 89310K, capacity 93308K, committed 93336K, reserved 1130496K
  class space    used 11904K, capacity 12696K, committed 12720K, reserved 1048576K
}
Event: 58.974 GC heap before
{Heap before GC invocations=22 (full 3):
 PSYoungGen      total 286208K, used 127643K [0x00000000d5580000, 0x00000000e9500000, 0x0000000100000000)
  eden space 263168K, 40% used [0x00000000d5580000,0x00000000dbcd73a0,0x00000000e5680000)
  from space 23040K, 94% used [0x00000000e7200000,0x00000000e874f860,0x00000000e8880000)
  to   space 28160K, 0% used [0x00000000e5680000,0x00000000e5680000,0x00000000e7200000)
 ParOldGen       total 97280K, used 53740K [0x0000000080000000, 0x0000000085f00000, 0x00000000d5580000)
  object space 97280K, 55% used [0x0000000080000000,0x000000008347b3e8,0x0000000085f00000)
 Metaspace       used 94397K, capacity 98458K, committed 98584K, reserved 1134592K
  class space    used 12524K, capacity 13347K, committed 13360K, reserved 1048576K
Event: 59.047 GC heap after
Heap after GC invocations=22 (full 3):
 PSYoungGen      total 291328K, used 28136K [0x00000000d5580000, 0x00000000e9500000, 0x0000000100000000)
  eden space 263168K, 0% used [0x00000000d5580000,0x00000000d5580000,0x00000000e5680000)
  from space 28160K, 99% used [0x00000000e5680000,0x00000000e71fa2e8,0x00000000e7200000)
  to   space 23040K, 0% used [0x00000000e7200000,0x00000000e7200000,0x00000000e8880000)
 ParOldGen       total 98304K, used 98230K [0x0000000080000000, 0x0000000086000000, 0x00000000d5580000)
  object space 98304K, 99% used [0x0000000080000000,0x0000000085fed858,0x0000000086000000)
 Metaspace       used 94397K, capacity 98458K, committed 98584K, reserved 1134592K
  class space    used 12524K, capacity 13347K, committed 13360K, reserved 1048576K
}
Event: 59.048 GC heap before
{Heap before GC invocations=23 (full 4):
 PSYoungGen      total 291328K, used 28136K [0x00000000d5580000, 0x00000000e9500000, 0x0000000100000000)
  eden space 263168K, 0% used [0x00000000d5580000,0x00000000d5580000,0x00000000e5680000)
  from space 28160K, 99% used [0x00000000e5680000,0x00000000e71fa2e8,0x00000000e7200000)
  to   space 23040K, 0% used [0x00000000e7200000,0x00000000e7200000,0x00000000e8880000)
 ParOldGen       total 98304K, used 98230K [0x0000000080000000, 0x0000000086000000, 0x00000000d5580000)
  object space 98304K, 99% used [0x0000000080000000,0x0000000085fed858,0x0000000086000000)
 Metaspace       used 94397K, capacity 98458K, committed 98584K, reserved 1134592K
  class space    used 12524K, capacity 13347K, committed 13360K, reserved 1048576K
Event: 59.667 GC heap after
Heap after GC invocations=23 (full 4):
 PSYoungGen      total 291328K, used 17283K [0x00000000d5580000, 0x00000000e9500000, 0x0000000100000000)
  eden space 263168K, 0% used [0x00000000d5580000,0x00000000d5580000,0x00000000e5680000)
  from space 28160K, 61% used [0x00000000e5680000,0x00000000e6760e18,0x00000000e7200000)
  to   space 23040K, 0% used [0x00000000e7200000,0x00000000e7200000,0x00000000e8880000)
 ParOldGen       total 98304K, used 98182K [0x0000000080000000, 0x0000000086000000, 0x00000000d5580000)
  object space 98304K, 99% used [0x0000000080000000,0x0000000085fe1800,0x0000000086000000)
 Metaspace       used 94268K, capacity 98068K, committed 98584K, reserved 1134592K
  class space    used 12482K, capacity 13274K, committed 13360K, reserved 1048576K
}

Deoptimization events (10 events):
Event: 61.042 Thread 0x000000001e6a9000 Uncommon trap: reason=class_check action=maybe_recompile pc=0x00000000056be604 method=com.google.common.collect.ImmutableSet.copyOf(Ljava/util/Collection;)Lcom/google/common/collect/ImmutableSet; @ 29
Event: 61.042 Thread 0x000000001e6a9000 Uncommon trap: reason=class_check action=maybe_recompile pc=0x00000000056be604 method=com.google.common.collect.ImmutableSet.copyOf(Ljava/util/Collection;)Lcom/google/common/collect/ImmutableSet; @ 29
Event: 61.042 Thread 0x000000001e6a0000 Uncommon trap: reason=class_check action=maybe_recompile pc=0x00000000056be604 method=com.google.common.collect.ImmutableSet.copyOf(Ljava/util/Collection;)Lcom/google/common/collect/ImmutableSet; @ 29
Event: 61.042 Thread 0x000000001e6a0000 Uncommon trap: reason=class_check action=maybe_recompile pc=0x00000000056be604 method=com.google.common.collect.ImmutableSet.copyOf(Ljava/util/Collection;)Lcom/google/common/collect/ImmutableSet; @ 29
Event: 61.044 Thread 0x000000001e6a9000 Uncommon trap: reason=class_check action=maybe_recompile pc=0x00000000053dd41c method=org.objectweb.asm.ClassReader.readCode(Lorg/objectweb/asm/MethodVisitor;Lorg/objectweb/asm/Context;I)V @ 3299
Event: 61.376 Thread 0x000000001aa67800 Uncommon trap: reason=array_check action=maybe_recompile pc=0x0000000003d9ff48 method=java.util.TimSort.binarySort([Ljava/lang/Object;IIILjava/util/Comparator;)V @ 193
Event: 61.376 Thread 0x000000001aa67800 Uncommon trap: reason=array_check action=maybe_recompile pc=0x0000000003d9ff48 method=java.util.TimSort.binarySort([Ljava/lang/Object;IIILjava/util/Comparator;)V @ 193
Event: 61.376 Thread 0x000000001aa67800 Uncommon trap: reason=unstable_if action=reinterpret pc=0x000000000517bb58 method=java.io.ObjectOutputStream.writeOrdinaryObject(Ljava/lang/Object;Ljava/io/ObjectStreamClass;Z)V @ 113
Event: 61.417 Thread 0x000000001a45a000 Uncommon trap: reason=array_check action=maybe_recompile pc=0x0000000003da001c method=java.util.TimSort.binarySort([Ljava/lang/Object;IIILjava/util/Comparator;)V @ 183
Event: 61.447 Thread 0x000000001a45f800 Uncommon trap: reason=unstable_if action=reinterpret pc=0x0000000004e591ec method=com.android.builder.files.RelativeFile.equals(Ljava/lang/Object;)Z @ 25

Classes redefined (0 events):
No events

Internal exceptions (10 events):
Event: 60.315 Thread 0x000000001a45a000 Implicit null exception at 0x00000000054774c5 to 0x0000000005477945
Event: 60.390 Thread 0x000000001a45a000 Implicit null exception at 0x00000000054fa892 to 0x00000000054faa05
Event: 60.496 Thread 0x000000001a45a000 Implicit null exception at 0x00000000052c7d3d to 0x00000000052c8b9e
Event: 61.375 Thread 0x000000001aa67800 Exception <a 'java/lang/NoSuchMethodError': <clinit>> (0x00000000e1901fd0) thrown at [C:\src\AOSP-openjdk-git\hotspot\src\share\vm\prims\jni.cpp, line 1615]
Event: 61.376 Thread 0x000000001aa67800 Exception <a 'java/lang/NoSuchMethodError': <clinit>> (0x00000000e190ca20) thrown at [C:\src\AOSP-openjdk-git\hotspot\src\share\vm\prims\jni.cpp, line 1615]
Event: 61.414 Thread 0x000000001a45a000 Exception <a 'sun/nio/fs/WindowsException'> (0x00000000e1970bb8) thrown at [C:\src\AOSP-openjdk-git\hotspot\src\share\vm\prims\jni.cpp, line 710]
Event: 61.414 Thread 0x000000001a45a000 Exception <a 'sun/nio/fs/WindowsException'> (0x00000000e19718c0) thrown at [C:\src\AOSP-openjdk-git\hotspot\src\share\vm\prims\jni.cpp, line 710]
Event: 61.418 Thread 0x000000001a45a000 Exception <a 'sun/nio/fs/WindowsException'> (0x00000000e1986470) thrown at [C:\src\AOSP-openjdk-git\hotspot\src\share\vm\prims\jni.cpp, line 710]
Event: 61.418 Thread 0x000000001a45a000 Exception <a 'sun/nio/fs/WindowsException'> (0x00000000e19874b8) thrown at [C:\src\AOSP-openjdk-git\hotspot\src\share\vm\prims\jni.cpp, line 710]
Event: 61.425 Thread 0x000000001a45f800 Exception <a 'sun/nio/fs/WindowsException'> (0x00000000e1ab52f8) thrown at [C:\src\AOSP-openjdk-git\hotspot\src\share\vm\prims\jni.cpp, line 710]

Events (10 events):
Event: 61.463 loading class com/google/common/collect/Multimaps
Event: 61.463 loading class com/google/common/collect/Multimaps done
Event: 61.465 loading class com/google/common/collect/SortedSetMultimap
Event: 61.465 loading class com/google/common/collect/SortedSetMultimap done
Event: 61.471 loading class com/google/common/collect/Multimaps$CustomSetMultimap
Event: 61.471 loading class com/google/common/collect/Multimaps$CustomSetMultimap done
Event: 61.472 loading class com/google/common/collect/AbstractSetMultimap
Event: 61.472 loading class com/google/common/collect/AbstractSetMultimap done
Event: 61.474 loading class com/google/common/collect/AbstractMapBasedMultimap$WrappedSet
Event: 61.474 loading class com/google/common/collect/AbstractMapBasedMultimap$WrappedSet done


Dynamic libraries:
0x00007ff7281b0000 - 0x00007ff7281e1000 	D:\Program Files\Android Studio\jre\bin\java.exe
0x00007fff215c0000 - 0x00007fff217a1000 	C:\WINDOWS\SYSTEM32\ntdll.dll
0x00007fff21180000 - 0x00007fff21231000 	C:\WINDOWS\System32\KERNEL32.DLL
0x00007fff1da60000 - 0x00007fff1dcd3000 	C:\WINDOWS\System32\KERNELBASE.dll
0x00007fff1f4d0000 - 0x00007fff1f571000 	C:\WINDOWS\System32\ADVAPI32.dll
0x00007fff1ef40000 - 0x00007fff1efde000 	C:\WINDOWS\System32\msvcrt.dll
0x00007fff21120000 - 0x00007fff2117b000 	C:\WINDOWS\System32\sechost.dll
0x00007fff20e60000 - 0x00007fff20f84000 	C:\WINDOWS\System32\RPCRT4.dll
0x00007fff21400000 - 0x00007fff21590000 	C:\WINDOWS\System32\USER32.dll
0x00007fff1e890000 - 0x00007fff1e8b0000 	C:\WINDOWS\System32\win32u.dll
0x00007fff1ef10000 - 0x00007fff1ef38000 	C:\WINDOWS\System32\GDI32.dll
0x00007fff1e8b0000 - 0x00007fff1ea41000 	C:\WINDOWS\System32\gdi32full.dll
0x00007fff1e4f0000 - 0x00007fff1e58f000 	C:\WINDOWS\System32\msvcp_win.dll
0x00007fff1e3f0000 - 0x00007fff1e4e8000 	C:\WINDOWS\System32\ucrtbase.dll
0x00007fff127c0000 - 0x00007fff12a29000 	C:\WINDOWS\WinSxS\amd64_microsoft.windows.common-controls_6595b64144ccf1df_6.0.17134.885_none_fb42a3473065565f\COMCTL32.dll
0x00007fff20b20000 - 0x00007fff20e42000 	C:\WINDOWS\System32\combase.dll
0x00007fff1d9e0000 - 0x00007fff1da59000 	C:\WINDOWS\System32\bcryptPrimitives.dll
0x00007fff1ec90000 - 0x00007fff1ecbd000 	C:\WINDOWS\System32\IMM32.DLL
0x000000005e550000 - 0x000000005e622000 	D:\Program Files\Android Studio\jre\jre\bin\msvcr100.dll
0x000000005d690000 - 0x000000005dedb000 	D:\Program Files\Android Studio\jre\jre\bin\server\jvm.dll
0x00007fff1f4a0000 - 0x00007fff1f4a8000 	C:\WINDOWS\System32\PSAPI.DLL
0x00007fff00720000 - 0x00007fff00729000 	C:\WINDOWS\SYSTEM32\WSOCK32.dll
0x00007fff1f580000 - 0x00007fff1f5ec000 	C:\WINDOWS\System32\WS2_32.dll
0x00007fff157b0000 - 0x00007fff157d3000 	C:\WINDOWS\SYSTEM32\WINMM.dll
0x00007fff1c020000 - 0x00007fff1c02a000 	C:\WINDOWS\SYSTEM32\VERSION.dll
0x00007fff15780000 - 0x00007fff157aa000 	C:\WINDOWS\SYSTEM32\WINMMBASE.dll
0x00007fff1d990000 - 0x00007fff1d9d9000 	C:\WINDOWS\System32\cfgmgr32.dll
0x00007fff19ac0000 - 0x00007fff19acf000 	D:\Program Files\Android Studio\jre\jre\bin\verify.dll
0x00007fff19990000 - 0x00007fff199b9000 	D:\Program Files\Android Studio\jre\jre\bin\java.dll
0x00007fff19a30000 - 0x00007fff19a46000 	D:\Program Files\Android Studio\jre\jre\bin\zip.dll
0x00007fff1f6e0000 - 0x00007fff20b20000 	C:\WINDOWS\System32\SHELL32.dll
0x00007fff21070000 - 0x00007fff21119000 	C:\WINDOWS\System32\shcore.dll
0x00007fff1dce0000 - 0x00007fff1e3ed000 	C:\WINDOWS\System32\windows.storage.dll
0x00007fff21240000 - 0x00007fff21291000 	C:\WINDOWS\System32\shlwapi.dll
0x00007fff1d970000 - 0x00007fff1d981000 	C:\WINDOWS\System32\kernel.appcore.dll
0x00007fff1d930000 - 0x00007fff1d94f000 	C:\WINDOWS\System32\profapi.dll
0x00007fff1d8e0000 - 0x00007fff1d92c000 	C:\WINDOWS\System32\powrprof.dll
0x00007fff1d8d0000 - 0x00007fff1d8da000 	C:\WINDOWS\System32\FLTLIB.DLL
0x00007fff18fc0000 - 0x00007fff18fda000 	D:\Program Files\Android Studio\jre\jre\bin\net.dll
0x00007fff1d150000 - 0x00007fff1d1b6000 	C:\WINDOWS\system32\mswsock.dll
0x00007fff18c60000 - 0x00007fff18c73000 	D:\Program Files\Android Studio\jre\jre\bin\nio.dll
0x00007fff0f130000 - 0x00007fff0f157000 	C:\Users\Дима\.gradle\native\f6784746aeab05261644944871eae4fe03e0ef1612fff0a4a95f87b438bc6780\windows-amd64\native-platform.dll
0x00007fff19ab0000 - 0x00007fff19abd000 	D:\Program Files\Android Studio\jre\jre\bin\management.dll
0x00007fff1d300000 - 0x00007fff1d317000 	C:\WINDOWS\SYSTEM32\CRYPTSP.dll
0x00007fff1cd40000 - 0x00007fff1cd73000 	C:\WINDOWS\system32\rsaenh.dll
0x00007fff1d430000 - 0x00007fff1d455000 	C:\WINDOWS\SYSTEM32\bcrypt.dll
0x00007fff1d7d0000 - 0x00007fff1d7f8000 	C:\WINDOWS\SYSTEM32\USERENV.dll
0x00007fff1d320000 - 0x00007fff1d32b000 	C:\WINDOWS\SYSTEM32\CRYPTBASE.dll
0x00007fff1cee0000 - 0x00007fff1cf18000 	C:\WINDOWS\SYSTEM32\IPHLPAPI.DLL
0x00007fff1f490000 - 0x00007fff1f498000 	C:\WINDOWS\System32\NSI.dll
0x00007fff14dc0000 - 0x00007fff14dd6000 	C:\WINDOWS\SYSTEM32\dhcpcsvc6.DLL
0x00007fff15580000 - 0x00007fff1559a000 	C:\WINDOWS\SYSTEM32\dhcpcsvc.DLL
0x00007fff15db0000 - 0x00007fff15dbb000 	C:\WINDOWS\SYSTEM32\WINNSI.DLL
0x00007fff1c9d0000 - 0x00007fff1ca01000 	C:\WINDOWS\SYSTEM32\ntmarta.dll
0x00007fff0ef10000 - 0x00007fff0f0ac000 	D:\Program Files\Android Studio\jre\jre\bin\awt.dll
0x00007fff1ecc0000 - 0x00007fff1ed82000 	C:\WINDOWS\System32\OLEAUT32.dll
0x00007fff1bb50000 - 0x00007fff1bb79000 	C:\WINDOWS\SYSTEM32\dwmapi.dll
0x00007fff1a210000 - 0x00007fff1a7d7000 	C:\WINDOWS\SYSTEM32\d2d1.dll
0x00007fff1aec0000 - 0x00007fff1af4b000 	C:\WINDOWS\SYSTEM32\apphelp.dll
0x00007fff1b050000 - 0x00007fff1b0e8000 	C:\WINDOWS\system32\uxtheme.dll
0x00007fff18c40000 - 0x00007fff18c5e000 	C:\Users\Дима\AppData\Local\Temp\native-platform1975340452873852941dir\native-platform.dll

VM Arguments:
jvm_args: -Xmx2048m -Dfile.encoding=UTF-8 -Duser.country=RU -Duser.language=ru -Duser.variant 
java_command: org.gradle.launcher.daemon.bootstrap.GradleDaemon 6.5
java_class_path (initial): C:\Users\Дима\.gradle\wrapper\dists\gradle-6.5-bin\6nifqtx7604sqp1q6g8wikw7p\gradle-6.5\lib\gradle-launcher-6.5.jar
Launcher Type: SUN_STANDARD

Environment Variables:
PATH=C:\Program Files (x86)\Common Files\Oracle\Java\javapath;C:\Program Files (x86)\Intel\iCLS Client\;C:\Program Files\Intel\iCLS Client\;C:\windows\system32;C:\windows;C:\windows\System32\Wbem;C:\windows\System32\WindowsPowerShell\v1.0\;C:\Program Files (x86)\Intel\Intel(R) Management Engine Components\DAL;C:\Program Files\Intel\Intel(R) Management Engine Components\DAL;C:\Program Files (x86)\Intel\Intel(R) Management Engine Components\IPT;C:\Program Files\Intel\Intel(R) Management Engine Components\IPT;C:\WINDOWS\system32;C:\WINDOWS;C:\WINDOWS\System32\Wbem;C:\WINDOWS\System32\WindowsPowerShell\v1.0\;C:\WINDOWS\System32\OpenSSH\;C:\Go\bin\bin;C:\Program Files (x86)\Common Files\Apple\Internet Services\;C:\Program Files\Microsoft VS Code\bin;C:\Program Files\Git\cmd;C:\php7;C:\Program Files\PuTTY\;C:\Program Files\CMake\bin;C:\Program Files (x86)\NVIDIA Corporation\PhysX\Common;C:\Program Files (x86)\Microsoft SQL Server\150\DTS\Binn\;C:\Program Files\Microsoft SQL Server\Client SDK\ODBC\170\Tools\Binn\;C:\Program Files (x86)\Microsoft SQL Server\150\Tools\Binn\;C:\Program Files\Microsoft SQL Server\150\Tools\Binn\;C:\Program Files\Microsoft SQL Server\150\DTS\Binn\;C:\Program Files\dotnet\;C:\Program Files\Microsoft SQL Server\130\Tools\Binn\;C:\Users\Дима\AppData\Local\Programs\Python\Python36-32\Scripts\;C:\Users\Дима\AppData\Local\Programs\Python\Python36-32\;C:\Users\Дима\AppData\Local\Microsoft\WindowsApps;C:\Users\Дима\go\bin;C:\Users\Дима\AppData\Local\GitHubDesktop\bin;C:\Program Files\heroku\bin
USERNAME=Dima
OS=Windows_NT
PROCESSOR_IDENTIFIER=Intel64 Family 6 Model 142 Stepping 9, GenuineIntel



---------------  S Y S T E M  ---------------

OS: Windows 10.0 , 64 bit Build 17134 (10.0.17134.753)

CPU:total 4 (initial active 4) (2 cores per cpu, 2 threads per core) family 6 model 142 stepping 9, cmov, cx8, fxsr, mmx, sse, sse2, sse3, ssse3, sse4.1, sse4.2, popcnt, avx, avx2, aes, clmul, erms, 3dnowpref, lzcnt, ht, tsc, tscinvbit, bmi1, bmi2, adx

Memory: 4k page, physical 6173924k(1096668k free), swap 6464856k(8528k free)

vm_info: OpenJDK 64-Bit Server VM (25.242-b01) for windows-amd64 JRE (1.8.0_242-release-1644-b01), built by "builder" with MS VC++ 10.0 (VS2010)

time: Wed Oct 21 22:09:04 2020
timezone: RTZ 2 (зима)
elapsed time: 61 seconds (0d 0h 1m 1s)

