#
# There is insufficient memory for the Java Runtime Environment to continue.
# Native memory allocation (malloc) failed to allocate 1884416 bytes for Chunk::new
# Possible reasons:
#   The system is out of physical RAM or swap space
#   The process is running with CompressedOops enabled, and the Java Heap may be blocking the growth of the native heap
# Possible solutions:
#   Reduce memory load on the system
#   Increase physical memory or swap space
#   Check if swap backing store is full
#   Decrease Java heap size (-Xmx/-Xms)
#   Decrease number of Java threads
#   Decrease Java thread stack sizes (-Xss)
#   Set larger code cache with -XX:ReservedCodeCacheSize=
#   JVM is running with Unscaled Compressed Oops mode in which the Java heap is
#     placed in the first 4GB address space. The Java Heap base address is the
#     maximum limit for the native heap growth. Please use -XX:HeapBaseMinAddress
#     to set the Java Heap base and to place the Java Heap above 4GB virtual address.
# This output file may be truncated or incomplete.
#
#  Out of Memory Error (allocation.cpp:389), pid=6376, tid=0x0000000000001b44
#
# JRE version: OpenJDK Runtime Environment (8.0_242-b01) (build 1.8.0_242-release-1644-b01)
# Java VM: OpenJDK 64-Bit Server VM (25.242-b01 mixed mode windows-amd64 compressed oops)
# Failed to write core dump. Minidumps are not enabled by default on client versions of Windows
#

---------------  T H R E A D  ---------------

Current thread (0x00000000173a8000):  JavaThread "C2 CompilerThread0" daemon [_thread_in_native, id=6980, stack(0x0000000018a00000,0x0000000018b00000)]

Stack: [0x0000000018a00000,0x0000000018b00000]
[error occurred during error reporting (printing stack bounds), id 0xc0000005]

Native frames: (J=compiled Java code, j=interpreted, Vv=VM code, C=native code)


Current CompileTask:
C2: 860271 24680       4       org.gradle.api.internal.artifacts.ivyservice.resolveengine.graph.builder.DependencyGraphBuilder::resolveEdges (43 bytes)


---------------  P R O C E S S  ---------------

Java Threads: ( => current thread )
  0x000000001a171800 JavaThread "Cache worker for execution history cache (D:\AndroidStudioProjects\labRK\.gradle\6.5\executionHistory)" [_thread_blocked, id=2900, stack(0x000000005ab80000,0x000000005ac80000)]
  0x000000001a173000 JavaThread "Execution worker for ':' Thread 3" [_thread_in_Java, id=6616, stack(0x000000005aa80000,0x000000005ab80000)]
  0x000000001a170800 JavaThread "Execution worker for ':' Thread 2" [_thread_blocked, id=4232, stack(0x000000005a980000,0x000000005aa80000)]
  0x000000001a172000 JavaThread "Execution worker for ':'" [_thread_blocked, id=1844, stack(0x000000005a880000,0x000000005a980000)]
  0x000000001a174800 JavaThread "Cache worker for file content cache (D:\AndroidStudioProjects\labRK\.gradle\6.5\fileContent)" [_thread_blocked, id=8180, stack(0x000000005a780000,0x000000005a880000)]
  0x000000001a169000 JavaThread "Cache worker for Build Output Cleanup Cache (D:\AndroidStudioProjects\labRK\.gradle\buildOutputCleanup)" [_thread_blocked, id=6668, stack(0x000000005a680000,0x000000005a780000)]
  0x000000001a170000 JavaThread "Build operations Thread 4" [_thread_blocked, id=1800, stack(0x000000005a580000,0x000000005a680000)]
  0x000000001a16f000 JavaThread "Build operations Thread 3" [_thread_blocked, id=10600, stack(0x000000005a480000,0x000000005a580000)]
  0x000000001a16d000 JavaThread "Build operations Thread 2" [_thread_blocked, id=4332, stack(0x000000005a380000,0x000000005a480000)]
  0x000000001a16e800 JavaThread "Build operations" [_thread_blocked, id=5720, stack(0x000000005a280000,0x000000005a380000)]
  0x000000001a16d800 JavaThread "Cache worker for cache directory md-rule (C:\Users\Р”РёРјР°\.gradle\caches\6.5\md-rule)" [_thread_blocked, id=10776, stack(0x000000005a180000,0x000000005a280000)]
  0x000000001a167000 JavaThread "Cache worker for cache directory md-supplier (C:\Users\Р”РёРјР°\.gradle\caches\6.5\md-supplier)" [_thread_blocked, id=7612, stack(0x000000005a080000,0x000000005a180000)]
  0x000000001a165800 JavaThread "Cache worker for checksums cache (D:\AndroidStudioProjects\labRK\.gradle\checksums)" [_thread_blocked, id=9176, stack(0x0000000059f80000,0x000000005a080000)]
  0x000000001a16c000 JavaThread "Cache worker for file hash cache (D:\AndroidStudioProjects\labRK\.gradle\6.5\fileHashes)" [_thread_blocked, id=3292, stack(0x0000000059e80000,0x0000000059f80000)]
  0x000000001a166000 JavaThread "Thread-728" [_thread_blocked, id=5692, stack(0x0000000059d80000,0x0000000059e80000)]
  0x000000001a168800 JavaThread "Stdin handler" [_thread_blocked, id=9708, stack(0x0000000059c80000,0x0000000059d80000)]
  0x000000001a16b800 JavaThread "Asynchronous log dispatcher for DefaultDaemonConnection: socket connection from /127.0.0.1:51921 to /127.0.0.1:52166" [_thread_blocked, id=6948, stack(0x0000000059b80000,0x0000000059c80000)]
  0x000000001a16a000 JavaThread "Cancel handler" [_thread_blocked, id=2496, stack(0x0000000059a80000,0x0000000059b80000)]
  0x000000001a167800 JavaThread "Handler for socket connection from /127.0.0.1:51921 to /127.0.0.1:52166" [_thread_in_native, id=10568, stack(0x0000000059980000,0x0000000059a80000)]
  0x000000001a16a800 JavaThread "ForkJoinPool.commonPool-worker-3" daemon [_thread_blocked, id=8004, stack(0x0000000058c80000,0x0000000058d80000)]
  0x000000001ae50800 JavaThread "RMI TCP Connection(8)-127.0.0.1" daemon [_thread_in_native, id=4148, stack(0x0000000058a80000,0x0000000058b80000)]
  0x000000001b1de000 JavaThread "jar transforms Thread 570" [_thread_blocked, id=8684, stack(0x0000000058280000,0x0000000058380000)]
  0x000000001b1d2800 JavaThread "jar transforms Thread 569" [_thread_blocked, id=7864, stack(0x0000000058180000,0x0000000058280000)]
  0x000000001b1d2000 JavaThread "jar transforms Thread 568" [_thread_blocked, id=7964, stack(0x0000000058080000,0x0000000058180000)]
  0x000000001b1d8000 JavaThread "jar transforms Thread 567" [_thread_blocked, id=6928, stack(0x0000000057f80000,0x0000000058080000)]
  0x000000001b1d0800 JavaThread "jar transforms Thread 566" [_thread_blocked, id=6116, stack(0x0000000057e80000,0x0000000057f80000)]
  0x000000001b1d7000 JavaThread "jar transforms Thread 565" [_thread_blocked, id=1428, stack(0x0000000057d80000,0x0000000057e80000)]
  0x000000001b1d6800 JavaThread "jar transforms Thread 564" [_thread_blocked, id=2652, stack(0x0000000057c80000,0x0000000057d80000)]
  0x000000001b1d5800 JavaThread "jar transforms Thread 563" [_thread_blocked, id=920, stack(0x0000000057b80000,0x0000000057c80000)]
  0x000000001b1d5000 JavaThread "jar transforms Thread 562" [_thread_blocked, id=5896, stack(0x0000000057a80000,0x0000000057b80000)]
  0x000000001b1d3800 JavaThread "jar transforms Thread 561" [_thread_blocked, id=10508, stack(0x0000000057980000,0x0000000057a80000)]
  0x0000000020038000 JavaThread "jar transforms Thread 560" [_thread_blocked, id=1364, stack(0x0000000057880000,0x0000000057980000)]
  0x0000000020037000 JavaThread "jar transforms Thread 559" [_thread_blocked, id=1448, stack(0x0000000057780000,0x0000000057880000)]
  0x0000000020035000 JavaThread "jar transforms Thread 558" [_thread_blocked, id=6820, stack(0x0000000057680000,0x0000000057780000)]
  0x0000000020038800 JavaThread "jar transforms Thread 557" [_thread_blocked, id=908, stack(0x0000000057580000,0x0000000057680000)]
  0x0000000020035800 JavaThread "jar transforms Thread 556" [_thread_blocked, id=10820, stack(0x0000000057480000,0x0000000057580000)]
  0x0000000020034000 JavaThread "jar transforms Thread 555" [_thread_blocked, id=7212, stack(0x0000000057380000,0x0000000057480000)]
  0x0000000020032800 JavaThread "jar transforms Thread 554" [_thread_blocked, id=3952, stack(0x0000000057280000,0x0000000057380000)]
  0x0000000020033800 JavaThread "jar transforms Thread 553" [_thread_blocked, id=3488, stack(0x0000000057180000,0x0000000057280000)]
  0x0000000020036800 JavaThread "jar transforms Thread 552" [_thread_blocked, id=2356, stack(0x0000000057080000,0x0000000057180000)]
  0x0000000020039800 JavaThread "jar transforms Thread 551" [_thread_blocked, id=2512, stack(0x0000000056f80000,0x0000000057080000)]
  0x000000002002b000 JavaThread "jar transforms Thread 550" [_thread_blocked, id=3060, stack(0x0000000056e80000,0x0000000056f80000)]
  0x0000000020030800 JavaThread "jar transforms Thread 549" [_thread_blocked, id=7256, stack(0x0000000056d80000,0x0000000056e80000)]
  0x000000002002f800 JavaThread "jar transforms Thread 548" [_thread_blocked, id=9560, stack(0x0000000056c80000,0x0000000056d80000)]
  0x000000002002f000 JavaThread "jar transforms Thread 547" [_thread_blocked, id=5292, stack(0x0000000056b80000,0x0000000056c80000)]
  0x000000002002e000 JavaThread "jar transforms Thread 546" [_thread_blocked, id=3064, stack(0x0000000056a80000,0x0000000056b80000)]
  0x0000000020032000 JavaThread "jar transforms Thread 545" [_thread_blocked, id=2360, stack(0x0000000056980000,0x0000000056a80000)]
  0x0000000020031000 JavaThread "jar transforms Thread 544" [_thread_blocked, id=3568, stack(0x0000000056880000,0x0000000056980000)]
  0x000000002036f000 JavaThread "jar transforms Thread 543" [_thread_blocked, id=9808, stack(0x0000000056780000,0x0000000056880000)]
  0x000000002036d800 JavaThread "jar transforms Thread 542" [_thread_blocked, id=11232, stack(0x0000000056680000,0x0000000056780000)]
  0x000000002036d000 JavaThread "jar transforms Thread 541" [_thread_blocked, id=10904, stack(0x0000000056580000,0x0000000056680000)]
  0x000000002036e800 JavaThread "jar transforms Thread 540" [_thread_blocked, id=11204, stack(0x0000000056480000,0x0000000056580000)]
  0x0000000020365800 JavaThread "jar transforms Thread 539" [_thread_blocked, id=832, stack(0x0000000056380000,0x0000000056480000)]
  0x000000002036c000 JavaThread "jar transforms Thread 538" [_thread_blocked, id=3936, stack(0x0000000056280000,0x0000000056380000)]
  0x0000000020369000 JavaThread "jar transforms Thread 537" [_thread_blocked, id=10464, stack(0x0000000056180000,0x0000000056280000)]
  0x000000002036a800 JavaThread "jar transforms Thread 536" [_thread_blocked, id=4672, stack(0x0000000056080000,0x0000000056180000)]
  0x000000002036b800 JavaThread "jar transforms Thread 535" [_thread_blocked, id=9664, stack(0x0000000055f80000,0x0000000056080000)]
  0x0000000020368800 JavaThread "jar transforms Thread 534" [_thread_blocked, id=1732, stack(0x0000000055e80000,0x0000000055f80000)]
  0x0000000020367800 JavaThread "jar transforms Thread 533" [_thread_blocked, id=8352, stack(0x0000000055d80000,0x0000000055e80000)]
  0x0000000020364800 JavaThread "jar transforms Thread 532" [_thread_blocked, id=9752, stack(0x0000000055c80000,0x0000000055d80000)]
  0x0000000020360000 JavaThread "jar transforms Thread 531" [_thread_blocked, id=9700, stack(0x0000000055b80000,0x0000000055c80000)]
  0x0000000020364000 JavaThread "jar transforms Thread 530" [_thread_blocked, id=3864, stack(0x0000000055a80000,0x0000000055b80000)]
  0x0000000020361800 JavaThread "jar transforms Thread 529" [_thread_blocked, id=460, stack(0x0000000055980000,0x0000000055a80000)]
  0x0000000020367000 JavaThread "jar transforms Thread 528" [_thread_blocked, id=9316, stack(0x0000000055880000,0x0000000055980000)]
  0x0000000020366000 JavaThread "jar transforms Thread 527" [_thread_blocked, id=10456, stack(0x0000000055780000,0x0000000055880000)]
  0x000000001af28000 JavaThread "jar transforms Thread 526" [_thread_blocked, id=2728, stack(0x0000000055680000,0x0000000055780000)]
  0x000000001af25800 JavaThread "jar transforms Thread 525" [_thread_blocked, id=5224, stack(0x0000000055580000,0x0000000055680000)]
  0x000000001af27000 JavaThread "jar transforms Thread 524" [_thread_blocked, id=7000, stack(0x0000000055480000,0x0000000055580000)]
  0x000000001af2b000 JavaThread "jar transforms Thread 523" [_thread_blocked, id=9832, stack(0x0000000055380000,0x0000000055480000)]
  0x000000001af26800 JavaThread "jar transforms Thread 522" [_thread_blocked, id=7016, stack(0x0000000055280000,0x0000000055380000)]
  0x000000001af25000 JavaThread "jar transforms Thread 521" [_thread_blocked, id=6260, stack(0x0000000055180000,0x0000000055280000)]
  0x000000001af24000 JavaThread "jar transforms Thread 520" [_thread_blocked, id=5180, stack(0x0000000055080000,0x0000000055180000)]
  0x000000001af2a000 JavaThread "jar transforms Thread 519" [_thread_blocked, id=7860, stack(0x0000000054f80000,0x0000000055080000)]
  0x000000001af29800 JavaThread "jar transforms Thread 518" [_thread_blocked, id=7408, stack(0x0000000054e80000,0x0000000054f80000)]
  0x000000001af1c800 JavaThread "jar transforms Thread 517" [_thread_blocked, id=8492, stack(0x0000000054d80000,0x0000000054e80000)]
  0x000000001af23800 JavaThread "jar transforms Thread 516" [_thread_blocked, id=10724, stack(0x0000000054c80000,0x0000000054d80000)]
  0x000000001af1b800 JavaThread "jar transforms Thread 515" [_thread_blocked, id=9592, stack(0x0000000054b80000,0x0000000054c80000)]
  0x000000001af22800 JavaThread "jar transforms Thread 514" [_thread_blocked, id=5264, stack(0x0000000054a80000,0x0000000054b80000)]
  0x000000001af22000 JavaThread "jar transforms Thread 513" [_thread_blocked, id=3724, stack(0x0000000054980000,0x0000000054a80000)]
  0x000000001af1f800 JavaThread "jar transforms Thread 512" [_thread_blocked, id=10536, stack(0x0000000054880000,0x0000000054980000)]
  0x000000001af1f000 JavaThread "jar transforms Thread 511" [_thread_blocked, id=1984, stack(0x0000000054780000,0x0000000054880000)]
  0x000000001af21000 JavaThread "jar transforms Thread 510" [_thread_blocked, id=10084, stack(0x0000000054680000,0x0000000054780000)]
  0x000000001af1d800 JavaThread "jar transforms Thread 509" [_thread_blocked, id=6380, stack(0x0000000054580000,0x0000000054680000)]
  0x000000001b864800 JavaThread "jar transforms Thread 508" [_thread_blocked, id=9496, stack(0x0000000054480000,0x0000000054580000)]
  0x000000001b864000 JavaThread "jar transforms Thread 507" [_thread_blocked, id=10692, stack(0x0000000054380000,0x0000000054480000)]
  0x000000001b866000 JavaThread "jar transforms Thread 506" [_thread_blocked, id=6700, stack(0x0000000054280000,0x0000000054380000)]
  0x000000001b865800 JavaThread "jar transforms Thread 505" [_thread_blocked, id=6324, stack(0x0000000054180000,0x0000000054280000)]
  0x000000001b863000 JavaThread "jar transforms Thread 504" [_thread_blocked, id=6084, stack(0x0000000054080000,0x0000000054180000)]
  0x000000001b85b800 JavaThread "jar transforms Thread 503" [_thread_blocked, id=8152, stack(0x0000000053f80000,0x0000000054080000)]
  0x000000001b861800 JavaThread "jar transforms Thread 502" [_thread_blocked, id=2528, stack(0x0000000053e80000,0x0000000053f80000)]
  0x000000001b85b000 JavaThread "jar transforms Thread 501" [_thread_blocked, id=2336, stack(0x0000000053d80000,0x0000000053e80000)]
  0x000000001b861000 JavaThread "jar transforms Thread 500" [_thread_blocked, id=10672, stack(0x0000000053c80000,0x0000000053d80000)]
  0x000000001b85c800 JavaThread "jar transforms Thread 499" [_thread_blocked, id=10908, stack(0x0000000053b80000,0x0000000053c80000)]
  0x000000001b859800 JavaThread "jar transforms Thread 498" [_thread_blocked, id=6176, stack(0x0000000053a80000,0x0000000053b80000)]
  0x000000001b860000 JavaThread "jar transforms Thread 497" [_thread_blocked, id=10208, stack(0x0000000053980000,0x0000000053a80000)]
  0x000000001b85f800 JavaThread "jar transforms Thread 496" [_thread_blocked, id=2896, stack(0x0000000053880000,0x0000000053980000)]
  0x000000001b858000 JavaThread "jar transforms Thread 495" [_thread_blocked, id=2120, stack(0x0000000053780000,0x0000000053880000)]
  0x000000001b85e000 JavaThread "jar transforms Thread 494" [_thread_blocked, id=6192, stack(0x0000000053680000,0x0000000053780000)]
  0x000000001b85a000 JavaThread "jar transforms Thread 493" [_thread_blocked, id=3220, stack(0x0000000053580000,0x0000000053680000)]
  0x000000001b858800 JavaThread "jar transforms Thread 492" [_thread_blocked, id=1512, stack(0x0000000053480000,0x0000000053580000)]
  0x000000001b85d000 JavaThread "jar transforms Thread 491" [_thread_blocked, id=656, stack(0x0000000053380000,0x0000000053480000)]
  0x000000001b857000 JavaThread "jar transforms Thread 490" [_thread_blocked, id=7660, stack(0x0000000053280000,0x0000000053380000)]
  0x000000001a3c8000 JavaThread "jar transforms Thread 489" [_thread_blocked, id=5740, stack(0x0000000053180000,0x0000000053280000)]
  0x000000001a3c6800 JavaThread "jar transforms Thread 488" [_thread_blocked, id=7928, stack(0x0000000053080000,0x0000000053180000)]
  0x000000001a3c4800 JavaThread "jar transforms Thread 487" [_thread_blocked, id=6024, stack(0x0000000052f80000,0x0000000053080000)]
  0x000000001a3c6000 JavaThread "jar transforms Thread 486" [_thread_blocked, id=10624, stack(0x0000000052e80000,0x0000000052f80000)]
  0x000000001a3c3800 JavaThread "jar transforms Thread 485" [_thread_blocked, id=7156, stack(0x0000000052d80000,0x0000000052e80000)]
  0x000000001a3c3000 JavaThread "jar transforms Thread 484" [_thread_blocked, id=8176, stack(0x0000000052c80000,0x0000000052d80000)]
  0x000000001a3c2000 JavaThread "jar transforms Thread 483" [_thread_blocked, id=3700, stack(0x0000000052b80000,0x0000000052c80000)]
  0x000000001a3c7800 JavaThread "jar transforms Thread 482" [_thread_blocked, id=620, stack(0x0000000052a80000,0x0000000052b80000)]
  0x000000001a3c5000 JavaThread "jar transforms Thread 481" [_thread_blocked, id=6292, stack(0x0000000052980000,0x0000000052a80000)]
  0x000000001a3ba800 JavaThread "jar transforms Thread 480" [_thread_blocked, id=2676, stack(0x0000000052880000,0x0000000052980000)]
  0x000000001a3c0800 JavaThread "jar transforms Thread 479" [_thread_blocked, id=1356, stack(0x0000000052780000,0x0000000052880000)]
  0x000000001a3c0000 JavaThread "jar transforms Thread 478" [_thread_blocked, id=10936, stack(0x0000000052680000,0x0000000052780000)]
  0x000000001a3b9000 JavaThread "jar transforms Thread 477" [_thread_blocked, id=1048, stack(0x0000000052580000,0x0000000052680000)]
  0x000000001a3bd000 JavaThread "jar transforms Thread 476" [_thread_blocked, id=1816, stack(0x0000000052480000,0x0000000052580000)]
  0x000000001a3bf000 JavaThread "jar transforms Thread 475" [_thread_blocked, id=7196, stack(0x0000000052380000,0x0000000052480000)]
  0x000000001a3be800 JavaThread "jar transforms Thread 474" [_thread_blocked, id=1604, stack(0x0000000052280000,0x0000000052380000)]
  0x000000001a3bb800 JavaThread "jar transforms Thread 473" [_thread_blocked, id=5868, stack(0x0000000052180000,0x0000000052280000)]
  0x000000001a3ba000 JavaThread "jar transforms Thread 472" [_thread_blocked, id=2836, stack(0x0000000052080000,0x0000000052180000)]
  0x000000001a3bd800 JavaThread "jar transforms Thread 471" [_thread_blocked, id=2280, stack(0x0000000051f80000,0x0000000052080000)]
  0x000000001ef13800 JavaThread "jar transforms Thread 470" [_thread_blocked, id=7136, stack(0x0000000051e80000,0x0000000051f80000)]
  0x000000001ef16800 JavaThread "jar transforms Thread 469" [_thread_blocked, id=1036, stack(0x0000000051d80000,0x0000000051e80000)]
  0x000000001ef12800 JavaThread "jar transforms Thread 468" [_thread_blocked, id=5920, stack(0x0000000051c80000,0x0000000051d80000)]
  0x000000001ef17000 JavaThread "jar transforms Thread 467" [_thread_blocked, id=7888, stack(0x0000000051b80000,0x0000000051c80000)]
  0x000000001ef11000 JavaThread "jar transforms Thread 466" [_thread_blocked, id=10012, stack(0x0000000051a80000,0x0000000051b80000)]
  0x000000001ef15800 JavaThread "jar transforms Thread 465" [_thread_blocked, id=8432, stack(0x0000000051980000,0x0000000051a80000)]
  0x000000001ef15000 JavaThread "jar transforms Thread 464" [_thread_blocked, id=8256, stack(0x0000000051880000,0x0000000051980000)]
  0x000000001ef12000 JavaThread "jar transforms Thread 463" [_thread_blocked, id=1580, stack(0x0000000051780000,0x0000000051880000)]
  0x000000001ef09800 JavaThread "jar transforms Thread 462" [_thread_blocked, id=4016, stack(0x0000000051680000,0x0000000051780000)]
  0x000000001ef10800 JavaThread "jar transforms Thread 461" [_thread_blocked, id=1768, stack(0x0000000051580000,0x0000000051680000)]
  0x000000001ef08800 JavaThread "jar transforms Thread 460" [_thread_blocked, id=1612, stack(0x0000000051480000,0x0000000051580000)]
  0x000000001ef0f800 JavaThread "jar transforms Thread 459" [_thread_blocked, id=9992, stack(0x0000000051380000,0x0000000051480000)]
  0x000000001ef0e000 JavaThread "jar transforms Thread 458" [_thread_blocked, id=4760, stack(0x0000000051280000,0x0000000051380000)]
  0x000000001ef0c800 JavaThread "jar transforms Thread 457" [_thread_blocked, id=9092, stack(0x0000000051180000,0x0000000051280000)]
  0x000000001a01d000 JavaThread "Daemon worker Thread 4" [_thread_blocked, id=1936, stack(0x0000000050580000,0x0000000050680000)]
  0x000000001a01c800 JavaThread "Daemon Thread 4" [_thread_blocked, id=6976, stack(0x0000000050280000,0x0000000050380000)]
  0x000000001b1dd000 JavaThread "Cache worker for Java compile cache (C:\Users\Р”РёРјР°\.gradle\caches\6.5\javaCompile)" [_thread_blocked, id=5852, stack(0x000000002dea0000,0x000000002dfa0000)]
  0x000000001b1db800 JavaThread "RMI Reaper" [_thread_blocked, id=4076, stack(0x000000002dca0000,0x000000002dda0000)]
  0x000000001b1db000 JavaThread "RMI TCP Accept-0" daemon [_thread_in_native, id=1528, stack(0x000000002dba0000,0x000000002dca0000)]
  0x000000001b1da000 JavaThread "GC Daemon" daemon [_thread_blocked, id=3272, stack(0x000000002daa0000,0x000000002dba0000)]
  0x000000001b1d9800 JavaThread "RMI Scheduler(0)" daemon [_thread_blocked, id=6744, stack(0x000000002d8a0000,0x000000002d9a0000)]
  0x000000001af28800 JavaThread "Memory manager" [_thread_blocked, id=3908, stack(0x0000000029940000,0x0000000029a40000)]
  0x000000001ae52000 JavaThread "Cache worker for file content cache (C:\Users\Р”РёРјР°\.gradle\caches\6.5\fileContent)" [_thread_blocked, id=6716, stack(0x0000000021830000,0x0000000021930000)]
  0x000000001ae51000 JavaThread "Cache worker for execution history cache (C:\Users\Р”РёРјР°\.gradle\caches\6.5\executionHistory)" [_thread_blocked, id=6336, stack(0x0000000021030000,0x0000000021130000)]
  0x000000001ae4d800 JavaThread "Cache worker for file hash cache (C:\Users\Р”РёРјР°\.gradle\caches\6.5\fileHashes)" [_thread_blocked, id=7404, stack(0x000000001d420000,0x000000001d520000)]
  0x000000001ae53800 JavaThread "File lock request listener" [_thread_in_native, id=6832, stack(0x000000001d320000,0x000000001d420000)]
  0x000000001b010800 JavaThread "Cache worker for journal cache (C:\Users\Р”РёРјР°\.gradle\caches\journal-1)" [_thread_blocked, id=10584, stack(0x000000001d120000,0x000000001d220000)]
  0x000000001ad0b800 JavaThread "Daemon periodic checks" [_thread_blocked, id=3612, stack(0x000000001c520000,0x000000001c620000)]
  0x000000001ad00800 JavaThread "Incoming local TCP Connector on port 51921" [_thread_in_native, id=10876, stack(0x000000001c2e0000,0x000000001c3e0000)]
  0x00000000196ac000 JavaThread "Daemon health stats" [_thread_blocked, id=2484, stack(0x000000001bca0000,0x000000001bda0000)]
  0x0000000018d3c800 JavaThread "Service Thread" daemon [_thread_blocked, id=2856, stack(0x0000000019100000,0x0000000019200000)]
  0x00000000173b6000 JavaThread "C1 CompilerThread2" daemon [_thread_in_vm, id=3144, stack(0x0000000018c00000,0x0000000018d00000)]
  0x00000000173b0000 JavaThread "C2 CompilerThread1" daemon [_thread_in_native, id=10156, stack(0x0000000018b00000,0x0000000018c00000)]
=>0x00000000173a8000 JavaThread "C2 CompilerThread0" daemon [_thread_in_native, id=6980, stack(0x0000000018a00000,0x0000000018b00000)]
  0x00000000173a6800 JavaThread "Attach Listener" daemon [_thread_blocked, id=2792, stack(0x0000000018900000,0x0000000018a00000)]
  0x00000000173a4800 JavaThread "Signal Dispatcher" daemon [_thread_blocked, id=5400, stack(0x0000000018800000,0x0000000018900000)]
  0x000000000277a800 JavaThread "Finalizer" daemon [_thread_blocked, id=10252, stack(0x0000000018600000,0x0000000018700000)]
  0x0000000002772000 JavaThread "Reference Handler" daemon [_thread_blocked, id=10556, stack(0x0000000018500000,0x0000000018600000)]
  0x000000000254e000 JavaThread "main" [_thread_blocked, id=5748, stack(0x0000000002580000,0x0000000002680000)]

Other Threads:
  0x0000000017366000 VMThread [stack: 0x0000000018400000,0x0000000018500000] [id=3452]
  0x0000000018d45000 WatcherThread [stack: 0x0000000019200000,0x0000000019300000] [id=496]

VM state:not at safepoint (normal execution)

VM Mutex/Monitor currently owned by a thread:  ([mutex/lock_event])
[0x0000000002680850] CompiledIC_lock - owner thread: 0x0000000000000000

OutOfMemory and StackOverflow Exception counts:
OutOfMemoryError java_heap_errors=1

heap address: 0x0000000080000000, size: 2048 MB, Compressed Oops mode: 32-bit
Narrow klass base: 0x0000000000000000, Narrow klass shift: 3
Compressed class space size: 1073741824 Address: 0x0000000100000000

Heap:
 PSYoungGen      total 415232K, used 338470K [0x00000000d5580000, 0x0000000100000000, 0x0000000100000000)
  eden space 272896K, 71% used [0x00000000d5580000,0x00000000e1516fe0,0x00000000e6000000)
  from space 142336K, 99% used [0x00000000e6000000,0x00000000eeaf2898,0x00000000eeb00000)
  to   space 219648K, 0% used [0x00000000f2980000,0x00000000f2980000,0x0000000100000000)
 ParOldGen       total 400896K, used 240859K [0x0000000080000000, 0x0000000098780000, 0x00000000d5580000)
  object space 400896K, 60% used [0x0000000080000000,0x000000008eb36ce0,0x0000000098780000)
 Metaspace       used 132342K, capacity 138940K, committed 139096K, reserved 1171456K
  class space    used 16693K, capacity 17976K, committed 18048K, reserved 1048576K

Card table byte_map: [0x0000000011b40000,0x0000000011f50000] byte_map_base: 0x0000000011740000

Marking Bits: (ParMarkBitMap*) 0x000000005de5f030
 Begin Bits: [0x0000000012600000, 0x0000000014600000)
 End Bits:   [0x0000000014600000, 0x0000000016600000)

Polling page: 0x0000000000800000

CodeCache: size=245760Kb used=65722Kb max_used=66041Kb free=180037Kb
 bounds [0x0000000002780000, 0x0000000006860000, 0x0000000011780000]
 total_blobs=20048 nmethods=19130 adapters=828
 compilation: enabled

Compilation events (10 events):
Event: 859.990 Thread 0x00000000173b0000 nmethod 24845 0x0000000002d047d0 code [0x0000000002d04920, 0x0000000002d04a78]
Event: 859.993 Thread 0x00000000173b0000 24846       4       org.gradle.api.internal.artifacts.ModuleComponentSelectorSerializer::read (50 bytes)
Event: 859.994 Thread 0x00000000173b6000 24848       3       org.gradle.api.internal.artifacts.ivyservice.resolveengine.graph.conflicts.CompositeConflictResolver$CompositeDetails::getCandidates (10 bytes)
Event: 859.994 Thread 0x00000000173b6000 nmethod 24848 0x0000000002c63090 code [0x0000000002c63200, 0x0000000002c63428]
Event: 859.995 Thread 0x00000000173b6000 24849       3       org.gradle.api.internal.artifacts.ivyservice.resolveengine.graph.conflicts.DefaultConflictResolverDetails::select (6 bytes)
Event: 859.996 Thread 0x00000000173b6000 nmethod 24849 0x0000000003af88d0 code [0x0000000003af8a20, 0x0000000003af8b90]
Event: 860.095 Thread 0x00000000173b6000 24851       3       org.gradle.internal.component.external.model.AbstractVariantBackedConfigurationMetadata::getAttributes (15 bytes)
Event: 860.095 Thread 0x00000000173b6000 nmethod 24851 0x00000000044ab9d0 code [0x00000000044abb40, 0x00000000044abe18]
Event: 860.124 Thread 0x00000000173b6000 24852       3       org.gradle.api.internal.artifacts.ivyservice.resolveengine.graph.conflicts.VersionConflictResolutionDetails::getDisplayName (119 bytes)
Event: 860.125 Thread 0x00000000173b6000 nmethod 24852 0x00000000048a1910 code [0x00000000048a1b80, 0x00000000048a2bb8]

GC Heap History (10 events):
Event: 851.650 GC heap before
{Heap before GC invocations=39 (full 6):
 PSYoungGen      total 479744K, used 362107K [0x00000000d5580000, 0x00000000fee00000, 0x0000000100000000)
  eden space 297472K, 100% used [0x00000000d5580000,0x00000000e7800000,0x00000000e7800000)
  from space 182272K, 35% used [0x00000000f3c00000,0x00000000f7b1eda8,0x00000000fee00000)
  to   space 191488K, 0% used [0x00000000e7800000,0x00000000e7800000,0x00000000f3300000)
 ParOldGen       total 400896K, used 239443K [0x0000000080000000, 0x0000000098780000, 0x00000000d5580000)
  object space 400896K, 59% used [0x0000000080000000,0x000000008e9d4cc0,0x0000000098780000)
 Metaspace       used 132114K, capacity 138704K, committed 138840K, reserved 1169408K
  class space    used 16686K, capacity 17970K, committed 18048K, reserved 1048576K
Event: 851.692 GC heap after
Heap after GC invocations=39 (full 6):
 PSYoungGen      total 488960K, used 30094K [0x00000000d5580000, 0x0000000100000000, 0x0000000100000000)
  eden space 297472K, 0% used [0x00000000d5580000,0x00000000d5580000,0x00000000e7800000)
  from space 191488K, 15% used [0x00000000e7800000,0x00000000e9563878,0x00000000f3300000)
  to   space 188928K, 0% used [0x00000000f4780000,0x00000000f4780000,0x0000000100000000)
 ParOldGen       total 400896K, used 239451K [0x0000000080000000, 0x0000000098780000, 0x00000000d5580000)
  object space 400896K, 59% used [0x0000000080000000,0x000000008e9d6cc0,0x0000000098780000)
 Metaspace       used 132114K, capacity 138704K, committed 138840K, reserved 1169408K
  class space    used 16686K, capacity 17970K, committed 18048K, reserved 1048576K
}
Event: 852.195 GC heap before
{Heap before GC invocations=40 (full 6):
 PSYoungGen      total 488960K, used 327566K [0x00000000d5580000, 0x0000000100000000, 0x0000000100000000)
  eden space 297472K, 100% used [0x00000000d5580000,0x00000000e7800000,0x00000000e7800000)
  from space 191488K, 15% used [0x00000000e7800000,0x00000000e9563878,0x00000000f3300000)
  to   space 188928K, 0% used [0x00000000f4780000,0x00000000f4780000,0x0000000100000000)
 ParOldGen       total 400896K, used 239451K [0x0000000080000000, 0x0000000098780000, 0x00000000d5580000)
  object space 400896K, 59% used [0x0000000080000000,0x000000008e9d6cc0,0x0000000098780000)
 Metaspace       used 132116K, capacity 138704K, committed 138840K, reserved 1169408K
  class space    used 16686K, capacity 17970K, committed 18048K, reserved 1048576K
Event: 852.253 GC heap after
Heap after GC invocations=40 (full 6):
 PSYoungGen      total 499712K, used 119757K [0x00000000d5580000, 0x0000000100000000, 0x0000000100000000)
  eden space 310784K, 0% used [0x00000000d5580000,0x00000000d5580000,0x00000000e8500000)
  from space 188928K, 63% used [0x00000000f4780000,0x00000000fbc735c0,0x0000000100000000)
  to   space 194048K, 0% used [0x00000000e8500000,0x00000000e8500000,0x00000000f4280000)
 ParOldGen       total 400896K, used 239451K [0x0000000080000000, 0x0000000098780000, 0x00000000d5580000)
  object space 400896K, 59% used [0x0000000080000000,0x000000008e9d6cc0,0x0000000098780000)
 Metaspace       used 132116K, capacity 138704K, committed 138840K, reserved 1169408K
  class space    used 16686K, capacity 17970K, committed 18048K, reserved 1048576K
}
Event: 852.699 GC heap before
{Heap before GC invocations=41 (full 6):
 PSYoungGen      total 499712K, used 430541K [0x00000000d5580000, 0x0000000100000000, 0x0000000100000000)
  eden space 310784K, 100% used [0x00000000d5580000,0x00000000e8500000,0x00000000e8500000)
  from space 188928K, 63% used [0x00000000f4780000,0x00000000fbc735c0,0x0000000100000000)
  to   space 194048K, 0% used [0x00000000e8500000,0x00000000e8500000,0x00000000f4280000)
 ParOldGen       total 400896K, used 239451K [0x0000000080000000, 0x0000000098780000, 0x00000000d5580000)
  object space 400896K, 59% used [0x0000000080000000,0x000000008e9d6cc0,0x0000000098780000)
 Metaspace       used 132120K, capacity 138704K, committed 138840K, reserved 1169408K
  class space    used 16686K, capacity 17970K, committed 18048K, reserved 1048576K
Event: 852.812 GC heap after
Heap after GC invocations=41 (full 6):
 PSYoungGen      total 464384K, used 153543K [0x00000000d5580000, 0x0000000100000000, 0x0000000100000000)
  eden space 310784K, 0% used [0x00000000d5580000,0x00000000d5580000,0x00000000e8500000)
  from space 153600K, 99% used [0x00000000e8500000,0x00000000f1af1eb0,0x00000000f1b00000)
  to   space 209920K, 0% used [0x00000000f3300000,0x00000000f3300000,0x0000000100000000)
 ParOldGen       total 400896K, used 239459K [0x0000000080000000, 0x0000000098780000, 0x00000000d5580000)
  object space 400896K, 59% used [0x0000000080000000,0x000000008e9d8cc0,0x0000000098780000)
 Metaspace       used 132120K, capacity 138704K, committed 138840K, reserved 1169408K
  class space    used 16686K, capacity 17970K, committed 18048K, reserved 1048576K
}
Event: 853.572 GC heap before
{Heap before GC invocations=42 (full 6):
 PSYoungGen      total 464384K, used 464327K [0x00000000d5580000, 0x0000000100000000, 0x0000000100000000)
  eden space 310784K, 100% used [0x00000000d5580000,0x00000000e8500000,0x00000000e8500000)
  from space 153600K, 99% used [0x00000000e8500000,0x00000000f1af1eb0,0x00000000f1b00000)
  to   space 209920K, 0% used [0x00000000f3300000,0x00000000f3300000,0x0000000100000000)
 ParOldGen       total 400896K, used 239459K [0x0000000080000000, 0x0000000098780000, 0x00000000d5580000)
  object space 400896K, 59% used [0x0000000080000000,0x000000008e9d8cc0,0x0000000098780000)
 Metaspace       used 132160K, capacity 138776K, committed 139096K, reserved 1171456K
  class space    used 16686K, capacity 17970K, committed 18048K, reserved 1048576K
Event: 853.668 GC heap after
Heap after GC invocations=42 (full 6):
 PSYoungGen      total 482816K, used 128405K [0x00000000d5580000, 0x0000000100000000, 0x0000000100000000)
  eden space 272896K, 0% used [0x00000000d5580000,0x00000000d5580000,0x00000000e6000000)
  from space 209920K, 61% used [0x00000000f3300000,0x00000000fb0655d0,0x0000000100000000)
  to   space 212992K, 0% used [0x00000000e6000000,0x00000000e6000000,0x00000000f3000000)
 ParOldGen       total 400896K, used 240715K [0x0000000080000000, 0x0000000098780000, 0x00000000d5580000)
  object space 400896K, 60% used [0x0000000080000000,0x000000008eb12cd0,0x0000000098780000)
 Metaspace       used 132160K, capacity 138776K, committed 139096K, reserved 1171456K
  class space    used 16686K, capacity 17970K, committed 18048K, reserved 1048576K
}
Event: 854.769 GC heap before
{Heap before GC invocations=43 (full 6):
 PSYoungGen      total 482816K, used 401301K [0x00000000d5580000, 0x0000000100000000, 0x0000000100000000)
  eden space 272896K, 100% used [0x00000000d5580000,0x00000000e6000000,0x00000000e6000000)
  from space 209920K, 61% used [0x00000000f3300000,0x00000000fb0655d0,0x0000000100000000)
  to   space 212992K, 0% used [0x00000000e6000000,0x00000000e6000000,0x00000000f3000000)
 ParOldGen       total 400896K, used 240715K [0x0000000080000000, 0x0000000098780000, 0x00000000d5580000)
  object space 400896K, 60% used [0x0000000080000000,0x000000008eb12cd0,0x0000000098780000)
 Metaspace       used 132179K, capacity 138776K, committed 139096K, reserved 1171456K
  class space    used 16687K, capacity 17970K, committed 18048K, reserved 1048576K
Event: 854.928 GC heap after
Heap after GC invocations=43 (full 6):
 PSYoungGen      total 415232K, used 142282K [0x00000000d5580000, 0x0000000100000000, 0x0000000100000000)
  eden space 272896K, 0% used [0x00000000d5580000,0x00000000d5580000,0x00000000e6000000)
  from space 142336K, 99% used [0x00000000e6000000,0x00000000eeaf2898,0x00000000eeb00000)
  to   space 219648K, 0% used [0x00000000f2980000,0x00000000f2980000,0x0000000100000000)
 ParOldGen       total 400896K, used 240859K [0x0000000080000000, 0x0000000098780000, 0x00000000d5580000)
  object space 400896K, 60% used [0x0000000080000000,0x000000008eb36ce0,0x0000000098780000)
 Metaspace       used 132179K, capacity 138776K, committed 139096K, reserved 1171456K
  class space    used 16687K, capacity 17970K, committed 18048K, reserved 1048576K
}

Deoptimization events (10 events):
Event: 855.423 Thread 0x000000001ae4f800 Uncommon trap: reason=unstable_if action=reinterpret pc=0x0000000004685d68 method=java.util.stream.MatchOps$BooleanTerminalSink.<init>(Ljava/util/stream/MatchOps$MatchKind;)V @ 9
Event: 855.478 Thread 0x000000001ae4c800 Uncommon trap: reason=class_check action=maybe_recompile pc=0x0000000002e24440 method=java.lang.Throwable.<init>(Ljava/lang/String;Ljava/lang/Throwable;)V @ 24
Event: 855.488 Thread 0x000000001ae4c800 Uncommon trap: reason=class_check action=maybe_recompile pc=0x00000000043d1e50 method=com.google.common.collect.SortedIterables.hasSameComparator(Ljava/util/Comparator;Ljava/lang/Iterable;)Z @ 11
Event: 855.504 Thread 0x000000001a01d000 Uncommon trap: reason=bimorphic action=maybe_recompile pc=0x0000000005cb605c method=org.gradle.internal.logging.text.AbstractStyledTextOutput.text(Ljava/lang/Object;)Lorg/gradle/internal/logging/text/StyledTextOutput; @ 11
Event: 855.504 Thread 0x000000001a01d000 Uncommon trap: reason=bimorphic action=maybe_recompile pc=0x0000000005cb605c method=org.gradle.internal.logging.text.AbstractStyledTextOutput.text(Ljava/lang/Object;)Lorg/gradle/internal/logging/text/StyledTextOutput; @ 11
Event: 855.505 Thread 0x000000001a01d000 Uncommon trap: reason=bimorphic action=maybe_recompile pc=0x0000000005ccbe2c method=com.google.common.cache.LocalCache$Segment.get(Ljava/lang/Object;I)Ljava/lang/Object; @ 44
Event: 855.506 Thread 0x000000001a01d000 Uncommon trap: reason=unstable_if action=reinterpret pc=0x0000000005d79390 method=java.io.ObjectOutputStream.writeObject0(Ljava/lang/Object;Z)V @ 498
Event: 855.507 Thread 0x000000001a01d000 Uncommon trap: reason=bimorphic action=maybe_recompile pc=0x000000000353ece8 method=org.gradle.internal.classloader.ClassLoaderVisitor.visit(Ljava/lang/ClassLoader;)V @ 28
Event: 855.507 Thread 0x000000001a01d000 Uncommon trap: reason=bimorphic action=maybe_recompile pc=0x0000000005ccbe2c method=com.google.common.cache.LocalCache$Segment.get(Ljava/lang/Object;I)Ljava/lang/Object; @ 44
Event: 859.715 Thread 0x000000001a01d000 Uncommon trap: reason=unstable_if action=reinterpret pc=0x0000000005107744 method=java.util.concurrent.atomic.AtomicBoolean.compareAndSet(ZZ)Z @ 11

Classes redefined (0 events):
No events

Internal exceptions (10 events):
Event: 851.408 Thread 0x000000001a16b800 Exception <a 'sun/nio/fs/WindowsException'> (0x00000000e63b54b8) thrown at [C:\src\AOSP-openjdk-git\hotspot\src\share\vm\prims\jni.cpp, line 710]
Event: 851.410 Thread 0x000000001a16b800 Exception <a 'sun/nio/fs/WindowsException'> (0x00000000e63c03a8) thrown at [C:\src\AOSP-openjdk-git\hotspot\src\share\vm\prims\jni.cpp, line 710]
Event: 851.414 Thread 0x000000001a16b800 Exception <a 'sun/nio/fs/WindowsException'> (0x00000000e64484a8) thrown at [C:\src\AOSP-openjdk-git\hotspot\src\share\vm\prims\jni.cpp, line 710]
Event: 853.328 Thread 0x000000001a167000 Exception <a 'sun/nio/fs/WindowsException'> (0x00000000dc225f40) thrown at [C:\src\AOSP-openjdk-git\hotspot\src\share\vm\prims\jni.cpp, line 710]
Event: 854.179 Thread 0x000000001a16e800 Exception <a 'sun/nio/fs/WindowsException'> (0x00000000df2bcc08) thrown at [C:\src\AOSP-openjdk-git\hotspot\src\share\vm\prims\jni.cpp, line 710]
Event: 854.334 Thread 0x000000001a168800 Exception <a 'sun/nio/fs/WindowsException'> (0x00000000e18bcfb8) thrown at [C:\src\AOSP-openjdk-git\hotspot\src\share\vm\prims\jni.cpp, line 710]
Event: 855.330 Thread 0x000000001a16d000 Exception <a 'sun/nio/fs/WindowsException'> (0x00000000dd7dc380) thrown at [C:\src\AOSP-openjdk-git\hotspot\src\share\vm\prims\jni.cpp, line 710]
Event: 855.448 Thread 0x000000001a169000 Exception <a 'java/lang/OutOfMemoryError'> (0x00000000ddd2d7e8) thrown at [C:\src\AOSP-openjdk-git\hotspot\src\share\vm\prims\unsafe.cpp, line 618]
Event: 855.557 Thread 0x000000001a01c800 Exception <a 'java/lang/NoSuchMethodError': <clinit>> (0x00000000ded159f0) thrown at [C:\src\AOSP-openjdk-git\hotspot\src\share\vm\prims\jni.cpp, line 1615]
Event: 859.815 Thread 0x000000001a01d000 Exception <a 'sun/nio/fs/WindowsException'> (0x00000000e0aa9ee0) thrown at [C:\src\AOSP-openjdk-git\hotspot\src\share\vm\prims\jni.cpp, line 710]

Events (10 events):
Event: 860.125 Thread 0x00000000173b6000 flushing nmethod 0x0000000004d231d0
Event: 860.125 Thread 0x00000000173b6000 flushing nmethod 0x0000000004d24790
Event: 860.126 Thread 0x00000000173b6000 flushing nmethod 0x0000000004d2cb50
Event: 860.126 Thread 0x00000000173b6000 flushing nmethod 0x0000000004d2d150
Event: 860.126 Thread 0x00000000173b6000 flushing nmethod 0x0000000004d2d7d0
Event: 860.126 Thread 0x00000000173b6000 flushing nmethod 0x0000000004d2dc10
Event: 860.126 Thread 0x00000000173b6000 flushing nmethod 0x0000000004d2f0d0
Event: 860.126 Thread 0x00000000173b6000 flushing nmethod 0x0000000004d4e350
Event: 860.126 Thread 0x00000000173b6000 flushing nmethod 0x0000000004d4e6d0
Event: 860.126 Thread 0x00000000173b6000 flushing nmethod 0x0000000004d4f850


Dynamic libraries:
0x00007ff69b0f0000 - 0x00007ff69b121000 	D:\Program Files\Android Studio\jre\bin\java.exe
0x00007fff215c0000 - 0x00007fff217a1000 	C:\WINDOWS\SYSTEM32\ntdll.dll
0x00007fff21180000 - 0x00007fff21231000 	C:\WINDOWS\System32\KERNEL32.DLL
0x00007fff1da60000 - 0x00007fff1dcd3000 	C:\WINDOWS\System32\KERNELBASE.dll
0x00007fff1f4d0000 - 0x00007fff1f571000 	C:\WINDOWS\System32\ADVAPI32.dll
0x00007fff1ef40000 - 0x00007fff1efde000 	C:\WINDOWS\System32\msvcrt.dll
0x00007fff21120000 - 0x00007fff2117b000 	C:\WINDOWS\System32\sechost.dll
0x00007fff20e60000 - 0x00007fff20f84000 	C:\WINDOWS\System32\RPCRT4.dll
0x00007fff21400000 - 0x00007fff21590000 	C:\WINDOWS\System32\USER32.dll
0x00007fff1e890000 - 0x00007fff1e8b0000 	C:\WINDOWS\System32\win32u.dll
0x00007fff1ef10000 - 0x00007fff1ef38000 	C:\WINDOWS\System32\GDI32.dll
0x00007fff1e8b0000 - 0x00007fff1ea41000 	C:\WINDOWS\System32\gdi32full.dll
0x00007fff1e4f0000 - 0x00007fff1e58f000 	C:\WINDOWS\System32\msvcp_win.dll
0x00007fff1e3f0000 - 0x00007fff1e4e8000 	C:\WINDOWS\System32\ucrtbase.dll
0x00007fff127c0000 - 0x00007fff12a29000 	C:\WINDOWS\WinSxS\amd64_microsoft.windows.common-controls_6595b64144ccf1df_6.0.17134.885_none_fb42a3473065565f\COMCTL32.dll
0x00007fff20b20000 - 0x00007fff20e42000 	C:\WINDOWS\System32\combase.dll
0x00007fff1d9e0000 - 0x00007fff1da59000 	C:\WINDOWS\System32\bcryptPrimitives.dll
0x00007fff1ec90000 - 0x00007fff1ecbd000 	C:\WINDOWS\System32\IMM32.DLL
0x000000005e380000 - 0x000000005e452000 	D:\Program Files\Android Studio\jre\jre\bin\msvcr100.dll
0x000000005d690000 - 0x000000005dedb000 	D:\Program Files\Android Studio\jre\jre\bin\server\jvm.dll
0x00007fff1f4a0000 - 0x00007fff1f4a8000 	C:\WINDOWS\System32\PSAPI.DLL
0x00007fff00720000 - 0x00007fff00729000 	C:\WINDOWS\SYSTEM32\WSOCK32.dll
0x00007fff157b0000 - 0x00007fff157d3000 	C:\WINDOWS\SYSTEM32\WINMM.dll
0x00007fff1f580000 - 0x00007fff1f5ec000 	C:\WINDOWS\System32\WS2_32.dll
0x00007fff1c020000 - 0x00007fff1c02a000 	C:\WINDOWS\SYSTEM32\VERSION.dll
0x00007fff15780000 - 0x00007fff157aa000 	C:\WINDOWS\SYSTEM32\WINMMBASE.dll
0x00007fff1d990000 - 0x00007fff1d9d9000 	C:\WINDOWS\System32\cfgmgr32.dll
0x00007fff19ac0000 - 0x00007fff19acf000 	D:\Program Files\Android Studio\jre\jre\bin\verify.dll
0x00007fff19990000 - 0x00007fff199b9000 	D:\Program Files\Android Studio\jre\jre\bin\java.dll
0x00007fff19a30000 - 0x00007fff19a46000 	D:\Program Files\Android Studio\jre\jre\bin\zip.dll
0x00007fff1f6e0000 - 0x00007fff20b20000 	C:\WINDOWS\System32\SHELL32.dll
0x00007fff21070000 - 0x00007fff21119000 	C:\WINDOWS\System32\shcore.dll
0x00007fff1dce0000 - 0x00007fff1e3ed000 	C:\WINDOWS\System32\windows.storage.dll
0x00007fff21240000 - 0x00007fff21291000 	C:\WINDOWS\System32\shlwapi.dll
0x00007fff1d970000 - 0x00007fff1d981000 	C:\WINDOWS\System32\kernel.appcore.dll
0x00007fff1d930000 - 0x00007fff1d94f000 	C:\WINDOWS\System32\profapi.dll
0x00007fff1d8e0000 - 0x00007fff1d92c000 	C:\WINDOWS\System32\powrprof.dll
0x00007fff1d8d0000 - 0x00007fff1d8da000 	C:\WINDOWS\System32\FLTLIB.DLL
0x00007fff18fc0000 - 0x00007fff18fda000 	D:\Program Files\Android Studio\jre\jre\bin\net.dll
0x00007fff1d150000 - 0x00007fff1d1b6000 	C:\WINDOWS\system32\mswsock.dll
0x00007fff18c60000 - 0x00007fff18c73000 	D:\Program Files\Android Studio\jre\jre\bin\nio.dll
0x00007fff0eb50000 - 0x00007fff0eb77000 	C:\Users\Дима\.gradle\native\f6784746aeab05261644944871eae4fe03e0ef1612fff0a4a95f87b438bc6780\windows-amd64\native-platform.dll
0x00007fff19ab0000 - 0x00007fff19abd000 	D:\Program Files\Android Studio\jre\jre\bin\management.dll
0x00007fff1d300000 - 0x00007fff1d317000 	C:\WINDOWS\SYSTEM32\CRYPTSP.dll
0x00007fff1cd40000 - 0x00007fff1cd73000 	C:\WINDOWS\system32\rsaenh.dll
0x00007fff1d430000 - 0x00007fff1d455000 	C:\WINDOWS\SYSTEM32\bcrypt.dll
0x00007fff1d7d0000 - 0x00007fff1d7f8000 	C:\WINDOWS\SYSTEM32\USERENV.dll
0x00007fff1d320000 - 0x00007fff1d32b000 	C:\WINDOWS\SYSTEM32\CRYPTBASE.dll
0x00007fff1cee0000 - 0x00007fff1cf18000 	C:\WINDOWS\SYSTEM32\IPHLPAPI.DLL
0x00007fff1f490000 - 0x00007fff1f498000 	C:\WINDOWS\System32\NSI.dll
0x00007fff14dc0000 - 0x00007fff14dd6000 	C:\WINDOWS\SYSTEM32\dhcpcsvc6.DLL
0x00007fff15580000 - 0x00007fff1559a000 	C:\WINDOWS\SYSTEM32\dhcpcsvc.DLL
0x00007fff15db0000 - 0x00007fff15dbb000 	C:\WINDOWS\SYSTEM32\WINNSI.DLL
0x00007fff164e0000 - 0x00007fff164fe000 	C:\Users\Дима\AppData\Local\Temp\native-platform7725940209656010945dir\native-platform.dll

VM Arguments:
jvm_args: -Xmx2048m -Dfile.encoding=UTF-8 -Duser.country=RU -Duser.language=ru -Duser.variant 
java_command: org.gradle.launcher.daemon.bootstrap.GradleDaemon 6.5
java_class_path (initial): C:\Users\Дима\.gradle\wrapper\dists\gradle-6.5-bin\6nifqtx7604sqp1q6g8wikw7p\gradle-6.5\lib\gradle-launcher-6.5.jar
Launcher Type: SUN_STANDARD

Environment Variables:
PATH=C:\Program Files (x86)\Common Files\Oracle\Java\javapath;C:\Program Files (x86)\Intel\iCLS Client\;C:\Program Files\Intel\iCLS Client\;C:\windows\system32;C:\windows;C:\windows\System32\Wbem;C:\windows\System32\WindowsPowerShell\v1.0\;C:\Program Files (x86)\Intel\Intel(R) Management Engine Components\DAL;C:\Program Files\Intel\Intel(R) Management Engine Components\DAL;C:\Program Files (x86)\Intel\Intel(R) Management Engine Components\IPT;C:\Program Files\Intel\Intel(R) Management Engine Components\IPT;C:\WINDOWS\system32;C:\WINDOWS;C:\WINDOWS\System32\Wbem;C:\WINDOWS\System32\WindowsPowerShell\v1.0\;C:\WINDOWS\System32\OpenSSH\;C:\Go\bin\bin;C:\Program Files (x86)\Common Files\Apple\Internet Services\;C:\Program Files\Microsoft VS Code\bin;C:\Program Files\Git\cmd;C:\php7;C:\Program Files\PuTTY\;C:\Program Files\CMake\bin;C:\Program Files (x86)\NVIDIA Corporation\PhysX\Common;C:\Program Files (x86)\Microsoft SQL Server\150\DTS\Binn\;C:\Program Files\Microsoft SQL Server\Client SDK\ODBC\170\Tools\Binn\;C:\Program Files (x86)\Microsoft SQL Server\150\Tools\Binn\;C:\Program Files\Microsoft SQL Server\150\Tools\Binn\;C:\Program Files\Microsoft SQL Server\150\DTS\Binn\;C:\Program Files\dotnet\;C:\Program Files\Microsoft SQL Server\130\Tools\Binn\;C:\Users\Дима\AppData\Local\Programs\Python\Python36-32\Scripts\;C:\Users\Дима\AppData\Local\Programs\Python\Python36-32\;C:\Users\Дима\AppData\Local\Microsoft\WindowsApps;C:\Users\Дима\go\bin;C:\Users\Дима\AppData\Local\GitHubDesktop\bin;C:\Program Files\heroku\bin
USERNAME=Dima
OS=Windows_NT
PROCESSOR_IDENTIFIER=Intel64 Family 6 Model 142 Stepping 9, GenuineIntel



---------------  S Y S T E M  ---------------

OS: Windows 10.0 , 64 bit Build 17134 (10.0.17134.753)

CPU:total 4 (initial active 4) (2 cores per cpu, 2 threads per core) family 6 model 142 stepping 9, cmov, cx8, fxsr, mmx, sse, sse2, sse3, ssse3, sse4.1, sse4.2, popcnt, avx, avx2, aes, clmul, erms, 3dnowpref, lzcnt, ht, tsc, tscinvbit, bmi1, bmi2, adx

Memory: 4k page, physical 6173924k(897496k free), swap 6699240k(6956k free)

vm_info: OpenJDK 64-Bit Server VM (25.242-b01) for windows-amd64 JRE (1.8.0_242-release-1644-b01), built by "builder" with MS VC++ 10.0 (VS2010)

time: Wed Oct 21 23:18:00 2020
timezone: RTZ 2 (зима)
elapsed time: 860 seconds (0d 0h 14m 20s)

