#
# There is insufficient memory for the Java Runtime Environment to continue.
# Native memory allocation (malloc) failed to allocate 32744 bytes for ChunkPool::allocate
# Possible reasons:
#   The system is out of physical RAM or swap space
#   The process is running with CompressedOops enabled, and the Java Heap may be blocking the growth of the native heap
# Possible solutions:
#   Reduce memory load on the system
#   Increase physical memory or swap space
#   Check if swap backing store is full
#   Decrease Java heap size (-Xmx/-Xms)
#   Decrease number of Java threads
#   Decrease Java thread stack sizes (-Xss)
#   Set larger code cache with -XX:ReservedCodeCacheSize=
#   JVM is running with Unscaled Compressed Oops mode in which the Java heap is
#     placed in the first 4GB address space. The Java Heap base address is the
#     maximum limit for the native heap growth. Please use -XX:HeapBaseMinAddress
#     to set the Java Heap base and to place the Java Heap above 4GB virtual address.
# This output file may be truncated or incomplete.
#
#  Out of Memory Error (allocation.cpp:272), pid=3412, tid=0x0000000000000150
#
# JRE version: OpenJDK Runtime Environment (8.0_242-b01) (build 1.8.0_242-release-1644-b01)
# Java VM: OpenJDK 64-Bit Server VM (25.242-b01 mixed mode windows-amd64 compressed oops)
# Failed to write core dump. Minidumps are not enabled by default on client versions of Windows
#

---------------  T H R E A D  ---------------

Current thread (0x0000000017393800):  JavaThread "C1 CompilerThread2" daemon [_thread_in_native, id=336, stack(0x0000000018c00000,0x0000000018d00000)]

Stack: [0x0000000018c00000,0x0000000018d00000]
[error occurred during error reporting (printing stack bounds), id 0xc0000005]

Native frames: (J=compiled Java code, j=interpreted, Vv=VM code, C=native code)


Current CompileTask:
C1:  17265 10081       2       com.android.tools.r8.graph.K::a (1030 bytes)


---------------  P R O C E S S  ---------------

Java Threads: ( => current thread )
  0x0000000020166000 JavaThread "WorkerExecutor Queue Thread 2" [_thread_blocked, id=4200, stack(0x000000002cca0000,0x000000002cda0000)]
  0x0000000020160800 JavaThread "WorkerExecutor Queue" [_thread_blocked, id=3292, stack(0x000000002cba0000,0x000000002cca0000)]
  0x00000000196db800 JavaThread "Cache worker for execution history cache (D:\AndroidStudioProjects\labRK\.gradle\6.5\executionHistory)" [_thread_blocked, id=2508, stack(0x000000002c4a0000,0x000000002c5a0000)]
  0x00000000196e1000 JavaThread "Execution worker for ':' Thread 3" [_thread_blocked, id=7036, stack(0x000000002c3a0000,0x000000002c4a0000)]
  0x00000000196e0000 JavaThread "Execution worker for ':' Thread 2" [_thread_blocked, id=2660, stack(0x000000002c2a0000,0x000000002c3a0000)]
  0x00000000196df800 JavaThread "Execution worker for ':'" [_thread_blocked, id=5880, stack(0x000000002c1a0000,0x000000002c2a0000)]
  0x00000000196dc800 JavaThread "Cache worker for file content cache (D:\AndroidStudioProjects\labRK\.gradle\6.5\fileContent)" [_thread_blocked, id=4564, stack(0x000000002bca0000,0x000000002bda0000)]
  0x00000000199fa800 JavaThread "Memory manager" [_thread_blocked, id=8132, stack(0x000000002bba0000,0x000000002bca0000)]
  0x00000000199f8000 JavaThread "Cache worker for Build Output Cleanup Cache (D:\AndroidStudioProjects\labRK\.gradle\buildOutputCleanup)" [_thread_blocked, id=4356, stack(0x000000002aaa0000,0x000000002aba0000)]
  0x00000000199fb000 JavaThread "jar transforms Thread 114" [_thread_blocked, id=10096, stack(0x000000002a7a0000,0x000000002a8a0000)]
  0x00000000199f7800 JavaThread "jar transforms Thread 113" [_thread_blocked, id=7368, stack(0x000000002a6a0000,0x000000002a7a0000)]
  0x00000000199f0000 JavaThread "jar transforms Thread 112" [_thread_blocked, id=10876, stack(0x000000002a5a0000,0x000000002a6a0000)]
  0x00000000199f6800 JavaThread "jar transforms Thread 111" [_thread_blocked, id=4028, stack(0x000000002a4a0000,0x000000002a5a0000)]
  0x00000000199f6000 JavaThread "jar transforms Thread 110" [_thread_blocked, id=5844, stack(0x000000002a3a0000,0x000000002a4a0000)]
  0x00000000199f1800 JavaThread "jar transforms Thread 109" [_thread_blocked, id=1604, stack(0x000000002a2a0000,0x000000002a3a0000)]
  0x00000000199f2000 JavaThread "jar transforms Thread 108" [_thread_blocked, id=2168, stack(0x000000002a1a0000,0x000000002a2a0000)]
  0x00000000199ee800 JavaThread "jar transforms Thread 107" [_thread_blocked, id=4052, stack(0x000000002a0a0000,0x000000002a1a0000)]
  0x00000000199f5000 JavaThread "jar transforms Thread 106" [_thread_blocked, id=3272, stack(0x0000000029fa0000,0x000000002a0a0000)]
  0x00000000199f3000 JavaThread "jar transforms Thread 105" [_thread_blocked, id=9404, stack(0x0000000029ea0000,0x0000000029fa0000)]
  0x00000000199f4800 JavaThread "jar transforms Thread 104" [_thread_blocked, id=2964, stack(0x0000000029da0000,0x0000000029ea0000)]
  0x00000000199ed000 JavaThread "jar transforms Thread 103" [_thread_blocked, id=1088, stack(0x0000000029ca0000,0x0000000029da0000)]
  0x00000000199ed800 JavaThread "jar transforms Thread 102" [_thread_blocked, id=6400, stack(0x0000000029ba0000,0x0000000029ca0000)]
  0x00000000199ef000 JavaThread "jar transforms Thread 101" [_thread_blocked, id=7228, stack(0x0000000029aa0000,0x0000000029ba0000)]
  0x00000000199f0800 JavaThread "jar transforms Thread 100" [_thread_blocked, id=8768, stack(0x00000000299a0000,0x0000000029aa0000)]
  0x00000000199f3800 JavaThread "jar transforms Thread 99" [_thread_blocked, id=10952, stack(0x00000000298a0000,0x00000000299a0000)]
  0x00000000199ec000 JavaThread "jar transforms Thread 98" [_thread_blocked, id=1056, stack(0x00000000297a0000,0x00000000298a0000)]
  0x000000001b124000 JavaThread "jar transforms Thread 97" [_thread_blocked, id=10956, stack(0x00000000296a0000,0x00000000297a0000)]
  0x000000001b128800 JavaThread "jar transforms Thread 96" [_thread_blocked, id=10764, stack(0x00000000295a0000,0x00000000296a0000)]
  0x000000001b127000 JavaThread "jar transforms Thread 95" [_thread_blocked, id=3964, stack(0x00000000294a0000,0x00000000295a0000)]
  0x000000001b126000 JavaThread "jar transforms Thread 94" [_thread_blocked, id=3488, stack(0x00000000293a0000,0x00000000294a0000)]
  0x000000001b127800 JavaThread "jar transforms Thread 93" [_thread_blocked, id=10196, stack(0x00000000292a0000,0x00000000293a0000)]
  0x000000001b122800 JavaThread "jar transforms Thread 92" [_thread_blocked, id=3728, stack(0x00000000291a0000,0x00000000292a0000)]
  0x000000001b125800 JavaThread "jar transforms Thread 91" [_thread_blocked, id=5144, stack(0x00000000290a0000,0x00000000291a0000)]
  0x000000001b123000 JavaThread "jar transforms Thread 90" [_thread_blocked, id=10872, stack(0x0000000028fa0000,0x00000000290a0000)]
  0x000000001b124800 JavaThread "jar transforms Thread 89" [_thread_blocked, id=5632, stack(0x0000000028ea0000,0x0000000028fa0000)]
  0x000000001b11b000 JavaThread "jar transforms Thread 88" [_thread_blocked, id=6236, stack(0x0000000028da0000,0x0000000028ea0000)]
  0x000000001b11f800 JavaThread "jar transforms Thread 87" [_thread_blocked, id=5712, stack(0x0000000028ca0000,0x0000000028da0000)]
  0x000000001b11c800 JavaThread "jar transforms Thread 86" [_thread_blocked, id=2256, stack(0x0000000028990000,0x0000000028a90000)]
  0x000000001b121800 JavaThread "jar transforms Thread 85" [_thread_blocked, id=7260, stack(0x0000000028890000,0x0000000028990000)]
  0x000000001b121000 JavaThread "jar transforms Thread 84" [_thread_blocked, id=9372, stack(0x0000000028790000,0x0000000028890000)]
  0x000000001b11d000 JavaThread "jar transforms Thread 83" [_thread_blocked, id=4732, stack(0x0000000028690000,0x0000000028790000)]
  0x000000001b119800 JavaThread "jar transforms Thread 82" [_thread_blocked, id=9268, stack(0x0000000028590000,0x0000000028690000)]
  0x000000001b11a000 JavaThread "jar transforms Thread 81" [_thread_blocked, id=7660, stack(0x0000000028490000,0x0000000028590000)]
  0x000000001b11b800 JavaThread "jar transforms Thread 80" [_thread_blocked, id=11244, stack(0x0000000028390000,0x0000000028490000)]
  0x000000001b11e000 JavaThread "jar transforms Thread 79" [_thread_blocked, id=10176, stack(0x0000000028290000,0x0000000028390000)]
  0x000000001b11e800 JavaThread "jar transforms Thread 78" [_thread_blocked, id=2788, stack(0x0000000028190000,0x0000000028290000)]
  0x000000001b120000 JavaThread "jar transforms Thread 77" [_thread_blocked, id=7976, stack(0x0000000028090000,0x0000000028190000)]
  0x000000001ba2f000 JavaThread "jar transforms Thread 76" [_thread_blocked, id=11192, stack(0x0000000027f90000,0x0000000028090000)]
  0x000000001ba2e800 JavaThread "jar transforms Thread 75" [_thread_blocked, id=6528, stack(0x0000000027e90000,0x0000000027f90000)]
  0x000000001ba2d800 JavaThread "jar transforms Thread 74" [_thread_blocked, id=6980, stack(0x0000000027d90000,0x0000000027e90000)]
  0x000000001ba2d000 JavaThread "jar transforms Thread 73" [_thread_blocked, id=9996, stack(0x0000000027c90000,0x0000000027d90000)]
  0x000000001ba2b800 JavaThread "jar transforms Thread 72" [_thread_blocked, id=10700, stack(0x0000000027b90000,0x0000000027c90000)]
  0x000000001ba2a800 JavaThread "jar transforms Thread 71" [_thread_blocked, id=2036, stack(0x0000000027a90000,0x0000000027b90000)]
  0x000000001ba2a000 JavaThread "jar transforms Thread 70" [_thread_blocked, id=9344, stack(0x0000000027990000,0x0000000027a90000)]
  0x000000001ba2c000 JavaThread "jar transforms Thread 69" [_thread_blocked, id=2128, stack(0x0000000027890000,0x0000000027990000)]
  0x000000001ba22800 JavaThread "jar transforms Thread 68" [_thread_blocked, id=4216, stack(0x0000000027790000,0x0000000027890000)]
  0x000000001ba28800 JavaThread "jar transforms Thread 67" [_thread_blocked, id=6928, stack(0x0000000027690000,0x0000000027790000)]
  0x000000001ba29000 JavaThread "jar transforms Thread 66" [_thread_blocked, id=8268, stack(0x0000000027590000,0x0000000027690000)]
  0x000000001ba21000 JavaThread "jar transforms Thread 65" [_thread_blocked, id=1324, stack(0x0000000027490000,0x0000000027590000)]
  0x000000001ba27800 JavaThread "jar transforms Thread 64" [_thread_blocked, id=7232, stack(0x0000000027390000,0x0000000027490000)]
  0x000000001ba20000 JavaThread "jar transforms Thread 63" [_thread_blocked, id=4828, stack(0x0000000027290000,0x0000000027390000)]
  0x000000001ba25800 JavaThread "jar transforms Thread 62" [_thread_blocked, id=10168, stack(0x0000000027190000,0x0000000027290000)]
  0x000000001ba26000 JavaThread "jar transforms Thread 61" [_thread_blocked, id=4560, stack(0x0000000027090000,0x0000000027190000)]
  0x000000001ba24800 JavaThread "jar transforms Thread 60" [_thread_blocked, id=4672, stack(0x0000000026e40000,0x0000000026f40000)]
  0x000000001ba24000 JavaThread "jar transforms Thread 59" [_thread_blocked, id=8512, stack(0x0000000026d40000,0x0000000026e40000)]
  0x000000001ba21800 JavaThread "jar transforms Thread 58" [_thread_blocked, id=8508, stack(0x0000000026c40000,0x0000000026d40000)]
  0x000000001ba23000 JavaThread "jar transforms Thread 57" [_thread_blocked, id=9916, stack(0x0000000026b40000,0x0000000026c40000)]
  0x000000001ba27000 JavaThread "jar transforms Thread 56" [_thread_blocked, id=6828, stack(0x0000000026a40000,0x0000000026b40000)]
  0x000000001994e800 JavaThread "jar transforms Thread 55" [_thread_blocked, id=10816, stack(0x0000000026940000,0x0000000026a40000)]
  0x000000001994d800 JavaThread "jar transforms Thread 54" [_thread_blocked, id=1496, stack(0x0000000026840000,0x0000000026940000)]
  0x000000001994d000 JavaThread "jar transforms Thread 53" [_thread_blocked, id=5812, stack(0x0000000026740000,0x0000000026840000)]
  0x000000001994c000 JavaThread "jar transforms Thread 52" [_thread_blocked, id=5148, stack(0x0000000026640000,0x0000000026740000)]
  0x000000001994b800 JavaThread "jar transforms Thread 51" [_thread_blocked, id=3668, stack(0x0000000026540000,0x0000000026640000)]
  0x0000000019944000 JavaThread "jar transforms Thread 50" [_thread_blocked, id=9412, stack(0x0000000026440000,0x0000000026540000)]
  0x000000001994a800 JavaThread "jar transforms Thread 49" [_thread_blocked, id=8040, stack(0x0000000026340000,0x0000000026440000)]
  0x000000001994a000 JavaThread "jar transforms Thread 48" [_thread_blocked, id=904, stack(0x0000000026240000,0x0000000026340000)]
  0x0000000019949000 JavaThread "jar transforms Thread 47" [_thread_blocked, id=6268, stack(0x0000000026140000,0x0000000026240000)]
  0x0000000019941800 JavaThread "jar transforms Thread 46" [_thread_blocked, id=6228, stack(0x0000000026040000,0x0000000026140000)]
  0x0000000019944800 JavaThread "jar transforms Thread 45" [_thread_blocked, id=1192, stack(0x0000000025f40000,0x0000000026040000)]
  0x0000000019943000 JavaThread "jar transforms Thread 44" [_thread_blocked, id=8956, stack(0x0000000025e40000,0x0000000025f40000)]
  0x0000000019948800 JavaThread "jar transforms Thread 43" [_thread_blocked, id=7104, stack(0x0000000025d40000,0x0000000025e40000)]
  0x0000000019942800 JavaThread "jar transforms Thread 42" [_thread_blocked, id=1628, stack(0x0000000025c40000,0x0000000025d40000)]
  0x0000000019941000 JavaThread "jar transforms Thread 41" [_thread_blocked, id=728, stack(0x0000000025b40000,0x0000000025c40000)]
  0x0000000019945800 JavaThread "jar transforms Thread 40" [_thread_blocked, id=1460, stack(0x0000000025a40000,0x0000000025b40000)]
  0x0000000019947000 JavaThread "jar transforms Thread 39" [_thread_blocked, id=11084, stack(0x0000000025940000,0x0000000025a40000)]
  0x0000000019947800 JavaThread "jar transforms Thread 38" [_thread_blocked, id=10908, stack(0x0000000025840000,0x0000000025940000)]
  0x0000000019940000 JavaThread "jar transforms Thread 37" [_thread_blocked, id=1836, stack(0x0000000025740000,0x0000000025840000)]
  0x0000000019946000 JavaThread "jar transforms Thread 36" [_thread_blocked, id=11220, stack(0x0000000025640000,0x0000000025740000)]
  0x000000001993f800 JavaThread "jar transforms Thread 35" [_thread_blocked, id=10428, stack(0x0000000025540000,0x0000000025640000)]
  0x00000000199aa800 JavaThread "jar transforms Thread 34" [_thread_blocked, id=9788, stack(0x0000000025440000,0x0000000025540000)]
  0x00000000199ae800 JavaThread "jar transforms Thread 33" [_thread_blocked, id=11248, stack(0x0000000025340000,0x0000000025440000)]
  0x00000000199ad000 JavaThread "jar transforms Thread 32" [_thread_blocked, id=2216, stack(0x0000000025240000,0x0000000025340000)]
  0x00000000199ac000 JavaThread "jar transforms Thread 31" [_thread_blocked, id=6388, stack(0x0000000025140000,0x0000000025240000)]
  0x00000000199ad800 JavaThread "jar transforms Thread 30" [_thread_blocked, id=6372, stack(0x0000000025040000,0x0000000025140000)]
  0x00000000199b0000 JavaThread "jar transforms Thread 29" [_thread_blocked, id=7136, stack(0x0000000024f40000,0x0000000025040000)]
  0x00000000199af000 JavaThread "jar transforms Thread 28" [_thread_blocked, id=7144, stack(0x0000000024e40000,0x0000000024f40000)]
  0x00000000199ab800 JavaThread "jar transforms Thread 27" [_thread_blocked, id=5192, stack(0x0000000024d40000,0x0000000024e40000)]
  0x00000000199a4800 JavaThread "jar transforms Thread 26" [_thread_blocked, id=7756, stack(0x0000000024c40000,0x0000000024d40000)]
  0x00000000199a7800 JavaThread "jar transforms Thread 25" [_thread_blocked, id=5032, stack(0x0000000024b40000,0x0000000024c40000)]
  0x00000000199a5800 JavaThread "jar transforms Thread 24" [_thread_blocked, id=920, stack(0x0000000024a40000,0x0000000024b40000)]
  0x00000000199aa000 JavaThread "jar transforms Thread 23" [_thread_blocked, id=10672, stack(0x0000000024940000,0x0000000024a40000)]
  0x00000000199a9000 JavaThread "jar transforms Thread 22" [_thread_blocked, id=10188, stack(0x0000000024840000,0x0000000024940000)]
  0x00000000199a6000 JavaThread "jar transforms Thread 21" [_thread_blocked, id=8236, stack(0x0000000024740000,0x0000000024840000)]
  0x00000000199a4000 JavaThread "jar transforms Thread 20" [_thread_blocked, id=1844, stack(0x0000000024640000,0x0000000024740000)]
  0x00000000199a7000 JavaThread "jar transforms Thread 19" [_thread_blocked, id=9760, stack(0x0000000024540000,0x0000000024640000)]
  0x00000000199a1800 JavaThread "jar transforms Thread 18" [_thread_blocked, id=7076, stack(0x0000000024440000,0x0000000024540000)]
  0x00000000199a3000 JavaThread "jar transforms Thread 17" [_thread_blocked, id=5352, stack(0x0000000024340000,0x0000000024440000)]
  0x00000000199a8800 JavaThread "jar transforms Thread 16" [_thread_blocked, id=7880, stack(0x0000000024240000,0x0000000024340000)]
  0x00000000199a2800 JavaThread "jar transforms Thread 15" [_thread_blocked, id=6844, stack(0x0000000024140000,0x0000000024240000)]
  0x00000000199a1000 JavaThread "jar transforms Thread 14" [_thread_blocked, id=7200, stack(0x0000000024040000,0x0000000024140000)]
  0x000000001af67000 JavaThread "jar transforms Thread 13" [_thread_blocked, id=6116, stack(0x0000000023f40000,0x0000000024040000)]
  0x000000001af6a000 JavaThread "jar transforms Thread 12" [_thread_blocked, id=9868, stack(0x0000000023e40000,0x0000000023f40000)]
  0x000000001af6a800 JavaThread "jar transforms Thread 11" [_thread_blocked, id=2852, stack(0x0000000023d40000,0x0000000023e40000)]
  0x000000001af67800 JavaThread "jar transforms Thread 10" [_thread_blocked, id=6964, stack(0x0000000023c40000,0x0000000023d40000)]
  0x000000001af68800 JavaThread "jar transforms Thread 9" [_thread_blocked, id=3740, stack(0x0000000023b40000,0x0000000023c40000)]
  0x000000001af6c000 JavaThread "jar transforms Thread 8" [_thread_blocked, id=8344, stack(0x0000000023a40000,0x0000000023b40000)]
  0x000000001af6b800 JavaThread "jar transforms Thread 7" [_thread_blocked, id=6592, stack(0x0000000023940000,0x0000000023a40000)]
  0x000000001af69000 JavaThread "jar transforms Thread 6" [_thread_blocked, id=7000, stack(0x0000000023840000,0x0000000023940000)]
  0x000000001af66000 JavaThread "jar transforms Thread 5" [_thread_blocked, id=9260, stack(0x0000000023740000,0x0000000023840000)]
  0x000000001af5e800 JavaThread "jar transforms Thread 4" [_thread_blocked, id=11072, stack(0x0000000023640000,0x0000000023740000)]
  0x000000001af65800 JavaThread "jar transforms Thread 3" [_thread_blocked, id=104, stack(0x0000000023540000,0x0000000023640000)]
  0x000000001af64800 JavaThread "jar transforms Thread 2" [_thread_blocked, id=10296, stack(0x0000000023440000,0x0000000023540000)]
  0x000000001af63000 JavaThread "Build operations Thread 4" [_thread_in_Java, id=2252, stack(0x0000000023340000,0x0000000023440000)]
  0x000000001af62000 JavaThread "Build operations Thread 3" [_thread_blocked, id=2516, stack(0x0000000023240000,0x0000000023340000)]
  0x000000001af5d800 JavaThread "Build operations Thread 2" [_thread_blocked, id=5892, stack(0x0000000023140000,0x0000000023240000)]
  0x000000001af5f000 JavaThread "Build operations" [_thread_in_vm, id=8676, stack(0x0000000023040000,0x0000000023140000)]
  0x000000001af5b000 JavaThread "Cache worker for file content cache (C:\Users\Р”РёРјР°\.gradle\caches\6.5\fileContent)" [_thread_blocked, id=9756, stack(0x0000000021970000,0x0000000021a70000)]
  0x000000001af55000 JavaThread "jar transforms" [_thread_blocked, id=7960, stack(0x0000000021870000,0x0000000021970000)]
  0x000000001af59800 JavaThread "Cache worker for execution history cache (C:\Users\Р”РёРјР°\.gradle\caches\6.5\executionHistory)" [_thread_blocked, id=11128, stack(0x0000000021370000,0x0000000021470000)]
  0x000000001af5a000 JavaThread "Cache worker for cache directory md-rule (C:\Users\Р”РёРјР°\.gradle\caches\6.5\md-rule)" [_thread_blocked, id=2300, stack(0x0000000021270000,0x0000000021370000)]
  0x000000001af56800 JavaThread "Cache worker for cache directory md-supplier (C:\Users\Р”РёРјР°\.gradle\caches\6.5\md-supplier)" [_thread_blocked, id=8972, stack(0x0000000021170000,0x0000000021270000)]
  0x000000001af58800 JavaThread "Cache worker for checksums cache (D:\AndroidStudioProjects\labRK\.gradle\checksums)" [_thread_blocked, id=7280, stack(0x0000000021070000,0x0000000021170000)]
  0x000000001af55800 JavaThread "Cache worker for file hash cache (D:\AndroidStudioProjects\labRK\.gradle\6.5\fileHashes)" [_thread_blocked, id=6212, stack(0x000000001f9a0000,0x000000001faa0000)]
  0x000000001af57000 JavaThread "Cache worker for file hash cache (C:\Users\Р”РёРјР°\.gradle\caches\6.5\fileHashes)" [_thread_blocked, id=7164, stack(0x000000001d440000,0x000000001d540000)]
  0x000000001af58000 JavaThread "File lock request listener" [_thread_in_native, id=10028, stack(0x000000001d340000,0x000000001d440000)]
  0x000000001a408800 JavaThread "Cache worker for journal cache (C:\Users\Р”РёРјР°\.gradle\caches\journal-1)" [_thread_blocked, id=1564, stack(0x000000001d140000,0x000000001d240000)]
  0x000000001a85e800 JavaThread "Thread-9" [_thread_blocked, id=11164, stack(0x000000001ce40000,0x000000001cf40000)]
  0x000000001a7f1800 JavaThread "Stdin handler" [_thread_blocked, id=4004, stack(0x000000001cd40000,0x000000001ce40000)]
  0x000000001a7ee000 JavaThread "Asynchronous log dispatcher for DefaultDaemonConnection: socket connection from /127.0.0.1:51376 to /127.0.0.1:51377" [_thread_blocked, id=2720, stack(0x000000001cc40000,0x000000001cd40000)]
  0x000000001ad40000 JavaThread "Daemon worker" [_thread_blocked, id=6816, stack(0x000000001cb40000,0x000000001cc40000)]
  0x000000001ad39800 JavaThread "Cancel handler" [_thread_blocked, id=8232, stack(0x000000001ca40000,0x000000001cb40000)]
  0x000000001ac9f800 JavaThread "Handler for socket connection from /127.0.0.1:51376 to /127.0.0.1:51377" [_thread_in_native, id=9936, stack(0x000000001c940000,0x000000001ca40000)]
  0x000000001ac80800 JavaThread "Daemon" [_thread_blocked, id=1364, stack(0x000000001c840000,0x000000001c940000)]
  0x000000001ac80000 JavaThread "Daemon periodic checks" [_thread_blocked, id=8188, stack(0x000000001c540000,0x000000001c640000)]
  0x000000001ac68800 JavaThread "Incoming local TCP Connector on port 51376" [_thread_in_native, id=6868, stack(0x000000001c300000,0x000000001c400000)]
  0x000000001ab8d800 JavaThread "Daemon health stats" [_thread_blocked, id=956, stack(0x000000001bca0000,0x000000001bda0000)]
  0x0000000018d38800 JavaThread "Service Thread" daemon [_thread_blocked, id=1996, stack(0x0000000019100000,0x0000000019200000)]
=>0x0000000017393800 JavaThread "C1 CompilerThread2" daemon [_thread_in_native, id=336, stack(0x0000000018c00000,0x0000000018d00000)]
  0x000000001738d000 JavaThread "C2 CompilerThread1" daemon [_thread_in_native, id=9328, stack(0x0000000018b00000,0x0000000018c00000)]
  0x0000000017388800 JavaThread "C2 CompilerThread0" daemon [_thread_in_native, id=10460, stack(0x0000000018a00000,0x0000000018b00000)]
  0x0000000017388000 JavaThread "Attach Listener" daemon [_thread_blocked, id=3144, stack(0x0000000018900000,0x0000000018a00000)]
  0x0000000017385800 JavaThread "Signal Dispatcher" daemon [_thread_blocked, id=636, stack(0x0000000018800000,0x0000000018900000)]
  0x000000000275c000 JavaThread "Finalizer" daemon [_thread_blocked, id=8592, stack(0x0000000018600000,0x0000000018700000)]
  0x0000000002753000 JavaThread "Reference Handler" daemon [_thread_blocked, id=10424, stack(0x0000000018500000,0x0000000018600000)]
  0x0000000000c4e000 JavaThread "main" [_thread_blocked, id=6596, stack(0x0000000002560000,0x0000000002660000)]

Other Threads:
  0x0000000017347000 VMThread [stack: 0x0000000018400000,0x0000000018500000] [id=1896]
  0x00000000173dd800 WatcherThread [stack: 0x0000000019200000,0x0000000019300000] [id=2156]

VM state:not at safepoint (normal execution)

VM Mutex/Monitor currently owned by a thread: None

heap address: 0x0000000080000000, size: 2048 MB, Compressed Oops mode: 32-bit
Narrow klass base: 0x0000000000000000, Narrow klass shift: 3
Compressed class space size: 1073741824 Address: 0x0000000100000000

Heap:
 PSYoungGen      total 357376K, used 263083K [0x00000000d5580000, 0x00000000ed580000, 0x0000000100000000)
  eden space 335360K, 71% used [0x00000000d5580000,0x00000000e40ef960,0x00000000e9d00000)
  from space 22016K, 99% used [0x00000000ec000000,0x00000000ed57b5a8,0x00000000ed580000)
  to   space 25088K, 0% used [0x00000000ea480000,0x00000000ea480000,0x00000000ebd00000)
 ParOldGen       total 93184K, used 39045K [0x0000000080000000, 0x0000000085b00000, 0x00000000d5580000)
  object space 93184K, 41% used [0x0000000080000000,0x00000000826215c0,0x0000000085b00000)
 Metaspace       used 77655K, capacity 81666K, committed 81944K, reserved 1120256K
  class space    used 10727K, capacity 11532K, committed 11568K, reserved 1048576K

Card table byte_map: [0x0000000011b20000,0x0000000011f30000] byte_map_base: 0x0000000011720000

Marking Bits: (ParMarkBitMap*) 0x000000005de5f030
 Begin Bits: [0x00000000125e0000, 0x00000000145e0000)
 End Bits:   [0x00000000145e0000, 0x00000000165e0000)

Polling page: 0x0000000000810000

CodeCache: size=245760Kb used=27501Kb max_used=27501Kb free=218258Kb
 bounds [0x0000000002760000, 0x0000000004260000, 0x0000000011760000]
 total_blobs=9745 nmethods=8927 adapters=730
 compilation: enabled

Compilation events (10 events):
Event: 17.257 Thread 0x0000000017393800 nmethod 10075 0x0000000004250390 code [0x00000000042504e0, 0x00000000042505f0]
Event: 17.257 Thread 0x0000000017393800 10076       1       com.android.tools.r8.s.b.k0::y2 (2 bytes)
Event: 17.258 Thread 0x0000000017393800 nmethod 10076 0x0000000004250650 code [0x00000000042507a0, 0x00000000042508b0]
Event: 17.258 Thread 0x0000000017393800 10079       2       com.android.tools.r8.t.a.a.a.f.e::<init> (5 bytes)
Event: 17.258 Thread 0x0000000017393800 nmethod 10079 0x0000000004250910 code [0x0000000004250a60, 0x0000000004250bb0]
Event: 17.258 Thread 0x0000000017393800 10080       2       com.android.tools.r8.t.a.a.a.f.X$b::next (16 bytes)
Event: 17.258 Thread 0x0000000017393800 nmethod 10080 0x0000000004250c50 code [0x0000000004250dc0, 0x0000000004251008]
Event: 17.258 Thread 0x0000000017393800 10083 %     3       com.android.tools.r8.t.a.a.a.f.X$f::k @ 51 (143 bytes)
Event: 17.260 Thread 0x0000000017393800 nmethod 10083% 0x00000000042511d0 code [0x00000000042513a0, 0x0000000004251ab8]
Event: 17.260 Thread 0x0000000017393800 10081       2       com.android.tools.r8.graph.K::a (1030 bytes)

GC Heap History (10 events):
Event: 4.559 GC heap before
{Heap before GC invocations=11 (full 2):
 PSYoungGen      total 201728K, used 10052K [0x00000000d5580000, 0x00000000e6c00000, 0x0000000100000000)
  eden space 189440K, 0% used [0x00000000d5580000,0x00000000d5580000,0x00000000e0e80000)
  from space 12288K, 81% used [0x00000000e0e80000,0x00000000e1851078,0x00000000e1a80000)
  to   space 13312K, 0% used [0x00000000e5f00000,0x00000000e5f00000,0x00000000e6c00000)
 ParOldGen       total 39424K, used 7906K [0x0000000080000000, 0x0000000082680000, 0x00000000d5580000)
  object space 39424K, 20% used [0x0000000080000000,0x00000000807b8958,0x0000000082680000)
 Metaspace       used 34318K, capacity 35462K, committed 35496K, reserved 1079296K
  class space    used 4725K, capacity 5038K, committed 5040K, reserved 1048576K
Event: 4.629 GC heap after
Heap after GC invocations=11 (full 2):
 PSYoungGen      total 201728K, used 0K [0x00000000d5580000, 0x00000000e6c00000, 0x0000000100000000)
  eden space 189440K, 0% used [0x00000000d5580000,0x00000000d5580000,0x00000000e0e80000)
  from space 12288K, 0% used [0x00000000e0e80000,0x00000000e0e80000,0x00000000e1a80000)
  to   space 13312K, 0% used [0x00000000e5f00000,0x00000000e5f00000,0x00000000e6c00000)
 ParOldGen       total 57856K, used 16506K [0x0000000080000000, 0x0000000083880000, 0x00000000d5580000)
  object space 57856K, 28% used [0x0000000080000000,0x000000008101eb10,0x0000000083880000)
 Metaspace       used 34318K, capacity 35462K, committed 35496K, reserved 1079296K
  class space    used 4725K, capacity 5038K, committed 5040K, reserved 1048576K
}
Event: 8.227 GC heap before
{Heap before GC invocations=12 (full 2):
 PSYoungGen      total 201728K, used 189440K [0x00000000d5580000, 0x00000000e6c00000, 0x0000000100000000)
  eden space 189440K, 100% used [0x00000000d5580000,0x00000000e0e80000,0x00000000e0e80000)
  from space 12288K, 0% used [0x00000000e0e80000,0x00000000e0e80000,0x00000000e1a80000)
  to   space 13312K, 0% used [0x00000000e5f00000,0x00000000e5f00000,0x00000000e6c00000)
 ParOldGen       total 57856K, used 16506K [0x0000000080000000, 0x0000000083880000, 0x00000000d5580000)
  object space 57856K, 28% used [0x0000000080000000,0x000000008101eb10,0x0000000083880000)
 Metaspace       used 44413K, capacity 46326K, committed 46632K, reserved 1089536K
  class space    used 6026K, capacity 6417K, committed 6448K, reserved 1048576K
Event: 8.252 GC heap after
Heap after GC invocations=12 (full 2):
 PSYoungGen      total 269824K, used 13299K [0x00000000d5580000, 0x00000000e7400000, 0x0000000100000000)
  eden space 256512K, 0% used [0x00000000d5580000,0x00000000d5580000,0x00000000e5000000)
  from space 13312K, 99% used [0x00000000e5f00000,0x00000000e6bfcf58,0x00000000e6c00000)
  to   space 15360K, 0% used [0x00000000e5000000,0x00000000e5000000,0x00000000e5f00000)
 ParOldGen       total 57856K, used 17445K [0x0000000080000000, 0x0000000083880000, 0x00000000d5580000)
  object space 57856K, 30% used [0x0000000080000000,0x0000000081109658,0x0000000083880000)
 Metaspace       used 44413K, capacity 46326K, committed 46632K, reserved 1089536K
  class space    used 6026K, capacity 6417K, committed 6448K, reserved 1048576K
}
Event: 10.521 GC heap before
{Heap before GC invocations=13 (full 2):
 PSYoungGen      total 269824K, used 180065K [0x00000000d5580000, 0x00000000e7400000, 0x0000000100000000)
  eden space 256512K, 65% used [0x00000000d5580000,0x00000000df85b828,0x00000000e5000000)
  from space 13312K, 99% used [0x00000000e5f00000,0x00000000e6bfcf58,0x00000000e6c00000)
  to   space 15360K, 0% used [0x00000000e5000000,0x00000000e5000000,0x00000000e5f00000)
 ParOldGen       total 57856K, used 17445K [0x0000000080000000, 0x0000000083880000, 0x00000000d5580000)
  object space 57856K, 30% used [0x0000000080000000,0x0000000081109658,0x0000000083880000)
 Metaspace       used 56992K, capacity 59132K, committed 59160K, reserved 1099776K
  class space    used 7735K, capacity 8215K, committed 8240K, reserved 1048576K
Event: 10.565 GC heap after
Heap after GC invocations=13 (full 2):
 PSYoungGen      total 271872K, used 15358K [0x00000000d5580000, 0x00000000ed580000, 0x0000000100000000)
  eden space 256512K, 0% used [0x00000000d5580000,0x00000000d5580000,0x00000000e5000000)
  from space 15360K, 99% used [0x00000000e5000000,0x00000000e5eff9d0,0x00000000e5f00000)
  to   space 22016K, 0% used [0x00000000ec000000,0x00000000ec000000,0x00000000ed580000)
 ParOldGen       total 57856K, used 28701K [0x0000000080000000, 0x0000000083880000, 0x00000000d5580000)
  object space 57856K, 49% used [0x0000000080000000,0x0000000081c07618,0x0000000083880000)
 Metaspace       used 56992K, capacity 59132K, committed 59160K, reserved 1099776K
  class space    used 7735K, capacity 8215K, committed 8240K, reserved 1048576K
}
Event: 10.565 GC heap before
{Heap before GC invocations=14 (full 3):
 PSYoungGen      total 271872K, used 15358K [0x00000000d5580000, 0x00000000ed580000, 0x0000000100000000)
  eden space 256512K, 0% used [0x00000000d5580000,0x00000000d5580000,0x00000000e5000000)
  from space 15360K, 99% used [0x00000000e5000000,0x00000000e5eff9d0,0x00000000e5f00000)
  to   space 22016K, 0% used [0x00000000ec000000,0x00000000ec000000,0x00000000ed580000)
 ParOldGen       total 57856K, used 28701K [0x0000000080000000, 0x0000000083880000, 0x00000000d5580000)
  object space 57856K, 49% used [0x0000000080000000,0x0000000081c07618,0x0000000083880000)
 Metaspace       used 56992K, capacity 59132K, committed 59160K, reserved 1099776K
  class space    used 7735K, capacity 8215K, committed 8240K, reserved 1048576K
Event: 10.799 GC heap after
Heap after GC invocations=14 (full 3):
 PSYoungGen      total 271872K, used 0K [0x00000000d5580000, 0x00000000ed580000, 0x0000000100000000)
  eden space 256512K, 0% used [0x00000000d5580000,0x00000000d5580000,0x00000000e5000000)
  from space 15360K, 0% used [0x00000000e5000000,0x00000000e5000000,0x00000000e5f00000)
  to   space 22016K, 0% used [0x00000000ec000000,0x00000000ec000000,0x00000000ed580000)
 ParOldGen       total 93184K, used 38988K [0x0000000080000000, 0x0000000085b00000, 0x00000000d5580000)
  object space 93184K, 41% used [0x0000000080000000,0x0000000082613100,0x0000000085b00000)
 Metaspace       used 56981K, capacity 59096K, committed 59160K, reserved 1099776K
  class space    used 7732K, capacity 8209K, committed 8240K, reserved 1048576K
}
Event: 14.649 GC heap before
{Heap before GC invocations=15 (full 3):
 PSYoungGen      total 271872K, used 256512K [0x00000000d5580000, 0x00000000ed580000, 0x0000000100000000)
  eden space 256512K, 100% used [0x00000000d5580000,0x00000000e5000000,0x00000000e5000000)
  from space 15360K, 0% used [0x00000000e5000000,0x00000000e5000000,0x00000000e5f00000)
  to   space 22016K, 0% used [0x00000000ec000000,0x00000000ec000000,0x00000000ed580000)
 ParOldGen       total 93184K, used 38988K [0x0000000080000000, 0x0000000085b00000, 0x00000000d5580000)
  object space 93184K, 41% used [0x0000000080000000,0x0000000082613100,0x0000000085b00000)
 Metaspace       used 68757K, capacity 71936K, committed 72088K, reserved 1112064K
  class space    used 9409K, capacity 10067K, committed 10160K, reserved 1048576K
Event: 14.671 GC heap after
Heap after GC invocations=15 (full 3):
 PSYoungGen      total 357376K, used 21997K [0x00000000d5580000, 0x00000000ed580000, 0x0000000100000000)
  eden space 335360K, 0% used [0x00000000d5580000,0x00000000d5580000,0x00000000e9d00000)
  from space 22016K, 99% used [0x00000000ec000000,0x00000000ed57b5a8,0x00000000ed580000)
  to   space 25088K, 0% used [0x00000000ea480000,0x00000000ea480000,0x00000000ebd00000)
 ParOldGen       total 93184K, used 39045K [0x0000000080000000, 0x0000000085b00000, 0x00000000d5580000)
  object space 93184K, 41% used [0x0000000080000000,0x00000000826215c0,0x0000000085b00000)
 Metaspace       used 68757K, capacity 71936K, committed 72088K, reserved 1112064K
  class space    used 9409K, capacity 10067K, committed 10160K, reserved 1048576K
}

Deoptimization events (10 events):
Event: 17.050 Thread 0x000000001af5f000 Uncommon trap: reason=bimorphic action=maybe_recompile pc=0x00000000040b4dc8 method=com.android.tools.r8.q.a.a.a.v.hash(Ljava/lang/Object;)I @ 8
Event: 17.050 Thread 0x000000001af5f000 Uncommon trap: reason=bimorphic action=maybe_recompile pc=0x00000000040b4dc8 method=com.android.tools.r8.q.a.a.a.v.hash(Ljava/lang/Object;)I @ 8
Event: 17.050 Thread 0x000000001af5f000 Uncommon trap: reason=bimorphic action=maybe_recompile pc=0x00000000040b4dc8 method=com.android.tools.r8.q.a.a.a.v.hash(Ljava/lang/Object;)I @ 8
Event: 17.055 Thread 0x000000001af63000 Uncommon trap: reason=unstable_if action=reinterpret pc=0x0000000003606a44 method=java.util.HashMap$HashIterator.<init>(Ljava/util/HashMap;)V @ 45
Event: 17.062 Thread 0x000000001af63000 Uncommon trap: reason=bimorphic action=maybe_recompile pc=0x0000000003125244 method=java.util.Objects.equals(Ljava/lang/Object;Ljava/lang/Object;)Z @ 11
Event: 17.064 Thread 0x000000001af63000 Uncommon trap: reason=bimorphic action=maybe_recompile pc=0x0000000003125244 method=java.util.Objects.equals(Ljava/lang/Object;Ljava/lang/Object;)Z @ 11
Event: 17.081 Thread 0x000000001af5f000 Uncommon trap: reason=bimorphic action=maybe_recompile pc=0x0000000003125244 method=java.util.Objects.equals(Ljava/lang/Object;Ljava/lang/Object;)Z @ 11
Event: 17.081 Thread 0x000000001af5f000 Uncommon trap: reason=bimorphic action=maybe_recompile pc=0x0000000003125244 method=java.util.Objects.equals(Ljava/lang/Object;Ljava/lang/Object;)Z @ 11
Event: 17.165 Thread 0x000000001af5f000 Uncommon trap: reason=unstable_if action=reinterpret pc=0x0000000003e05944 method=java.util.HashMap.computeIfAbsent(Ljava/lang/Object;Ljava/util/function/Function;)Ljava/lang/Object; @ 145
Event: 17.201 Thread 0x000000001af5f000 Uncommon trap: reason=unstable_if action=reinterpret pc=0x0000000002aadba4 method=java.util.TreeMap.put(Ljava/lang/Object;Ljava/lang/Object;)Ljava/lang/Object; @ 163

Classes redefined (0 events):
No events

Internal exceptions (10 events):
Event: 15.384 Thread 0x000000001af5d800 Implicit null exception at 0x0000000003f17a23 to 0x0000000003f17ecd
Event: 15.765 Thread 0x000000001af5f000 Exception <a 'java/lang/NoSuchMethodError': java.lang.Object.lambda$static$0(Ljava/lang/String;)Z> (0x00000000dd423838) thrown at [C:\src\AOSP-openjdk-git\hotspot\src\share\vm\interpreter\linkResolver.cpp, line 620]
Event: 15.870 Thread 0x000000001af5f000 Exception <a 'sun/nio/fs/WindowsException'> (0x00000000ddd5bcf8) thrown at [C:\src\AOSP-openjdk-git\hotspot\src\share\vm\prims\jni.cpp, line 710]
Event: 16.021 Thread 0x000000001af63000 Exception <a 'sun/nio/fs/WindowsException'> (0x00000000de949770) thrown at [C:\src\AOSP-openjdk-git\hotspot\src\share\vm\prims\jni.cpp, line 710]
Event: 16.295 Thread 0x000000001af5f000 Exception <a 'java/lang/IncompatibleClassChangeError': Found class java.lang.Object, but interface was expected> (0x00000000df724cd0) thrown at [C:\src\AOSP-openjdk-git\hotspot\src\share\vm\interpreter\linkResolver.cpp, line 653]
Event: 16.914 Thread 0x000000001af63000 Exception <a 'java/lang/NoSuchMethodError': java.lang.Object.lambda$comparingInt$7b0bb60$1(Ljava/util/function/ToIntFunction;Ljava/lang/Object;Ljava/lang/Object;)I> (0x00000000e3223438) thrown at [C:\src\AOSP-openjdk-git\hotspot\src\share\vm\interpreter\l
Event: 16.914 Thread 0x000000001af5f000 Exception <a 'java/lang/NoSuchMethodError': java.lang.Object.lambda$comparingInt$7b0bb60$1(Ljava/util/function/ToIntFunction;Ljava/lang/Object;Ljava/lang/Object;)I> (0x00000000e3278218) thrown at [C:\src\AOSP-openjdk-git\hotspot\src\share\vm\interpreter\l
Event: 16.915 Thread 0x000000001af5f000 Exception <a 'java/lang/NoSuchMethodError': java.lang.Object.lambda$maxBy$1(Ljava/util/Comparator;Ljava/lang/Object;Ljava/lang/Object;)Ljava/lang/Object;> (0x00000000e327c670) thrown at [C:\src\AOSP-openjdk-git\hotspot\src\share\vm\interpreter\linkResolve
Event: 16.915 Thread 0x000000001af63000 Exception <a 'java/lang/NoSuchMethodError': java.lang.Object.lambda$maxBy$1(Ljava/util/Comparator;Ljava/lang/Object;Ljava/lang/Object;)Ljava/lang/Object;> (0x00000000e3227d80) thrown at [C:\src\AOSP-openjdk-git\hotspot\src\share\vm\interpreter\linkResolve
Event: 17.002 Thread 0x000000001af5f000 Exception <a 'java/lang/NoSuchMethodError': java.lang.Object.b(Lcom/android/tools/r8/graph/n1$b;)Lcom/android/tools/r8/graph/n1$b;> (0x00000000e34e27b8) thrown at [C:\src\AOSP-openjdk-git\hotspot\src\share\vm\interpreter\linkResolver.cpp, line 620]

Events (10 events):
Event: 17.210 loading class com/android/tools/r8/graph/l0$r
Event: 17.210 loading class com/android/tools/r8/graph/l0$r done
Event: 17.246 loading class com/android/tools/r8/p/e
Event: 17.246 loading class com/android/tools/r8/p/e done
Event: 17.257 loading class com/android/tools/r8/references/ArrayReference
Event: 17.257 loading class com/android/tools/r8/references/ArrayReference done
Event: 17.259 Executing VM operation: ForceSafepoint
Event: 17.259 loading class com/android/tools/r8/references/ArrayReference
Event: 17.259 loading class com/android/tools/r8/references/ArrayReference done
Event: 17.260 Executing VM operation: ForceSafepoint done


Dynamic libraries:
0x00007ff7281b0000 - 0x00007ff7281e1000 	D:\Program Files\Android Studio\jre\bin\java.exe
0x00007fff215c0000 - 0x00007fff217a1000 	C:\WINDOWS\SYSTEM32\ntdll.dll
0x00007fff21180000 - 0x00007fff21231000 	C:\WINDOWS\System32\KERNEL32.DLL
0x00007fff1da60000 - 0x00007fff1dcd3000 	C:\WINDOWS\System32\KERNELBASE.dll
0x00007fff1f4d0000 - 0x00007fff1f571000 	C:\WINDOWS\System32\ADVAPI32.dll
0x00007fff1ef40000 - 0x00007fff1efde000 	C:\WINDOWS\System32\msvcrt.dll
0x00007fff21120000 - 0x00007fff2117b000 	C:\WINDOWS\System32\sechost.dll
0x00007fff20e60000 - 0x00007fff20f84000 	C:\WINDOWS\System32\RPCRT4.dll
0x00007fff21400000 - 0x00007fff21590000 	C:\WINDOWS\System32\USER32.dll
0x00007fff1e890000 - 0x00007fff1e8b0000 	C:\WINDOWS\System32\win32u.dll
0x00007fff1ef10000 - 0x00007fff1ef38000 	C:\WINDOWS\System32\GDI32.dll
0x00007fff1e8b0000 - 0x00007fff1ea41000 	C:\WINDOWS\System32\gdi32full.dll
0x00007fff1e4f0000 - 0x00007fff1e58f000 	C:\WINDOWS\System32\msvcp_win.dll
0x00007fff1e3f0000 - 0x00007fff1e4e8000 	C:\WINDOWS\System32\ucrtbase.dll
0x00007fff127c0000 - 0x00007fff12a29000 	C:\WINDOWS\WinSxS\amd64_microsoft.windows.common-controls_6595b64144ccf1df_6.0.17134.885_none_fb42a3473065565f\COMCTL32.dll
0x00007fff20b20000 - 0x00007fff20e42000 	C:\WINDOWS\System32\combase.dll
0x00007fff1d9e0000 - 0x00007fff1da59000 	C:\WINDOWS\System32\bcryptPrimitives.dll
0x00007fff1ec90000 - 0x00007fff1ecbd000 	C:\WINDOWS\System32\IMM32.DLL
0x000000005e550000 - 0x000000005e622000 	D:\Program Files\Android Studio\jre\jre\bin\msvcr100.dll
0x000000005d690000 - 0x000000005dedb000 	D:\Program Files\Android Studio\jre\jre\bin\server\jvm.dll
0x00007fff1f4a0000 - 0x00007fff1f4a8000 	C:\WINDOWS\System32\PSAPI.DLL
0x00007fff00720000 - 0x00007fff00729000 	C:\WINDOWS\SYSTEM32\WSOCK32.dll
0x00007fff157b0000 - 0x00007fff157d3000 	C:\WINDOWS\SYSTEM32\WINMM.dll
0x00007fff1f580000 - 0x00007fff1f5ec000 	C:\WINDOWS\System32\WS2_32.dll
0x00007fff1c020000 - 0x00007fff1c02a000 	C:\WINDOWS\SYSTEM32\VERSION.dll
0x00007fff15780000 - 0x00007fff157aa000 	C:\WINDOWS\SYSTEM32\WINMMBASE.dll
0x00007fff1d990000 - 0x00007fff1d9d9000 	C:\WINDOWS\System32\cfgmgr32.dll
0x00007fff19ac0000 - 0x00007fff19acf000 	D:\Program Files\Android Studio\jre\jre\bin\verify.dll
0x00007fff19990000 - 0x00007fff199b9000 	D:\Program Files\Android Studio\jre\jre\bin\java.dll
0x00007fff19a30000 - 0x00007fff19a46000 	D:\Program Files\Android Studio\jre\jre\bin\zip.dll
0x00007fff1f6e0000 - 0x00007fff20b20000 	C:\WINDOWS\System32\SHELL32.dll
0x00007fff21070000 - 0x00007fff21119000 	C:\WINDOWS\System32\shcore.dll
0x00007fff1dce0000 - 0x00007fff1e3ed000 	C:\WINDOWS\System32\windows.storage.dll
0x00007fff21240000 - 0x00007fff21291000 	C:\WINDOWS\System32\shlwapi.dll
0x00007fff1d970000 - 0x00007fff1d981000 	C:\WINDOWS\System32\kernel.appcore.dll
0x00007fff1d930000 - 0x00007fff1d94f000 	C:\WINDOWS\System32\profapi.dll
0x00007fff1d8e0000 - 0x00007fff1d92c000 	C:\WINDOWS\System32\powrprof.dll
0x00007fff1d8d0000 - 0x00007fff1d8da000 	C:\WINDOWS\System32\FLTLIB.DLL
0x00007fff18fc0000 - 0x00007fff18fda000 	D:\Program Files\Android Studio\jre\jre\bin\net.dll
0x00007fff1d150000 - 0x00007fff1d1b6000 	C:\WINDOWS\system32\mswsock.dll
0x00007fff18c60000 - 0x00007fff18c73000 	D:\Program Files\Android Studio\jre\jre\bin\nio.dll
0x00007fff0f130000 - 0x00007fff0f157000 	C:\Users\Дима\.gradle\native\f6784746aeab05261644944871eae4fe03e0ef1612fff0a4a95f87b438bc6780\windows-amd64\native-platform.dll
0x00007fff19ab0000 - 0x00007fff19abd000 	D:\Program Files\Android Studio\jre\jre\bin\management.dll
0x00007fff1d300000 - 0x00007fff1d317000 	C:\WINDOWS\SYSTEM32\CRYPTSP.dll
0x00007fff1cd40000 - 0x00007fff1cd73000 	C:\WINDOWS\system32\rsaenh.dll
0x00007fff1d430000 - 0x00007fff1d455000 	C:\WINDOWS\SYSTEM32\bcrypt.dll
0x00007fff1d7d0000 - 0x00007fff1d7f8000 	C:\WINDOWS\SYSTEM32\USERENV.dll
0x00007fff1d320000 - 0x00007fff1d32b000 	C:\WINDOWS\SYSTEM32\CRYPTBASE.dll
0x00007fff1cee0000 - 0x00007fff1cf18000 	C:\WINDOWS\SYSTEM32\IPHLPAPI.DLL
0x00007fff1f490000 - 0x00007fff1f498000 	C:\WINDOWS\System32\NSI.dll
0x00007fff14dc0000 - 0x00007fff14dd6000 	C:\WINDOWS\SYSTEM32\dhcpcsvc6.DLL
0x00007fff15580000 - 0x00007fff1559a000 	C:\WINDOWS\SYSTEM32\dhcpcsvc.DLL
0x00007fff15db0000 - 0x00007fff15dbb000 	C:\WINDOWS\SYSTEM32\WINNSI.DLL

VM Arguments:
jvm_args: -Xmx2048m -Dfile.encoding=UTF-8 -Duser.country=RU -Duser.language=ru -Duser.variant 
java_command: org.gradle.launcher.daemon.bootstrap.GradleDaemon 6.5
java_class_path (initial): C:\Users\Дима\.gradle\wrapper\dists\gradle-6.5-bin\6nifqtx7604sqp1q6g8wikw7p\gradle-6.5\lib\gradle-launcher-6.5.jar
Launcher Type: SUN_STANDARD

Environment Variables:
PATH=C:\Program Files (x86)\Common Files\Oracle\Java\javapath;C:\Program Files (x86)\Intel\iCLS Client\;C:\Program Files\Intel\iCLS Client\;C:\windows\system32;C:\windows;C:\windows\System32\Wbem;C:\windows\System32\WindowsPowerShell\v1.0\;C:\Program Files (x86)\Intel\Intel(R) Management Engine Components\DAL;C:\Program Files\Intel\Intel(R) Management Engine Components\DAL;C:\Program Files (x86)\Intel\Intel(R) Management Engine Components\IPT;C:\Program Files\Intel\Intel(R) Management Engine Components\IPT;C:\WINDOWS\system32;C:\WINDOWS;C:\WINDOWS\System32\Wbem;C:\WINDOWS\System32\WindowsPowerShell\v1.0\;C:\WINDOWS\System32\OpenSSH\;C:\Go\bin\bin;C:\Program Files (x86)\Common Files\Apple\Internet Services\;C:\Program Files\Microsoft VS Code\bin;C:\Program Files\Git\cmd;C:\php7;C:\Program Files\PuTTY\;C:\Program Files\CMake\bin;C:\Program Files (x86)\NVIDIA Corporation\PhysX\Common;C:\Program Files (x86)\Microsoft SQL Server\150\DTS\Binn\;C:\Program Files\Microsoft SQL Server\Client SDK\ODBC\170\Tools\Binn\;C:\Program Files (x86)\Microsoft SQL Server\150\Tools\Binn\;C:\Program Files\Microsoft SQL Server\150\Tools\Binn\;C:\Program Files\Microsoft SQL Server\150\DTS\Binn\;C:\Program Files\dotnet\;C:\Program Files\Microsoft SQL Server\130\Tools\Binn\;C:\Users\Дима\AppData\Local\Programs\Python\Python36-32\Scripts\;C:\Users\Дима\AppData\Local\Programs\Python\Python36-32\;C:\Users\Дима\AppData\Local\Microsoft\WindowsApps;C:\Users\Дима\go\bin;C:\Users\Дима\AppData\Local\GitHubDesktop\bin;C:\Program Files\heroku\bin
USERNAME=Dima
OS=Windows_NT
PROCESSOR_IDENTIFIER=Intel64 Family 6 Model 142 Stepping 9, GenuineIntel



---------------  S Y S T E M  ---------------

OS: Windows 10.0 , 64 bit Build 17134 (10.0.17134.753)

CPU:total 4 (initial active 4) (2 cores per cpu, 2 threads per core) family 6 model 142 stepping 9, cmov, cx8, fxsr, mmx, sse, sse2, sse3, ssse3, sse4.1, sse4.2, popcnt, avx, avx2, aes, clmul, erms, 3dnowpref, lzcnt, ht, tsc, tscinvbit, bmi1, bmi2, adx

Memory: 4k page, physical 6173924k(1214240k free), swap 6464856k(7420k free)

vm_info: OpenJDK 64-Bit Server VM (25.242-b01) for windows-amd64 JRE (1.8.0_242-release-1644-b01), built by "builder" with MS VC++ 10.0 (VS2010)

time: Wed Oct 21 22:11:26 2020
timezone: RTZ 2 (зима)
elapsed time: 17 seconds (0d 0h 0m 17s)

