#
# There is insufficient memory for the Java Runtime Environment to continue.
# Native memory allocation (malloc) failed to allocate 1186896 bytes for Chunk::new
# Possible reasons:
#   The system is out of physical RAM or swap space
#   The process is running with CompressedOops enabled, and the Java Heap may be blocking the growth of the native heap
# Possible solutions:
#   Reduce memory load on the system
#   Increase physical memory or swap space
#   Check if swap backing store is full
#   Decrease Java heap size (-Xmx/-Xms)
#   Decrease number of Java threads
#   Decrease Java thread stack sizes (-Xss)
#   Set larger code cache with -XX:ReservedCodeCacheSize=
#   JVM is running with Unscaled Compressed Oops mode in which the Java heap is
#     placed in the first 4GB address space. The Java Heap base address is the
#     maximum limit for the native heap growth. Please use -XX:HeapBaseMinAddress
#     to set the Java Heap base and to place the Java Heap above 4GB virtual address.
# This output file may be truncated or incomplete.
#
#  Out of Memory Error (allocation.cpp:389), pid=10184, tid=0x0000000000001eec
#
# JRE version: OpenJDK Runtime Environment (8.0_242-b01) (build 1.8.0_242-release-1644-b01)
# Java VM: OpenJDK 64-Bit Server VM (25.242-b01 mixed mode windows-amd64 compressed oops)
# Failed to write core dump. Minidumps are not enabled by default on client versions of Windows
#

---------------  T H R E A D  ---------------

Current thread (0x0000000017d13000):  JavaThread "C2 CompilerThread0" daemon [_thread_in_native, id=7916, stack(0x0000000019360000,0x0000000019460000)]

Stack: [0x0000000019360000,0x0000000019460000]
[error occurred during error reporting (printing stack bounds), id 0xc0000005]

Native frames: (J=compiled Java code, j=interpreted, Vv=VM code, C=native code)


Current CompileTask:
C2:  18676 11492 %     4       com.android.tools.r8.ir.optimize.a0::a @ 13 (425 bytes)


---------------  P R O C E S S  ---------------

Java Threads: ( => current thread )
  0x000000001e243000 JavaThread "WorkerExecutor Queue" [_thread_blocked, id=10776, stack(0x000000002e5a0000,0x000000002e6a0000)]
  0x000000001e242000 JavaThread "Cache worker for execution history cache (D:\AndroidStudioProjects\labRK\.gradle\6.5\executionHistory)" [_thread_blocked, id=11260, stack(0x000000002dea0000,0x000000002dfa0000)]
  0x000000001e246000 JavaThread "Execution worker for ':' Thread 3" [_thread_blocked, id=7416, stack(0x000000002dda0000,0x000000002dea0000)]
  0x000000001e245800 JavaThread "Execution worker for ':' Thread 2" [_thread_blocked, id=2340, stack(0x000000002dca0000,0x000000002dda0000)]
  0x000000001e574000 JavaThread "Execution worker for ':'" [_thread_blocked, id=3456, stack(0x000000002dba0000,0x000000002dca0000)]
  0x000000001e575800 JavaThread "Cache worker for file content cache (D:\AndroidStudioProjects\labRK\.gradle\6.5\fileContent)" [_thread_blocked, id=6064, stack(0x000000002d6a0000,0x000000002d7a0000)]
  0x000000001e573800 JavaThread "Memory manager" [_thread_blocked, id=8488, stack(0x000000002d5a0000,0x000000002d6a0000)]
  0x000000001e578000 JavaThread "Cache worker for Build Output Cleanup Cache (D:\AndroidStudioProjects\labRK\.gradle\buildOutputCleanup)" [_thread_blocked, id=7616, stack(0x000000002b2d0000,0x000000002b3d0000)]
  0x000000001e575000 JavaThread "jar transforms Thread 114" [_thread_blocked, id=3308, stack(0x000000002afe0000,0x000000002b0e0000)]
  0x000000001e577000 JavaThread "jar transforms Thread 113" [_thread_blocked, id=7020, stack(0x000000002aee0000,0x000000002afe0000)]
  0x000000001e576800 JavaThread "jar transforms Thread 112" [_thread_blocked, id=4740, stack(0x000000002ade0000,0x000000002aee0000)]
  0x000000001e579800 JavaThread "jar transforms Thread 111" [_thread_blocked, id=5596, stack(0x000000002ace0000,0x000000002ade0000)]
  0x000000001e578800 JavaThread "jar transforms Thread 110" [_thread_blocked, id=3980, stack(0x000000002abe0000,0x000000002ace0000)]
  0x000000001e56b000 JavaThread "jar transforms Thread 109" [_thread_blocked, id=10520, stack(0x000000002aae0000,0x000000002abe0000)]
  0x000000001e572000 JavaThread "jar transforms Thread 108" [_thread_blocked, id=1796, stack(0x000000002a9e0000,0x000000002aae0000)]
  0x000000001e56a800 JavaThread "jar transforms Thread 107" [_thread_blocked, id=4244, stack(0x000000002a8e0000,0x000000002a9e0000)]
  0x000000001e56f800 JavaThread "jar transforms Thread 106" [_thread_blocked, id=4900, stack(0x000000002a7e0000,0x000000002a8e0000)]
  0x000000001e56f000 JavaThread "jar transforms Thread 105" [_thread_blocked, id=8280, stack(0x000000002a6e0000,0x000000002a7e0000)]
  0x000000001e570800 JavaThread "jar transforms Thread 104" [_thread_blocked, id=9864, stack(0x000000002a5e0000,0x000000002a6e0000)]
  0x000000001e56e000 JavaThread "jar transforms Thread 103" [_thread_blocked, id=4628, stack(0x000000002a4e0000,0x000000002a5e0000)]
  0x000000001e56d800 JavaThread "jar transforms Thread 102" [_thread_blocked, id=1884, stack(0x000000002a3e0000,0x000000002a4e0000)]
  0x000000001e56c800 JavaThread "jar transforms Thread 101" [_thread_blocked, id=804, stack(0x000000002a2e0000,0x000000002a3e0000)]
  0x000000001e56c000 JavaThread "jar transforms Thread 100" [_thread_blocked, id=11132, stack(0x000000002a1e0000,0x000000002a2e0000)]
  0x000000001e571000 JavaThread "jar transforms Thread 99" [_thread_blocked, id=8680, stack(0x000000002a0e0000,0x000000002a1e0000)]
  0x000000002240d800 JavaThread "jar transforms Thread 98" [_thread_blocked, id=7500, stack(0x0000000029fe0000,0x000000002a0e0000)]
  0x0000000022410800 JavaThread "jar transforms Thread 97" [_thread_blocked, id=11236, stack(0x0000000029ee0000,0x0000000029fe0000)]
  0x000000002240d000 JavaThread "jar transforms Thread 96" [_thread_blocked, id=10796, stack(0x0000000029de0000,0x0000000029ee0000)]
  0x0000000022411800 JavaThread "jar transforms Thread 95" [_thread_blocked, id=764, stack(0x0000000029ce0000,0x0000000029de0000)]
  0x000000002240f000 JavaThread "jar transforms Thread 94" [_thread_blocked, id=3700, stack(0x0000000029be0000,0x0000000029ce0000)]
  0x000000002240e800 JavaThread "jar transforms Thread 93" [_thread_blocked, id=2148, stack(0x0000000029ae0000,0x0000000029be0000)]
  0x0000000022410000 JavaThread "jar transforms Thread 92" [_thread_blocked, id=8168, stack(0x00000000299e0000,0x0000000029ae0000)]
  0x000000002240c000 JavaThread "jar transforms Thread 91" [_thread_blocked, id=1624, stack(0x00000000298e0000,0x00000000299e0000)]
  0x0000000022404800 JavaThread "jar transforms Thread 90" [_thread_blocked, id=8736, stack(0x00000000297e0000,0x00000000298e0000)]
  0x000000002240b800 JavaThread "jar transforms Thread 89" [_thread_blocked, id=2796, stack(0x00000000296e0000,0x00000000297e0000)]
  0x0000000022404000 JavaThread "jar transforms Thread 88" [_thread_blocked, id=2920, stack(0x00000000295e0000,0x00000000296e0000)]
  0x000000002240a800 JavaThread "jar transforms Thread 87" [_thread_blocked, id=2544, stack(0x00000000294e0000,0x00000000295e0000)]
  0x0000000022408800 JavaThread "jar transforms Thread 86" [_thread_blocked, id=5680, stack(0x00000000293e0000,0x00000000294e0000)]
  0x0000000022406000 JavaThread "jar transforms Thread 85" [_thread_blocked, id=10564, stack(0x00000000292e0000,0x00000000293e0000)]
  0x0000000022405800 JavaThread "jar transforms Thread 84" [_thread_blocked, id=10152, stack(0x00000000291e0000,0x00000000292e0000)]
  0x0000000022403000 JavaThread "jar transforms Thread 83" [_thread_blocked, id=4968, stack(0x00000000290e0000,0x00000000291e0000)]
  0x000000002240a000 JavaThread "jar transforms Thread 82" [_thread_blocked, id=7212, stack(0x0000000028fe0000,0x00000000290e0000)]
  0x0000000022407000 JavaThread "jar transforms Thread 81" [_thread_blocked, id=9872, stack(0x0000000028ee0000,0x0000000028fe0000)]
  0x0000000022402800 JavaThread "jar transforms Thread 80" [_thread_blocked, id=3708, stack(0x0000000028de0000,0x0000000028ee0000)]
  0x0000000022407800 JavaThread "jar transforms Thread 79" [_thread_blocked, id=9896, stack(0x0000000028ce0000,0x0000000028de0000)]
  0x0000000022409000 JavaThread "jar transforms Thread 78" [_thread_blocked, id=2520, stack(0x0000000028be0000,0x0000000028ce0000)]
  0x0000000021bb0800 JavaThread "jar transforms Thread 77" [_thread_blocked, id=5276, stack(0x0000000028ae0000,0x0000000028be0000)]
  0x0000000021ba8800 JavaThread "jar transforms Thread 76" [_thread_blocked, id=10708, stack(0x00000000289e0000,0x0000000028ae0000)]
  0x0000000021baa000 JavaThread "jar transforms Thread 75" [_thread_blocked, id=1344, stack(0x00000000288e0000,0x00000000289e0000)]
  0x0000000021baf800 JavaThread "jar transforms Thread 74" [_thread_blocked, id=6084, stack(0x00000000287e0000,0x00000000288e0000)]
  0x0000000021ba9800 JavaThread "jar transforms Thread 73" [_thread_blocked, id=7472, stack(0x00000000286e0000,0x00000000287e0000)]
  0x0000000021baf000 JavaThread "jar transforms Thread 72" [_thread_blocked, id=1988, stack(0x00000000285e0000,0x00000000286e0000)]
  0x0000000021bae000 JavaThread "jar transforms Thread 71" [_thread_blocked, id=9948, stack(0x00000000284e0000,0x00000000285e0000)]
  0x0000000021bad800 JavaThread "jar transforms Thread 70" [_thread_blocked, id=1416, stack(0x00000000283e0000,0x00000000284e0000)]
  0x0000000021ba5800 JavaThread "jar transforms Thread 69" [_thread_blocked, id=8300, stack(0x00000000282e0000,0x00000000283e0000)]
  0x0000000021bac800 JavaThread "jar transforms Thread 68" [_thread_blocked, id=4816, stack(0x00000000281e0000,0x00000000282e0000)]
  0x0000000021ba5000 JavaThread "jar transforms Thread 67" [_thread_blocked, id=4252, stack(0x00000000280e0000,0x00000000281e0000)]
  0x0000000021bac000 JavaThread "jar transforms Thread 66" [_thread_blocked, id=11032, stack(0x0000000027fe0000,0x00000000280e0000)]
  0x0000000021bab000 JavaThread "jar transforms Thread 65" [_thread_blocked, id=7132, stack(0x0000000027ee0000,0x0000000027fe0000)]
  0x0000000021ba2000 JavaThread "jar transforms Thread 64" [_thread_blocked, id=3844, stack(0x0000000027de0000,0x0000000027ee0000)]
  0x0000000021ba1000 JavaThread "jar transforms Thread 63" [_thread_blocked, id=4600, stack(0x0000000027ce0000,0x0000000027de0000)]
  0x0000000021ba7000 JavaThread "jar transforms Thread 62" [_thread_blocked, id=5552, stack(0x0000000027be0000,0x0000000027ce0000)]
  0x0000000021ba2800 JavaThread "jar transforms Thread 61" [_thread_blocked, id=8632, stack(0x0000000027ae0000,0x0000000027be0000)]
  0x0000000021ba4000 JavaThread "jar transforms Thread 60" [_thread_blocked, id=1144, stack(0x00000000279e0000,0x0000000027ae0000)]
  0x0000000021ba3800 JavaThread "jar transforms Thread 59" [_thread_blocked, id=9712, stack(0x00000000278e0000,0x00000000279e0000)]
  0x0000000021ba6800 JavaThread "jar transforms Thread 58" [_thread_blocked, id=2472, stack(0x00000000277e0000,0x00000000278e0000)]
  0x0000000021ba8000 JavaThread "jar transforms Thread 57" [_thread_blocked, id=10584, stack(0x00000000276e0000,0x00000000277e0000)]
  0x0000000021b9d800 JavaThread "jar transforms Thread 56" [_thread_blocked, id=2548, stack(0x00000000275e0000,0x00000000276e0000)]
  0x0000000021ba0800 JavaThread "jar transforms Thread 55" [_thread_blocked, id=3324, stack(0x00000000274e0000,0x00000000275e0000)]
  0x0000000021b9f800 JavaThread "jar transforms Thread 54" [_thread_blocked, id=4664, stack(0x00000000273e0000,0x00000000274e0000)]
  0x0000000021b9f000 JavaThread "jar transforms Thread 53" [_thread_blocked, id=8468, stack(0x00000000272e0000,0x00000000273e0000)]
  0x0000000021b9e000 JavaThread "jar transforms Thread 52" [_thread_blocked, id=4164, stack(0x00000000271e0000,0x00000000272e0000)]
  0x0000000021b9c800 JavaThread "jar transforms Thread 51" [_thread_blocked, id=7716, stack(0x00000000270e0000,0x00000000271e0000)]
  0x0000000021b9c000 JavaThread "jar transforms Thread 50" [_thread_blocked, id=9928, stack(0x0000000026fe0000,0x00000000270e0000)]
  0x0000000021b94000 JavaThread "jar transforms Thread 49" [_thread_blocked, id=6864, stack(0x0000000026ee0000,0x0000000026fe0000)]
  0x0000000021b96800 JavaThread "jar transforms Thread 48" [_thread_blocked, id=1948, stack(0x0000000026de0000,0x0000000026ee0000)]
  0x0000000021b9b000 JavaThread "jar transforms Thread 47" [_thread_blocked, id=3012, stack(0x0000000026ce0000,0x0000000026de0000)]
  0x0000000021b95800 JavaThread "jar transforms Thread 46" [_thread_blocked, id=10076, stack(0x0000000026be0000,0x0000000026ce0000)]
  0x0000000021b93800 JavaThread "jar transforms Thread 45" [_thread_blocked, id=2896, stack(0x0000000026ae0000,0x0000000026be0000)]
  0x0000000021b9a000 JavaThread "jar transforms Thread 44" [_thread_blocked, id=7968, stack(0x00000000269e0000,0x0000000026ae0000)]
  0x0000000021b92800 JavaThread "jar transforms Thread 43" [_thread_blocked, id=3912, stack(0x00000000268e0000,0x00000000269e0000)]
  0x0000000021b98800 JavaThread "jar transforms Thread 42" [_thread_blocked, id=9768, stack(0x00000000267e0000,0x00000000268e0000)]
  0x0000000021b95000 JavaThread "jar transforms Thread 41" [_thread_blocked, id=8316, stack(0x00000000266e0000,0x00000000267e0000)]
  0x0000000021b99800 JavaThread "jar transforms Thread 40" [_thread_blocked, id=11140, stack(0x00000000265e0000,0x00000000266e0000)]
  0x0000000021b92000 JavaThread "jar transforms Thread 39" [_thread_blocked, id=5652, stack(0x00000000264e0000,0x00000000265e0000)]
  0x0000000021b91000 JavaThread "jar transforms Thread 38" [_thread_blocked, id=2856, stack(0x00000000263e0000,0x00000000264e0000)]
  0x0000000021b98000 JavaThread "jar transforms Thread 37" [_thread_blocked, id=7400, stack(0x0000000026170000,0x0000000026270000)]
  0x0000000021b97000 JavaThread "jar transforms Thread 36" [_thread_blocked, id=7656, stack(0x0000000026070000,0x0000000026170000)]
  0x000000001f9fd800 JavaThread "jar transforms Thread 35" [_thread_blocked, id=11048, stack(0x0000000025f70000,0x0000000026070000)]
  0x000000001f9f7800 JavaThread "jar transforms Thread 34" [_thread_blocked, id=4568, stack(0x0000000025e70000,0x0000000025f70000)]
  0x000000001f9fc800 JavaThread "jar transforms Thread 33" [_thread_blocked, id=10596, stack(0x0000000025d70000,0x0000000025e70000)]
  0x000000001f9fa800 JavaThread "jar transforms Thread 32" [_thread_blocked, id=1048, stack(0x0000000025c70000,0x0000000025d70000)]
  0x000000001f9f8000 JavaThread "jar transforms Thread 31" [_thread_blocked, id=10904, stack(0x0000000025b70000,0x0000000025c70000)]
  0x000000001f9f9000 JavaThread "jar transforms Thread 30" [_thread_blocked, id=7324, stack(0x0000000025a70000,0x0000000025b70000)]
  0x000000001f9f6800 JavaThread "jar transforms Thread 29" [_thread_blocked, id=9748, stack(0x0000000025970000,0x0000000025a70000)]
  0x000000001f9fc000 JavaThread "jar transforms Thread 28" [_thread_blocked, id=8532, stack(0x0000000025870000,0x0000000025970000)]
  0x000000001f9fb000 JavaThread "jar transforms Thread 27" [_thread_blocked, id=6632, stack(0x0000000025770000,0x0000000025870000)]
  0x000000001f9f9800 JavaThread "jar transforms Thread 26" [_thread_blocked, id=6996, stack(0x0000000025670000,0x0000000025770000)]
  0x000000001f9ef000 JavaThread "jar transforms Thread 25" [_thread_blocked, id=176, stack(0x0000000025570000,0x0000000025670000)]
  0x000000001f9f2000 JavaThread "jar transforms Thread 24" [_thread_blocked, id=76, stack(0x0000000025470000,0x0000000025570000)]
  0x000000001f9f6000 JavaThread "jar transforms Thread 23" [_thread_blocked, id=9836, stack(0x0000000025370000,0x0000000025470000)]
  0x000000001f9f5000 JavaThread "jar transforms Thread 22" [_thread_blocked, id=10968, stack(0x0000000025270000,0x0000000025370000)]
  0x000000001f9f1800 JavaThread "jar transforms Thread 21" [_thread_blocked, id=1800, stack(0x0000000025170000,0x0000000025270000)]
  0x000000001f9f3800 JavaThread "jar transforms Thread 20" [_thread_blocked, id=10724, stack(0x0000000025070000,0x0000000025170000)]
  0x000000001f9f0800 JavaThread "jar transforms Thread 19" [_thread_blocked, id=1368, stack(0x0000000024f70000,0x0000000025070000)]
  0x000000001f9f0000 JavaThread "jar transforms Thread 18" [_thread_blocked, id=4008, stack(0x0000000024e70000,0x0000000024f70000)]
  0x000000001f9ee800 JavaThread "jar transforms Thread 17" [_thread_blocked, id=5356, stack(0x0000000024d70000,0x0000000024e70000)]
  0x000000001f9f4800 JavaThread "jar transforms Thread 16" [_thread_blocked, id=976, stack(0x0000000024c70000,0x0000000024d70000)]
  0x000000001f9f3000 JavaThread "jar transforms Thread 15" [_thread_blocked, id=1436, stack(0x0000000024b70000,0x0000000024c70000)]
  0x000000002155d000 JavaThread "jar transforms Thread 14" [_thread_blocked, id=9616, stack(0x0000000024a70000,0x0000000024b70000)]
  0x000000002155b000 JavaThread "jar transforms Thread 13" [_thread_blocked, id=5348, stack(0x0000000024970000,0x0000000024a70000)]
  0x000000002155b800 JavaThread "jar transforms Thread 12" [_thread_blocked, id=9744, stack(0x0000000024870000,0x0000000024970000)]
  0x000000002155f800 JavaThread "jar transforms Thread 11" [_thread_blocked, id=10252, stack(0x0000000024770000,0x0000000024870000)]
  0x000000002155e800 JavaThread "jar transforms Thread 10" [_thread_blocked, id=1468, stack(0x0000000024670000,0x0000000024770000)]
  0x000000002155e000 JavaThread "jar transforms Thread 9" [_thread_blocked, id=10892, stack(0x0000000024570000,0x0000000024670000)]
  0x000000002155c800 JavaThread "jar transforms Thread 8" [_thread_blocked, id=6908, stack(0x0000000024470000,0x0000000024570000)]
  0x000000002155a000 JavaThread "jar transforms Thread 7" [_thread_blocked, id=7768, stack(0x0000000024370000,0x0000000024470000)]
  0x0000000021554000 JavaThread "jar transforms Thread 6" [_thread_blocked, id=7672, stack(0x0000000024270000,0x0000000024370000)]
  0x0000000021558800 JavaThread "jar transforms Thread 5" [_thread_blocked, id=4736, stack(0x0000000024170000,0x0000000024270000)]
  0x0000000021559800 JavaThread "jar transforms Thread 4" [_thread_blocked, id=4232, stack(0x0000000024070000,0x0000000024170000)]
  0x0000000021551000 JavaThread "jar transforms Thread 3" [_thread_blocked, id=10344, stack(0x0000000023f70000,0x0000000024070000)]
  0x0000000021552800 JavaThread "jar transforms Thread 2" [_thread_blocked, id=10200, stack(0x0000000023e70000,0x0000000023f70000)]
  0x0000000021553800 JavaThread "Build operations Thread 4" [_thread_in_Java, id=6332, stack(0x0000000023a30000,0x0000000023b30000)]
  0x0000000021558000 JavaThread "Build operations Thread 3" [_thread_blocked, id=216, stack(0x0000000023930000,0x0000000023a30000)]
  0x0000000021550800 JavaThread "Build operations Thread 2" [_thread_blocked, id=2608, stack(0x0000000023830000,0x0000000023930000)]
  0x0000000021555800 JavaThread "Build operations" [_thread_blocked, id=4060, stack(0x0000000023730000,0x0000000023830000)]
  0x000000001b2d2800 JavaThread "Cache worker for file content cache (C:\Users\Р”РёРјР°\.gradle\caches\6.5\fileContent)" [_thread_blocked, id=2460, stack(0x0000000022260000,0x0000000022360000)]
  0x000000001b2d1000 JavaThread "jar transforms" [_thread_blocked, id=8152, stack(0x0000000022160000,0x0000000022260000)]
  0x000000001b2d0800 JavaThread "Cache worker for execution history cache (C:\Users\Р”РёРјР°\.gradle\caches\6.5\executionHistory)" [_thread_blocked, id=6668, stack(0x0000000022060000,0x0000000022160000)]
  0x000000001b2cf800 JavaThread "Cache worker for cache directory md-rule (C:\Users\Р”РёРјР°\.gradle\caches\6.5\md-rule)" [_thread_blocked, id=8544, stack(0x0000000021f60000,0x0000000022060000)]
  0x000000001b2d6800 JavaThread "Cache worker for cache directory md-supplier (C:\Users\Р”РёРјР°\.gradle\caches\6.5\md-supplier)" [_thread_blocked, id=640, stack(0x0000000021e60000,0x0000000021f60000)]
  0x000000001b2d5800 JavaThread "Cache worker for checksums cache (D:\AndroidStudioProjects\labRK\.gradle\checksums)" [_thread_blocked, id=1732, stack(0x0000000021d60000,0x0000000021e60000)]
  0x000000001b2d2000 JavaThread "Cache worker for file hash cache (D:\AndroidStudioProjects\labRK\.gradle\6.5\fileHashes)" [_thread_blocked, id=8456, stack(0x0000000021c60000,0x0000000021d60000)]
  0x000000001b2d4000 JavaThread "Cache worker for file hash cache (C:\Users\Р”РёРјР°\.gradle\caches\6.5\fileHashes)" [_thread_blocked, id=10248, stack(0x000000001ddf0000,0x000000001def0000)]
  0x000000001b2d5000 JavaThread "File lock request listener" [_thread_in_native, id=9680, stack(0x000000001dcf0000,0x000000001ddf0000)]
  0x000000001bb07000 JavaThread "Cache worker for journal cache (C:\Users\Р”РёРјР°\.gradle\caches\journal-1)" [_thread_blocked, id=10456, stack(0x000000001daf0000,0x000000001dbf0000)]
  0x000000001b4a4000 JavaThread "Thread-9" [_thread_blocked, id=9708, stack(0x000000001d7f0000,0x000000001d8f0000)]
  0x000000001b3eb000 JavaThread "Stdin handler" [_thread_blocked, id=2292, stack(0x000000001d6f0000,0x000000001d7f0000)]
  0x000000001b3e6800 JavaThread "Asynchronous log dispatcher for DefaultDaemonConnection: socket connection from /127.0.0.1:51364 to /127.0.0.1:51365" [_thread_blocked, id=2956, stack(0x000000001d5f0000,0x000000001d6f0000)]
  0x000000001b3e4800 JavaThread "Daemon worker" [_thread_blocked, id=6800, stack(0x000000001d4f0000,0x000000001d5f0000)]
  0x000000001b9c4000 JavaThread "Cancel handler" [_thread_blocked, id=10976, stack(0x000000001d3f0000,0x000000001d4f0000)]
  0x000000001b997800 JavaThread "Handler for socket connection from /127.0.0.1:51364 to /127.0.0.1:51365" [_thread_in_native, id=2284, stack(0x000000001d2f0000,0x000000001d3f0000)]
  0x000000001b977800 JavaThread "Daemon" [_thread_blocked, id=6296, stack(0x000000001d1f0000,0x000000001d2f0000)]
  0x000000001b922800 JavaThread "Daemon periodic checks" [_thread_blocked, id=3596, stack(0x000000001cef0000,0x000000001cff0000)]
  0x000000001b913800 JavaThread "Incoming local TCP Connector on port 51364" [_thread_in_native, id=10916, stack(0x000000001ccb0000,0x000000001cdb0000)]
  0x000000001b719000 JavaThread "Daemon health stats" [_thread_blocked, id=9308, stack(0x000000001c670000,0x000000001c770000)]
  0x0000000017d6e800 JavaThread "Service Thread" daemon [_thread_blocked, id=2024, stack(0x0000000019a60000,0x0000000019b60000)]
  0x0000000017d2c800 JavaThread "C1 CompilerThread2" daemon [_thread_in_vm, id=2348, stack(0x0000000019560000,0x0000000019660000)]
  0x0000000017d1b800 JavaThread "C2 CompilerThread1" daemon [_thread_in_native, id=6260, stack(0x0000000019460000,0x0000000019560000)]
=>0x0000000017d13000 JavaThread "C2 CompilerThread0" daemon [_thread_in_native, id=7916, stack(0x0000000019360000,0x0000000019460000)]
  0x0000000017d11000 JavaThread "Attach Listener" daemon [_thread_blocked, id=3876, stack(0x0000000019260000,0x0000000019360000)]
  0x0000000017d18000 JavaThread "Signal Dispatcher" daemon [_thread_blocked, id=7432, stack(0x0000000019160000,0x0000000019260000)]
  0x00000000030ea800 JavaThread "Finalizer" daemon [_thread_blocked, id=8144, stack(0x0000000018f60000,0x0000000019060000)]
  0x00000000030e2000 JavaThread "Reference Handler" daemon [_thread_blocked, id=4572, stack(0x0000000018e60000,0x0000000018f60000)]
  0x0000000002e6e000 JavaThread "main" [_thread_blocked, id=8616, stack(0x0000000002ef0000,0x0000000002ff0000)]

Other Threads:
  0x0000000017cd6000 VMThread [stack: 0x0000000018d60000,0x0000000018e60000] [id=6048]
  0x00000000196a0000 WatcherThread [stack: 0x0000000019b60000,0x0000000019c60000] [id=8104]

VM state:not at safepoint (normal execution)

VM Mutex/Monitor currently owned by a thread:  ([mutex/lock_event])
[0x0000000002e68b00] CodeCache_lock - owner thread: 0x0000000017d2c800
[0x0000000002ff1850] Compile_lock - owner thread: 0x0000000017d2c800
[0x0000000002ff0ad0] MethodCompileQueue_lock - owner thread: 0x0000000017d2c800

heap address: 0x0000000080000000, size: 2048 MB, Compressed Oops mode: 32-bit
Narrow klass base: 0x0000000000000000, Narrow klass shift: 3
Compressed class space size: 1073741824 Address: 0x0000000100000000

Heap:
 PSYoungGen      total 265728K, used 126174K [0x00000000d5580000, 0x00000000e9b00000, 0x0000000100000000)
  eden space 238592K, 41% used [0x00000000d5580000,0x00000000db6399e8,0x00000000e3e80000)
  from space 27136K, 99% used [0x00000000e8080000,0x00000000e9afdf40,0x00000000e9b00000)
  to   space 19968K, 0% used [0x00000000e3e80000,0x00000000e3e80000,0x00000000e5200000)
 ParOldGen       total 97280K, used 67589K [0x0000000080000000, 0x0000000085f00000, 0x00000000d5580000)
  object space 97280K, 69% used [0x0000000080000000,0x00000000842014a0,0x0000000085f00000)
 Metaspace       used 80572K, capacity 85022K, committed 85144K, reserved 1122304K
  class space    used 11015K, capacity 11866K, committed 11952K, reserved 1048576K

Card table byte_map: [0x00000000124b0000,0x00000000128c0000] byte_map_base: 0x00000000120b0000

Marking Bits: (ParMarkBitMap*) 0x000000005de5f030
 Begin Bits: [0x0000000012f70000, 0x0000000014f70000)
 End Bits:   [0x0000000014f70000, 0x0000000016f70000)

Polling page: 0x0000000001640000

CodeCache: size=245760Kb used=36039Kb max_used=36039Kb free=209720Kb
 bounds [0x00000000030f0000, 0x0000000005440000, 0x00000000120f0000]
 total_blobs=11613 nmethods=10791 adapters=731
 compilation: enabled

Compilation events (10 events):
Event: 18.660 Thread 0x0000000017d2c800 nmethod 11930 0x0000000005432c90 code [0x0000000005432de0, 0x0000000005432ef0]
Event: 18.662 Thread 0x0000000017d2c800 11931       2       com.android.tools.r8.s.b.c0::S2 (38 bytes)
Event: 18.662 Thread 0x0000000017d2c800 nmethod 11931 0x0000000005432f50 code [0x00000000054330c0, 0x0000000005433268]
Event: 18.663 Thread 0x0000000017d2c800 11932   !   2       java.util.AbstractSet::equals (48 bytes)
Event: 18.663 Thread 0x0000000017d2c800 nmethod 11932 0x0000000005433310 code [0x00000000054334a0, 0x00000000054337c8]
Event: 18.667 Thread 0x0000000017d2c800 11933       2       com.android.tools.r8.code.Z0::hashCode (13 bytes)
Event: 18.668 Thread 0x0000000017d2c800 nmethod 11933 0x0000000005433910 code [0x0000000005433a80, 0x0000000005433c08]
Event: 18.668 Thread 0x0000000017d2c800 11934       2       com.android.tools.r8.code.N0::<init> (109 bytes)
Event: 18.668 Thread 0x0000000017d2c800 nmethod 11934 0x0000000005433c90 code [0x0000000005433de0, 0x0000000005433f30]
Event: 18.669 Thread 0x0000000017d2c800 11935       3       com.android.tools.r8.s.b.O::a (232 bytes)

GC Heap History (10 events):
Event: 8.563 GC heap before
{Heap before GC invocations=15 (full 2):
 PSYoungGen      total 199168K, used 67673K [0x00000000d5580000, 0x00000000e3000000, 0x0000000100000000)
  eden space 185856K, 29% used [0x00000000d5580000,0x00000000d8a99ed8,0x00000000e0b00000)
  from space 13312K, 99% used [0x00000000e1d00000,0x00000000e29fc6e8,0x00000000e2a00000)
  to   space 18432K, 0% used [0x00000000e0b00000,0x00000000e0b00000,0x00000000e1d00000)
 ParOldGen       total 60416K, used 26117K [0x0000000080000000, 0x0000000083b00000, 0x00000000d5580000)
  object space 60416K, 43% used [0x0000000080000000,0x0000000081981538,0x0000000083b00000)
 Metaspace       used 56862K, capacity 59090K, committed 59160K, reserved 1099776K
  class space    used 7720K, capacity 8218K, committed 8240K, reserved 1048576K
Event: 8.593 GC heap after
Heap after GC invocations=15 (full 2):
 PSYoungGen      total 204288K, used 6857K [0x00000000d5580000, 0x00000000e6600000, 0x0000000100000000)
  eden space 185856K, 0% used [0x00000000d5580000,0x00000000d5580000,0x00000000e0b00000)
  from space 18432K, 37% used [0x00000000e0b00000,0x00000000e11b27e0,0x00000000e1d00000)
  to   space 17920K, 0% used [0x00000000e5480000,0x00000000e5480000,0x00000000e6600000)
 ParOldGen       total 60416K, used 35326K [0x0000000080000000, 0x0000000083b00000, 0x00000000d5580000)
  object space 60416K, 58% used [0x0000000080000000,0x000000008227f880,0x0000000083b00000)
 Metaspace       used 56862K, capacity 59090K, committed 59160K, reserved 1099776K
  class space    used 7720K, capacity 8218K, committed 8240K, reserved 1048576K
}
Event: 8.593 GC heap before
{Heap before GC invocations=16 (full 3):
 PSYoungGen      total 204288K, used 6857K [0x00000000d5580000, 0x00000000e6600000, 0x0000000100000000)
  eden space 185856K, 0% used [0x00000000d5580000,0x00000000d5580000,0x00000000e0b00000)
  from space 18432K, 37% used [0x00000000e0b00000,0x00000000e11b27e0,0x00000000e1d00000)
  to   space 17920K, 0% used [0x00000000e5480000,0x00000000e5480000,0x00000000e6600000)
 ParOldGen       total 60416K, used 35326K [0x0000000080000000, 0x0000000083b00000, 0x00000000d5580000)
  object space 60416K, 58% used [0x0000000080000000,0x000000008227f880,0x0000000083b00000)
 Metaspace       used 56862K, capacity 59090K, committed 59160K, reserved 1099776K
  class space    used 7720K, capacity 8218K, committed 8240K, reserved 1048576K
Event: 8.890 GC heap after
Heap after GC invocations=16 (full 3):
 PSYoungGen      total 204288K, used 0K [0x00000000d5580000, 0x00000000e6600000, 0x0000000100000000)
  eden space 185856K, 0% used [0x00000000d5580000,0x00000000d5580000,0x00000000e0b00000)
  from space 18432K, 0% used [0x00000000e0b00000,0x00000000e0b00000,0x00000000e1d00000)
  to   space 17920K, 0% used [0x00000000e5480000,0x00000000e5480000,0x00000000e6600000)
 ParOldGen       total 97280K, used 33793K [0x0000000080000000, 0x0000000085f00000, 0x00000000d5580000)
  object space 97280K, 34% used [0x0000000080000000,0x0000000082100740,0x0000000085f00000)
 Metaspace       used 56844K, capacity 59030K, committed 59160K, reserved 1099776K
  class space    used 7714K, capacity 8208K, committed 8240K, reserved 1048576K
}
Event: 12.872 GC heap before
{Heap before GC invocations=17 (full 3):
 PSYoungGen      total 204288K, used 185856K [0x00000000d5580000, 0x00000000e6600000, 0x0000000100000000)
  eden space 185856K, 100% used [0x00000000d5580000,0x00000000e0b00000,0x00000000e0b00000)
  from space 18432K, 0% used [0x00000000e0b00000,0x00000000e0b00000,0x00000000e1d00000)
  to   space 17920K, 0% used [0x00000000e5480000,0x00000000e5480000,0x00000000e6600000)
 ParOldGen       total 97280K, used 33793K [0x0000000080000000, 0x0000000085f00000, 0x00000000d5580000)
  object space 97280K, 34% used [0x0000000080000000,0x0000000082100740,0x0000000085f00000)
 Metaspace       used 66071K, capacity 69018K, committed 69144K, reserved 1107968K
  class space    used 9072K, capacity 9696K, committed 9776K, reserved 1048576K
Event: 12.893 GC heap after
Heap after GC invocations=17 (full 3):
 PSYoungGen      total 244736K, used 17208K [0x00000000d5580000, 0x00000000e6580000, 0x0000000100000000)
  eden space 227328K, 0% used [0x00000000d5580000,0x00000000d5580000,0x00000000e3380000)
  from space 17408K, 98% used [0x00000000e5480000,0x00000000e654e050,0x00000000e6580000)
  to   space 19968K, 0% used [0x00000000e3e80000,0x00000000e3e80000,0x00000000e5200000)
 ParOldGen       total 97280K, used 33801K [0x0000000080000000, 0x0000000085f00000, 0x00000000d5580000)
  object space 97280K, 34% used [0x0000000080000000,0x0000000082102740,0x0000000085f00000)
 Metaspace       used 66071K, capacity 69018K, committed 69144K, reserved 1107968K
  class space    used 9072K, capacity 9696K, committed 9776K, reserved 1048576K
}
Event: 15.277 GC heap before
{Heap before GC invocations=18 (full 3):
 PSYoungGen      total 244736K, used 244536K [0x00000000d5580000, 0x00000000e6580000, 0x0000000100000000)
  eden space 227328K, 100% used [0x00000000d5580000,0x00000000e3380000,0x00000000e3380000)
  from space 17408K, 98% used [0x00000000e5480000,0x00000000e654e050,0x00000000e6580000)
  to   space 19968K, 0% used [0x00000000e3e80000,0x00000000e3e80000,0x00000000e5200000)
 ParOldGen       total 97280K, used 33801K [0x0000000080000000, 0x0000000085f00000, 0x00000000d5580000)
  object space 97280K, 34% used [0x0000000080000000,0x0000000082102740,0x0000000085f00000)
 Metaspace       used 71137K, capacity 74302K, committed 74648K, reserved 1114112K
  class space    used 9709K, capacity 10306K, committed 10416K, reserved 1048576K
Event: 15.342 GC heap after
Heap after GC invocations=18 (full 3):
 PSYoungGen      total 258560K, used 19959K [0x00000000d5580000, 0x00000000e9b00000, 0x0000000100000000)
  eden space 238592K, 0% used [0x00000000d5580000,0x00000000d5580000,0x00000000e3e80000)
  from space 19968K, 99% used [0x00000000e3e80000,0x00000000e51fdeb0,0x00000000e5200000)
  to   space 27136K, 0% used [0x00000000e8080000,0x00000000e8080000,0x00000000e9b00000)
 ParOldGen       total 97280K, used 44732K [0x0000000080000000, 0x0000000085f00000, 0x00000000d5580000)
  object space 97280K, 45% used [0x0000000080000000,0x0000000082baf1e0,0x0000000085f00000)
 Metaspace       used 71137K, capacity 74302K, committed 74648K, reserved 1114112K
  class space    used 9709K, capacity 10306K, committed 10416K, reserved 1048576K
}
Event: 18.040 GC heap before
{Heap before GC invocations=19 (full 3):
 PSYoungGen      total 258560K, used 258551K [0x00000000d5580000, 0x00000000e9b00000, 0x0000000100000000)
  eden space 238592K, 100% used [0x00000000d5580000,0x00000000e3e80000,0x00000000e3e80000)
  from space 19968K, 99% used [0x00000000e3e80000,0x00000000e51fdeb0,0x00000000e5200000)
  to   space 27136K, 0% used [0x00000000e8080000,0x00000000e8080000,0x00000000e9b00000)
 ParOldGen       total 97280K, used 44732K [0x0000000080000000, 0x0000000085f00000, 0x00000000d5580000)
  object space 97280K, 45% used [0x0000000080000000,0x0000000082baf1e0,0x0000000085f00000)
 Metaspace       used 79590K, capacity 83736K, committed 83864K, reserved 1122304K
  class space    used 10903K, capacity 11687K, committed 11696K, reserved 1048576K
Event: 18.093 GC heap after
Heap after GC invocations=19 (full 3):
 PSYoungGen      total 265728K, used 27127K [0x00000000d5580000, 0x00000000e9b00000, 0x0000000100000000)
  eden space 238592K, 0% used [0x00000000d5580000,0x00000000d5580000,0x00000000e3e80000)
  from space 27136K, 99% used [0x00000000e8080000,0x00000000e9afdf40,0x00000000e9b00000)
  to   space 19968K, 0% used [0x00000000e3e80000,0x00000000e3e80000,0x00000000e5200000)
 ParOldGen       total 97280K, used 67589K [0x0000000080000000, 0x0000000085f00000, 0x00000000d5580000)
  object space 97280K, 69% used [0x0000000080000000,0x00000000842014a0,0x0000000085f00000)
 Metaspace       used 79590K, capacity 83736K, committed 83864K, reserved 1122304K
  class space    used 10903K, capacity 11687K, committed 11696K, reserved 1048576K
}

Deoptimization events (10 events):
Event: 18.461 Thread 0x0000000021558000 Uncommon trap: reason=unstable_if action=reinterpret pc=0x000000000505ee18 method=java.util.Spliterator.getExactSizeIfKnown()J @ 9
Event: 18.581 Thread 0x0000000021558000 Uncommon trap: reason=unstable_if action=reinterpret pc=0x00000000047b3a74 method=com.google.common.collect.MapMakerInternalMap$Segment.drainKeyReferenceQueue(Ljava/lang/ref/ReferenceQueue;)V @ 8
Event: 18.582 Thread 0x000000001b2d4000 Uncommon trap: reason=bimorphic action=maybe_recompile pc=0x00000000047d2ae0 method=java.io.DataOutputStream.writeLong(J)V @ 108
Event: 18.582 Thread 0x000000001b2d4000 Uncommon trap: reason=bimorphic action=maybe_recompile pc=0x00000000047d2ae0 method=java.io.DataOutputStream.writeLong(J)V @ 108
Event: 18.582 Thread 0x000000001b2d4000 Uncommon trap: reason=bimorphic action=maybe_recompile pc=0x00000000047d2ae0 method=java.io.DataOutputStream.writeLong(J)V @ 108
Event: 18.583 Thread 0x000000001b2d4000 Uncommon trap: reason=bimorphic action=maybe_recompile pc=0x00000000047d2ae0 method=java.io.DataOutputStream.writeLong(J)V @ 108
Event: 18.609 Thread 0x000000001b2d0800 Uncommon trap: reason=unstable_if action=reinterpret pc=0x00000000032063ec method=com.esotericsoftware.kryo.io.Output.writeString(Ljava/lang/CharSequence;)V @ 50
Event: 18.609 Thread 0x000000001b2d0800 Uncommon trap: reason=unstable_if action=reinterpret pc=0x0000000004433b14 method=com.esotericsoftware.kryo.io.Output.writeString_slow(Ljava/lang/CharSequence;II)V @ 13
Event: 18.609 Thread 0x000000001b2d0800 Uncommon trap: reason=predicate action=maybe_recompile pc=0x0000000004455d88 method=java.util.Collections.indexedBinarySearch(Ljava/util/List;Ljava/lang/Object;)I @ 16
Event: 18.609 Thread 0x000000001b2d0800 Uncommon trap: reason=unstable_if action=reinterpret pc=0x00000000044f61ec method=org.gradle.internal.io.StreamByteBuffer.prepareRead()I @ 30

Classes redefined (0 events):
No events

Internal exceptions (10 events):
Event: 15.188 Thread 0x0000000021555800 Exception <a 'sun/nio/fs/WindowsException'> (0x00000000e2c0cf60) thrown at [C:\src\AOSP-openjdk-git\hotspot\src\share\vm\prims\jni.cpp, line 710]
Event: 15.491 Thread 0x0000000021553800 Exception <a 'sun/nio/fs/WindowsException'> (0x00000000d5e17e90) thrown at [C:\src\AOSP-openjdk-git\hotspot\src\share\vm\prims\jni.cpp, line 710]
Event: 15.718 Thread 0x0000000021555800 Exception <a 'java/lang/IncompatibleClassChangeError': Found class java.lang.Object, but interface was expected> (0x00000000d6998940) thrown at [C:\src\AOSP-openjdk-git\hotspot\src\share\vm\interpreter\linkResolver.cpp, line 653]
Event: 16.172 Thread 0x0000000021558000 Exception <a 'java/lang/NoSuchMethodError': java.lang.Object.b(Lcom/android/tools/r8/graph/n1$b;)Lcom/android/tools/r8/graph/n1$b;> (0x00000000daa47370) thrown at [C:\src\AOSP-openjdk-git\hotspot\src\share\vm\interpreter\linkResolver.cpp, line 620]
Event: 16.254 Thread 0x0000000021555800 Exception <a 'java/lang/NoSuchMethodError': java.lang.Object.lambda$comparingInt$7b0bb60$1(Ljava/util/function/ToIntFunction;Ljava/lang/Object;Ljava/lang/Object;)I> (0x00000000dabfc350) thrown at [C:\src\AOSP-openjdk-git\hotspot\src\share\vm\interpreter\l
Event: 16.254 Thread 0x0000000021553800 Exception <a 'java/lang/NoSuchMethodError': java.lang.Object.lambda$comparingInt$7b0bb60$1(Ljava/util/function/ToIntFunction;Ljava/lang/Object;Ljava/lang/Object;)I> (0x00000000dab84940) thrown at [C:\src\AOSP-openjdk-git\hotspot\src\share\vm\interpreter\l
Event: 16.255 Thread 0x0000000021555800 Exception <a 'java/lang/NoSuchMethodError': java.lang.Object.lambda$maxBy$1(Ljava/util/Comparator;Ljava/lang/Object;Ljava/lang/Object;)Ljava/lang/Object;> (0x00000000dac00c98) thrown at [C:\src\AOSP-openjdk-git\hotspot\src\share\vm\interpreter\linkResolve
Event: 16.255 Thread 0x0000000021553800 Exception <a 'java/lang/NoSuchMethodError': java.lang.Object.lambda$maxBy$1(Ljava/util/Comparator;Ljava/lang/Object;Ljava/lang/Object;)Ljava/lang/Object;> (0x00000000dab88510) thrown at [C:\src\AOSP-openjdk-git\hotspot\src\share\vm\interpreter\linkResolve
Event: 17.426 Thread 0x0000000021558000 Implicit null exception at 0x0000000004f7d354 to 0x0000000004f7dcd1
Event: 18.461 Thread 0x0000000021558000 Exception <a 'sun/nio/fs/WindowsException'> (0x00000000d81c9840) thrown at [C:\src\AOSP-openjdk-git\hotspot\src\share\vm\prims\jni.cpp, line 710]

Events (10 events):
Event: 18.632 loading class org/gradle/internal/execution/steps/SkipUpToDateStep$2
Event: 18.632 loading class org/gradle/internal/execution/steps/SkipUpToDateStep$2 done
Event: 18.636 Thread 0x0000000021558000 DEOPT PACKING pc=0x00000000036a483c sp=0x0000000023a2ef60
Event: 18.636 Thread 0x0000000021558000 DEOPT UNPACKING pc=0x00000000031375d0 sp=0x0000000023a2ed80 mode 0
Event: 18.647 Thread 0x0000000021555800 DEOPT PACKING pc=0x00000000033c8dae sp=0x0000000023829d50
Event: 18.647 Thread 0x0000000021555800 DEOPT UNPACKING pc=0x00000000031375d0 sp=0x0000000023829a68 mode 0
Event: 18.653 Thread 0x0000000021553800 DEOPT PACKING pc=0x0000000004c7f99b sp=0x0000000023b29bc0
Event: 18.653 Thread 0x0000000021553800 DEOPT UNPACKING pc=0x00000000031375d0 sp=0x0000000023b29aa8 mode 0
Event: 18.669 Thread 0x0000000021553800 DEOPT PACKING pc=0x000000000516dd9d sp=0x0000000023b295d0
Event: 18.669 Thread 0x0000000021553800 DEOPT UNPACKING pc=0x00000000031375d0 sp=0x0000000023b293e0 mode 0


Dynamic libraries:
0x00007ff7281b0000 - 0x00007ff7281e1000 	D:\Program Files\Android Studio\jre\bin\java.exe
0x00007fff215c0000 - 0x00007fff217a1000 	C:\WINDOWS\SYSTEM32\ntdll.dll
0x00007fff21180000 - 0x00007fff21231000 	C:\WINDOWS\System32\KERNEL32.DLL
0x00007fff1da60000 - 0x00007fff1dcd3000 	C:\WINDOWS\System32\KERNELBASE.dll
0x00007fff1f4d0000 - 0x00007fff1f571000 	C:\WINDOWS\System32\ADVAPI32.dll
0x00007fff1ef40000 - 0x00007fff1efde000 	C:\WINDOWS\System32\msvcrt.dll
0x00007fff21120000 - 0x00007fff2117b000 	C:\WINDOWS\System32\sechost.dll
0x00007fff20e60000 - 0x00007fff20f84000 	C:\WINDOWS\System32\RPCRT4.dll
0x00007fff21400000 - 0x00007fff21590000 	C:\WINDOWS\System32\USER32.dll
0x00007fff1e890000 - 0x00007fff1e8b0000 	C:\WINDOWS\System32\win32u.dll
0x00007fff1ef10000 - 0x00007fff1ef38000 	C:\WINDOWS\System32\GDI32.dll
0x00007fff1e8b0000 - 0x00007fff1ea41000 	C:\WINDOWS\System32\gdi32full.dll
0x00007fff1e4f0000 - 0x00007fff1e58f000 	C:\WINDOWS\System32\msvcp_win.dll
0x00007fff1e3f0000 - 0x00007fff1e4e8000 	C:\WINDOWS\System32\ucrtbase.dll
0x00007fff127c0000 - 0x00007fff12a29000 	C:\WINDOWS\WinSxS\amd64_microsoft.windows.common-controls_6595b64144ccf1df_6.0.17134.885_none_fb42a3473065565f\COMCTL32.dll
0x00007fff20b20000 - 0x00007fff20e42000 	C:\WINDOWS\System32\combase.dll
0x00007fff1d9e0000 - 0x00007fff1da59000 	C:\WINDOWS\System32\bcryptPrimitives.dll
0x00007fff1ec90000 - 0x00007fff1ecbd000 	C:\WINDOWS\System32\IMM32.DLL
0x000000005e550000 - 0x000000005e622000 	D:\Program Files\Android Studio\jre\jre\bin\msvcr100.dll
0x000000005d690000 - 0x000000005dedb000 	D:\Program Files\Android Studio\jre\jre\bin\server\jvm.dll
0x00007fff1f4a0000 - 0x00007fff1f4a8000 	C:\WINDOWS\System32\PSAPI.DLL
0x00007fff00720000 - 0x00007fff00729000 	C:\WINDOWS\SYSTEM32\WSOCK32.dll
0x00007fff1f580000 - 0x00007fff1f5ec000 	C:\WINDOWS\System32\WS2_32.dll
0x00007fff157b0000 - 0x00007fff157d3000 	C:\WINDOWS\SYSTEM32\WINMM.dll
0x00007fff1c020000 - 0x00007fff1c02a000 	C:\WINDOWS\SYSTEM32\VERSION.dll
0x00007fff15780000 - 0x00007fff157aa000 	C:\WINDOWS\SYSTEM32\WINMMBASE.dll
0x00007fff1d990000 - 0x00007fff1d9d9000 	C:\WINDOWS\System32\cfgmgr32.dll
0x00007fff19ac0000 - 0x00007fff19acf000 	D:\Program Files\Android Studio\jre\jre\bin\verify.dll
0x00007fff19990000 - 0x00007fff199b9000 	D:\Program Files\Android Studio\jre\jre\bin\java.dll
0x00007fff19a30000 - 0x00007fff19a46000 	D:\Program Files\Android Studio\jre\jre\bin\zip.dll
0x00007fff1f6e0000 - 0x00007fff20b20000 	C:\WINDOWS\System32\SHELL32.dll
0x00007fff21070000 - 0x00007fff21119000 	C:\WINDOWS\System32\shcore.dll
0x00007fff1dce0000 - 0x00007fff1e3ed000 	C:\WINDOWS\System32\windows.storage.dll
0x00007fff21240000 - 0x00007fff21291000 	C:\WINDOWS\System32\shlwapi.dll
0x00007fff1d970000 - 0x00007fff1d981000 	C:\WINDOWS\System32\kernel.appcore.dll
0x00007fff1d930000 - 0x00007fff1d94f000 	C:\WINDOWS\System32\profapi.dll
0x00007fff1d8e0000 - 0x00007fff1d92c000 	C:\WINDOWS\System32\powrprof.dll
0x00007fff1d8d0000 - 0x00007fff1d8da000 	C:\WINDOWS\System32\FLTLIB.DLL
0x00007fff18fc0000 - 0x00007fff18fda000 	D:\Program Files\Android Studio\jre\jre\bin\net.dll
0x00007fff1d150000 - 0x00007fff1d1b6000 	C:\WINDOWS\system32\mswsock.dll
0x00007fff18c60000 - 0x00007fff18c73000 	D:\Program Files\Android Studio\jre\jre\bin\nio.dll
0x00007fff0f130000 - 0x00007fff0f157000 	C:\Users\Дима\.gradle\native\f6784746aeab05261644944871eae4fe03e0ef1612fff0a4a95f87b438bc6780\windows-amd64\native-platform.dll
0x00007fff19ab0000 - 0x00007fff19abd000 	D:\Program Files\Android Studio\jre\jre\bin\management.dll
0x00007fff1d300000 - 0x00007fff1d317000 	C:\WINDOWS\SYSTEM32\CRYPTSP.dll
0x00007fff1cd40000 - 0x00007fff1cd73000 	C:\WINDOWS\system32\rsaenh.dll
0x00007fff1d430000 - 0x00007fff1d455000 	C:\WINDOWS\SYSTEM32\bcrypt.dll
0x00007fff1d7d0000 - 0x00007fff1d7f8000 	C:\WINDOWS\SYSTEM32\USERENV.dll
0x00007fff1d320000 - 0x00007fff1d32b000 	C:\WINDOWS\SYSTEM32\CRYPTBASE.dll
0x00007fff1cee0000 - 0x00007fff1cf18000 	C:\WINDOWS\SYSTEM32\IPHLPAPI.DLL
0x00007fff1f490000 - 0x00007fff1f498000 	C:\WINDOWS\System32\NSI.dll
0x00007fff14dc0000 - 0x00007fff14dd6000 	C:\WINDOWS\SYSTEM32\dhcpcsvc6.DLL
0x00007fff15580000 - 0x00007fff1559a000 	C:\WINDOWS\SYSTEM32\dhcpcsvc.DLL
0x00007fff15db0000 - 0x00007fff15dbb000 	C:\WINDOWS\SYSTEM32\WINNSI.DLL

VM Arguments:
jvm_args: -Xmx2048m -Dfile.encoding=UTF-8 -Duser.country=RU -Duser.language=ru -Duser.variant 
java_command: org.gradle.launcher.daemon.bootstrap.GradleDaemon 6.5
java_class_path (initial): C:\Users\Дима\.gradle\wrapper\dists\gradle-6.5-bin\6nifqtx7604sqp1q6g8wikw7p\gradle-6.5\lib\gradle-launcher-6.5.jar
Launcher Type: SUN_STANDARD

Environment Variables:
PATH=C:\Program Files (x86)\Common Files\Oracle\Java\javapath;C:\Program Files (x86)\Intel\iCLS Client\;C:\Program Files\Intel\iCLS Client\;C:\windows\system32;C:\windows;C:\windows\System32\Wbem;C:\windows\System32\WindowsPowerShell\v1.0\;C:\Program Files (x86)\Intel\Intel(R) Management Engine Components\DAL;C:\Program Files\Intel\Intel(R) Management Engine Components\DAL;C:\Program Files (x86)\Intel\Intel(R) Management Engine Components\IPT;C:\Program Files\Intel\Intel(R) Management Engine Components\IPT;C:\WINDOWS\system32;C:\WINDOWS;C:\WINDOWS\System32\Wbem;C:\WINDOWS\System32\WindowsPowerShell\v1.0\;C:\WINDOWS\System32\OpenSSH\;C:\Go\bin\bin;C:\Program Files (x86)\Common Files\Apple\Internet Services\;C:\Program Files\Microsoft VS Code\bin;C:\Program Files\Git\cmd;C:\php7;C:\Program Files\PuTTY\;C:\Program Files\CMake\bin;C:\Program Files (x86)\NVIDIA Corporation\PhysX\Common;C:\Program Files (x86)\Microsoft SQL Server\150\DTS\Binn\;C:\Program Files\Microsoft SQL Server\Client SDK\ODBC\170\Tools\Binn\;C:\Program Files (x86)\Microsoft SQL Server\150\Tools\Binn\;C:\Program Files\Microsoft SQL Server\150\Tools\Binn\;C:\Program Files\Microsoft SQL Server\150\DTS\Binn\;C:\Program Files\dotnet\;C:\Program Files\Microsoft SQL Server\130\Tools\Binn\;C:\Users\Дима\AppData\Local\Programs\Python\Python36-32\Scripts\;C:\Users\Дима\AppData\Local\Programs\Python\Python36-32\;C:\Users\Дима\AppData\Local\Microsoft\WindowsApps;C:\Users\Дима\go\bin;C:\Users\Дима\AppData\Local\GitHubDesktop\bin;C:\Program Files\heroku\bin
USERNAME=Dima
OS=Windows_NT
PROCESSOR_IDENTIFIER=Intel64 Family 6 Model 142 Stepping 9, GenuineIntel



---------------  S Y S T E M  ---------------

OS: Windows 10.0 , 64 bit Build 17134 (10.0.17134.753)

CPU:total 4 (initial active 4) (2 cores per cpu, 2 threads per core) family 6 model 142 stepping 9, cmov, cx8, fxsr, mmx, sse, sse2, sse3, ssse3, sse4.1, sse4.2, popcnt, avx, avx2, aes, clmul, erms, 3dnowpref, lzcnt, ht, tsc, tscinvbit, bmi1, bmi2, adx

Memory: 4k page, physical 6173924k(1152528k free), swap 6464856k(10184k free)

vm_info: OpenJDK 64-Bit Server VM (25.242-b01) for windows-amd64 JRE (1.8.0_242-release-1644-b01), built by "builder" with MS VC++ 10.0 (VS2010)

time: Wed Oct 21 22:10:12 2020
timezone: RTZ 2 (зима)
elapsed time: 18 seconds (0d 0h 0m 18s)

