#
# There is insufficient memory for the Java Runtime Environment to continue.
# Native memory allocation (malloc) failed to allocate 1278576 bytes for Chunk::new
# Possible reasons:
#   The system is out of physical RAM or swap space
#   The process is running with CompressedOops enabled, and the Java Heap may be blocking the growth of the native heap
# Possible solutions:
#   Reduce memory load on the system
#   Increase physical memory or swap space
#   Check if swap backing store is full
#   Decrease Java heap size (-Xmx/-Xms)
#   Decrease number of Java threads
#   Decrease Java thread stack sizes (-Xss)
#   Set larger code cache with -XX:ReservedCodeCacheSize=
#   JVM is running with Unscaled Compressed Oops mode in which the Java heap is
#     placed in the first 4GB address space. The Java Heap base address is the
#     maximum limit for the native heap growth. Please use -XX:HeapBaseMinAddress
#     to set the Java Heap base and to place the Java Heap above 4GB virtual address.
# This output file may be truncated or incomplete.
#
#  Out of Memory Error (allocation.cpp:389), pid=9852, tid=0x0000000000000594
#
# JRE version: OpenJDK Runtime Environment (8.0_242-b01) (build 1.8.0_242-release-1644-b01)
# Java VM: OpenJDK 64-Bit Server VM (25.242-b01 mixed mode windows-amd64 compressed oops)
# Failed to write core dump. Minidumps are not enabled by default on client versions of Windows
#

---------------  T H R E A D  ---------------

Current thread (0x00000000175c3800):  JavaThread "C2 CompilerThread0" daemon [_thread_in_native, id=1428, stack(0x0000000018c40000,0x0000000018d40000)]

Stack: [0x0000000018c40000,0x0000000018d40000]
[error occurred during error reporting (printing stack bounds), id 0xc0000005]

Native frames: (J=compiled Java code, j=interpreted, Vv=VM code, C=native code)


Current CompileTask:
C2:  19106 10685       4       com.android.tools.r8.ir.conversion.o::a (1153 bytes)


---------------  P R O C E S S  ---------------

Java Threads: ( => current thread )
  0x000000001a599800 JavaThread "WorkerExecutor Queue" [_thread_blocked, id=10912, stack(0x000000002cba0000,0x000000002cca0000)]
  0x000000001a59b000 JavaThread "Cache worker for execution history cache (D:\AndroidStudioProjects\labRK\.gradle\6.5\executionHistory)" [_thread_blocked, id=500, stack(0x000000002c4a0000,0x000000002c5a0000)]
  0x000000001a59a800 JavaThread "Execution worker for ':' Thread 3" [_thread_blocked, id=6640, stack(0x000000002c3a0000,0x000000002c4a0000)]
  0x000000001a59e000 JavaThread "Execution worker for ':' Thread 2" [_thread_blocked, id=1600, stack(0x000000002c2a0000,0x000000002c3a0000)]
  0x00000000212a1000 JavaThread "Execution worker for ':'" [_thread_blocked, id=6820, stack(0x000000002c1a0000,0x000000002c2a0000)]
  0x00000000212a1800 JavaThread "Cache worker for file content cache (D:\AndroidStudioProjects\labRK\.gradle\6.5\fileContent)" [_thread_blocked, id=6508, stack(0x000000002bca0000,0x000000002bda0000)]
  0x000000002129e800 JavaThread "Memory manager" [_thread_blocked, id=1588, stack(0x000000002b380000,0x000000002b480000)]
  0x000000002129e000 JavaThread "Cache worker for Build Output Cleanup Cache (D:\AndroidStudioProjects\labRK\.gradle\buildOutputCleanup)" [_thread_blocked, id=5488, stack(0x000000002a800000,0x000000002a900000)]
  0x000000002129f800 JavaThread "jar transforms Thread 114" [_thread_blocked, id=2968, stack(0x000000002a500000,0x000000002a600000)]
  0x00000000212a2800 JavaThread "jar transforms Thread 113" [_thread_blocked, id=5840, stack(0x000000002a400000,0x000000002a500000)]
  0x000000002129d000 JavaThread "jar transforms Thread 112" [_thread_blocked, id=10720, stack(0x000000002a300000,0x000000002a400000)]
  0x0000000021295800 JavaThread "jar transforms Thread 111" [_thread_blocked, id=4644, stack(0x000000002a200000,0x000000002a300000)]
  0x000000002129b800 JavaThread "jar transforms Thread 110" [_thread_blocked, id=1396, stack(0x000000002a100000,0x000000002a200000)]
  0x000000002129c800 JavaThread "jar transforms Thread 109" [_thread_blocked, id=8196, stack(0x000000002a000000,0x000000002a100000)]
  0x000000002129b000 JavaThread "jar transforms Thread 108" [_thread_blocked, id=6916, stack(0x0000000029f00000,0x000000002a000000)]
  0x0000000021293800 JavaThread "jar transforms Thread 107" [_thread_blocked, id=3336, stack(0x0000000029e00000,0x0000000029f00000)]
  0x0000000021299800 JavaThread "jar transforms Thread 106" [_thread_blocked, id=10080, stack(0x0000000029d00000,0x0000000029e00000)]
  0x0000000021295000 JavaThread "jar transforms Thread 105" [_thread_blocked, id=3988, stack(0x0000000029c00000,0x0000000029d00000)]
  0x0000000021298800 JavaThread "jar transforms Thread 104" [_thread_blocked, id=6872, stack(0x0000000029b00000,0x0000000029c00000)]
  0x0000000021298000 JavaThread "jar transforms Thread 103" [_thread_blocked, id=9752, stack(0x0000000029a00000,0x0000000029b00000)]
  0x0000000021296800 JavaThread "jar transforms Thread 102" [_thread_blocked, id=10328, stack(0x0000000029900000,0x0000000029a00000)]
  0x0000000021294000 JavaThread "jar transforms Thread 101" [_thread_blocked, id=6852, stack(0x0000000029800000,0x0000000029900000)]
  0x0000000021297000 JavaThread "jar transforms Thread 100" [_thread_blocked, id=1972, stack(0x0000000029700000,0x0000000029800000)]
  0x000000002129a000 JavaThread "jar transforms Thread 99" [_thread_blocked, id=4764, stack(0x0000000029600000,0x0000000029700000)]
  0x0000000020f5b000 JavaThread "jar transforms Thread 98" [_thread_blocked, id=4084, stack(0x0000000029500000,0x0000000029600000)]
  0x0000000020f5a000 JavaThread "jar transforms Thread 97" [_thread_blocked, id=10164, stack(0x0000000029400000,0x0000000029500000)]
  0x0000000020f58000 JavaThread "jar transforms Thread 96" [_thread_blocked, id=1688, stack(0x0000000029300000,0x0000000029400000)]
  0x0000000020f5e800 JavaThread "jar transforms Thread 95" [_thread_blocked, id=10860, stack(0x0000000029200000,0x0000000029300000)]
  0x0000000020f59800 JavaThread "jar transforms Thread 94" [_thread_blocked, id=232, stack(0x0000000029100000,0x0000000029200000)]
  0x0000000020f58800 JavaThread "jar transforms Thread 93" [_thread_blocked, id=9084, stack(0x0000000029000000,0x0000000029100000)]
  0x0000000020f5e000 JavaThread "jar transforms Thread 92" [_thread_blocked, id=6724, stack(0x0000000028f00000,0x0000000029000000)]
  0x0000000020f5b800 JavaThread "jar transforms Thread 91" [_thread_blocked, id=6884, stack(0x0000000028e00000,0x0000000028f00000)]
  0x0000000020f5d000 JavaThread "jar transforms Thread 90" [_thread_blocked, id=5756, stack(0x0000000028d00000,0x0000000028e00000)]
  0x0000000020f5c800 JavaThread "jar transforms Thread 89" [_thread_blocked, id=1008, stack(0x0000000028c00000,0x0000000028d00000)]
  0x0000000020f50800 JavaThread "jar transforms Thread 88" [_thread_blocked, id=6804, stack(0x0000000028b00000,0x0000000028c00000)]
  0x0000000020f51000 JavaThread "jar transforms Thread 87" [_thread_blocked, id=6008, stack(0x0000000028a00000,0x0000000028b00000)]
  0x0000000020f52800 JavaThread "jar transforms Thread 86" [_thread_blocked, id=8584, stack(0x0000000028900000,0x0000000028a00000)]
  0x0000000020f52000 JavaThread "jar transforms Thread 85" [_thread_blocked, id=1232, stack(0x0000000028800000,0x0000000028900000)]
  0x0000000020f57000 JavaThread "jar transforms Thread 84" [_thread_blocked, id=5360, stack(0x0000000028700000,0x0000000028800000)]
  0x0000000020f54000 JavaThread "jar transforms Thread 83" [_thread_blocked, id=2388, stack(0x0000000028600000,0x0000000028700000)]
  0x0000000020f56800 JavaThread "jar transforms Thread 82" [_thread_blocked, id=9380, stack(0x0000000028500000,0x0000000028600000)]
  0x0000000020f55000 JavaThread "jar transforms Thread 81" [_thread_blocked, id=10752, stack(0x0000000028400000,0x0000000028500000)]
  0x0000000020f55800 JavaThread "jar transforms Thread 80" [_thread_blocked, id=7112, stack(0x0000000028300000,0x0000000028400000)]
  0x0000000020f4f800 JavaThread "jar transforms Thread 79" [_thread_blocked, id=11112, stack(0x0000000028200000,0x0000000028300000)]
  0x0000000020f53800 JavaThread "jar transforms Thread 78" [_thread_blocked, id=7312, stack(0x0000000028100000,0x0000000028200000)]
  0x00000000210ad800 JavaThread "jar transforms Thread 77" [_thread_blocked, id=2144, stack(0x0000000028000000,0x0000000028100000)]
  0x00000000210aa000 JavaThread "jar transforms Thread 76" [_thread_blocked, id=10224, stack(0x0000000027f00000,0x0000000028000000)]
  0x00000000210ac800 JavaThread "jar transforms Thread 75" [_thread_blocked, id=6284, stack(0x0000000027e00000,0x0000000027f00000)]
  0x00000000210ac000 JavaThread "jar transforms Thread 74" [_thread_blocked, id=404, stack(0x0000000027d00000,0x0000000027e00000)]
  0x00000000210ab000 JavaThread "jar transforms Thread 73" [_thread_blocked, id=4824, stack(0x0000000027c00000,0x0000000027d00000)]
  0x00000000210a9800 JavaThread "jar transforms Thread 72" [_thread_blocked, id=8088, stack(0x0000000027b00000,0x0000000027c00000)]
  0x00000000210a8800 JavaThread "jar transforms Thread 71" [_thread_blocked, id=1768, stack(0x0000000027a00000,0x0000000027b00000)]
  0x00000000210a8000 JavaThread "jar transforms Thread 70" [_thread_blocked, id=4016, stack(0x0000000027900000,0x0000000027a00000)]
  0x00000000210a0800 JavaThread "jar transforms Thread 69" [_thread_blocked, id=5668, stack(0x0000000027800000,0x0000000027900000)]
  0x00000000210a2000 JavaThread "jar transforms Thread 68" [_thread_blocked, id=1608, stack(0x0000000027700000,0x0000000027800000)]
  0x00000000210a7000 JavaThread "jar transforms Thread 67" [_thread_blocked, id=5940, stack(0x0000000027600000,0x0000000027700000)]
  0x00000000210a6800 JavaThread "jar transforms Thread 66" [_thread_blocked, id=10508, stack(0x0000000027500000,0x0000000027600000)]
  0x00000000210a1000 JavaThread "jar transforms Thread 65" [_thread_blocked, id=7156, stack(0x0000000027400000,0x0000000027500000)]
  0x00000000210a5800 JavaThread "jar transforms Thread 64" [_thread_blocked, id=6952, stack(0x0000000027300000,0x0000000027400000)]
  0x000000002109f800 JavaThread "jar transforms Thread 63" [_thread_blocked, id=1984, stack(0x0000000027200000,0x0000000027300000)]
  0x000000002109e000 JavaThread "jar transforms Thread 62" [_thread_blocked, id=5224, stack(0x0000000027100000,0x0000000027200000)]
  0x00000000210a5000 JavaThread "jar transforms Thread 61" [_thread_blocked, id=7872, stack(0x0000000027000000,0x0000000027100000)]
  0x00000000210a3800 JavaThread "jar transforms Thread 60" [_thread_blocked, id=3632, stack(0x0000000026f00000,0x0000000027000000)]
  0x000000002109f000 JavaThread "jar transforms Thread 59" [_thread_blocked, id=8180, stack(0x0000000026e00000,0x0000000026f00000)]
  0x00000000210a2800 JavaThread "jar transforms Thread 58" [_thread_blocked, id=11076, stack(0x0000000026d00000,0x0000000026e00000)]
  0x00000000210a4000 JavaThread "jar transforms Thread 57" [_thread_blocked, id=464, stack(0x0000000026c00000,0x0000000026d00000)]
  0x000000001e254800 JavaThread "jar transforms Thread 56" [_thread_blocked, id=6032, stack(0x0000000026b00000,0x0000000026c00000)]
  0x000000001e250000 JavaThread "jar transforms Thread 55" [_thread_blocked, id=8520, stack(0x0000000026a00000,0x0000000026b00000)]
  0x000000001e253000 JavaThread "jar transforms Thread 54" [_thread_blocked, id=7088, stack(0x0000000026900000,0x0000000026a00000)]
  0x000000001e24e800 JavaThread "jar transforms Thread 53" [_thread_blocked, id=492, stack(0x0000000026800000,0x0000000026900000)]
  0x000000001e251000 JavaThread "jar transforms Thread 52" [_thread_blocked, id=5740, stack(0x0000000026700000,0x0000000026800000)]
  0x000000001e251800 JavaThread "jar transforms Thread 51" [_thread_blocked, id=10120, stack(0x0000000026600000,0x0000000026700000)]
  0x000000001e254000 JavaThread "jar transforms Thread 50" [_thread_blocked, id=8308, stack(0x0000000026500000,0x0000000026600000)]
  0x000000001e24f800 JavaThread "jar transforms Thread 49" [_thread_blocked, id=236, stack(0x0000000026400000,0x0000000026500000)]
  0x000000001e255800 JavaThread "jar transforms Thread 48" [_thread_blocked, id=1412, stack(0x0000000026300000,0x0000000026400000)]
  0x000000001e252800 JavaThread "jar transforms Thread 47" [_thread_blocked, id=8004, stack(0x0000000026200000,0x0000000026300000)]
  0x000000001e247000 JavaThread "jar transforms Thread 46" [_thread_blocked, id=2096, stack(0x0000000026100000,0x0000000026200000)]
  0x000000001e24e000 JavaThread "jar transforms Thread 45" [_thread_blocked, id=10624, stack(0x0000000026000000,0x0000000026100000)]
  0x000000001e247800 JavaThread "jar transforms Thread 44" [_thread_blocked, id=8900, stack(0x0000000025f00000,0x0000000026000000)]
  0x000000001e24b800 JavaThread "jar transforms Thread 43" [_thread_blocked, id=2480, stack(0x0000000025e00000,0x0000000025f00000)]
  0x000000001e24a000 JavaThread "jar transforms Thread 42" [_thread_blocked, id=1704, stack(0x0000000025d00000,0x0000000025e00000)]
  0x000000001e24b000 JavaThread "jar transforms Thread 41" [_thread_blocked, id=2780, stack(0x0000000025c00000,0x0000000025d00000)]
  0x000000001e249000 JavaThread "jar transforms Thread 40" [_thread_blocked, id=6540, stack(0x0000000025b00000,0x0000000025c00000)]
  0x000000001e246000 JavaThread "jar transforms Thread 39" [_thread_blocked, id=3112, stack(0x0000000025a00000,0x0000000025b00000)]
  0x000000001e24d000 JavaThread "jar transforms Thread 38" [_thread_blocked, id=7196, stack(0x0000000025900000,0x0000000025a00000)]
  0x000000001e24c800 JavaThread "jar transforms Thread 37" [_thread_blocked, id=8812, stack(0x0000000025800000,0x0000000025900000)]
  0x000000001e248800 JavaThread "jar transforms Thread 36" [_thread_blocked, id=10620, stack(0x0000000025700000,0x0000000025800000)]
  0x000000001e26c000 JavaThread "jar transforms Thread 35" [_thread_blocked, id=1816, stack(0x0000000025600000,0x0000000025700000)]
  0x000000001e26f800 JavaThread "jar transforms Thread 34" [_thread_blocked, id=7824, stack(0x0000000025500000,0x0000000025600000)]
  0x000000001e26f000 JavaThread "jar transforms Thread 33" [_thread_blocked, id=1580, stack(0x0000000025400000,0x0000000025500000)]
  0x000000001e26b000 JavaThread "jar transforms Thread 32" [_thread_blocked, id=5868, stack(0x0000000025300000,0x0000000025400000)]
  0x000000001e26c800 JavaThread "jar transforms Thread 31" [_thread_blocked, id=1776, stack(0x0000000025200000,0x0000000025300000)]
  0x000000001e26a800 JavaThread "jar transforms Thread 30" [_thread_blocked, id=2280, stack(0x0000000025100000,0x0000000025200000)]
  0x000000001e26e000 JavaThread "jar transforms Thread 29" [_thread_blocked, id=1936, stack(0x0000000025000000,0x0000000025100000)]
  0x000000001e26d800 JavaThread "jar transforms Thread 28" [_thread_blocked, id=1736, stack(0x0000000024f00000,0x0000000025000000)]
  0x000000001e262800 JavaThread "jar transforms Thread 27" [_thread_blocked, id=9484, stack(0x0000000024e00000,0x0000000024f00000)]
  0x000000001e269800 JavaThread "jar transforms Thread 26" [_thread_blocked, id=6960, stack(0x0000000024d00000,0x0000000024e00000)]
  0x000000001e267800 JavaThread "jar transforms Thread 25" [_thread_blocked, id=656, stack(0x0000000024c00000,0x0000000024d00000)]
  0x000000001e262000 JavaThread "jar transforms Thread 24" [_thread_blocked, id=2276, stack(0x0000000024b00000,0x0000000024c00000)]
  0x000000001e269000 JavaThread "jar transforms Thread 23" [_thread_blocked, id=6192, stack(0x0000000024a00000,0x0000000024b00000)]
  0x000000001e266800 JavaThread "jar transforms Thread 22" [_thread_blocked, id=2600, stack(0x0000000024900000,0x0000000024a00000)]
  0x000000001e263800 JavaThread "jar transforms Thread 21" [_thread_blocked, id=9244, stack(0x0000000024800000,0x0000000024900000)]
  0x000000001e266000 JavaThread "jar transforms Thread 20" [_thread_blocked, id=7944, stack(0x0000000024700000,0x0000000024800000)]
  0x000000001e265000 JavaThread "jar transforms Thread 19" [_thread_blocked, id=4636, stack(0x0000000024600000,0x0000000024700000)]
  0x000000001e268000 JavaThread "jar transforms Thread 18" [_thread_blocked, id=4076, stack(0x0000000024500000,0x0000000024600000)]
  0x000000001e260800 JavaThread "jar transforms Thread 17" [_thread_blocked, id=8760, stack(0x0000000024400000,0x0000000024500000)]
  0x000000001e261000 JavaThread "jar transforms Thread 16" [_thread_blocked, id=1432, stack(0x0000000024300000,0x0000000024400000)]
  0x000000001e264800 JavaThread "jar transforms Thread 15" [_thread_blocked, id=9572, stack(0x0000000024200000,0x0000000024300000)]
  0x000000001ba3a000 JavaThread "jar transforms Thread 14" [_thread_blocked, id=2992, stack(0x0000000024100000,0x0000000024200000)]
  0x000000001ba3c000 JavaThread "jar transforms Thread 13" [_thread_blocked, id=1532, stack(0x0000000024000000,0x0000000024100000)]
  0x000000001ba39800 JavaThread "jar transforms Thread 12" [_thread_blocked, id=5180, stack(0x0000000023f00000,0x0000000024000000)]
  0x000000001ba37000 JavaThread "jar transforms Thread 11" [_thread_blocked, id=4160, stack(0x0000000023e00000,0x0000000023f00000)]
  0x000000001ba3c800 JavaThread "jar transforms Thread 10" [_thread_blocked, id=10216, stack(0x0000000023d00000,0x0000000023e00000)]
  0x000000001ba38000 JavaThread "jar transforms Thread 9" [_thread_blocked, id=9672, stack(0x0000000023c00000,0x0000000023d00000)]
  0x000000001ba34000 JavaThread "jar transforms Thread 8" [_thread_blocked, id=2932, stack(0x0000000023b00000,0x0000000023c00000)]
  0x000000001ba36800 JavaThread "jar transforms Thread 7" [_thread_blocked, id=8252, stack(0x0000000023a00000,0x0000000023b00000)]
  0x000000001ba3b000 JavaThread "jar transforms Thread 6" [_thread_blocked, id=752, stack(0x0000000023900000,0x0000000023a00000)]
  0x000000001ba33800 JavaThread "jar transforms Thread 5" [_thread_blocked, id=4320, stack(0x0000000023800000,0x0000000023900000)]
  0x000000001ba38800 JavaThread "jar transforms Thread 4" [_thread_blocked, id=3060, stack(0x0000000023700000,0x0000000023800000)]
  0x000000001ba2f000 JavaThread "jar transforms Thread 3" [_thread_blocked, id=4612, stack(0x0000000023600000,0x0000000023700000)]
  0x000000001ba32800 JavaThread "jar transforms Thread 2" [_thread_blocked, id=8668, stack(0x0000000023500000,0x0000000023600000)]
  0x000000001ba32000 JavaThread "Build operations Thread 4" [_thread_blocked, id=7408, stack(0x0000000023400000,0x0000000023500000)]
  0x000000001ba31000 JavaThread "Build operations Thread 3" [_thread_in_Java, id=1656, stack(0x0000000023300000,0x0000000023400000)]
  0x000000001ba35000 JavaThread "Build operations Thread 2" [_thread_in_Java, id=5208, stack(0x0000000023200000,0x0000000023300000)]
  0x000000001ba35800 JavaThread "Build operations" [_thread_in_vm, id=4892, stack(0x0000000023100000,0x0000000023200000)]
  0x000000001af5f000 JavaThread "Cache worker for file content cache (C:\Users\Р”РёРјР°\.gradle\caches\6.5\fileContent)" [_thread_blocked, id=3120, stack(0x0000000021a30000,0x0000000021b30000)]
  0x000000001af5b000 JavaThread "jar transforms" [_thread_blocked, id=9988, stack(0x0000000021930000,0x0000000021a30000)]
  0x000000001af5a800 JavaThread "Cache worker for execution history cache (C:\Users\Р”РёРјР°\.gradle\caches\6.5\executionHistory)" [_thread_blocked, id=4760, stack(0x0000000021630000,0x0000000021730000)]
  0x000000001af5d800 JavaThread "Cache worker for cache directory md-rule (C:\Users\Р”РёРјР°\.gradle\caches\6.5\md-rule)" [_thread_blocked, id=6992, stack(0x0000000021530000,0x0000000021630000)]
  0x000000001af61000 JavaThread "Cache worker for cache directory md-supplier (C:\Users\Р”РёРјР°\.gradle\caches\6.5\md-supplier)" [_thread_blocked, id=7208, stack(0x0000000021430000,0x0000000021530000)]
  0x000000001af60800 JavaThread "Cache worker for checksums cache (D:\AndroidStudioProjects\labRK\.gradle\checksums)" [_thread_blocked, id=9604, stack(0x0000000021330000,0x0000000021430000)]
  0x000000001af5e000 JavaThread "Cache worker for file hash cache (D:\AndroidStudioProjects\labRK\.gradle\6.5\fileHashes)" [_thread_blocked, id=2532, stack(0x0000000020260000,0x0000000020360000)]
  0x000000001af5c000 JavaThread "Cache worker for file hash cache (C:\Users\Р”РёРјР°\.gradle\caches\6.5\fileHashes)" [_thread_blocked, id=2528, stack(0x000000001d660000,0x000000001d760000)]
  0x000000001af5f800 JavaThread "File lock request listener" [_thread_in_native, id=10592, stack(0x000000001d560000,0x000000001d660000)]
  0x000000001a836800 JavaThread "Cache worker for journal cache (C:\Users\Р”РёРјР°\.gradle\caches\journal-1)" [_thread_blocked, id=4676, stack(0x000000001d360000,0x000000001d460000)]
  0x000000001a8b2800 JavaThread "Thread-9" [_thread_blocked, id=8564, stack(0x000000001d060000,0x000000001d160000)]
  0x000000001ae50000 JavaThread "Stdin handler" [_thread_blocked, id=4104, stack(0x000000001cf60000,0x000000001d060000)]
  0x000000001a8b4800 JavaThread "Asynchronous log dispatcher for DefaultDaemonConnection: socket connection from /127.0.0.1:51356 to /127.0.0.1:51357" [_thread_blocked, id=10936, stack(0x000000001ce60000,0x000000001cf60000)]
  0x000000001a8b4000 JavaThread "Daemon worker" [_thread_blocked, id=7296, stack(0x000000001cd60000,0x000000001ce60000)]
  0x000000001af12000 JavaThread "Cancel handler" [_thread_blocked, id=8284, stack(0x000000001cc60000,0x000000001cd60000)]
  0x000000001ae40000 JavaThread "Handler for socket connection from /127.0.0.1:51356 to /127.0.0.1:51357" [_thread_in_native, id=5808, stack(0x000000001cb60000,0x000000001cc60000)]
  0x000000001af01800 JavaThread "Daemon" [_thread_blocked, id=10576, stack(0x000000001ca60000,0x000000001cb60000)]
  0x000000001aeee000 JavaThread "Daemon periodic checks" [_thread_blocked, id=3512, stack(0x000000001c760000,0x000000001c860000)]
  0x000000001ae24800 JavaThread "Incoming local TCP Connector on port 51356" [_thread_in_native, id=8828, stack(0x000000001c520000,0x000000001c620000)]
  0x000000001a0dd000 JavaThread "Daemon health stats" [_thread_blocked, id=5932, stack(0x000000001bee0000,0x000000001bfe0000)]
  0x0000000018f80000 JavaThread "Service Thread" daemon [_thread_blocked, id=9780, stack(0x0000000019340000,0x0000000019440000)]
  0x00000000175cf000 JavaThread "C1 CompilerThread2" daemon [_thread_in_vm, id=11204, stack(0x0000000018e40000,0x0000000018f40000)]
  0x00000000175cc000 JavaThread "C2 CompilerThread1" daemon [_thread_in_native, id=3296, stack(0x0000000018d40000,0x0000000018e40000)]
=>0x00000000175c3800 JavaThread "C2 CompilerThread0" daemon [_thread_in_native, id=1428, stack(0x0000000018c40000,0x0000000018d40000)]
  0x00000000175c2800 JavaThread "Attach Listener" daemon [_thread_blocked, id=5820, stack(0x0000000018b40000,0x0000000018c40000)]
  0x00000000175c9000 JavaThread "Signal Dispatcher" daemon [_thread_blocked, id=6364, stack(0x0000000018a40000,0x0000000018b40000)]
  0x000000000299c000 JavaThread "Finalizer" daemon [_thread_blocked, id=11148, stack(0x0000000018840000,0x0000000018940000)]
  0x0000000002993000 JavaThread "Reference Handler" daemon [_thread_blocked, id=9828, stack(0x0000000018740000,0x0000000018840000)]
  0x000000000289e000 JavaThread "main" [_thread_blocked, id=9036, stack(0x00000000026a0000,0x00000000027a0000)]

Other Threads:
  0x0000000017586800 VMThread [stack: 0x0000000018640000,0x0000000018740000] [id=6512]
  0x000000001761d800 WatcherThread [stack: 0x0000000019440000,0x0000000019540000] [id=7092]

VM state:not at safepoint (normal execution)

VM Mutex/Monitor currently owned by a thread: None

heap address: 0x0000000080000000, size: 2048 MB, Compressed Oops mode: 32-bit
Narrow klass base: 0x0000000000000000, Narrow klass shift: 3
Compressed class space size: 1073741824 Address: 0x0000000100000000

Heap:
 PSYoungGen      total 328704K, used 126329K [0x00000000d5580000, 0x00000000eb300000, 0x0000000100000000)
  eden space 304128K, 33% used [0x00000000d5580000,0x00000000db8dfdb0,0x00000000e7e80000)
  from space 24576K, 99% used [0x00000000e8300000,0x00000000e9afe7d8,0x00000000e9b00000)
  to   space 20480K, 0% used [0x00000000e9f00000,0x00000000e9f00000,0x00000000eb300000)
 ParOldGen       total 100864K, used 68295K [0x0000000080000000, 0x0000000086280000, 0x00000000d5580000)
  object space 100864K, 67% used [0x0000000080000000,0x00000000842b1d50,0x0000000086280000)
 Metaspace       used 79461K, capacity 83652K, committed 83992K, reserved 1122304K
  class space    used 10880K, capacity 11713K, committed 11824K, reserved 1048576K

Card table byte_map: [0x0000000011d60000,0x0000000012170000] byte_map_base: 0x0000000011960000

Marking Bits: (ParMarkBitMap*) 0x000000005de5f030
 Begin Bits: [0x0000000012820000, 0x0000000014820000)
 End Bits:   [0x0000000014820000, 0x0000000016820000)

Polling page: 0x0000000000ab0000

CodeCache: size=245760Kb used=32372Kb max_used=32372Kb free=213387Kb
 bounds [0x00000000029a0000, 0x0000000004960000, 0x00000000119a0000]
 total_blobs=10923 nmethods=10103 adapters=730
 compilation: enabled

Compilation events (10 events):
Event: 19.097 Thread 0x00000000175cf000 11398       2       com.android.tools.r8.ir.optimize.g::a (219 bytes)
Event: 19.098 Thread 0x00000000175cf000 nmethod 11398 0x000000000494df90 code [0x000000000494e1c0, 0x000000000494e948]
Event: 19.100 Thread 0x00000000175cf000 11399       2       com.android.tools.r8.q.a.a.b.c::next (32 bytes)
Event: 19.101 Thread 0x00000000175cf000 nmethod 11399 0x000000000494f150 code [0x000000000494f2c0, 0x000000000494f538]
Event: 19.101 Thread 0x00000000175cf000 11400       2       com.android.tools.r8.t.a.a.a.h.f0$f::<init> (6 bytes)
Event: 19.101 Thread 0x00000000175cf000 nmethod 11400 0x000000000494f650 code [0x000000000494f7c0, 0x000000000494f928]
Event: 19.101 Thread 0x00000000175cf000 11401       2       com.android.tools.r8.t.a.a.a.h.f0$f::<init> (41 bytes)
Event: 19.101 Thread 0x00000000175cf000 nmethod 11401 0x000000000494f9d0 code [0x000000000494fb20, 0x000000000494fcb0]
Event: 19.101 Thread 0x00000000175cf000 11402       1       com.android.tools.r8.t.a.a.a.f.U::isEmpty (2 bytes)
Event: 19.101 Thread 0x00000000175cf000 nmethod 11402 0x000000000494fd50 code [0x000000000494fea0, 0x000000000494ffb0]

GC Heap History (10 events):
Event: 7.580 GC heap before
{Heap before GC invocations=12 (full 2):
 PSYoungGen      total 201728K, used 189440K [0x00000000d5580000, 0x00000000e5b00000, 0x0000000100000000)
  eden space 189440K, 100% used [0x00000000d5580000,0x00000000e0e80000,0x00000000e0e80000)
  from space 12288K, 0% used [0x00000000e0e80000,0x00000000e0e80000,0x00000000e1a80000)
  to   space 13312K, 0% used [0x00000000e4e00000,0x00000000e4e00000,0x00000000e5b00000)
 ParOldGen       total 61952K, used 16398K [0x0000000080000000, 0x0000000083c80000, 0x00000000d5580000)
  object space 61952K, 26% used [0x0000000080000000,0x0000000081003bd0,0x0000000083c80000)
 Metaspace       used 44298K, capacity 46168K, committed 46376K, reserved 1089536K
  class space    used 6007K, capacity 6384K, committed 6448K, reserved 1048576K
Event: 7.613 GC heap after
Heap after GC invocations=12 (full 2):
 PSYoungGen      total 252416K, used 13301K [0x00000000d5580000, 0x00000000e6a80000, 0x0000000100000000)
  eden space 239104K, 0% used [0x00000000d5580000,0x00000000d5580000,0x00000000e3f00000)
  from space 13312K, 99% used [0x00000000e4e00000,0x00000000e5afd5e0,0x00000000e5b00000)
  to   space 15360K, 0% used [0x00000000e3f00000,0x00000000e3f00000,0x00000000e4e00000)
 ParOldGen       total 61952K, used 17223K [0x0000000080000000, 0x0000000083c80000, 0x00000000d5580000)
  object space 61952K, 27% used [0x0000000080000000,0x00000000810d1f58,0x0000000083c80000)
 Metaspace       used 44298K, capacity 46168K, committed 46376K, reserved 1089536K
  class space    used 6007K, capacity 6384K, committed 6448K, reserved 1048576K
}
Event: 9.986 GC heap before
{Heap before GC invocations=13 (full 2):
 PSYoungGen      total 252416K, used 174517K [0x00000000d5580000, 0x00000000e6a80000, 0x0000000100000000)
  eden space 239104K, 67% used [0x00000000d5580000,0x00000000df2f0020,0x00000000e3f00000)
  from space 13312K, 99% used [0x00000000e4e00000,0x00000000e5afd5e0,0x00000000e5b00000)
  to   space 15360K, 0% used [0x00000000e3f00000,0x00000000e3f00000,0x00000000e4e00000)
 ParOldGen       total 61952K, used 17223K [0x0000000080000000, 0x0000000083c80000, 0x00000000d5580000)
  object space 61952K, 27% used [0x0000000080000000,0x00000000810d1f58,0x0000000083c80000)
 Metaspace       used 56842K, capacity 59080K, committed 59160K, reserved 1099776K
  class space    used 7719K, capacity 8217K, committed 8240K, reserved 1048576K
Event: 10.050 GC heap after
Heap after GC invocations=13 (full 2):
 PSYoungGen      total 254464K, used 15341K [0x00000000d5580000, 0x00000000eb400000, 0x0000000100000000)
  eden space 239104K, 0% used [0x00000000d5580000,0x00000000d5580000,0x00000000e3f00000)
  from space 15360K, 99% used [0x00000000e3f00000,0x00000000e4dfb698,0x00000000e4e00000)
  to   space 21504K, 0% used [0x00000000e9f00000,0x00000000e9f00000,0x00000000eb400000)
 ParOldGen       total 61952K, used 28417K [0x0000000080000000, 0x0000000083c80000, 0x00000000d5580000)
  object space 61952K, 45% used [0x0000000080000000,0x0000000081bc0560,0x0000000083c80000)
 Metaspace       used 56842K, capacity 59080K, committed 59160K, reserved 1099776K
  class space    used 7719K, capacity 8217K, committed 8240K, reserved 1048576K
}
Event: 10.050 GC heap before
{Heap before GC invocations=14 (full 3):
 PSYoungGen      total 254464K, used 15341K [0x00000000d5580000, 0x00000000eb400000, 0x0000000100000000)
  eden space 239104K, 0% used [0x00000000d5580000,0x00000000d5580000,0x00000000e3f00000)
  from space 15360K, 99% used [0x00000000e3f00000,0x00000000e4dfb698,0x00000000e4e00000)
  to   space 21504K, 0% used [0x00000000e9f00000,0x00000000e9f00000,0x00000000eb400000)
 ParOldGen       total 61952K, used 28417K [0x0000000080000000, 0x0000000083c80000, 0x00000000d5580000)
  object space 61952K, 45% used [0x0000000080000000,0x0000000081bc0560,0x0000000083c80000)
 Metaspace       used 56842K, capacity 59080K, committed 59160K, reserved 1099776K
  class space    used 7719K, capacity 8217K, committed 8240K, reserved 1048576K
Event: 10.285 GC heap after
Heap after GC invocations=14 (full 3):
 PSYoungGen      total 254464K, used 0K [0x00000000d5580000, 0x00000000eb400000, 0x0000000100000000)
  eden space 239104K, 0% used [0x00000000d5580000,0x00000000d5580000,0x00000000e3f00000)
  from space 15360K, 0% used [0x00000000e3f00000,0x00000000e3f00000,0x00000000e4e00000)
  to   space 21504K, 0% used [0x00000000e9f00000,0x00000000e9f00000,0x00000000eb400000)
 ParOldGen       total 100864K, used 38856K [0x0000000080000000, 0x0000000086280000, 0x00000000d5580000)
  object space 100864K, 38% used [0x0000000080000000,0x00000000825f2260,0x0000000086280000)
 Metaspace       used 56826K, capacity 59026K, committed 59160K, reserved 1099776K
  class space    used 7714K, capacity 8208K, committed 8240K, reserved 1048576K
}
Event: 14.968 GC heap before
{Heap before GC invocations=15 (full 3):
 PSYoungGen      total 254464K, used 239104K [0x00000000d5580000, 0x00000000eb400000, 0x0000000100000000)
  eden space 239104K, 100% used [0x00000000d5580000,0x00000000e3f00000,0x00000000e3f00000)
  from space 15360K, 0% used [0x00000000e3f00000,0x00000000e3f00000,0x00000000e4e00000)
  to   space 21504K, 0% used [0x00000000e9f00000,0x00000000e9f00000,0x00000000eb400000)
 ParOldGen       total 100864K, used 38856K [0x0000000080000000, 0x0000000086280000, 0x00000000d5580000)
  object space 100864K, 38% used [0x0000000080000000,0x00000000825f2260,0x0000000086280000)
 Metaspace       used 67302K, capacity 70406K, committed 70552K, reserved 1110016K
  class space    used 9219K, capacity 9874K, committed 9904K, reserved 1048576K
Event: 14.997 GC heap after
Heap after GC invocations=15 (full 3):
 PSYoungGen      total 324608K, used 20464K [0x00000000d5580000, 0x00000000eb300000, 0x0000000100000000)
  eden space 304128K, 0% used [0x00000000d5580000,0x00000000d5580000,0x00000000e7e80000)
  from space 20480K, 99% used [0x00000000e9f00000,0x00000000eb2fc1f0,0x00000000eb300000)
  to   space 24576K, 0% used [0x00000000e8300000,0x00000000e8300000,0x00000000e9b00000)
 ParOldGen       total 100864K, used 38864K [0x0000000080000000, 0x0000000086280000, 0x00000000d5580000)
  object space 100864K, 38% used [0x0000000080000000,0x00000000825f4260,0x0000000086280000)
 Metaspace       used 67302K, capacity 70406K, committed 70552K, reserved 1110016K
  class space    used 9219K, capacity 9874K, committed 9904K, reserved 1048576K
}
Event: 18.171 GC heap before
{Heap before GC invocations=16 (full 3):
 PSYoungGen      total 324608K, used 324592K [0x00000000d5580000, 0x00000000eb300000, 0x0000000100000000)
  eden space 304128K, 100% used [0x00000000d5580000,0x00000000e7e80000,0x00000000e7e80000)
  from space 20480K, 99% used [0x00000000e9f00000,0x00000000eb2fc1f0,0x00000000eb300000)
  to   space 24576K, 0% used [0x00000000e8300000,0x00000000e8300000,0x00000000e9b00000)
 ParOldGen       total 100864K, used 38864K [0x0000000080000000, 0x0000000086280000, 0x00000000d5580000)
  object space 100864K, 38% used [0x0000000080000000,0x00000000825f4260,0x0000000086280000)
 Metaspace       used 78419K, capacity 82578K, committed 82840K, reserved 1120256K
  class space    used 10836K, capacity 11674K, committed 11696K, reserved 1048576K
Event: 18.240 GC heap after
Heap after GC invocations=16 (full 3):
 PSYoungGen      total 328704K, used 24569K [0x00000000d5580000, 0x00000000eb300000, 0x0000000100000000)
  eden space 304128K, 0% used [0x00000000d5580000,0x00000000d5580000,0x00000000e7e80000)
  from space 24576K, 99% used [0x00000000e8300000,0x00000000e9afe7d8,0x00000000e9b00000)
  to   space 20480K, 0% used [0x00000000e9f00000,0x00000000e9f00000,0x00000000eb300000)
 ParOldGen       total 100864K, used 68295K [0x0000000080000000, 0x0000000086280000, 0x00000000d5580000)
  object space 100864K, 67% used [0x0000000080000000,0x00000000842b1d50,0x0000000086280000)
 Metaspace       used 78419K, capacity 82578K, committed 82840K, reserved 1120256K
  class space    used 10836K, capacity 11674K, committed 11696K, reserved 1048576K
}

Deoptimization events (10 events):
Event: 18.694 Thread 0x000000001ba35800 Uncommon trap: reason=bimorphic action=maybe_recompile pc=0x0000000003466474 method=com.android.tools.r8.s.b.s1.a(Lcom/android/tools/r8/s/a/p/u;)Lcom/android/tools/r8/s/b/s1; @ 23
Event: 18.694 Thread 0x000000001ba35800 Uncommon trap: reason=bimorphic action=maybe_recompile pc=0x0000000003466474 method=com.android.tools.r8.s.b.s1.a(Lcom/android/tools/r8/s/a/p/u;)Lcom/android/tools/r8/s/b/s1; @ 23
Event: 18.694 Thread 0x000000001ba35800 Uncommon trap: reason=bimorphic action=maybe_recompile pc=0x0000000003466474 method=com.android.tools.r8.s.b.s1.a(Lcom/android/tools/r8/s/a/p/u;)Lcom/android/tools/r8/s/b/s1; @ 23
Event: 18.889 Thread 0x000000001ba35000 Uncommon trap: reason=unstable_if action=reinterpret pc=0x00000000046b1374 method=com.android.tools.r8.q.a.a.b.u0.b(I[Ljava/lang/Object;)Lcom/android/tools/r8/q/a/a/b/u0; @ 193
Event: 18.917 Thread 0x000000001ba31000 Uncommon trap: reason=class_check action=maybe_recompile pc=0x000000000472df90 method=com.android.tools.r8.s.a.h.e.b(Lcom/android/tools/r8/s/b/k0;)V @ 226
Event: 18.917 Thread 0x000000001ba31000 Uncommon trap: reason=class_check action=maybe_recompile pc=0x000000000472df90 method=com.android.tools.r8.s.a.h.e.b(Lcom/android/tools/r8/s/b/k0;)V @ 226
Event: 18.917 Thread 0x000000001ba31000 Uncommon trap: reason=class_check action=maybe_recompile pc=0x000000000472df90 method=com.android.tools.r8.s.a.h.e.b(Lcom/android/tools/r8/s/b/k0;)V @ 226
Event: 18.964 Thread 0x000000001ba35000 Uncommon trap: reason=class_check action=maybe_recompile pc=0x000000000472cfe0 method=com.android.tools.r8.s.a.h.e.b(Lcom/android/tools/r8/s/b/k0;)V @ 236
Event: 18.964 Thread 0x000000001ba35000 Uncommon trap: reason=bimorphic action=maybe_recompile pc=0x000000000472d8a0 method=com.android.tools.r8.s.a.h.e.b(Lcom/android/tools/r8/s/b/k0;)V @ 43
Event: 18.967 Thread 0x000000001ba35000 Uncommon trap: reason=class_check action=maybe_recompile pc=0x000000000472cfe0 method=com.android.tools.r8.s.a.h.e.b(Lcom/android/tools/r8/s/b/k0;)V @ 236

Classes redefined (0 events):
No events

Internal exceptions (10 events):
Event: 16.445 Thread 0x000000001ba35800 Exception <a 'java/lang/NoSuchMethodError': java.lang.Object.lambda$static$0(Ljava/lang/String;)Z> (0x00000000dee1f4b0) thrown at [C:\src\AOSP-openjdk-git\hotspot\src\share\vm\interpreter\linkResolver.cpp, line 620]
Event: 16.544 Thread 0x000000001ba35800 Exception <a 'sun/nio/fs/WindowsException'> (0x00000000df6d7348) thrown at [C:\src\AOSP-openjdk-git\hotspot\src\share\vm\prims\jni.cpp, line 710]
Event: 16.571 Thread 0x000000001ba31000 Exception <a 'sun/nio/fs/WindowsException'> (0x00000000dfc32ae8) thrown at [C:\src\AOSP-openjdk-git\hotspot\src\share\vm\prims\jni.cpp, line 710]
Event: 16.721 Thread 0x000000001ba35000 Exception <a 'sun/nio/fs/WindowsException'> (0x00000000e066f5b0) thrown at [C:\src\AOSP-openjdk-git\hotspot\src\share\vm\prims\jni.cpp, line 710]
Event: 16.928 Thread 0x000000001ba35800 Exception <a 'java/lang/IncompatibleClassChangeError': Found class java.lang.Object, but interface was expected> (0x00000000e163c0e8) thrown at [C:\src\AOSP-openjdk-git\hotspot\src\share\vm\interpreter\linkResolver.cpp, line 653]
Event: 17.467 Thread 0x000000001ba35800 Exception <a 'java/lang/NoSuchMethodError': java.lang.Object.b(Lcom/android/tools/r8/graph/n1$b;)Lcom/android/tools/r8/graph/n1$b;> (0x00000000e5551520) thrown at [C:\src\AOSP-openjdk-git\hotspot\src\share\vm\interpreter\linkResolver.cpp, line 620]
Event: 17.535 Thread 0x000000001ba35000 Exception <a 'java/lang/NoSuchMethodError': java.lang.Object.lambda$comparingInt$7b0bb60$1(Ljava/util/function/ToIntFunction;Ljava/lang/Object;Ljava/lang/Object;)I> (0x00000000e56cb830) thrown at [C:\src\AOSP-openjdk-git\hotspot\src\share\vm\interpreter\l
Event: 17.535 Thread 0x000000001ba35800 Exception <a 'java/lang/NoSuchMethodError': java.lang.Object.lambda$comparingInt$7b0bb60$1(Ljava/util/function/ToIntFunction;Ljava/lang/Object;Ljava/lang/Object;)I> (0x00000000e56a1830) thrown at [C:\src\AOSP-openjdk-git\hotspot\src\share\vm\interpreter\l
Event: 17.536 Thread 0x000000001ba35000 Exception <a 'java/lang/NoSuchMethodError': java.lang.Object.lambda$maxBy$1(Ljava/util/Comparator;Ljava/lang/Object;Ljava/lang/Object;)Ljava/lang/Object;> (0x00000000e56d0180) thrown at [C:\src\AOSP-openjdk-git\hotspot\src\share\vm\interpreter\linkResolve
Event: 17.536 Thread 0x000000001ba35800 Exception <a 'java/lang/NoSuchMethodError': java.lang.Object.lambda$maxBy$1(Ljava/util/Comparator;Ljava/lang/Object;Ljava/lang/Object;)Ljava/lang/Object;> (0x00000000e56a5568) thrown at [C:\src\AOSP-openjdk-git\hotspot\src\share\vm\interpreter\linkResolve

Events (10 events):
Event: 18.917 Thread 0x000000001ba31000 DEOPT UNPACKING pc=0x00000000029e557b sp=0x00000000233f9fd0 mode 2
Event: 18.964 Thread 0x000000001ba35000 Uncommon trap: trap_request=0xffffffde fr.pc=0x000000000472cfe0
Event: 18.964 Thread 0x000000001ba35000 DEOPT PACKING pc=0x000000000472cfe0 sp=0x00000000232fa190
Event: 18.964 Thread 0x000000001ba35000 DEOPT UNPACKING pc=0x00000000029e557b sp=0x00000000232fa168 mode 2
Event: 18.964 Thread 0x000000001ba35000 Uncommon trap: trap_request=0xffffffc6 fr.pc=0x000000000472d8a0
Event: 18.964 Thread 0x000000001ba35000 DEOPT PACKING pc=0x000000000472d8a0 sp=0x00000000232fa280
Event: 18.964 Thread 0x000000001ba35000 DEOPT UNPACKING pc=0x00000000029e557b sp=0x00000000232fa250 mode 2
Event: 18.967 Thread 0x000000001ba35000 Uncommon trap: trap_request=0xffffffde fr.pc=0x000000000472cfe0
Event: 18.967 Thread 0x000000001ba35000 DEOPT PACKING pc=0x000000000472cfe0 sp=0x00000000232fa190
Event: 18.967 Thread 0x000000001ba35000 DEOPT UNPACKING pc=0x00000000029e557b sp=0x00000000232fa168 mode 2


Dynamic libraries:
0x00007ff7281b0000 - 0x00007ff7281e1000 	D:\Program Files\Android Studio\jre\bin\java.exe
0x00007fff215c0000 - 0x00007fff217a1000 	C:\WINDOWS\SYSTEM32\ntdll.dll
0x00007fff21180000 - 0x00007fff21231000 	C:\WINDOWS\System32\KERNEL32.DLL
0x00007fff1da60000 - 0x00007fff1dcd3000 	C:\WINDOWS\System32\KERNELBASE.dll
0x00007fff1f4d0000 - 0x00007fff1f571000 	C:\WINDOWS\System32\ADVAPI32.dll
0x00007fff1ef40000 - 0x00007fff1efde000 	C:\WINDOWS\System32\msvcrt.dll
0x00007fff21120000 - 0x00007fff2117b000 	C:\WINDOWS\System32\sechost.dll
0x00007fff20e60000 - 0x00007fff20f84000 	C:\WINDOWS\System32\RPCRT4.dll
0x00007fff21400000 - 0x00007fff21590000 	C:\WINDOWS\System32\USER32.dll
0x00007fff1e890000 - 0x00007fff1e8b0000 	C:\WINDOWS\System32\win32u.dll
0x00007fff1ef10000 - 0x00007fff1ef38000 	C:\WINDOWS\System32\GDI32.dll
0x00007fff1e8b0000 - 0x00007fff1ea41000 	C:\WINDOWS\System32\gdi32full.dll
0x00007fff1e4f0000 - 0x00007fff1e58f000 	C:\WINDOWS\System32\msvcp_win.dll
0x00007fff1e3f0000 - 0x00007fff1e4e8000 	C:\WINDOWS\System32\ucrtbase.dll
0x00007fff127c0000 - 0x00007fff12a29000 	C:\WINDOWS\WinSxS\amd64_microsoft.windows.common-controls_6595b64144ccf1df_6.0.17134.885_none_fb42a3473065565f\COMCTL32.dll
0x00007fff20b20000 - 0x00007fff20e42000 	C:\WINDOWS\System32\combase.dll
0x00007fff1d9e0000 - 0x00007fff1da59000 	C:\WINDOWS\System32\bcryptPrimitives.dll
0x00007fff1ec90000 - 0x00007fff1ecbd000 	C:\WINDOWS\System32\IMM32.DLL
0x000000005e550000 - 0x000000005e622000 	D:\Program Files\Android Studio\jre\jre\bin\msvcr100.dll
0x000000005d690000 - 0x000000005dedb000 	D:\Program Files\Android Studio\jre\jre\bin\server\jvm.dll
0x00007fff1f4a0000 - 0x00007fff1f4a8000 	C:\WINDOWS\System32\PSAPI.DLL
0x00007fff00720000 - 0x00007fff00729000 	C:\WINDOWS\SYSTEM32\WSOCK32.dll
0x00007fff1f580000 - 0x00007fff1f5ec000 	C:\WINDOWS\System32\WS2_32.dll
0x00007fff157b0000 - 0x00007fff157d3000 	C:\WINDOWS\SYSTEM32\WINMM.dll
0x00007fff1c020000 - 0x00007fff1c02a000 	C:\WINDOWS\SYSTEM32\VERSION.dll
0x00007fff15780000 - 0x00007fff157aa000 	C:\WINDOWS\SYSTEM32\winmmbase.dll
0x00007fff1d990000 - 0x00007fff1d9d9000 	C:\WINDOWS\System32\cfgmgr32.dll
0x00007fff19ac0000 - 0x00007fff19acf000 	D:\Program Files\Android Studio\jre\jre\bin\verify.dll
0x00007fff19990000 - 0x00007fff199b9000 	D:\Program Files\Android Studio\jre\jre\bin\java.dll
0x00007fff19a30000 - 0x00007fff19a46000 	D:\Program Files\Android Studio\jre\jre\bin\zip.dll
0x00007fff1f6e0000 - 0x00007fff20b20000 	C:\WINDOWS\System32\SHELL32.dll
0x00007fff21070000 - 0x00007fff21119000 	C:\WINDOWS\System32\shcore.dll
0x00007fff1dce0000 - 0x00007fff1e3ed000 	C:\WINDOWS\System32\windows.storage.dll
0x00007fff21240000 - 0x00007fff21291000 	C:\WINDOWS\System32\shlwapi.dll
0x00007fff1d970000 - 0x00007fff1d981000 	C:\WINDOWS\System32\kernel.appcore.dll
0x00007fff1d930000 - 0x00007fff1d94f000 	C:\WINDOWS\System32\profapi.dll
0x00007fff1d8e0000 - 0x00007fff1d92c000 	C:\WINDOWS\System32\powrprof.dll
0x00007fff1d8d0000 - 0x00007fff1d8da000 	C:\WINDOWS\System32\FLTLIB.DLL
0x00007fff18fc0000 - 0x00007fff18fda000 	D:\Program Files\Android Studio\jre\jre\bin\net.dll
0x00007fff1d150000 - 0x00007fff1d1b6000 	C:\WINDOWS\system32\mswsock.dll
0x00007fff18c60000 - 0x00007fff18c73000 	D:\Program Files\Android Studio\jre\jre\bin\nio.dll
0x00007fff0f130000 - 0x00007fff0f157000 	C:\Users\Дима\.gradle\native\f6784746aeab05261644944871eae4fe03e0ef1612fff0a4a95f87b438bc6780\windows-amd64\native-platform.dll
0x00007fff19ab0000 - 0x00007fff19abd000 	D:\Program Files\Android Studio\jre\jre\bin\management.dll
0x00007fff1d300000 - 0x00007fff1d317000 	C:\WINDOWS\SYSTEM32\CRYPTSP.dll
0x00007fff1cd40000 - 0x00007fff1cd73000 	C:\WINDOWS\system32\rsaenh.dll
0x00007fff1d430000 - 0x00007fff1d455000 	C:\WINDOWS\SYSTEM32\bcrypt.dll
0x00007fff1d7d0000 - 0x00007fff1d7f8000 	C:\WINDOWS\SYSTEM32\USERENV.dll
0x00007fff1d320000 - 0x00007fff1d32b000 	C:\WINDOWS\SYSTEM32\CRYPTBASE.dll
0x00007fff1cee0000 - 0x00007fff1cf18000 	C:\WINDOWS\SYSTEM32\IPHLPAPI.DLL
0x00007fff1f490000 - 0x00007fff1f498000 	C:\WINDOWS\System32\NSI.dll
0x00007fff14dc0000 - 0x00007fff14dd6000 	C:\WINDOWS\SYSTEM32\dhcpcsvc6.DLL
0x00007fff15580000 - 0x00007fff1559a000 	C:\WINDOWS\SYSTEM32\dhcpcsvc.DLL
0x00007fff15db0000 - 0x00007fff15dbb000 	C:\WINDOWS\SYSTEM32\WINNSI.DLL

VM Arguments:
jvm_args: -Xmx2048m -Dfile.encoding=UTF-8 -Duser.country=RU -Duser.language=ru -Duser.variant 
java_command: org.gradle.launcher.daemon.bootstrap.GradleDaemon 6.5
java_class_path (initial): C:\Users\Дима\.gradle\wrapper\dists\gradle-6.5-bin\6nifqtx7604sqp1q6g8wikw7p\gradle-6.5\lib\gradle-launcher-6.5.jar
Launcher Type: SUN_STANDARD

Environment Variables:
PATH=C:\Program Files (x86)\Common Files\Oracle\Java\javapath;C:\Program Files (x86)\Intel\iCLS Client\;C:\Program Files\Intel\iCLS Client\;C:\windows\system32;C:\windows;C:\windows\System32\Wbem;C:\windows\System32\WindowsPowerShell\v1.0\;C:\Program Files (x86)\Intel\Intel(R) Management Engine Components\DAL;C:\Program Files\Intel\Intel(R) Management Engine Components\DAL;C:\Program Files (x86)\Intel\Intel(R) Management Engine Components\IPT;C:\Program Files\Intel\Intel(R) Management Engine Components\IPT;C:\WINDOWS\system32;C:\WINDOWS;C:\WINDOWS\System32\Wbem;C:\WINDOWS\System32\WindowsPowerShell\v1.0\;C:\WINDOWS\System32\OpenSSH\;C:\Go\bin\bin;C:\Program Files (x86)\Common Files\Apple\Internet Services\;C:\Program Files\Microsoft VS Code\bin;C:\Program Files\Git\cmd;C:\php7;C:\Program Files\PuTTY\;C:\Program Files\CMake\bin;C:\Program Files (x86)\NVIDIA Corporation\PhysX\Common;C:\Program Files (x86)\Microsoft SQL Server\150\DTS\Binn\;C:\Program Files\Microsoft SQL Server\Client SDK\ODBC\170\Tools\Binn\;C:\Program Files (x86)\Microsoft SQL Server\150\Tools\Binn\;C:\Program Files\Microsoft SQL Server\150\Tools\Binn\;C:\Program Files\Microsoft SQL Server\150\DTS\Binn\;C:\Program Files\dotnet\;C:\Program Files\Microsoft SQL Server\130\Tools\Binn\;C:\Users\Дима\AppData\Local\Programs\Python\Python36-32\Scripts\;C:\Users\Дима\AppData\Local\Programs\Python\Python36-32\;C:\Users\Дима\AppData\Local\Microsoft\WindowsApps;C:\Users\Дима\go\bin;C:\Users\Дима\AppData\Local\GitHubDesktop\bin;C:\Program Files\heroku\bin
USERNAME=Dima
OS=Windows_NT
PROCESSOR_IDENTIFIER=Intel64 Family 6 Model 142 Stepping 9, GenuineIntel



---------------  S Y S T E M  ---------------

OS: Windows 10.0 , 64 bit Build 17134 (10.0.17134.753)

CPU:total 4 (initial active 4) (2 cores per cpu, 2 threads per core) family 6 model 142 stepping 9, cmov, cx8, fxsr, mmx, sse, sse2, sse3, ssse3, sse4.1, sse4.2, popcnt, avx, avx2, aes, clmul, erms, 3dnowpref, lzcnt, ht, tsc, tscinvbit, bmi1, bmi2, adx

Memory: 4k page, physical 6173924k(1127184k free), swap 6464856k(5540k free)

vm_info: OpenJDK 64-Bit Server VM (25.242-b01) for windows-amd64 JRE (1.8.0_242-release-1644-b01), built by "builder" with MS VC++ 10.0 (VS2010)

time: Wed Oct 21 22:09:50 2020
timezone: RTZ 2 (зима)
elapsed time: 19 seconds (0d 0h 0m 19s)

