#
# There is insufficient memory for the Java Runtime Environment to continue.
# Native memory allocation (malloc) failed to allocate 1059536 bytes for Chunk::new
# Possible reasons:
#   The system is out of physical RAM or swap space
#   The process is running with CompressedOops enabled, and the Java Heap may be blocking the growth of the native heap
# Possible solutions:
#   Reduce memory load on the system
#   Increase physical memory or swap space
#   Check if swap backing store is full
#   Decrease Java heap size (-Xmx/-Xms)
#   Decrease number of Java threads
#   Decrease Java thread stack sizes (-Xss)
#   Set larger code cache with -XX:ReservedCodeCacheSize=
#   JVM is running with Unscaled Compressed Oops mode in which the Java heap is
#     placed in the first 4GB address space. The Java Heap base address is the
#     maximum limit for the native heap growth. Please use -XX:HeapBaseMinAddress
#     to set the Java Heap base and to place the Java Heap above 4GB virtual address.
# This output file may be truncated or incomplete.
#
#  Out of Memory Error (allocation.cpp:389), pid=7104, tid=0x0000000000001684
#
# JRE version: OpenJDK Runtime Environment (8.0_242-b01) (build 1.8.0_242-release-1644-b01)
# Java VM: OpenJDK 64-Bit Server VM (25.242-b01 mixed mode windows-amd64 compressed oops)
# Failed to write core dump. Minidumps are not enabled by default on client versions of Windows
#

---------------  T H R E A D  ---------------

Current thread (0x0000000017df4000):  JavaThread "C2 CompilerThread0" daemon [_thread_in_native, id=5764, stack(0x0000000019450000,0x0000000019550000)]

Stack: [0x0000000019450000,0x0000000019550000]
[error occurred during error reporting (printing stack bounds), id 0xc0000005]

Native frames: (J=compiled Java code, j=interpreted, Vv=VM code, C=native code)


Current CompileTask:
C2: 643269 14291       4       org.gradle.internal.component.model.ComponentAttributeMatcher::match (259 bytes)


---------------  P R O C E S S  ---------------

Java Threads: ( => current thread )
  0x000000001e3cd000 JavaThread "jar transforms Thread 196" [_thread_in_vm, id=6340, stack(0x0000000038ab0000,0x0000000038bb0000)]
  0x000000001e3ce000 JavaThread "jar transforms Thread 195" [_thread_in_vm, id=4408, stack(0x00000000389b0000,0x0000000038ab0000)]
  0x000000001e3cc800 JavaThread "jar transforms Thread 194" [_thread_in_vm, id=10152, stack(0x00000000388b0000,0x00000000389b0000)]
  0x000000001e3c5800 JavaThread "jar transforms Thread 193" [_thread_blocked, id=988, stack(0x00000000387b0000,0x00000000388b0000)]
  0x000000001e3c5000 JavaThread "jar transforms Thread 192" [_thread_blocked, id=3964, stack(0x00000000386b0000,0x00000000387b0000)]
  0x000000001e3cb800 JavaThread "jar transforms Thread 191" [_thread_blocked, id=2376, stack(0x00000000385b0000,0x00000000386b0000)]
  0x000000001e3ca000 JavaThread "jar transforms Thread 190" [_thread_blocked, id=9092, stack(0x00000000384b0000,0x00000000385b0000)]
  0x000000001e3c4000 JavaThread "jar transforms Thread 189" [_thread_blocked, id=5976, stack(0x00000000383b0000,0x00000000384b0000)]
  0x000000001e3c6800 JavaThread "jar transforms Thread 188" [_thread_blocked, id=8456, stack(0x00000000382b0000,0x00000000383b0000)]
  0x000000001e3c8800 JavaThread "jar transforms Thread 187" [_thread_blocked, id=5652, stack(0x00000000381b0000,0x00000000382b0000)]
  0x000000001e3c9800 JavaThread "jar transforms Thread 186" [_thread_blocked, id=10696, stack(0x00000000380b0000,0x00000000381b0000)]
  0x000000001e3c8000 JavaThread "jar transforms Thread 185" [_thread_blocked, id=5552, stack(0x0000000037fb0000,0x00000000380b0000)]
  0x00000000207ae000 JavaThread "jar transforms Thread 184" [_thread_blocked, id=6956, stack(0x0000000037eb0000,0x0000000037fb0000)]
  0x00000000207ab000 JavaThread "jar transforms Thread 183" [_thread_blocked, id=8808, stack(0x0000000037db0000,0x0000000037eb0000)]
  0x00000000207ae800 JavaThread "jar transforms Thread 182" [_thread_blocked, id=6832, stack(0x0000000037cb0000,0x0000000037db0000)]
  0x00000000207ad000 JavaThread "jar transforms Thread 181" [_thread_blocked, id=1432, stack(0x0000000037bb0000,0x0000000037cb0000)]
  0x00000000207ab800 JavaThread "jar transforms Thread 180" [_thread_blocked, id=10232, stack(0x0000000037ab0000,0x0000000037bb0000)]
  0x00000000207af800 JavaThread "jar transforms Thread 179" [_thread_blocked, id=8508, stack(0x00000000379b0000,0x0000000037ab0000)]
  0x00000000207aa000 JavaThread "jar transforms Thread 178" [_thread_blocked, id=11132, stack(0x00000000378b0000,0x00000000379b0000)]
  0x00000000207ac800 JavaThread "jar transforms Thread 177" [_thread_blocked, id=8544, stack(0x00000000377b0000,0x00000000378b0000)]
  0x00000000207a9800 JavaThread "jar transforms Thread 176" [_thread_blocked, id=1716, stack(0x00000000376b0000,0x00000000377b0000)]
  0x00000000207a2000 JavaThread "jar transforms Thread 175" [_thread_blocked, id=3228, stack(0x00000000375b0000,0x00000000376b0000)]
  0x00000000207a8800 JavaThread "jar transforms Thread 174" [_thread_blocked, id=6264, stack(0x00000000374b0000,0x00000000375b0000)]
  0x00000000207a4000 JavaThread "jar transforms Thread 173" [_thread_blocked, id=10248, stack(0x00000000373b0000,0x00000000374b0000)]
  0x00000000207a1000 JavaThread "jar transforms Thread 172" [_thread_blocked, id=2840, stack(0x00000000372b0000,0x00000000373b0000)]
  0x00000000207a8000 JavaThread "jar transforms Thread 171" [_thread_blocked, id=236, stack(0x00000000371b0000,0x00000000372b0000)]
  0x00000000207a6800 JavaThread "jar transforms Thread 170" [_thread_blocked, id=2788, stack(0x00000000370b0000,0x00000000371b0000)]
  0x00000000207a5800 JavaThread "jar transforms Thread 169" [_thread_blocked, id=4500, stack(0x0000000036fb0000,0x00000000370b0000)]
  0x00000000207a5000 JavaThread "jar transforms Thread 168" [_thread_blocked, id=9748, stack(0x0000000036eb0000,0x0000000036fb0000)]
  0x00000000207a2800 JavaThread "jar transforms Thread 167" [_thread_blocked, id=6752, stack(0x0000000036db0000,0x0000000036eb0000)]
  0x00000000207a3800 JavaThread "jar transforms Thread 166" [_thread_blocked, id=2084, stack(0x0000000036cb0000,0x0000000036db0000)]
  0x00000000207a0800 JavaThread "jar transforms Thread 165" [_thread_blocked, id=7472, stack(0x0000000036bb0000,0x0000000036cb0000)]
  0x00000000207a7000 JavaThread "jar transforms Thread 164" [_thread_blocked, id=10464, stack(0x0000000036ab0000,0x0000000036bb0000)]
  0x000000001a68e800 JavaThread "jar transforms Thread 163" [_thread_blocked, id=6948, stack(0x00000000369b0000,0x0000000036ab0000)]
  0x000000001a68e000 JavaThread "jar transforms Thread 162" [_thread_blocked, id=2016, stack(0x00000000368b0000,0x00000000369b0000)]
  0x000000001a690000 JavaThread "jar transforms Thread 161" [_thread_blocked, id=2360, stack(0x00000000367b0000,0x00000000368b0000)]
  0x000000001a68d000 JavaThread "jar transforms Thread 160" [_thread_blocked, id=3740, stack(0x00000000366b0000,0x00000000367b0000)]
  0x000000001a68c800 JavaThread "jar transforms Thread 159" [_thread_blocked, id=3996, stack(0x00000000365b0000,0x00000000366b0000)]
  0x000000001a68b800 JavaThread "jar transforms Thread 158" [_thread_blocked, id=10876, stack(0x00000000364b0000,0x00000000365b0000)]
  0x000000001a68b000 JavaThread "jar transforms Thread 157" [_thread_blocked, id=1984, stack(0x00000000363b0000,0x00000000364b0000)]
  0x000000001a691800 JavaThread "jar transforms Thread 156" [_thread_blocked, id=7408, stack(0x00000000362b0000,0x00000000363b0000)]
  0x000000001a691000 JavaThread "jar transforms Thread 155" [_thread_blocked, id=3292, stack(0x00000000361b0000,0x00000000362b0000)]
  0x000000001a68f800 JavaThread "jar transforms Thread 154" [_thread_blocked, id=4576, stack(0x00000000360b0000,0x00000000361b0000)]
  0x000000001b9b5800 JavaThread "jar transforms Thread 153" [_thread_blocked, id=9592, stack(0x0000000035fb0000,0x00000000360b0000)]
  0x000000001b9bc800 JavaThread "jar transforms Thread 152" [_thread_blocked, id=8432, stack(0x0000000035eb0000,0x0000000035fb0000)]
  0x000000001b9b9000 JavaThread "jar transforms Thread 151" [_thread_blocked, id=8180, stack(0x0000000035db0000,0x0000000035eb0000)]
  0x000000001b9b8000 JavaThread "jar transforms Thread 150" [_thread_blocked, id=6668, stack(0x0000000035cb0000,0x0000000035db0000)]
  0x000000001b9b9800 JavaThread "jar transforms Thread 149" [_thread_blocked, id=8352, stack(0x0000000035bb0000,0x0000000035cb0000)]
  0x000000001bf6a800 JavaThread "jar transforms Thread 148" [_thread_blocked, id=3488, stack(0x0000000035ab0000,0x0000000035bb0000)]
  0x000000001bf69000 JavaThread "jar transforms Thread 147" [_thread_blocked, id=10692, stack(0x00000000359b0000,0x0000000035ab0000)]
  0x000000001bf68800 JavaThread "jar transforms Thread 146" [_thread_blocked, id=2660, stack(0x00000000358b0000,0x00000000359b0000)]
  0x000000001bf5f800 JavaThread "jar transforms Thread 145" [_thread_blocked, id=5264, stack(0x00000000357b0000,0x00000000358b0000)]
  0x000000001bf66000 JavaThread "jar transforms Thread 144" [_thread_blocked, id=1580, stack(0x00000000356b0000,0x00000000357b0000)]
  0x000000001bf5e800 JavaThread "jar transforms Thread 143" [_thread_blocked, id=10936, stack(0x00000000355b0000,0x00000000356b0000)]
  0x000000001bf65800 JavaThread "jar transforms Thread 142" [_thread_blocked, id=908, stack(0x00000000354b0000,0x00000000355b0000)]
  0x000000001bf5e000 JavaThread "jar transforms Thread 141" [_thread_blocked, id=3908, stack(0x00000000353b0000,0x00000000354b0000)]
  0x000000001bf64800 JavaThread "jar transforms Thread 140" [_thread_blocked, id=7016, stack(0x00000000352b0000,0x00000000353b0000)]
  0x000000001bf5d000 JavaThread "jar transforms Thread 139" [_thread_blocked, id=9896, stack(0x00000000351b0000,0x00000000352b0000)]
  0x00000000211fe800 JavaThread "jar transforms Thread 138" [_thread_blocked, id=6024, stack(0x00000000350b0000,0x00000000351b0000)]
  0x00000000211ff000 JavaThread "jar transforms Thread 137" [_thread_blocked, id=4148, stack(0x0000000034fb0000,0x00000000350b0000)]
  0x0000000021202000 JavaThread "jar transforms Thread 136" [_thread_blocked, id=10012, stack(0x0000000034eb0000,0x0000000034fb0000)]
  0x0000000021204800 JavaThread "jar transforms Thread 135" [_thread_blocked, id=2356, stack(0x0000000034db0000,0x0000000034eb0000)]
  0x00000000211f7800 JavaThread "jar transforms Thread 134" [_thread_blocked, id=10520, stack(0x0000000034cb0000,0x0000000034db0000)]
  0x00000000211f6000 JavaThread "jar transforms Thread 133" [_thread_blocked, id=9252, stack(0x0000000034bb0000,0x0000000034cb0000)]
  0x00000000211f6800 JavaThread "jar transforms Thread 132" [_thread_blocked, id=6616, stack(0x0000000034ab0000,0x0000000034bb0000)]
  0x00000000211f9800 JavaThread "jar transforms Thread 131" [_thread_blocked, id=6176, stack(0x00000000349b0000,0x0000000034ab0000)]
  0x00000000211f8000 JavaThread "jar transforms Thread 130" [_thread_blocked, id=620, stack(0x00000000348b0000,0x00000000349b0000)]
  0x00000000211f5000 JavaThread "jar transforms Thread 129" [_thread_blocked, id=5180, stack(0x00000000347b0000,0x00000000348b0000)]
  0x00000000211fb000 JavaThread "jar transforms Thread 128" [_thread_blocked, id=4008, stack(0x00000000346b0000,0x00000000347b0000)]
  0x000000001f28f000 JavaThread "jar transforms Thread 127" [_thread_blocked, id=10548, stack(0x00000000345b0000,0x00000000346b0000)]
  0x000000001f28e000 JavaThread "jar transforms Thread 126" [_thread_blocked, id=10904, stack(0x00000000344b0000,0x00000000345b0000)]
  0x000000001f28d800 JavaThread "jar transforms Thread 125" [_thread_blocked, id=1448, stack(0x00000000343b0000,0x00000000344b0000)]
  0x000000001f286000 JavaThread "jar transforms Thread 124" [_thread_blocked, id=8320, stack(0x00000000342b0000,0x00000000343b0000)]
  0x000000001f28c800 JavaThread "jar transforms Thread 123" [_thread_blocked, id=7888, stack(0x00000000341b0000,0x00000000342b0000)]
  0x000000001f285000 JavaThread "jar transforms Thread 122" [_thread_blocked, id=2820, stack(0x00000000340b0000,0x00000000341b0000)]
  0x000000001f28c000 JavaThread "jar transforms Thread 121" [_thread_blocked, id=4016, stack(0x0000000033fb0000,0x00000000340b0000)]
  0x000000001f284800 JavaThread "jar transforms Thread 120" [_thread_blocked, id=11204, stack(0x0000000033eb0000,0x0000000033fb0000)]
  0x000000001f28b000 JavaThread "jar transforms Thread 119" [_thread_blocked, id=336, stack(0x0000000033db0000,0x0000000033eb0000)]
  0x000000001f28a800 JavaThread "jar transforms Thread 118" [_thread_blocked, id=5896, stack(0x0000000033cb0000,0x0000000033db0000)]
  0x000000001f289800 JavaThread "jar transforms Thread 117" [_thread_blocked, id=3568, stack(0x0000000033bb0000,0x0000000033cb0000)]
  0x000000001f282000 JavaThread "jar transforms Thread 116" [_thread_blocked, id=6684, stack(0x0000000033ab0000,0x0000000033bb0000)]
  0x000000001f289000 JavaThread "jar transforms Thread 115" [_thread_blocked, id=8492, stack(0x00000000339b0000,0x0000000033ab0000)]
  0x000000001f283000 JavaThread "Build operations Thread 4" [_thread_blocked, id=3220, stack(0x00000000338b0000,0x00000000339b0000)]
  0x000000001f288000 JavaThread "Build operations Thread 3" [_thread_blocked, id=4332, stack(0x00000000337b0000,0x00000000338b0000)]
  0x000000002f0a3800 JavaThread "Build operations Thread 2" [_thread_blocked, id=3864, stack(0x00000000336b0000,0x00000000337b0000)]
  0x000000002f0a2800 JavaThread "Build operations" [_thread_blocked, id=10600, stack(0x00000000335b0000,0x00000000336b0000)]
  0x000000002f09f800 JavaThread "Cache worker for cache directory md-rule (C:\Users\Р”РёРјР°\.gradle\caches\6.5\md-rule)" [_thread_blocked, id=7212, stack(0x00000000334b0000,0x00000000335b0000)]
  0x000000002f0a2000 JavaThread "Cache worker for cache directory md-supplier (C:\Users\Р”РёРјР°\.gradle\caches\6.5\md-supplier)" [_thread_blocked, id=6292, stack(0x00000000333b0000,0x00000000334b0000)]
  0x000000002f0a1000 JavaThread "Cache worker for checksums cache (D:\AndroidStudioProjects\labRK\.gradle\checksums)" [_thread_blocked, id=4252, stack(0x00000000332b0000,0x00000000333b0000)]
  0x000000002f09e000 JavaThread "Cache worker for file hash cache (D:\AndroidStudioProjects\labRK\.gradle\6.5\fileHashes)" [_thread_blocked, id=5692, stack(0x00000000331b0000,0x00000000332b0000)]
  0x000000002f097800 JavaThread "Thread-154" [_thread_blocked, id=10568, stack(0x00000000330b0000,0x00000000331b0000)]
  0x000000002f096800 JavaThread "Stdin handler" [_thread_blocked, id=7196, stack(0x0000000032fb0000,0x00000000330b0000)]
  0x000000002f09d800 JavaThread "Asynchronous log dispatcher for DefaultDaemonConnection: socket connection from /127.0.0.1:52244 to /127.0.0.1:52318" [_thread_blocked, id=4564, stack(0x0000000032eb0000,0x0000000032fb0000)]
  0x000000002f094000 JavaThread "Daemon worker Thread 2" [_thread_blocked, id=460, stack(0x0000000032db0000,0x0000000032eb0000)]
  0x000000002f09b000 JavaThread "Cancel handler" [_thread_blocked, id=7112, stack(0x0000000032cb0000,0x0000000032db0000)]
  0x000000002f09a800 JavaThread "Handler for socket connection from /127.0.0.1:52244 to /127.0.0.1:52318" [_thread_in_native, id=9916, stack(0x0000000032bb0000,0x0000000032cb0000)]
  0x000000002f096000 JavaThread "Daemon Thread 2" [_thread_blocked, id=7136, stack(0x0000000032ab0000,0x0000000032bb0000)]
  0x000000002f099800 JavaThread "RMI TCP Connection(idle)" daemon [_thread_blocked, id=7860, stack(0x00000000329b0000,0x0000000032ab0000)]
  0x000000001bf6b800 JavaThread "RMI Reaper" [_thread_blocked, id=10228, stack(0x000000002df00000,0x000000002e000000)]
  0x000000001bf6a000 JavaThread "RMI TCP Accept-0" daemon [_thread_in_native, id=8004, stack(0x000000002de00000,0x000000002df00000)]
  0x000000001bf64000 JavaThread "GC Daemon" daemon [_thread_blocked, id=10208, stack(0x000000002db00000,0x000000002dc00000)]
  0x000000001bf67800 JavaThread "RMI Scheduler(0)" daemon [_thread_blocked, id=5868, stack(0x000000002d900000,0x000000002da00000)]
  0x0000000021201800 JavaThread "Memory manager" [_thread_blocked, id=2484, stack(0x000000002c700000,0x000000002c800000)]
  0x000000001b9b6800 JavaThread "Cache worker for file content cache (C:\Users\Р”РёРјР°\.gradle\caches\6.5\fileContent)" [_thread_blocked, id=7616, stack(0x0000000022180000,0x0000000022280000)]
  0x000000001b9ba800 JavaThread "Cache worker for execution history cache (C:\Users\Р”РёРјР°\.gradle\caches\6.5\executionHistory)" [_thread_blocked, id=8768, stack(0x0000000021f80000,0x0000000022080000)]
  0x000000001b9bb000 JavaThread "Cache worker for file hash cache (C:\Users\Р”РёРјР°\.gradle\caches\6.5\fileHashes)" [_thread_blocked, id=9632, stack(0x000000001de70000,0x000000001df70000)]
  0x000000001b9bc000 JavaThread "File lock request listener" [_thread_in_native, id=7672, stack(0x000000001dd70000,0x000000001de70000)]
  0x000000001a812800 JavaThread "Cache worker for journal cache (C:\Users\Р”РёРјР°\.gradle\caches\journal-1)" [_thread_blocked, id=232, stack(0x000000001db70000,0x000000001dc70000)]
  0x000000001b766800 JavaThread "Daemon periodic checks" [_thread_blocked, id=1244, stack(0x000000001cf70000,0x000000001d070000)]
  0x000000001b6b2800 JavaThread "Incoming local TCP Connector on port 52244" [_thread_in_native, id=1524, stack(0x000000001cd30000,0x000000001ce30000)]
  0x0000000019e28000 JavaThread "Daemon health stats" [_thread_blocked, id=8764, stack(0x000000001c6f0000,0x000000001c7f0000)]
  0x0000000017e4e000 JavaThread "Service Thread" daemon [_thread_blocked, id=9768, stack(0x0000000019b50000,0x0000000019c50000)]
  0x0000000017e03000 JavaThread "C1 CompilerThread2" daemon [_thread_blocked, id=10796, stack(0x0000000019650000,0x0000000019750000)]
  0x0000000017dfd000 JavaThread "C2 CompilerThread1" daemon [_thread_blocked, id=6056, stack(0x0000000019550000,0x0000000019650000)]
=>0x0000000017df4000 JavaThread "C2 CompilerThread0" daemon [_thread_in_native, id=5764, stack(0x0000000019450000,0x0000000019550000)]
  0x0000000017df3000 JavaThread "Attach Listener" daemon [_thread_blocked, id=820, stack(0x0000000019350000,0x0000000019450000)]
  0x0000000017df9800 JavaThread "Signal Dispatcher" daemon [_thread_blocked, id=7324, stack(0x0000000019250000,0x0000000019350000)]
  0x000000000314d000 JavaThread "Finalizer" daemon [_thread_blocked, id=1896, stack(0x0000000019050000,0x0000000019150000)]
  0x0000000003143000 JavaThread "Reference Handler" daemon [_thread_blocked, id=7644, stack(0x0000000018f50000,0x0000000019050000)]
  0x00000000031ce000 JavaThread "main" [_thread_blocked, id=9940, stack(0x0000000002ed0000,0x0000000002fd0000)]

Other Threads:
  0x0000000017db6800 VMThread [stack: 0x0000000018e50000,0x0000000018f50000] [id=3048]
  0x0000000019796800 WatcherThread [stack: 0x0000000019c50000,0x0000000019d50000] [id=2064]

VM state:synchronizing (normal execution)

VM Mutex/Monitor currently owned by a thread:  ([mutex/lock_event])
[0x00000000031cd410] Threads_lock - owner thread: 0x0000000017db6800

OutOfMemory and StackOverflow Exception counts:
OutOfMemoryError java_heap_errors=1
StackOverflowErrors=1

heap address: 0x0000000080000000, size: 2048 MB, Compressed Oops mode: 32-bit
Narrow klass base: 0x0000000000000000, Narrow klass shift: 3
Compressed class space size: 1073741824 Address: 0x0000000100000000

Heap:
 PSYoungGen      total 563200K, used 127974K [0x00000000d5580000, 0x0000000100000000, 0x0000000100000000)
  eden space 422912K, 25% used [0x00000000d5580000,0x00000000dbe38930,0x00000000ef280000)
  from space 140288K, 14% used [0x00000000f7700000,0x00000000f8b41168,0x0000000100000000)
  to   space 135680K, 0% used [0x00000000ef280000,0x00000000ef280000,0x00000000f7700000)
 ParOldGen       total 347648K, used 229992K [0x0000000080000000, 0x0000000095380000, 0x00000000d5580000)
  object space 347648K, 66% used [0x0000000080000000,0x000000008e09a0d0,0x0000000095380000)
 Metaspace       used 91268K, capacity 96158K, committed 96408K, reserved 1132544K
  class space    used 12270K, capacity 13200K, committed 13232K, reserved 1048576K

Card table byte_map: [0x0000000012590000,0x00000000129a0000] byte_map_base: 0x0000000012190000

Marking Bits: (ParMarkBitMap*) 0x000000005de5f030
 Begin Bits: [0x0000000013050000, 0x0000000015050000)
 End Bits:   [0x0000000015050000, 0x0000000017050000)

Polling page: 0x0000000001640000

CodeCache: size=245760Kb used=36920Kb max_used=36930Kb free=208839Kb
 bounds [0x00000000031d0000, 0x0000000005610000, 0x00000000121d0000]
 total_blobs=12596 nmethods=11724 adapters=784
 compilation: enabled

Compilation events (10 events):
Event: 643.079 Thread 0x0000000017e03000 14401       3       java.security.AccessControlContext::calculateFields (89 bytes)
Event: 643.079 Thread 0x0000000017e03000 nmethod 14401 0x0000000005603350 code [0x00000000056034e0, 0x0000000005603898]
Event: 643.082 Thread 0x0000000017e03000 14402  s    3       java.lang.Thread::setName (36 bytes)
Event: 643.083 Thread 0x0000000017e03000 nmethod 14402 0x00000000056085d0 code [0x0000000005608780, 0x0000000005608e28]
Event: 643.084 Thread 0x0000000017dfd000 nmethod 14395 0x000000000560c250 code [0x000000000560c3e0, 0x000000000560c9c8]
Event: 643.084 Thread 0x0000000017dfd000 14397       4       java.util.concurrent.SynchronousQueue$TransferStack::awaitFulfill (166 bytes)
Event: 643.089 Thread 0x0000000017e03000 14405       3       java.io.PrintWriter::ensureOpen (18 bytes)
Event: 643.090 Thread 0x0000000017e03000 nmethod 14405 0x000000000560bdd0 code [0x000000000560bf40, 0x000000000560c188]
Event: 643.090 Thread 0x0000000017e03000 14406  s    3       java.io.ObjectStreamClass$EntryFuture::set (23 bytes)
Event: 643.091 Thread 0x0000000017e03000 nmethod 14406 0x000000000560b750 code [0x000000000560b8c0, 0x000000000560bce8]

GC Heap History (10 events):
Event: 21.046 GC heap before
{Heap before GC invocations=19 (full 4):
 PSYoungGen      total 380928K, used 345088K [0x00000000d5580000, 0x00000000f3e00000, 0x0000000100000000)
  eden space 345088K, 100% used [0x00000000d5580000,0x00000000ea680000,0x00000000ea680000)
  from space 35840K, 0% used [0x00000000edb00000,0x00000000edb00000,0x00000000efe00000)
  to   space 53760K, 0% used [0x00000000ea680000,0x00000000ea680000,0x00000000edb00000)
 ParOldGen       total 196096K, used 97211K [0x0000000080000000, 0x000000008bf80000, 0x00000000d5580000)
  object space 196096K, 49% used [0x0000000080000000,0x0000000085eeee88,0x000000008bf80000)
 Metaspace       used 82726K, capacity 86858K, committed 87064K, reserved 1124352K
  class space    used 11431K, capacity 12226K, committed 12336K, reserved 1048576K
Event: 21.124 GC heap after
Heap after GC invocations=19 (full 4):
 PSYoungGen      total 398848K, used 53754K [0x00000000d5580000, 0x00000000fa600000, 0x0000000100000000)
  eden space 345088K, 0% used [0x00000000d5580000,0x00000000d5580000,0x00000000ea680000)
  from space 53760K, 99% used [0x00000000ea680000,0x00000000edafe800,0x00000000edb00000)
  to   space 83456K, 0% used [0x00000000f5480000,0x00000000f5480000,0x00000000fa600000)
 ParOldGen       total 196096K, used 152599K [0x0000000080000000, 0x000000008bf80000, 0x00000000d5580000)
  object space 196096K, 77% used [0x0000000080000000,0x0000000089505fa0,0x000000008bf80000)
 Metaspace       used 82726K, capacity 86858K, committed 87064K, reserved 1124352K
  class space    used 11431K, capacity 12226K, committed 12336K, reserved 1048576K
}
Event: 22.240 GC heap before
{Heap before GC invocations=20 (full 4):
 PSYoungGen      total 398848K, used 398842K [0x00000000d5580000, 0x00000000fa600000, 0x0000000100000000)
  eden space 345088K, 100% used [0x00000000d5580000,0x00000000ea680000,0x00000000ea680000)
  from space 53760K, 99% used [0x00000000ea680000,0x00000000edafe800,0x00000000edb00000)
  to   space 83456K, 0% used [0x00000000f5480000,0x00000000f5480000,0x00000000fa600000)
 ParOldGen       total 196096K, used 152599K [0x0000000080000000, 0x000000008bf80000, 0x00000000d5580000)
  object space 196096K, 77% used [0x0000000080000000,0x0000000089505fa0,0x000000008bf80000)
 Metaspace       used 82797K, capacity 86932K, committed 87064K, reserved 1124352K
  class space    used 11434K, capacity 12227K, committed 12336K, reserved 1048576K
Event: 22.438 GC heap after
Heap after GC invocations=20 (full 4):
 PSYoungGen      total 489984K, used 83450K [0x00000000d5580000, 0x0000000100000000, 0x0000000100000000)
  eden space 406528K, 0% used [0x00000000d5580000,0x00000000d5580000,0x00000000ee280000)
  from space 83456K, 99% used [0x00000000f5480000,0x00000000fa5feb20,0x00000000fa600000)
  to   space 116736K, 0% used [0x00000000ee280000,0x00000000ee280000,0x00000000f5480000)
 ParOldGen       total 202752K, used 202573K [0x0000000080000000, 0x000000008c600000, 0x00000000d5580000)
  object space 202752K, 99% used [0x0000000080000000,0x000000008c5d3610,0x000000008c600000)
 Metaspace       used 82797K, capacity 86932K, committed 87064K, reserved 1124352K
  class space    used 11434K, capacity 12227K, committed 12336K, reserved 1048576K
}
Event: 22.438 GC heap before
{Heap before GC invocations=21 (full 5):
 PSYoungGen      total 489984K, used 83450K [0x00000000d5580000, 0x0000000100000000, 0x0000000100000000)
  eden space 406528K, 0% used [0x00000000d5580000,0x00000000d5580000,0x00000000ee280000)
  from space 83456K, 99% used [0x00000000f5480000,0x00000000fa5feb20,0x00000000fa600000)
  to   space 116736K, 0% used [0x00000000ee280000,0x00000000ee280000,0x00000000f5480000)
 ParOldGen       total 202752K, used 202573K [0x0000000080000000, 0x000000008c600000, 0x00000000d5580000)
  object space 202752K, 99% used [0x0000000080000000,0x000000008c5d3610,0x000000008c600000)
 Metaspace       used 82797K, capacity 86932K, committed 87064K, reserved 1124352K
  class space    used 11434K, capacity 12227K, committed 12336K, reserved 1048576K
Event: 23.322 GC heap after
Heap after GC invocations=21 (full 5):
 PSYoungGen      total 489984K, used 2930K [0x00000000d5580000, 0x0000000100000000, 0x0000000100000000)
  eden space 406528K, 0% used [0x00000000d5580000,0x00000000d5580000,0x00000000ee280000)
  from space 83456K, 3% used [0x00000000f5480000,0x00000000f575c890,0x00000000fa600000)
  to   space 116736K, 0% used [0x00000000ee280000,0x00000000ee280000,0x00000000f5480000)
 ParOldGen       total 347648K, used 202371K [0x0000000080000000, 0x0000000095380000, 0x00000000d5580000)
  object space 347648K, 58% used [0x0000000080000000,0x000000008c5a0c78,0x0000000095380000)
 Metaspace       used 82797K, capacity 86932K, committed 87064K, reserved 1124352K
  class space    used 11434K, capacity 12227K, committed 12336K, reserved 1048576K
}
Event: 27.419 GC heap before
{Heap before GC invocations=22 (full 5):
 PSYoungGen      total 489984K, used 409458K [0x00000000d5580000, 0x0000000100000000, 0x0000000100000000)
  eden space 406528K, 100% used [0x00000000d5580000,0x00000000ee280000,0x00000000ee280000)
  from space 83456K, 3% used [0x00000000f5480000,0x00000000f575c890,0x00000000fa600000)
  to   space 116736K, 0% used [0x00000000ee280000,0x00000000ee280000,0x00000000f5480000)
 ParOldGen       total 347648K, used 202371K [0x0000000080000000, 0x0000000095380000, 0x00000000d5580000)
  object space 347648K, 58% used [0x0000000080000000,0x000000008c5a0c78,0x0000000095380000)
 Metaspace       used 85706K, capacity 90414K, committed 90520K, reserved 1126400K
  class space    used 11822K, capacity 12718K, committed 12720K, reserved 1048576K
Event: 27.649 GC heap after
Heap after GC invocations=22 (full 5):
 PSYoungGen      total 523264K, used 116706K [0x00000000d5580000, 0x0000000100000000, 0x0000000100000000)
  eden space 406528K, 0% used [0x00000000d5580000,0x00000000d5580000,0x00000000ee280000)
  from space 116736K, 99% used [0x00000000ee280000,0x00000000f5478960,0x00000000f5480000)
  to   space 140288K, 0% used [0x00000000f7700000,0x00000000f7700000,0x0000000100000000)
 ParOldGen       total 347648K, used 209160K [0x0000000080000000, 0x0000000095380000, 0x00000000d5580000)
  object space 347648K, 60% used [0x0000000080000000,0x000000008cc42180,0x0000000095380000)
 Metaspace       used 85706K, capacity 90414K, committed 90520K, reserved 1126400K
  class space    used 11822K, capacity 12718K, committed 12720K, reserved 1048576K
}
Event: 30.696 GC heap before
{Heap before GC invocations=23 (full 5):
 PSYoungGen      total 523264K, used 523101K [0x00000000d5580000, 0x0000000100000000, 0x0000000100000000)
  eden space 406528K, 99% used [0x00000000d5580000,0x00000000ee25eb18,0x00000000ee280000)
  from space 116736K, 99% used [0x00000000ee280000,0x00000000f5478960,0x00000000f5480000)
  to   space 140288K, 0% used [0x00000000f7700000,0x00000000f7700000,0x0000000100000000)
 ParOldGen       total 347648K, used 220196K [0x0000000080000000, 0x0000000095380000, 0x00000000d5580000)
  object space 347648K, 63% used [0x0000000080000000,0x000000008d709280,0x0000000095380000)
 Metaspace       used 87313K, capacity 92104K, committed 92312K, reserved 1128448K
  class space    used 11986K, capacity 12879K, committed 12976K, reserved 1048576K
Event: 30.715 GC heap after
Heap after GC invocations=23 (full 5):
 PSYoungGen      total 563200K, used 20740K [0x00000000d5580000, 0x0000000100000000, 0x0000000100000000)
  eden space 422912K, 0% used [0x00000000d5580000,0x00000000d5580000,0x00000000ef280000)
  from space 140288K, 14% used [0x00000000f7700000,0x00000000f8b41168,0x0000000100000000)
  to   space 135680K, 0% used [0x00000000ef280000,0x00000000ef280000,0x00000000f7700000)
 ParOldGen       total 347648K, used 229992K [0x0000000080000000, 0x0000000095380000, 0x00000000d5580000)
  object space 347648K, 66% used [0x0000000080000000,0x000000008e09a0d0,0x0000000095380000)
 Metaspace       used 87313K, capacity 92104K, committed 92312K, reserved 1128448K
  class space    used 11986K, capacity 12879K, committed 12976K, reserved 1048576K
}

Deoptimization events (10 events):
Event: 642.487 Thread 0x000000002f094000 Uncommon trap: reason=bimorphic action=maybe_recompile pc=0x0000000003cce120 method=com.google.common.cache.LocalCache$Segment.getLiveValue(Lcom/google/common/cache/ReferenceEntry;J)Ljava/lang/Object; @ 21
Event: 642.491 Thread 0x000000002f094000 Uncommon trap: reason=unstable_if action=reinterpret pc=0x0000000004c0ed20 method=com.google.common.collect.MapMakerInternalMap$Segment.getEntry(Ljava/lang/Object;I)Lcom/google/common/collect/MapMakerInternalMap$InternalEntry; @ 4
Event: 642.497 Thread 0x000000002f094000 Uncommon trap: reason=unstable_if action=reinterpret pc=0x0000000004acd7bc method=java.util.concurrent.ConcurrentHashMap.computeIfAbsent(Ljava/lang/Object;Ljava/util/function/Function;)Ljava/lang/Object; @ 123
Event: 642.500 Thread 0x000000002f094000 Uncommon trap: reason=unstable_if action=reinterpret pc=0x0000000003693b6c method=com.google.common.collect.MapMakerInternalMap$Segment.getEntry(Ljava/lang/Object;I)Lcom/google/common/collect/MapMakerInternalMap$InternalEntry; @ 4
Event: 643.086 Thread 0x000000002f094000 Uncommon trap: reason=bimorphic action=maybe_recompile pc=0x00000000034dd6b4 method=java.util.Comparator.lambda$comparing$77a9974f$1(Ljava/util/function/Function;Ljava/lang/Object;Ljava/lang/Object;)I @ 17
Event: 643.087 Thread 0x000000002f094000 Uncommon trap: reason=bimorphic action=maybe_recompile pc=0x00000000034dd6b4 method=java.util.Comparator.lambda$comparing$77a9974f$1(Ljava/util/function/Function;Ljava/lang/Object;Ljava/lang/Object;)I @ 17
Event: 643.087 Thread 0x000000002f094000 Uncommon trap: reason=bimorphic action=maybe_recompile pc=0x00000000034dd6b4 method=java.util.Comparator.lambda$comparing$77a9974f$1(Ljava/util/function/Function;Ljava/lang/Object;Ljava/lang/Object;)I @ 17
Event: 643.087 Thread 0x000000002f094000 Uncommon trap: reason=bimorphic action=maybe_recompile pc=0x00000000034dd6b4 method=java.util.Comparator.lambda$comparing$77a9974f$1(Ljava/util/function/Function;Ljava/lang/Object;Ljava/lang/Object;)I @ 17
Event: 643.091 Thread 0x000000002f097800 Uncommon trap: reason=class_check action=maybe_recompile pc=0x00000000055aa800 method=java.io.ObjectStreamClass.lookup(Ljava/lang/Class;Z)Ljava/io/ObjectStreamClass; @ 267
Event: 643.091 Thread 0x000000002f097800 Uncommon trap: reason=class_check action=maybe_recompile pc=0x0000000003848ec0 method=java.lang.Throwable.<init>(Ljava/lang/String;Ljava/lang/Throwable;)V @ 24

Classes redefined (0 events):
No events

Internal exceptions (10 events):
Event: 30.610 Thread 0x000000002f094000 Exception <a 'java/lang/NoSuchMethodError': java.lang.Object.lambda$static$0(Lcom/android/apksig/util/RunnablesProvider;)V> (0x00000000ecf246d0) thrown at [C:\src\AOSP-openjdk-git\hotspot\src\share\vm\interpreter\linkResolver.cpp, line 620]
Event: 31.737 Thread 0x000000001b15a000 Implicit null exception at 0x000000000480286c to 0x00000000048028b5
Event: 31.839 Thread 0x000000001b15a000 Implicit null exception at 0x0000000003d30c3f to 0x0000000003d30fd1
Event: 642.464 Thread 0x000000002f094000 Implicit null exception at 0x00000000054d09f1 to 0x00000000054d660d
Event: 642.464 Thread 0x000000002f094000 Implicit null exception at 0x0000000003c6253e to 0x0000000003c62f20
Event: 642.464 Thread 0x000000002f094000 Implicit null exception at 0x00000000055ac572 to 0x00000000055b1671
Event: 643.086 Thread 0x000000002f094000 Exception <a 'java/lang/OutOfMemoryError': unable to create new native thread> (0x00000000d9d0bd48) thrown at [C:\src\AOSP-openjdk-git\hotspot\src\share\vm\prims\jvm.cpp, line 3141]
Event: 643.090 Thread 0x000000002f097800 StackOverflowError at 0x00000000038ed2a0
Event: 643.090 Thread 0x000000002f097800 Exception <a 'java/lang/StackOverflowError'> (0x00000000d8efa290) thrown at [C:\src\AOSP-openjdk-git\hotspot\src\share\vm\runtime\sharedRuntime.cpp, line 605]
Event: 643.090 Thread 0x000000002f097800 Exception <a 'java/lang/StackOverflowError'> (0x00000000d8efa290) thrown at [C:\src\AOSP-openjdk-git\hotspot\src\share\vm\prims\jvm.cpp, line 1506]

Events (10 events):
Event: 643.088 loading class java/lang/Throwable$PrintStreamOrWriter
Event: 643.088 loading class java/lang/Throwable$PrintStreamOrWriter done
Event: 643.088 loading class java/lang/Throwable$WrappedPrintWriter done
Event: 643.091 Thread 0x000000002f097800 Uncommon trap: trap_request=0xffffffde fr.pc=0x00000000055aa800
Event: 643.091 Thread 0x000000002f097800 DEOPT PACKING pc=0x00000000055aa800 sp=0x00000000331aee40
Event: 643.091 Thread 0x000000002f097800 DEOPT UNPACKING pc=0x000000000321557b sp=0x00000000331aedf8 mode 2
Event: 643.091 Thread 0x000000002f097800 Uncommon trap: trap_request=0xffffffde fr.pc=0x0000000003848ec0
Event: 643.091 Thread 0x000000002f097800 DEOPT PACKING pc=0x0000000003848ec0 sp=0x00000000331af090
Event: 643.091 Thread 0x000000002f097800 DEOPT UNPACKING pc=0x000000000321557b sp=0x00000000331af078 mode 2
Event: 643.091 Executing VM operation: RevokeBias


Dynamic libraries:
0x00007ff69b0f0000 - 0x00007ff69b121000 	D:\Program Files\Android Studio\jre\bin\java.exe
0x00007fff215c0000 - 0x00007fff217a1000 	C:\WINDOWS\SYSTEM32\ntdll.dll
0x00007fff21180000 - 0x00007fff21231000 	C:\WINDOWS\System32\KERNEL32.DLL
0x00007fff1da60000 - 0x00007fff1dcd3000 	C:\WINDOWS\System32\KERNELBASE.dll
0x00007fff1f4d0000 - 0x00007fff1f571000 	C:\WINDOWS\System32\ADVAPI32.dll
0x00007fff1ef40000 - 0x00007fff1efde000 	C:\WINDOWS\System32\msvcrt.dll
0x00007fff21120000 - 0x00007fff2117b000 	C:\WINDOWS\System32\sechost.dll
0x00007fff20e60000 - 0x00007fff20f84000 	C:\WINDOWS\System32\RPCRT4.dll
0x00007fff21400000 - 0x00007fff21590000 	C:\WINDOWS\System32\USER32.dll
0x00007fff1e890000 - 0x00007fff1e8b0000 	C:\WINDOWS\System32\win32u.dll
0x00007fff1ef10000 - 0x00007fff1ef38000 	C:\WINDOWS\System32\GDI32.dll
0x00007fff1e8b0000 - 0x00007fff1ea41000 	C:\WINDOWS\System32\gdi32full.dll
0x00007fff1e4f0000 - 0x00007fff1e58f000 	C:\WINDOWS\System32\msvcp_win.dll
0x00007fff1e3f0000 - 0x00007fff1e4e8000 	C:\WINDOWS\System32\ucrtbase.dll
0x00007fff127c0000 - 0x00007fff12a29000 	C:\WINDOWS\WinSxS\amd64_microsoft.windows.common-controls_6595b64144ccf1df_6.0.17134.885_none_fb42a3473065565f\COMCTL32.dll
0x00007fff20b20000 - 0x00007fff20e42000 	C:\WINDOWS\System32\combase.dll
0x00007fff1d9e0000 - 0x00007fff1da59000 	C:\WINDOWS\System32\bcryptPrimitives.dll
0x00007fff1ec90000 - 0x00007fff1ecbd000 	C:\WINDOWS\System32\IMM32.DLL
0x000000005e380000 - 0x000000005e452000 	D:\Program Files\Android Studio\jre\jre\bin\msvcr100.dll
0x000000005d690000 - 0x000000005dedb000 	D:\Program Files\Android Studio\jre\jre\bin\server\jvm.dll
0x00007fff1f4a0000 - 0x00007fff1f4a8000 	C:\WINDOWS\System32\PSAPI.DLL
0x00007fff00720000 - 0x00007fff00729000 	C:\WINDOWS\SYSTEM32\WSOCK32.dll
0x00007fff1c020000 - 0x00007fff1c02a000 	C:\WINDOWS\SYSTEM32\VERSION.dll
0x00007fff157b0000 - 0x00007fff157d3000 	C:\WINDOWS\SYSTEM32\WINMM.dll
0x00007fff1f580000 - 0x00007fff1f5ec000 	C:\WINDOWS\System32\WS2_32.dll
0x00007fff15780000 - 0x00007fff157aa000 	C:\WINDOWS\SYSTEM32\WINMMBASE.dll
0x00007fff1d990000 - 0x00007fff1d9d9000 	C:\WINDOWS\System32\cfgmgr32.dll
0x00007fff19ac0000 - 0x00007fff19acf000 	D:\Program Files\Android Studio\jre\jre\bin\verify.dll
0x00007fff19990000 - 0x00007fff199b9000 	D:\Program Files\Android Studio\jre\jre\bin\java.dll
0x00007fff19a30000 - 0x00007fff19a46000 	D:\Program Files\Android Studio\jre\jre\bin\zip.dll
0x00007fff1f6e0000 - 0x00007fff20b20000 	C:\WINDOWS\System32\SHELL32.dll
0x00007fff21070000 - 0x00007fff21119000 	C:\WINDOWS\System32\shcore.dll
0x00007fff1dce0000 - 0x00007fff1e3ed000 	C:\WINDOWS\System32\windows.storage.dll
0x00007fff21240000 - 0x00007fff21291000 	C:\WINDOWS\System32\shlwapi.dll
0x00007fff1d970000 - 0x00007fff1d981000 	C:\WINDOWS\System32\kernel.appcore.dll
0x00007fff1d930000 - 0x00007fff1d94f000 	C:\WINDOWS\System32\profapi.dll
0x00007fff1d8e0000 - 0x00007fff1d92c000 	C:\WINDOWS\System32\powrprof.dll
0x00007fff1d8d0000 - 0x00007fff1d8da000 	C:\WINDOWS\System32\FLTLIB.DLL
0x00007fff18fc0000 - 0x00007fff18fda000 	D:\Program Files\Android Studio\jre\jre\bin\net.dll
0x00007fff1d150000 - 0x00007fff1d1b6000 	C:\WINDOWS\system32\mswsock.dll
0x00007fff18c60000 - 0x00007fff18c73000 	D:\Program Files\Android Studio\jre\jre\bin\nio.dll
0x00007fff164f0000 - 0x00007fff16517000 	C:\Users\Дима\.gradle\native\f6784746aeab05261644944871eae4fe03e0ef1612fff0a4a95f87b438bc6780\windows-amd64\native-platform.dll
0x00007fff19ab0000 - 0x00007fff19abd000 	D:\Program Files\Android Studio\jre\jre\bin\management.dll
0x00007fff1d300000 - 0x00007fff1d317000 	C:\WINDOWS\SYSTEM32\CRYPTSP.dll
0x00007fff1cd40000 - 0x00007fff1cd73000 	C:\WINDOWS\system32\rsaenh.dll
0x00007fff1d430000 - 0x00007fff1d455000 	C:\WINDOWS\SYSTEM32\bcrypt.dll
0x00007fff1d7d0000 - 0x00007fff1d7f8000 	C:\WINDOWS\SYSTEM32\USERENV.dll
0x00007fff1d320000 - 0x00007fff1d32b000 	C:\WINDOWS\SYSTEM32\CRYPTBASE.dll
0x00007fff1cee0000 - 0x00007fff1cf18000 	C:\WINDOWS\SYSTEM32\IPHLPAPI.DLL
0x00007fff1f490000 - 0x00007fff1f498000 	C:\WINDOWS\System32\NSI.dll
0x00007fff14dc0000 - 0x00007fff14dd6000 	C:\WINDOWS\SYSTEM32\dhcpcsvc6.DLL
0x00007fff15580000 - 0x00007fff1559a000 	C:\WINDOWS\SYSTEM32\dhcpcsvc.DLL
0x00007fff15db0000 - 0x00007fff15dbb000 	C:\WINDOWS\SYSTEM32\WINNSI.DLL

VM Arguments:
jvm_args: -Xmx2048m -Dfile.encoding=UTF-8 -Duser.country=RU -Duser.language=ru -Duser.variant 
java_command: org.gradle.launcher.daemon.bootstrap.GradleDaemon 6.5
java_class_path (initial): C:\Users\Дима\.gradle\wrapper\dists\gradle-6.5-bin\6nifqtx7604sqp1q6g8wikw7p\gradle-6.5\lib\gradle-launcher-6.5.jar
Launcher Type: SUN_STANDARD

Environment Variables:
PATH=C:\Program Files (x86)\Common Files\Oracle\Java\javapath;C:\Program Files (x86)\Intel\iCLS Client\;C:\Program Files\Intel\iCLS Client\;C:\windows\system32;C:\windows;C:\windows\System32\Wbem;C:\windows\System32\WindowsPowerShell\v1.0\;C:\Program Files (x86)\Intel\Intel(R) Management Engine Components\DAL;C:\Program Files\Intel\Intel(R) Management Engine Components\DAL;C:\Program Files (x86)\Intel\Intel(R) Management Engine Components\IPT;C:\Program Files\Intel\Intel(R) Management Engine Components\IPT;C:\WINDOWS\system32;C:\WINDOWS;C:\WINDOWS\System32\Wbem;C:\WINDOWS\System32\WindowsPowerShell\v1.0\;C:\WINDOWS\System32\OpenSSH\;C:\Go\bin\bin;C:\Program Files (x86)\Common Files\Apple\Internet Services\;C:\Program Files\Microsoft VS Code\bin;C:\Program Files\Git\cmd;C:\php7;C:\Program Files\PuTTY\;C:\Program Files\CMake\bin;C:\Program Files (x86)\NVIDIA Corporation\PhysX\Common;C:\Program Files (x86)\Microsoft SQL Server\150\DTS\Binn\;C:\Program Files\Microsoft SQL Server\Client SDK\ODBC\170\Tools\Binn\;C:\Program Files (x86)\Microsoft SQL Server\150\Tools\Binn\;C:\Program Files\Microsoft SQL Server\150\Tools\Binn\;C:\Program Files\Microsoft SQL Server\150\DTS\Binn\;C:\Program Files\dotnet\;C:\Program Files\Microsoft SQL Server\130\Tools\Binn\;C:\Users\Дима\AppData\Local\Programs\Python\Python36-32\Scripts\;C:\Users\Дима\AppData\Local\Programs\Python\Python36-32\;C:\Users\Дима\AppData\Local\Microsoft\WindowsApps;C:\Users\Дима\go\bin;C:\Users\Дима\AppData\Local\GitHubDesktop\bin;C:\Program Files\heroku\bin
USERNAME=Dima
OS=Windows_NT
PROCESSOR_IDENTIFIER=Intel64 Family 6 Model 142 Stepping 9, GenuineIntel



---------------  S Y S T E M  ---------------

OS: Windows 10.0 , 64 bit Build 17134 (10.0.17134.753)

CPU:total 4 (initial active 4) (2 cores per cpu, 2 threads per core) family 6 model 142 stepping 9, cmov, cx8, fxsr, mmx, sse, sse2, sse3, ssse3, sse4.1, sse4.2, popcnt, avx, avx2, aes, clmul, erms, 3dnowpref, lzcnt, ht, tsc, tscinvbit, bmi1, bmi2, adx

Memory: 4k page, physical 6173924k(862584k free), swap 6715088k(3128k free)

vm_info: OpenJDK 64-Bit Server VM (25.242-b01) for windows-amd64 JRE (1.8.0_242-release-1644-b01), built by "builder" with MS VC++ 10.0 (VS2010)

time: Wed Oct 21 23:34:18 2020
timezone: RTZ 2 (зима)
elapsed time: 643 seconds (0d 0h 10m 43s)

